[1]  + Done                          ( ( setenv SUMS_EXECUTION 1 && nohup $0 $* ) > $SCRATCH/.output.log ) >& $SCRATCH/.errror.log
Warning in <TStreamerInfo::BuildCheck>: 
   The StreamerInfo of class StRPEvent read from file /gpfs01/star/pwg/truhlar/NewBaseLine/CPtrig/merge_files/StUPCRP_production_0000.root
   has the same version (=2) as the active class but a different checksum.
   You should update the version to ClassDef(StRPEvent,3).
   Do not try to write objects with the current class definition,
   the files will not be readable.

Warning in <TStreamerInfo::CompareContent>: The following data member of
the in-memory layout version 2 of class 'StRPEvent' is missing from 
the on-file layout version 2:
   unsigned short mNumberOfClusters; //
Warning in <TStreamerInfo::CompareContent>: The following data member of
the in-memory layout version 2 of class 'StRPEvent' is missing from 
the on-file layout version 2:
   vector<float> mPositionCluster; //
Warning in <TStreamerInfo::CompareContent>: The following data member of
the in-memory layout version 2 of class 'StRPEvent' is missing from 
the on-file layout version 2:
   vector<float> mPositionRMSCluster; //
Warning in <TStreamerInfo::CompareContent>: The following data member of
the in-memory layout version 2 of class 'StRPEvent' is missing from 
the on-file layout version 2:
   vector<short> mLengthCluster; //
Warning in <TStreamerInfo::CompareContent>: The following data member of
the in-memory layout version 2 of class 'StRPEvent' is missing from 
the on-file layout version 2:
   vector<float> mEnergyCluster; //
Warning in <TStreamerInfo::CompareContent>: The following data member of
the in-memory layout version 2 of class 'StRPEvent' is missing from 
the on-file layout version 2:
   vector<float> mXYCluster; //
Warning in <TStreamerInfo::CompareContent>: The following data member of
the in-memory layout version 2 of class 'StRPEvent' is missing from 
the on-file layout version 2:
   vector<unsigned char> mQualityCluster; //
Warning in <TStreamerInfo::CompareContent>: The following data member of
the in-memory layout version 2 of class 'StRPEvent' is missing from 
the on-file layout version 2:
   TClonesArray* mTracks; //
Warning in <TStreamerInfo::CompareContent>: The following data member of
the in-memory layout version 2 of class 'StRPEvent' is missing from 
the on-file layout version 2:
   TClonesArray* mTrackPoints; //
