We are starting on node: rcas6308.rcf.bnl.gov
HOME is not defined
Using getent method
HOME is now /star/u/truhlar
31946 We will spawn ourselves (/star/u/truhlar/star-upcDstRP/WorkDir/sched/schedDDC885C467FFB5B9E453CFFF28796824_0.csh )
31946 We BEGIN on [Fri Apr 19 13:46:19 EDT 2019]
[1] 32111
31946 We are waiting for 32111 
31946 Grandchild PID is 32149 - found in 10 x 1 seconds
31946 Establishing first watcher   on    Fri Apr 19 13:46:30 EDT 2019
31946 Process tree is 31946 (main) -> 32111 (child) -> 32149 (grandchild)
F S   UID   PID  PPID  C PRI  NI ADDR SZ WCHAN  TTY        TIME CMD
0 R 11859 32149 32111 59  80   0 - 25313 -      ?          0:06 ./Analysis
32111 Stepping into the main SUMS wrapper program with []
Archive:  /star/u/truhlar/star-upcDstRP/WorkDir/Package.zip
  inflating: /tmp/truhlar/DDC885C467FFB5B9E453CFFF28796824_0/Analysis  
  inflating: /tmp/truhlar/DDC885C467FFB5B9E453CFFF28796824_0/libstar-upc.so  
Swapping $FILELIST with: /tmp/truhlar/DDC885C467FFB5B9E453CFFF28796824_0/INPUTFILES/DDC885C467FFB5B9E453CFFF28796824_0.local.list
--------------------------------
STAR Unified Meta Scheduler 1.10.31 we are starting in $SCRATCH : /home/tmp/truhlar/DDC885C467FFB5B9E453CFFF28796824_0
--------------------------------
total 1328
-rwxr-xr-x 1 truhlar rhstar  143904 Apr 15 22:56 Analysis
drwxr-xr-x 2 truhlar rhstar    4096 Apr 19 13:46 INPUTFILES
-rwxr-xr-x 1 truhlar rhstar 1204828 Apr 13 22:04 libstar-upc.so
Starting the job

[1mRooFit v3.60 -- Developed by Wouter Verkerke and David Kirkby[0m 
                Copyright (C) 2000-2013 NIKHEF, University of California & Stanford University
                All rights reserved, please read http://roofit.sourceforge.net/license.txt

Input from chain
Number of UPC events: 24358512 RP: 24358512
Total number of events: 24358512
Counter 1,2 and 3: 24358512 24358512 24358512
Ending Analysis... GOOD BYE!
0.AnalysisOutput.root
Analysis*
INPUTFILES/
libstar-upc.so*
Cleaning up sandbox file:  /tmp/truhlar/DDC885C467FFB5B9E453CFFF28796824_0/Analysis
Cleaning up sandbox file:  /tmp/truhlar/DDC885C467FFB5B9E453CFFF28796824_0/libstar-upc.so
Cleaning up sandbox file:  /tmp/truhlar/DDC885C467FFB5B9E453CFFF28796824_0/.sandboxFiles
Starting copy block
Running copy command:  /bin/cp -fp /tmp/truhlar/DDC885C467FFB5B9E453CFFF28796824_0/0.AnalysisOutput.root /star/u/truhlar/star-upcDstRP/WorkDir/
31946 Execution of (/star/u/truhlar/star-upcDstRP/WorkDir/sched/schedDDC885C467FFB5B9E453CFFF28796824_0.csh ) has ended, exiting normally
31946 We END on [Fri Apr 19 14:52:44 EDT 2019]
