We are starting on node: rcas2030.rcf.bnl.gov
HOME is not defined
Using getent method
HOME is now /star/u/truhlar
308283 We will spawn ourselves (/star/u/truhlar/star-upcDstRP/WorkDir/sched/sched5F55B1F574C0DFF552CD425F9F4B8EDE_0.csh )
308283 We BEGIN on [Sun Apr 14 00:02:17 EDT 2019]
[1] 308446
308283 We are waiting for 308446 
308283 Grandchild PID is 308483 - found in 10 x 1 seconds
308283 Establishing first watcher   on    Sun Apr 14 00:02:28 EDT 2019
308283 Process tree is 308283 (main) -> 308446 (child) -> 308483 (grandchild)
F S   UID    PID   PPID  C PRI  NI ADDR SZ WCHAN  TTY        TIME CMD
0 R 11859 308483 308446 99  80   0 - 58134 -      ?          0:10 ./Analysis
308446 Stepping into the main SUMS wrapper program with []
Archive:  /star/u/truhlar/star-upcDstRP/WorkDir/Package.zip
  inflating: /tmp/truhlar/5F55B1F574C0DFF552CD425F9F4B8EDE_0/Analysis  
  inflating: /tmp/truhlar/5F55B1F574C0DFF552CD425F9F4B8EDE_0/libstar-upc.so  
Swapping $FILELIST with: /tmp/truhlar/5F55B1F574C0DFF552CD425F9F4B8EDE_0/INPUTFILES/5F55B1F574C0DFF552CD425F9F4B8EDE_0.local.list
--------------------------------
STAR Unified Meta Scheduler 1.10.31 we are starting in $SCRATCH : /home/tmp/truhlar/5F55B1F574C0DFF552CD425F9F4B8EDE_0
--------------------------------
total 1324
-rwxr-xr-x 1 truhlar rhstar  142744 Apr 14 00:01 Analysis
drwxr-xr-x 2 truhlar rhstar    4096 Apr 14 00:02 INPUTFILES
-rwxr-xr-x 1 truhlar rhstar 1204828 Apr 13 22:04 libstar-upc.so
Starting the job

[1mRooFit v3.60 -- Developed by Wouter Verkerke and David Kirkby[0m 
                Copyright (C) 2000-2013 NIKHEF, University of California & Stanford University
                All rights reserved, please read http://roofit.sourceforge.net/license.txt

Start proccesing file: /gpfs01/star/pwg/truhlar/NewBaseLine/CPtrig/merge_files/StUPCRP_production_0000.root
Number of UPC events: 4653314 RP: 4653314
Start proccesing file: /gpfs01/star/pwg/truhlar/NewBaseLine/CPtrig/merge_files/StUPCRP_production_0001.root
Number of UPC events: 4676778 RP: 4676778
Start proccesing file: /gpfs01/star/pwg/truhlar/NewBaseLine/CPtrig/merge_files/StUPCRP_production_0002.root
Number of UPC events: 4872459 RP: 4872459
Start proccesing file: /gpfs01/star/pwg/truhlar/NewBaseLine/CPtrig/merge_files/StUPCRP_production_0003.root
Number of UPC events: 4953087 RP: 4953087
Start proccesing file: /gpfs01/star/pwg/truhlar/NewBaseLine/CPtrig/merge_files/StUPCRP_production_0004.root
Number of UPC events: 4774220 RP: 4774220
Start proccesing file: /gpfs01/star/pwg/truhlar/NewBaseLine/CPtrig/merge_files/StUPCRP_production_0005.root
Number of UPC events: 428654 RP: 428654
Total number of events: 24358512
Counter 1,2 and 3: 24358512 24358512 24358512
Ending Analysis... GOOD BYE!
0.output.root
Analysis*
INPUTFILES/
libstar-upc.so*
Cleaning up sandbox file:  /tmp/truhlar/5F55B1F574C0DFF552CD425F9F4B8EDE_0/Analysis
Cleaning up sandbox file:  /tmp/truhlar/5F55B1F574C0DFF552CD425F9F4B8EDE_0/libstar-upc.so
Cleaning up sandbox file:  /tmp/truhlar/5F55B1F574C0DFF552CD425F9F4B8EDE_0/.sandboxFiles
Starting copy block
Running copy command:  /bin/cp -fp /tmp/truhlar/5F55B1F574C0DFF552CD425F9F4B8EDE_0/0.output.root /star/u/truhlar/star-upcDstRP/WorkDir/
308283 Execution of (/star/u/truhlar/star-upcDstRP/WorkDir/sched/sched5F55B1F574C0DFF552CD425F9F4B8EDE_0.csh ) has ended, exiting normally
308283 We END on [Sun Apr 14 00:42:27 EDT 2019]
