We are starting on node: spool0261.sdcc.bnl.gov
HOME is not defined
Using getent method
HOME is now /star/u/truhlar
24426 We will spawn ourselves (/star/u/truhlar/star-upcDstRP/WorkDir/sched/sched2B505248DC079BAD04475FFB8DD38AA7_0.csh )
24426 We BEGIN on [Mon Apr 15 22:57:43 EDT 2019]
[1] 24586
24426 We are waiting for 24586 
24426 Grandchild PID is 24620 - found in 10 x 1 seconds
24426 Establishing first watcher   on    Mon Apr 15 22:57:54 EDT 2019
24426 Process tree is 24426 (main) -> 24586 (child) -> 24620 (grandchild)
F S   UID   PID  PPID  C PRI  NI ADDR SZ WCHAN  TTY        TIME CMD
0 R 11859 24620 24586 54  80   0 - 24885 -      ?          0:06 ./Analysis
24586 Stepping into the main SUMS wrapper program with []
Archive:  /star/u/truhlar/star-upcDstRP/WorkDir/Package.zip
  inflating: /tmp/truhlar/2B505248DC079BAD04475FFB8DD38AA7_0/Analysis  
  inflating: /tmp/truhlar/2B505248DC079BAD04475FFB8DD38AA7_0/libstar-upc.so  
Swapping $FILELIST with: /tmp/truhlar/2B505248DC079BAD04475FFB8DD38AA7_0/INPUTFILES/2B505248DC079BAD04475FFB8DD38AA7_0.local.list
--------------------------------
STAR Unified Meta Scheduler 1.10.31 we are starting in $SCRATCH : /home/tmp/truhlar/2B505248DC079BAD04475FFB8DD38AA7_0
--------------------------------
total 1328
-rwxr-xr-x 1 truhlar rhstar  143904 Apr 15 22:56 Analysis
drwxr-xr-x 2 truhlar rhstar    4096 Apr 15 22:57 INPUTFILES
-rwxr-xr-x 1 truhlar rhstar 1204828 Apr 13 22:04 libstar-upc.so
Starting the job

[1mRooFit v3.60 -- Developed by Wouter Verkerke and David Kirkby[0m 
                Copyright (C) 2000-2013 NIKHEF, University of California & Stanford University
                All rights reserved, please read http://roofit.sourceforge.net/license.txt

Input from chain
Number of UPC events: 24358512 RP: 24358512
Total number of events: 24358512
Counter 1,2 and 3: 24358512 24358512 24358512
Ending Analysis... GOOD BYE!
0.AnalysisOutput.root
Analysis*
INPUTFILES/
libstar-upc.so*
Cleaning up sandbox file:  /tmp/truhlar/2B505248DC079BAD04475FFB8DD38AA7_0/Analysis
Cleaning up sandbox file:  /tmp/truhlar/2B505248DC079BAD04475FFB8DD38AA7_0/libstar-upc.so
Cleaning up sandbox file:  /tmp/truhlar/2B505248DC079BAD04475FFB8DD38AA7_0/.sandboxFiles
Starting copy block
Running copy command:  /bin/cp -fp /tmp/truhlar/2B505248DC079BAD04475FFB8DD38AA7_0/0.AnalysisOutput.root /star/u/truhlar/star-upcDstRP/WorkDir/
24426 Execution of (/star/u/truhlar/star-upcDstRP/WorkDir/sched/sched2B505248DC079BAD04475FFB8DD38AA7_0.csh ) has ended, exiting normally
24426 We END on [Tue Apr 16 00:45:08 EDT 2019]
