We are starting on node: rcas6055.rcf.bnl.gov
HOME is not defined
Using getent method
HOME is now /star/u/truhlar
12553 We will spawn ourselves (/star/u/truhlar/star-upcDstRP/build/sched/schedAB932A2AA07F06EEDA2C2C988034E20B_5.csh )
12553 We BEGIN on [Wed Apr 24 11:24:21 EDT 2019]
[1] 12721
12553 We are waiting for 12721 
12553 Grandchild PID is 12759 - found in 10 x 1 seconds
12553 Establishing first watcher   on    Wed Apr 24 11:24:32 EDT 2019
12553 Process tree is 12553 (main) -> 12721 (child) -> 12759 (grandchild)
F S   UID   PID  PPID  C PRI  NI ADDR SZ WCHAN  TTY        TIME CMD
0 D 11859 12759 12721  5  80   0 - 20242 cxiWai ?          0:00 ./Analysis /gpfs01/star/pwg/truhlar/ConnectionTest/ELtrig/merge_files/StUPCRP_production.list 5
12721 Stepping into the main SUMS wrapper program with []
Archive:  /star/u/truhlar/star-upcDstRP/build/Package.zip
  inflating: /tmp/truhlar/AB932A2AA07F06EEDA2C2C988034E20B_5/Analysis  
  inflating: /tmp/truhlar/AB932A2AA07F06EEDA2C2C988034E20B_5/libstar-upc.so  
Swapping $FILELIST with: /tmp/truhlar/AB932A2AA07F06EEDA2C2C988034E20B_5/INPUTFILES/AB932A2AA07F06EEDA2C2C988034E20B_5.local.list
--------------------------------
STAR Unified Meta Scheduler 1.10.31 we are starting in $SCRATCH : /home/tmp/truhlar/AB932A2AA07F06EEDA2C2C988034E20B_5
--------------------------------
total 1144
-rwxr-xr-x 1 truhlar rhstar 174068 Apr 21 05:31 Analysis
drwxr-xr-x 2 truhlar rhstar   4096 Apr 24 11:24 INPUTFILES
-rwxr-xr-x 1 truhlar rhstar 990060 Apr 19 12:21 libstar-upc.so
Starting the job

[1mRooFit v3.60 -- Developed by Wouter Verkerke and David Kirkby[0m 
                Copyright (C) 2000-2013 NIKHEF, University of California & Stanford University
                All rights reserved, please read http://roofit.sourceforge.net/license.txt

5 / 5
Input from chain
Number of UPC events: 2645763 RP: 2645763
Ending Analysis... GOOD BYE!
AB932A2AA07F06EEDA2C2C988034E20B_5.AnalysisOutput.root
Analysis*
INPUTFILES/
libstar-upc.so*
Cleaning up sandbox file:  /tmp/truhlar/AB932A2AA07F06EEDA2C2C988034E20B_5/Analysis
Cleaning up sandbox file:  /tmp/truhlar/AB932A2AA07F06EEDA2C2C988034E20B_5/libstar-upc.so
Cleaning up sandbox file:  /tmp/truhlar/AB932A2AA07F06EEDA2C2C988034E20B_5/.sandboxFiles
Starting copy block
Running copy command:  /bin/cp -fp /tmp/truhlar/AB932A2AA07F06EEDA2C2C988034E20B_5/AB932A2AA07F06EEDA2C2C988034E20B_5.AnalysisOutput.root /star/u/truhlar/star-upcDstRP/build/outputs/
12553 Execution of (/star/u/truhlar/star-upcDstRP/build/sched/schedAB932A2AA07F06EEDA2C2C988034E20B_5.csh ) has ended, exiting normally
12553 We END on [Wed Apr 24 11:51:19 EDT 2019]
