We are starting on node: daya0003.rcf.bnl.gov
HOME is not defined
Using getent method
HOME is now /star/u/truhlar
7965 We will spawn ourselves (/star/u/truhlar/star-upcDstRP/build/sched/sched7D1225A1194326D4115E1D56948B3C67_10.csh )
7965 We BEGIN on [Wed Apr 24 14:03:43 EDT 2019]
[1] 8123
7965 We are waiting for 8123 
7965 Grandchild PID is 8159 - found in 10 x 1 seconds
7965 Establishing first watcher   on    Wed Apr 24 14:03:53 EDT 2019
7965 Process tree is 7965 (main) -> 8123 (child) -> 8159 (grandchild)
F S   UID   PID  PPID  C PRI  NI ADDR SZ WCHAN  TTY        TIME CMD
0 R 11859  8159  8123 64  80   0 - 108903 -     ?          0:06 ./Analysis /gpfs01/star/pwg/truhlar/ConnectionTest/ELtrig/test/Elastic.list 10
8123 Stepping into the main SUMS wrapper program with []
Archive:  /star/u/truhlar/star-upcDstRP/build/Package.zip
  inflating: /tmp/truhlar/7D1225A1194326D4115E1D56948B3C67_10/Analysis  
  inflating: /tmp/truhlar/7D1225A1194326D4115E1D56948B3C67_10/libstar-upc.so  
Swapping $FILELIST with: /tmp/truhlar/7D1225A1194326D4115E1D56948B3C67_10/INPUTFILES/7D1225A1194326D4115E1D56948B3C67_10.local.list
--------------------------------
STAR Unified Meta Scheduler 1.10.31 we are starting in $SCRATCH : /home/tmp/truhlar/7D1225A1194326D4115E1D56948B3C67_10
--------------------------------
total 1144
-rwxr-xr-x 1 truhlar rhstar 174068 Apr 21 05:31 Analysis
drwxr-xr-x 2 truhlar rhstar   4096 Apr 24 14:03 INPUTFILES
-rwxr-xr-x 1 truhlar rhstar 990060 Apr 19 12:21 libstar-upc.so
Starting the job

[1mRooFit v3.60 -- Developed by Wouter Verkerke and David Kirkby[0m 
                Copyright (C) 2000-2013 NIKHEF, University of California & Stanford University
                All rights reserved, please read http://roofit.sourceforge.net/license.txt

10 / 10
Input from chain
Number of UPC events: 588661 RP: 588661
Ending Analysis... GOOD BYE!
7D1225A1194326D4115E1D56948B3C67_10.AnalysisOutput.root
Analysis*
INPUTFILES/
libstar-upc.so*
Cleaning up sandbox file:  /tmp/truhlar/7D1225A1194326D4115E1D56948B3C67_10/Analysis
Cleaning up sandbox file:  /tmp/truhlar/7D1225A1194326D4115E1D56948B3C67_10/libstar-upc.so
Cleaning up sandbox file:  /tmp/truhlar/7D1225A1194326D4115E1D56948B3C67_10/.sandboxFiles
Starting copy block
Running copy command:  /bin/cp -fp /tmp/truhlar/7D1225A1194326D4115E1D56948B3C67_10/7D1225A1194326D4115E1D56948B3C67_10.AnalysisOutput.root /star/u/truhlar/star-upcDstRP/build/outputs/
7965 Execution of (/star/u/truhlar/star-upcDstRP/build/sched/sched7D1225A1194326D4115E1D56948B3C67_10.csh ) has ended, exiting normally
7965 We END on [Wed Apr 24 14:06:20 EDT 2019]
