We are starting on node: rcas6091.rcf.bnl.gov
HOME is not defined
Using getent method
HOME is now /star/u/truhlar
12586 We will spawn ourselves (/star/u/truhlar/star-upcDstRP/build/sched/schedE8FEF418B51EA642EBBC9BE0936C3DCB_2.csh )
12586 We BEGIN on [Tue Apr 23 13:04:46 EDT 2019]
[1] 12946
12586 We are waiting for 12946 
12586 Grandchild PID is 13055 - found in 10 x 1 seconds
12586 Establishing first watcher   on    Tue Apr 23 13:04:57 EDT 2019
12586 Process tree is 12586 (main) -> 12946 (child) -> 13055 (grandchild)
F S   UID    PID   PPID  C PRI  NI ADDR SZ WCHAN  TTY        TIME CMD
0 R 11859  13055  12946 80  80   0 - 25542 -      ?          0:08 ./Analysis /gpfs01/star/pwg/truhlar/Test/CPtrig/merge_files/StUPCRP_production.list 2
12946 Stepping into the main SUMS wrapper program with []
Archive:  /star/u/truhlar/star-upcDstRP/build/Package.zip
  inflating: /tmp/truhlar/E8FEF418B51EA642EBBC9BE0936C3DCB_2/Analysis  
  inflating: /tmp/truhlar/E8FEF418B51EA642EBBC9BE0936C3DCB_2/libstar-upc.so  
Swapping $FILELIST with: /tmp/truhlar/E8FEF418B51EA642EBBC9BE0936C3DCB_2/INPUTFILES/E8FEF418B51EA642EBBC9BE0936C3DCB_2.local.list
--------------------------------
STAR Unified Meta Scheduler 1.10.31 we are starting in $SCRATCH : /home/tmp/truhlar/E8FEF418B51EA642EBBC9BE0936C3DCB_2
--------------------------------
total 1144
-rwxr-xr-x 1 truhlar rhstar 174068 Apr 21 05:31 Analysis
drwxr-xr-x 2 truhlar rhstar   4096 Apr 23 13:04 INPUTFILES
-rwxr-xr-x 1 truhlar rhstar 990060 Apr 19 12:21 libstar-upc.so
Starting the job

[1mRooFit v3.60 -- Developed by Wouter Verkerke and David Kirkby[0m 
                Copyright (C) 2000-2013 NIKHEF, University of California & Stanford University
                All rights reserved, please read http://roofit.sourceforge.net/license.txt

2 / 2
Input from chain
Number of UPC events: 6115909 RP: 6115909
Ending Analysis... GOOD BYE!
Analysis*
E8FEF418B51EA642EBBC9BE0936C3DCB_2.AnalysisOutput.root
INPUTFILES/
libstar-upc.so*
Cleaning up sandbox file:  /tmp/truhlar/E8FEF418B51EA642EBBC9BE0936C3DCB_2/Analysis
Cleaning up sandbox file:  /tmp/truhlar/E8FEF418B51EA642EBBC9BE0936C3DCB_2/libstar-upc.so
Cleaning up sandbox file:  /tmp/truhlar/E8FEF418B51EA642EBBC9BE0936C3DCB_2/.sandboxFiles
Starting copy block
Running copy command:  /bin/cp -fp /tmp/truhlar/E8FEF418B51EA642EBBC9BE0936C3DCB_2/E8FEF418B51EA642EBBC9BE0936C3DCB_2.AnalysisOutput.root /star/u/truhlar/star-upcDstRP/build/outputs/
12586 Execution of (/star/u/truhlar/star-upcDstRP/build/sched/schedE8FEF418B51EA642EBBC9BE0936C3DCB_2.csh ) has ended, exiting normally
12586 We END on [Tue Apr 23 13:13:10 EDT 2019]
