We are starting on node: spool0282.sdcc.bnl.gov
HOME is not defined
Using getent method
HOME is now /star/u/truhlar
29638 We will spawn ourselves (/star/u/truhlar/star-upcDstRP/build/sched/sched77A0455BE6343006E32CC5EA1CF1F0B7_52.csh )
29638 We BEGIN on [Thu Apr 25 09:02:05 EDT 2019]
[1] 29815
29638 We are waiting for 29815 
29638 Grandchild PID is 29845 - found in 10 x 1 seconds
29638 Establishing first watcher   on    Thu Apr 25 09:02:16 EDT 2019
29638 Process tree is 29638 (main) -> 29815 (child) -> 29845 (grandchild)
F S   UID   PID  PPID  C PRI  NI ADDR SZ WCHAN  TTY        TIME CMD
0 R 11859 29845 29815 25  80   0 - 93109 -      ?          0:02 ./Analysis /gpfs01/star/pwg/truhlar/ConnectionTest/ELtrig/test/test.list 52
29815 Stepping into the main SUMS wrapper program with []
Archive:  /star/u/truhlar/star-upcDstRP/build/Package.zip
  inflating: /tmp/truhlar/77A0455BE6343006E32CC5EA1CF1F0B7_52/Analysis  
  inflating: /tmp/truhlar/77A0455BE6343006E32CC5EA1CF1F0B7_52/libstar-upc.so  
Swapping $FILELIST with: /tmp/truhlar/77A0455BE6343006E32CC5EA1CF1F0B7_52/INPUTFILES/77A0455BE6343006E32CC5EA1CF1F0B7_52.local.list
--------------------------------
STAR Unified Meta Scheduler 1.10.31 we are starting in $SCRATCH : /home/tmp/truhlar/77A0455BE6343006E32CC5EA1CF1F0B7_52
--------------------------------
total 1144
-rwxr-xr-x 1 truhlar rhstar 175020 Apr 24 21:29 Analysis
drwxr-xr-x 2 truhlar rhstar   4096 Apr 25 09:02 INPUTFILES
-rwxr-xr-x 1 truhlar rhstar 990280 Apr 24 21:28 libstar-upc.so
Starting the job

[1mRooFit v3.60 -- Developed by Wouter Verkerke and David Kirkby[0m 
                Copyright (C) 2000-2013 NIKHEF, University of California & Stanford University
                All rights reserved, please read http://roofit.sourceforge.net/license.txt

Input from chain
Number of UPC events: 643960 RP: 643960
Ending Analysis... GOOD BYE!
77A0455BE6343006E32CC5EA1CF1F0B7_52.AnalysisOutput.root
Analysis*
INPUTFILES/
libstar-upc.so*
Cleaning up sandbox file:  /tmp/truhlar/77A0455BE6343006E32CC5EA1CF1F0B7_52/Analysis
Cleaning up sandbox file:  /tmp/truhlar/77A0455BE6343006E32CC5EA1CF1F0B7_52/libstar-upc.so
Cleaning up sandbox file:  /tmp/truhlar/77A0455BE6343006E32CC5EA1CF1F0B7_52/.sandboxFiles
Starting copy block
Running copy command:  /bin/cp -fp /tmp/truhlar/77A0455BE6343006E32CC5EA1CF1F0B7_52/77A0455BE6343006E32CC5EA1CF1F0B7_52.AnalysisOutput.root /star/u/truhlar/star-upcDstRP/build/outputs/
29638 Execution of (/star/u/truhlar/star-upcDstRP/build/sched/sched77A0455BE6343006E32CC5EA1CF1F0B7_52.csh ) has ended, exiting normally
29638 We END on [Thu Apr 25 09:04:07 EDT 2019]
