We are starting on node: spool0147.sdcc.bnl.gov
HOME is not defined
Using getent method
HOME is now /star/u/truhlar
16565 We will spawn ourselves (/star/u/truhlar/star-upcDstRP/build/sched/sched7D1225A1194326D4115E1D56948B3C67_47.csh )
16565 We BEGIN on [Wed Apr 24 14:03:46 EDT 2019]
[1] 16720
16565 We are waiting for 16720 
16565 Grandchild PID is 16749 - found in 10 x 1 seconds
16565 Establishing first watcher   on    Wed Apr 24 14:03:56 EDT 2019
16565 Process tree is 16565 (main) -> 16720 (child) -> 16749 (grandchild)
F S   UID   PID  PPID  C PRI  NI ADDR SZ WCHAN  TTY        TIME CMD
0 D 11859 16749 16720  4  80   0 - 20272 cxiWai ?          0:00 ./Analysis /gpfs01/star/pwg/truhlar/ConnectionTest/ELtrig/test/Elastic.list 47
16720 Stepping into the main SUMS wrapper program with []
Archive:  /star/u/truhlar/star-upcDstRP/build/Package.zip
  inflating: /tmp/truhlar/7D1225A1194326D4115E1D56948B3C67_47/Analysis  
  inflating: /tmp/truhlar/7D1225A1194326D4115E1D56948B3C67_47/libstar-upc.so  
Swapping $FILELIST with: /tmp/truhlar/7D1225A1194326D4115E1D56948B3C67_47/INPUTFILES/7D1225A1194326D4115E1D56948B3C67_47.local.list
--------------------------------
STAR Unified Meta Scheduler 1.10.31 we are starting in $SCRATCH : /home/tmp/truhlar/7D1225A1194326D4115E1D56948B3C67_47
--------------------------------
total 1144
-rwxr-xr-x 1 truhlar rhstar 174068 Apr 21 05:31 Analysis
drwxr-xr-x 2 truhlar rhstar   4096 Apr 24 14:03 INPUTFILES
-rwxr-xr-x 1 truhlar rhstar 990060 Apr 19 12:21 libstar-upc.so
Starting the job

[1mRooFit v3.60 -- Developed by Wouter Verkerke and David Kirkby[0m 
                Copyright (C) 2000-2013 NIKHEF, University of California & Stanford University
                All rights reserved, please read http://roofit.sourceforge.net/license.txt

47 / 47
Input from chain
Number of UPC events: 1046379 RP: 1046379
Ending Analysis... GOOD BYE!
7D1225A1194326D4115E1D56948B3C67_47.AnalysisOutput.root
Analysis*
INPUTFILES/
libstar-upc.so*
Cleaning up sandbox file:  /tmp/truhlar/7D1225A1194326D4115E1D56948B3C67_47/Analysis
Cleaning up sandbox file:  /tmp/truhlar/7D1225A1194326D4115E1D56948B3C67_47/libstar-upc.so
Cleaning up sandbox file:  /tmp/truhlar/7D1225A1194326D4115E1D56948B3C67_47/.sandboxFiles
Starting copy block
Running copy command:  /bin/cp -fp /tmp/truhlar/7D1225A1194326D4115E1D56948B3C67_47/7D1225A1194326D4115E1D56948B3C67_47.AnalysisOutput.root /star/u/truhlar/star-upcDstRP/build/outputs/
16565 Execution of (/star/u/truhlar/star-upcDstRP/build/sched/sched7D1225A1194326D4115E1D56948B3C67_47.csh ) has ended, exiting normally
16565 We END on [Wed Apr 24 14:10:15 EDT 2019]
