We are starting on node: rcas2429.rcf.bnl.gov
HOME is not defined
Using getent method
HOME is now /star/u/truhlar
25875 We will spawn ourselves (/star/u/truhlar/star-upcDstRP/build/sched/sched77A0455BE6343006E32CC5EA1CF1F0B7_10.csh )
25875 We BEGIN on [Thu Apr 25 09:02:13 EDT 2019]
[1] 26047
25875 We are waiting for 26047 
25875 Grandchild PID is 26083 - found in 10 x 1 seconds
25875 Establishing first watcher   on    Thu Apr 25 09:02:24 EDT 2019
25875 Process tree is 25875 (main) -> 26047 (child) -> 26083 (grandchild)
F S   UID   PID  PPID  C PRI  NI ADDR SZ WCHAN  TTY        TIME CMD
0 R 11859 26083 26047 20  80   0 - 101476 -     ?          0:02 ./Analysis /gpfs01/star/pwg/truhlar/ConnectionTest/ELtrig/test/test.list 10
26047 Stepping into the main SUMS wrapper program with []
Archive:  /star/u/truhlar/star-upcDstRP/build/Package.zip
  inflating: /tmp/truhlar/77A0455BE6343006E32CC5EA1CF1F0B7_10/Analysis  
  inflating: /tmp/truhlar/77A0455BE6343006E32CC5EA1CF1F0B7_10/libstar-upc.so  
Swapping $FILELIST with: /tmp/truhlar/77A0455BE6343006E32CC5EA1CF1F0B7_10/INPUTFILES/77A0455BE6343006E32CC5EA1CF1F0B7_10.local.list
--------------------------------
STAR Unified Meta Scheduler 1.10.31 we are starting in $SCRATCH : /home/tmp/truhlar/77A0455BE6343006E32CC5EA1CF1F0B7_10
--------------------------------
total 1144
-rwxr-xr-x 1 truhlar rhstar 175020 Apr 24 21:29 Analysis
drwxr-xr-x 2 truhlar rhstar   4096 Apr 25 09:02 INPUTFILES
-rwxr-xr-x 1 truhlar rhstar 990280 Apr 24 21:28 libstar-upc.so
Starting the job

[1mRooFit v3.60 -- Developed by Wouter Verkerke and David Kirkby[0m 
                Copyright (C) 2000-2013 NIKHEF, University of California & Stanford University
                All rights reserved, please read http://roofit.sourceforge.net/license.txt

Input from chain
Number of UPC events: 588661 RP: 588661
Ending Analysis... GOOD BYE!
77A0455BE6343006E32CC5EA1CF1F0B7_10.AnalysisOutput.root
Analysis*
INPUTFILES/
libstar-upc.so*
Cleaning up sandbox file:  /tmp/truhlar/77A0455BE6343006E32CC5EA1CF1F0B7_10/Analysis
Cleaning up sandbox file:  /tmp/truhlar/77A0455BE6343006E32CC5EA1CF1F0B7_10/libstar-upc.so
Cleaning up sandbox file:  /tmp/truhlar/77A0455BE6343006E32CC5EA1CF1F0B7_10/.sandboxFiles
Starting copy block
Running copy command:  /bin/cp -fp /tmp/truhlar/77A0455BE6343006E32CC5EA1CF1F0B7_10/77A0455BE6343006E32CC5EA1CF1F0B7_10.AnalysisOutput.root /star/u/truhlar/star-upcDstRP/build/outputs/
25875 Execution of (/star/u/truhlar/star-upcDstRP/build/sched/sched77A0455BE6343006E32CC5EA1CF1F0B7_10.csh ) has ended, exiting normally
25875 We END on [Thu Apr 25 09:05:14 EDT 2019]
