We are starting on node: rcas2031.rcf.bnl.gov
HOME is not defined
Using getent method
HOME is now /star/u/truhlar
230756 We will spawn ourselves (/star/u/truhlar/star-upcDstRP/build/sched/sched3E36DAECC2B9989B8579EA15F51AC32C_21.csh )
230756 We BEGIN on [Thu Apr 25 08:43:36 EDT 2019]
[1] 231180
230756 We are waiting for 231180 
231180 Stepping into the main SUMS wrapper program with []
Archive:  /star/u/truhlar/star-upcDstRP/build/Package.zip
  inflating: /tmp/truhlar/3E36DAECC2B9989B8579EA15F51AC32C_21/Analysis  
  inflating: /tmp/truhlar/3E36DAECC2B9989B8579EA15F51AC32C_21/libstar-upc.so  
Swapping $FILELIST with: /tmp/truhlar/3E36DAECC2B9989B8579EA15F51AC32C_21/INPUTFILES/3E36DAECC2B9989B8579EA15F51AC32C_21.local.list
--------------------------------
STAR Unified Meta Scheduler 1.10.31 we are starting in $SCRATCH : /home/tmp/truhlar/3E36DAECC2B9989B8579EA15F51AC32C_21
--------------------------------
total 1144
-rwxr-xr-x 1 truhlar rhstar 175264 Apr 23 23:33 Analysis
drwxr-xr-x 2 truhlar rhstar   4096 Apr 25 08:43 INPUTFILES
-rwxr-xr-x 1 truhlar rhstar 990060 Apr 23 23:33 libstar-upc.so
Starting the job

[1mRooFit v3.60 -- Developed by Wouter Verkerke and David Kirkby[0m 
                Copyright (C) 2000-2013 NIKHEF, University of California & Stanford University
                All rights reserved, please read http://roofit.sourceforge.net/license.txt

Input from chain
Number of UPC events: 789246 RP: 789246
3E36DAECC2B9989B8579EA15F51AC32C_21.AnalysisOutput.root
Analysis*
INPUTFILES/
libstar-upc.so*
Cleaning up sandbox file:  /tmp/truhlar/3E36DAECC2B9989B8579EA15F51AC32C_21/Analysis
Cleaning up sandbox file:  /tmp/truhlar/3E36DAECC2B9989B8579EA15F51AC32C_21/libstar-upc.so
Cleaning up sandbox file:  /tmp/truhlar/3E36DAECC2B9989B8579EA15F51AC32C_21/.sandboxFiles
Starting copy block
Running copy command:  /bin/cp -fp /tmp/truhlar/3E36DAECC2B9989B8579EA15F51AC32C_21/3E36DAECC2B9989B8579EA15F51AC32C_21.AnalysisOutput.root /star/u/truhlar/star-upcDstRP/build/outputs/
230756 Execution of (/star/u/truhlar/star-upcDstRP/build/sched/sched3E36DAECC2B9989B8579EA15F51AC32C_21.csh ) has ended, exiting normally
230756 We END on [Thu Apr 25 08:43:41 EDT 2019]
