We are starting on node: rcas2017.rcf.bnl.gov
HOME is not defined
Using getent method
HOME is now /star/u/truhlar
295203 We will spawn ourselves (/star/u/truhlar/star-upcDstRP/build/sched/sched77A0455BE6343006E32CC5EA1CF1F0B7_95.csh )
295203 We BEGIN on [Thu Apr 25 09:01:52 EDT 2019]
[1] 295367
295203 We are waiting for 295367 
295203 Grandchild PID is 295435 - found in 10 x 1 seconds
295203 Establishing first watcher   on    Thu Apr 25 09:02:04 EDT 2019
295203 Process tree is 295203 (main) -> 295367 (child) -> 295435 (grandchild)
F S   UID    PID   PPID  C PRI  NI ADDR SZ WCHAN  TTY        TIME CMD
0 R 11859 295435 295367 41  80   0 - 86311 -      ?          0:04 ./Analysis /gpfs01/star/pwg/truhlar/ConnectionTest/ELtrig/test/test.list 95
295367 Stepping into the main SUMS wrapper program with []
Archive:  /star/u/truhlar/star-upcDstRP/build/Package.zip
  inflating: /tmp/truhlar/77A0455BE6343006E32CC5EA1CF1F0B7_95/Analysis  
  inflating: /tmp/truhlar/77A0455BE6343006E32CC5EA1CF1F0B7_95/libstar-upc.so  
Swapping $FILELIST with: /tmp/truhlar/77A0455BE6343006E32CC5EA1CF1F0B7_95/INPUTFILES/77A0455BE6343006E32CC5EA1CF1F0B7_95.local.list
--------------------------------
STAR Unified Meta Scheduler 1.10.31 we are starting in $SCRATCH : /home/tmp/truhlar/77A0455BE6343006E32CC5EA1CF1F0B7_95
--------------------------------
total 1144
-rwxr-xr-x 1 truhlar rhstar 175020 Apr 24 21:29 Analysis
drwxr-xr-x 2 truhlar rhstar   4096 Apr 25 09:01 INPUTFILES
-rwxr-xr-x 1 truhlar rhstar 990280 Apr 24 21:28 libstar-upc.so
Starting the job

[1mRooFit v3.60 -- Developed by Wouter Verkerke and David Kirkby[0m 
                Copyright (C) 2000-2013 NIKHEF, University of California & Stanford University
                All rights reserved, please read http://roofit.sourceforge.net/license.txt

Input from chain
Number of UPC events: 779973 RP: 779973
Ending Analysis... GOOD BYE!
77A0455BE6343006E32CC5EA1CF1F0B7_95.AnalysisOutput.root
Analysis*
INPUTFILES/
libstar-upc.so*
Cleaning up sandbox file:  /tmp/truhlar/77A0455BE6343006E32CC5EA1CF1F0B7_95/Analysis
Cleaning up sandbox file:  /tmp/truhlar/77A0455BE6343006E32CC5EA1CF1F0B7_95/libstar-upc.so
Cleaning up sandbox file:  /tmp/truhlar/77A0455BE6343006E32CC5EA1CF1F0B7_95/.sandboxFiles
Starting copy block
Running copy command:  /bin/cp -fp /tmp/truhlar/77A0455BE6343006E32CC5EA1CF1F0B7_95/77A0455BE6343006E32CC5EA1CF1F0B7_95.AnalysisOutput.root /star/u/truhlar/star-upcDstRP/build/outputs/
295203 Execution of (/star/u/truhlar/star-upcDstRP/build/sched/sched77A0455BE6343006E32CC5EA1CF1F0B7_95.csh ) has ended, exiting normally
295203 We END on [Thu Apr 25 09:03:24 EDT 2019]
