We are starting on node: rcas6349.rcf.bnl.gov
HOME is not defined
Using getent method
HOME is now /star/u/truhlar
23220 We will spawn ourselves (/star/u/truhlar/star-upcDstRP/build/sched/schedAB932A2AA07F06EEDA2C2C988034E20B_10.csh )
23220 We BEGIN on [Wed Apr 24 11:21:57 EDT 2019]
[1] 23396
23220 We are waiting for 23396 
23220 Grandchild PID is 23448 - found in 10 x 1 seconds
23220 Establishing first watcher   on    Wed Apr 24 11:22:08 EDT 2019
23220 Process tree is 23220 (main) -> 23396 (child) -> 23448 (grandchild)
F S   UID   PID  PPID  C PRI  NI ADDR SZ WCHAN  TTY        TIME CMD
0 D 11859 23448 23396  3  80   0 - 20615 cxiWai ?          0:00 ./Analysis /gpfs01/star/pwg/truhlar/ConnectionTest/ELtrig/merge_files/StUPCRP_production.list 10
23396 Stepping into the main SUMS wrapper program with []
Archive:  /star/u/truhlar/star-upcDstRP/build/Package.zip
  inflating: /tmp/truhlar/AB932A2AA07F06EEDA2C2C988034E20B_10/Analysis  
  inflating: /tmp/truhlar/AB932A2AA07F06EEDA2C2C988034E20B_10/libstar-upc.so  
Swapping $FILELIST with: /tmp/truhlar/AB932A2AA07F06EEDA2C2C988034E20B_10/INPUTFILES/AB932A2AA07F06EEDA2C2C988034E20B_10.local.list
--------------------------------
STAR Unified Meta Scheduler 1.10.31 we are starting in $SCRATCH : /home/tmp/truhlar/AB932A2AA07F06EEDA2C2C988034E20B_10
--------------------------------
total 1144
-rwxr-xr-x 1 truhlar rhstar 174068 Apr 21 05:31 Analysis
drwxr-xr-x 2 truhlar rhstar   4096 Apr 24 11:21 INPUTFILES
-rwxr-xr-x 1 truhlar rhstar 990060 Apr 19 12:21 libstar-upc.so
Starting the job

[1mRooFit v3.60 -- Developed by Wouter Verkerke and David Kirkby[0m 
                Copyright (C) 2000-2013 NIKHEF, University of California & Stanford University
                All rights reserved, please read http://roofit.sourceforge.net/license.txt

10 / 10
Input from chain
Number of UPC events: 2597212 RP: 2597212
Ending Analysis... GOOD BYE!
AB932A2AA07F06EEDA2C2C988034E20B_10.AnalysisOutput.root
Analysis*
INPUTFILES/
libstar-upc.so*
Cleaning up sandbox file:  /tmp/truhlar/AB932A2AA07F06EEDA2C2C988034E20B_10/Analysis
Cleaning up sandbox file:  /tmp/truhlar/AB932A2AA07F06EEDA2C2C988034E20B_10/libstar-upc.so
Cleaning up sandbox file:  /tmp/truhlar/AB932A2AA07F06EEDA2C2C988034E20B_10/.sandboxFiles
Starting copy block
Running copy command:  /bin/cp -fp /tmp/truhlar/AB932A2AA07F06EEDA2C2C988034E20B_10/AB932A2AA07F06EEDA2C2C988034E20B_10.AnalysisOutput.root /star/u/truhlar/star-upcDstRP/build/outputs/
23220 Execution of (/star/u/truhlar/star-upcDstRP/build/sched/schedAB932A2AA07F06EEDA2C2C988034E20B_10.csh ) has ended, exiting normally
23220 We END on [Wed Apr 24 12:02:28 EDT 2019]
