We are starting on node: spool0247.sdcc.bnl.gov
HOME is not defined
Using getent method
HOME is now /star/u/truhlar
23524 We will spawn ourselves (/star/u/truhlar/star-upcDstRP/build/sched/sched77A0455BE6343006E32CC5EA1CF1F0B7_93.csh )
23524 We BEGIN on [Thu Apr 25 09:01:52 EDT 2019]
[1] 23714
23524 We are waiting for 23714 
23524 Grandchild PID is 23753 - found in 10 x 1 seconds
23524 Establishing first watcher   on    Thu Apr 25 09:02:03 EDT 2019
23524 Process tree is 23524 (main) -> 23714 (child) -> 23753 (grandchild)
F S   UID   PID  PPID  C PRI  NI ADDR SZ WCHAN  TTY        TIME CMD
0 S 11859 23753 23714  1  80   0 - 18261 afs_os ?          0:00 ./Analysis /gpfs01/star/pwg/truhlar/ConnectionTest/ELtrig/test/test.list 93
23714 Stepping into the main SUMS wrapper program with []
Archive:  /star/u/truhlar/star-upcDstRP/build/Package.zip
  inflating: /tmp/truhlar/77A0455BE6343006E32CC5EA1CF1F0B7_93/Analysis  
  inflating: /tmp/truhlar/77A0455BE6343006E32CC5EA1CF1F0B7_93/libstar-upc.so  
Swapping $FILELIST with: /tmp/truhlar/77A0455BE6343006E32CC5EA1CF1F0B7_93/INPUTFILES/77A0455BE6343006E32CC5EA1CF1F0B7_93.local.list
--------------------------------
STAR Unified Meta Scheduler 1.10.31 we are starting in $SCRATCH : /home/tmp/truhlar/77A0455BE6343006E32CC5EA1CF1F0B7_93
--------------------------------
total 1144
-rwxr-xr-x 1 truhlar rhstar 175020 Apr 24 21:29 Analysis
drwxr-xr-x 2 truhlar rhstar   4096 Apr 25 09:01 INPUTFILES
-rwxr-xr-x 1 truhlar rhstar 990280 Apr 24 21:28 libstar-upc.so
Starting the job

[1mRooFit v3.60 -- Developed by Wouter Verkerke and David Kirkby[0m 
                Copyright (C) 2000-2013 NIKHEF, University of California & Stanford University
                All rights reserved, please read http://roofit.sourceforge.net/license.txt

Input from chain
Number of UPC events: 1169000 RP: 1169000
Ending Analysis... GOOD BYE!
77A0455BE6343006E32CC5EA1CF1F0B7_93.AnalysisOutput.root
Analysis*
INPUTFILES/
libstar-upc.so*
Cleaning up sandbox file:  /tmp/truhlar/77A0455BE6343006E32CC5EA1CF1F0B7_93/Analysis
Cleaning up sandbox file:  /tmp/truhlar/77A0455BE6343006E32CC5EA1CF1F0B7_93/libstar-upc.so
Cleaning up sandbox file:  /tmp/truhlar/77A0455BE6343006E32CC5EA1CF1F0B7_93/.sandboxFiles
Starting copy block
Running copy command:  /bin/cp -fp /tmp/truhlar/77A0455BE6343006E32CC5EA1CF1F0B7_93/77A0455BE6343006E32CC5EA1CF1F0B7_93.AnalysisOutput.root /star/u/truhlar/star-upcDstRP/build/outputs/
23524 Execution of (/star/u/truhlar/star-upcDstRP/build/sched/sched77A0455BE6343006E32CC5EA1CF1F0B7_93.csh ) has ended, exiting normally
23524 We END on [Thu Apr 25 09:06:06 EDT 2019]
