We are starting on node: spool0368.sdcc.bnl.gov
HOME is not defined
Using getent method
HOME is now /star/u/truhlar
26147 We will spawn ourselves (/star/u/truhlar/star-upcDstRP/build/sched/sched77A0455BE6343006E32CC5EA1CF1F0B7_5.csh )
26147 We BEGIN on [Thu Apr 25 09:02:15 EDT 2019]
[1] 26329
26147 We are waiting for 26329 
26147 Grandchild PID is 26358 - found in 10 x 1 seconds
26147 Establishing first watcher   on    Thu Apr 25 09:02:26 EDT 2019
26147 Process tree is 26147 (main) -> 26329 (child) -> 26358 (grandchild)
F S   UID   PID  PPID  C PRI  NI ADDR SZ WCHAN  TTY        TIME CMD
0 S 11859 26358 26329  4  80   0 - 18359 afs_os ?          0:00 ./Analysis /gpfs01/star/pwg/truhlar/ConnectionTest/ELtrig/test/test.list 5
26329 Stepping into the main SUMS wrapper program with []
Archive:  /star/u/truhlar/star-upcDstRP/build/Package.zip
  inflating: /tmp/truhlar/77A0455BE6343006E32CC5EA1CF1F0B7_5/Analysis  
  inflating: /tmp/truhlar/77A0455BE6343006E32CC5EA1CF1F0B7_5/libstar-upc.so  
Swapping $FILELIST with: /tmp/truhlar/77A0455BE6343006E32CC5EA1CF1F0B7_5/INPUTFILES/77A0455BE6343006E32CC5EA1CF1F0B7_5.local.list
--------------------------------
STAR Unified Meta Scheduler 1.10.31 we are starting in $SCRATCH : /home/tmp/truhlar/77A0455BE6343006E32CC5EA1CF1F0B7_5
--------------------------------
total 1144
-rwxr-xr-x 1 truhlar rhstar 175020 Apr 24 21:29 Analysis
drwxr-xr-x 2 truhlar rhstar   4096 Apr 25 09:02 INPUTFILES
-rwxr-xr-x 1 truhlar rhstar 990280 Apr 24 21:28 libstar-upc.so
Starting the job

[1mRooFit v3.60 -- Developed by Wouter Verkerke and David Kirkby[0m 
                Copyright (C) 2000-2013 NIKHEF, University of California & Stanford University
                All rights reserved, please read http://roofit.sourceforge.net/license.txt

Input from chain
Number of UPC events: 778169 RP: 778169
Ending Analysis... GOOD BYE!
77A0455BE6343006E32CC5EA1CF1F0B7_5.AnalysisOutput.root
Analysis*
INPUTFILES/
libstar-upc.so*
Cleaning up sandbox file:  /tmp/truhlar/77A0455BE6343006E32CC5EA1CF1F0B7_5/Analysis
Cleaning up sandbox file:  /tmp/truhlar/77A0455BE6343006E32CC5EA1CF1F0B7_5/libstar-upc.so
Cleaning up sandbox file:  /tmp/truhlar/77A0455BE6343006E32CC5EA1CF1F0B7_5/.sandboxFiles
Starting copy block
Running copy command:  /bin/cp -fp /tmp/truhlar/77A0455BE6343006E32CC5EA1CF1F0B7_5/77A0455BE6343006E32CC5EA1CF1F0B7_5.AnalysisOutput.root /star/u/truhlar/star-upcDstRP/build/outputs/
26147 Execution of (/star/u/truhlar/star-upcDstRP/build/sched/sched77A0455BE6343006E32CC5EA1CF1F0B7_5.csh ) has ended, exiting normally
26147 We END on [Thu Apr 25 09:06:17 EDT 2019]
