We are starting on node: spar0307.usatlas.bnl.gov
HOME is not defined
Using getent method
HOME is now /star/u/truhlar
11561 We will spawn ourselves (/star/u/truhlar/star-upcDstRP/build/sched/sched7D1225A1194326D4115E1D56948B3C67_16.csh )
11561 We BEGIN on [Wed Apr 24 14:03:43 EDT 2019]
[1] 11729
11561 We are waiting for 11729 
11561 Grandchild PID is 11759 - found in 10 x 1 seconds
11561 Establishing first watcher   on    Wed Apr 24 14:03:54 EDT 2019
11561 Process tree is 11561 (main) -> 11729 (child) -> 11759 (grandchild)
F S   UID   PID  PPID  C PRI  NI ADDR SZ WCHAN  TTY        TIME CMD
0 D 11859 11759 11729  4  80   0 - 20272 cxiWai ?          0:00 ./Analysis /gpfs01/star/pwg/truhlar/ConnectionTest/ELtrig/test/Elastic.list 16
11729 Stepping into the main SUMS wrapper program with []
Archive:  /star/u/truhlar/star-upcDstRP/build/Package.zip
  inflating: /tmp/truhlar/7D1225A1194326D4115E1D56948B3C67_16/Analysis  
  inflating: /tmp/truhlar/7D1225A1194326D4115E1D56948B3C67_16/libstar-upc.so  
Swapping $FILELIST with: /tmp/truhlar/7D1225A1194326D4115E1D56948B3C67_16/INPUTFILES/7D1225A1194326D4115E1D56948B3C67_16.local.list
--------------------------------
STAR Unified Meta Scheduler 1.10.31 we are starting in $SCRATCH : /home/tmp/truhlar/7D1225A1194326D4115E1D56948B3C67_16
--------------------------------
total 1144
-rwxr-xr-x 1 truhlar rhstar 174068 Apr 21 05:31 Analysis
drwxr-xr-x 2 truhlar rhstar   4096 Apr 24 14:03 INPUTFILES
-rwxr-xr-x 1 truhlar rhstar 990060 Apr 19 12:21 libstar-upc.so
Starting the job

[1mRooFit v3.60 -- Developed by Wouter Verkerke and David Kirkby[0m 
                Copyright (C) 2000-2013 NIKHEF, University of California & Stanford University
                All rights reserved, please read http://roofit.sourceforge.net/license.txt

16 / 16
Input from chain
Number of UPC events: 385479 RP: 385479
Ending Analysis... GOOD BYE!
7D1225A1194326D4115E1D56948B3C67_16.AnalysisOutput.root
Analysis*
INPUTFILES/
libstar-upc.so*
Cleaning up sandbox file:  /tmp/truhlar/7D1225A1194326D4115E1D56948B3C67_16/Analysis
Cleaning up sandbox file:  /tmp/truhlar/7D1225A1194326D4115E1D56948B3C67_16/libstar-upc.so
Cleaning up sandbox file:  /tmp/truhlar/7D1225A1194326D4115E1D56948B3C67_16/.sandboxFiles
Starting copy block
Running copy command:  /bin/cp -fp /tmp/truhlar/7D1225A1194326D4115E1D56948B3C67_16/7D1225A1194326D4115E1D56948B3C67_16.AnalysisOutput.root /star/u/truhlar/star-upcDstRP/build/outputs/
11561 Execution of (/star/u/truhlar/star-upcDstRP/build/sched/sched7D1225A1194326D4115E1D56948B3C67_16.csh ) has ended, exiting normally
11561 We END on [Wed Apr 24 14:06:29 EDT 2019]
