We are starting on node: rcas2025.rcf.bnl.gov
HOME is not defined
Using getent method
HOME is now /star/u/truhlar
404540 We will spawn ourselves (/star/u/truhlar/star-upcDstRP/build/sched/sched77A0455BE6343006E32CC5EA1CF1F0B7_80.csh )
404540 We BEGIN on [Thu Apr 25 09:02:07 EDT 2019]
[1] 404713
404540 We are waiting for 404713 
404540 Grandchild PID is 404759 - found in 10 x 1 seconds
404540 Establishing first watcher   on    Thu Apr 25 09:02:18 EDT 2019
404540 Process tree is 404540 (main) -> 404713 (child) -> 404759 (grandchild)
F S   UID    PID   PPID  C PRI  NI ADDR SZ WCHAN  TTY        TIME CMD
0 S 11859 404759 404713  2  80   0 - 20417 afs_cv ?          0:00 ./Analysis /gpfs01/star/pwg/truhlar/ConnectionTest/ELtrig/test/test.list 80
404713 Stepping into the main SUMS wrapper program with []
Archive:  /star/u/truhlar/star-upcDstRP/build/Package.zip
  inflating: /tmp/truhlar/77A0455BE6343006E32CC5EA1CF1F0B7_80/Analysis  
  inflating: /tmp/truhlar/77A0455BE6343006E32CC5EA1CF1F0B7_80/libstar-upc.so  
Swapping $FILELIST with: /tmp/truhlar/77A0455BE6343006E32CC5EA1CF1F0B7_80/INPUTFILES/77A0455BE6343006E32CC5EA1CF1F0B7_80.local.list
--------------------------------
STAR Unified Meta Scheduler 1.10.31 we are starting in $SCRATCH : /home/tmp/truhlar/77A0455BE6343006E32CC5EA1CF1F0B7_80
--------------------------------
total 1144
-rwxr-xr-x 1 truhlar rhstar 175020 Apr 24 21:29 Analysis
drwxr-xr-x 2 truhlar rhstar   4096 Apr 25 09:02 INPUTFILES
-rwxr-xr-x 1 truhlar rhstar 990280 Apr 24 21:28 libstar-upc.so
Starting the job

[1mRooFit v3.60 -- Developed by Wouter Verkerke and David Kirkby[0m 
                Copyright (C) 2000-2013 NIKHEF, University of California & Stanford University
                All rights reserved, please read http://roofit.sourceforge.net/license.txt

Input from chain
Number of UPC events: 534703 RP: 534703
Ending Analysis... GOOD BYE!
77A0455BE6343006E32CC5EA1CF1F0B7_80.AnalysisOutput.root
Analysis*
INPUTFILES/
libstar-upc.so*
Cleaning up sandbox file:  /tmp/truhlar/77A0455BE6343006E32CC5EA1CF1F0B7_80/Analysis
Cleaning up sandbox file:  /tmp/truhlar/77A0455BE6343006E32CC5EA1CF1F0B7_80/libstar-upc.so
Cleaning up sandbox file:  /tmp/truhlar/77A0455BE6343006E32CC5EA1CF1F0B7_80/.sandboxFiles
Starting copy block
Running copy command:  /bin/cp -fp /tmp/truhlar/77A0455BE6343006E32CC5EA1CF1F0B7_80/77A0455BE6343006E32CC5EA1CF1F0B7_80.AnalysisOutput.root /star/u/truhlar/star-upcDstRP/build/outputs/
404540 Execution of (/star/u/truhlar/star-upcDstRP/build/sched/sched77A0455BE6343006E32CC5EA1CF1F0B7_80.csh ) has ended, exiting normally
404540 We END on [Thu Apr 25 09:03:08 EDT 2019]
