We are starting on node: rcas6081.rcf.bnl.gov
HOME is not defined
Using getent method
HOME is now /star/u/truhlar
294843 We will spawn ourselves (/star/u/truhlar/star-upcDstRP/build/sched/sched7D1225A1194326D4115E1D56948B3C67_87.csh )
294843 We BEGIN on [Wed Apr 24 14:03:10 EDT 2019]
[1] 295215
294843 We are waiting for 295215 
294843 Grandchild PID is 295312 - found in 10 x 1 seconds
294843 Establishing first watcher   on    Wed Apr 24 14:03:20 EDT 2019
294843 Process tree is 294843 (main) -> 295215 (child) -> 295312 (grandchild)
F S   UID    PID   PPID  C PRI  NI ADDR SZ WCHAN  TTY        TIME CMD
0 R 11859 295312 295215 92  80   0 - 95658 -      ?          0:10 ./Analysis /gpfs01/star/pwg/truhlar/ConnectionTest/ELtrig/test/Elastic.list 87
295215 Stepping into the main SUMS wrapper program with []
Archive:  /star/u/truhlar/star-upcDstRP/build/Package.zip
  inflating: /tmp/truhlar/7D1225A1194326D4115E1D56948B3C67_87/Analysis  
  inflating: /tmp/truhlar/7D1225A1194326D4115E1D56948B3C67_87/libstar-upc.so  
Swapping $FILELIST with: /tmp/truhlar/7D1225A1194326D4115E1D56948B3C67_87/INPUTFILES/7D1225A1194326D4115E1D56948B3C67_87.local.list
--------------------------------
STAR Unified Meta Scheduler 1.10.31 we are starting in $SCRATCH : /home/tmp/truhlar/7D1225A1194326D4115E1D56948B3C67_87
--------------------------------
total 1144
-rwxr-xr-x 1 truhlar rhstar 174068 Apr 21 05:31 Analysis
drwxr-xr-x 2 truhlar rhstar   4096 Apr 24 14:03 INPUTFILES
-rwxr-xr-x 1 truhlar rhstar 990060 Apr 19 12:21 libstar-upc.so
Starting the job

[1mRooFit v3.60 -- Developed by Wouter Verkerke and David Kirkby[0m 
                Copyright (C) 2000-2013 NIKHEF, University of California & Stanford University
                All rights reserved, please read http://roofit.sourceforge.net/license.txt

87 / 87
Input from chain
Number of UPC events: 669139 RP: 669139
Ending Analysis... GOOD BYE!
7D1225A1194326D4115E1D56948B3C67_87.AnalysisOutput.root
Analysis*
INPUTFILES/
libstar-upc.so*
Cleaning up sandbox file:  /tmp/truhlar/7D1225A1194326D4115E1D56948B3C67_87/Analysis
Cleaning up sandbox file:  /tmp/truhlar/7D1225A1194326D4115E1D56948B3C67_87/libstar-upc.so
Cleaning up sandbox file:  /tmp/truhlar/7D1225A1194326D4115E1D56948B3C67_87/.sandboxFiles
Starting copy block
Running copy command:  /bin/cp -fp /tmp/truhlar/7D1225A1194326D4115E1D56948B3C67_87/7D1225A1194326D4115E1D56948B3C67_87.AnalysisOutput.root /star/u/truhlar/star-upcDstRP/build/outputs/
294843 Execution of (/star/u/truhlar/star-upcDstRP/build/sched/sched7D1225A1194326D4115E1D56948B3C67_87.csh ) has ended, exiting normally
294843 We END on [Wed Apr 24 14:04:37 EDT 2019]
