We are starting on node: rcas2020.rcf.bnl.gov
HOME is not defined
Using getent method
HOME is now /star/u/truhlar
136989 We will spawn ourselves (/star/u/truhlar/star-upcDstRP/build/sched/sched332B783D50456A4AA6AC6B38C6CDCF5B_23.csh )
136989 We BEGIN on [Tue Apr 23 13:04:46 EDT 2019]
[1] 137412
136989 We are waiting for 137412 
136989 Grandchild PID is 137491 - found in 10 x 1 seconds
136989 Establishing first watcher   on    Tue Apr 23 13:04:57 EDT 2019
136989 Process tree is 136989 (main) -> 137412 (child) -> 137491 (grandchild)
F S   UID    PID   PPID  C PRI  NI ADDR SZ WCHAN  TTY        TIME CMD
0 R 11859 137491 137412 80  80   0 - 107179 -     ?          0:08 ./Analysis /gpfs01/star/pwg/truhlar/Test/ELtrig/merge_files/StUPCRP_production.list 23
137412 Stepping into the main SUMS wrapper program with []
Archive:  /star/u/truhlar/star-upcDstRP/build/Package.zip
  inflating: /tmp/truhlar/332B783D50456A4AA6AC6B38C6CDCF5B_23/Analysis  
  inflating: /tmp/truhlar/332B783D50456A4AA6AC6B38C6CDCF5B_23/libstar-upc.so  
Swapping $FILELIST with: /tmp/truhlar/332B783D50456A4AA6AC6B38C6CDCF5B_23/INPUTFILES/332B783D50456A4AA6AC6B38C6CDCF5B_23.local.list
--------------------------------
STAR Unified Meta Scheduler 1.10.31 we are starting in $SCRATCH : /home/tmp/truhlar/332B783D50456A4AA6AC6B38C6CDCF5B_23
--------------------------------
total 1144
-rwxr-xr-x 1 truhlar rhstar 174068 Apr 21 05:31 Analysis
drwxr-xr-x 2 truhlar rhstar   4096 Apr 23 13:04 INPUTFILES
-rwxr-xr-x 1 truhlar rhstar 990060 Apr 19 12:21 libstar-upc.so
Starting the job

[1mRooFit v3.60 -- Developed by Wouter Verkerke and David Kirkby[0m 
                Copyright (C) 2000-2013 NIKHEF, University of California & Stanford University
                All rights reserved, please read http://roofit.sourceforge.net/license.txt

23 / 23
Input from chain
Number of UPC events: 3262402 RP: 3262402
Ending Analysis... GOOD BYE!
332B783D50456A4AA6AC6B38C6CDCF5B_23.AnalysisOutput.root
Analysis*
INPUTFILES/
libstar-upc.so*
Cleaning up sandbox file:  /tmp/truhlar/332B783D50456A4AA6AC6B38C6CDCF5B_23/Analysis
Cleaning up sandbox file:  /tmp/truhlar/332B783D50456A4AA6AC6B38C6CDCF5B_23/libstar-upc.so
Cleaning up sandbox file:  /tmp/truhlar/332B783D50456A4AA6AC6B38C6CDCF5B_23/.sandboxFiles
Starting copy block
Running copy command:  /bin/cp -fp /tmp/truhlar/332B783D50456A4AA6AC6B38C6CDCF5B_23/332B783D50456A4AA6AC6B38C6CDCF5B_23.AnalysisOutput.root /star/u/truhlar/star-upcDstRP/build/outputs/
136989 Execution of (/star/u/truhlar/star-upcDstRP/build/sched/sched332B783D50456A4AA6AC6B38C6CDCF5B_23.csh ) has ended, exiting normally
136989 We END on [Tue Apr 23 13:11:43 EDT 2019]
