We are starting on node: spool0148.sdcc.bnl.gov
HOME is not defined
Using getent method
HOME is now /star/u/truhlar
10840 We will spawn ourselves (/star/u/truhlar/star-upcDstRP/build/sched/sched7D1225A1194326D4115E1D56948B3C67_56.csh )
10840 We BEGIN on [Wed Apr 24 14:03:45 EDT 2019]
[1] 11001
10840 We are waiting for 11001 
10840 Grandchild PID is 11032 - found in 10 x 1 seconds
10840 Establishing first watcher   on    Wed Apr 24 14:03:56 EDT 2019
10840 Process tree is 10840 (main) -> 11001 (child) -> 11032 (grandchild)
F S   UID   PID  PPID  C PRI  NI ADDR SZ WCHAN  TTY        TIME CMD
0 R 11859 11032 11001 82  80   0 - 107059 -     ?          0:08 ./Analysis /gpfs01/star/pwg/truhlar/ConnectionTest/ELtrig/test/Elastic.list 56
11001 Stepping into the main SUMS wrapper program with []
Archive:  /star/u/truhlar/star-upcDstRP/build/Package.zip
  inflating: /tmp/truhlar/7D1225A1194326D4115E1D56948B3C67_56/Analysis  
  inflating: /tmp/truhlar/7D1225A1194326D4115E1D56948B3C67_56/libstar-upc.so  
Swapping $FILELIST with: /tmp/truhlar/7D1225A1194326D4115E1D56948B3C67_56/INPUTFILES/7D1225A1194326D4115E1D56948B3C67_56.local.list
--------------------------------
STAR Unified Meta Scheduler 1.10.31 we are starting in $SCRATCH : /home/tmp/truhlar/7D1225A1194326D4115E1D56948B3C67_56
--------------------------------
total 1144
-rwxr-xr-x 1 truhlar rhstar 174068 Apr 21 05:31 Analysis
drwxr-xr-x 2 truhlar rhstar   4096 Apr 24 14:03 INPUTFILES
-rwxr-xr-x 1 truhlar rhstar 990060 Apr 19 12:21 libstar-upc.so
Starting the job

[1mRooFit v3.60 -- Developed by Wouter Verkerke and David Kirkby[0m 
                Copyright (C) 2000-2013 NIKHEF, University of California & Stanford University
                All rights reserved, please read http://roofit.sourceforge.net/license.txt

56 / 56
Input from chain
Number of UPC events: 497687 RP: 497687
Ending Analysis... GOOD BYE!
7D1225A1194326D4115E1D56948B3C67_56.AnalysisOutput.root
Analysis*
INPUTFILES/
libstar-upc.so*
Cleaning up sandbox file:  /tmp/truhlar/7D1225A1194326D4115E1D56948B3C67_56/Analysis
Cleaning up sandbox file:  /tmp/truhlar/7D1225A1194326D4115E1D56948B3C67_56/libstar-upc.so
Cleaning up sandbox file:  /tmp/truhlar/7D1225A1194326D4115E1D56948B3C67_56/.sandboxFiles
Starting copy block
Running copy command:  /bin/cp -fp /tmp/truhlar/7D1225A1194326D4115E1D56948B3C67_56/7D1225A1194326D4115E1D56948B3C67_56.AnalysisOutput.root /star/u/truhlar/star-upcDstRP/build/outputs/
10840 Execution of (/star/u/truhlar/star-upcDstRP/build/sched/sched7D1225A1194326D4115E1D56948B3C67_56.csh ) has ended, exiting normally
10840 We END on [Wed Apr 24 14:06:01 EDT 2019]
