We are starting on node: spool0272.sdcc.bnl.gov
HOME is not defined
Using getent method
HOME is now /star/u/truhlar
18446 We will spawn ourselves (/star/u/truhlar/star-upcDstRP/build/sched/sched77A0455BE6343006E32CC5EA1CF1F0B7_51.csh )
18446 We BEGIN on [Thu Apr 25 09:02:08 EDT 2019]
[1] 18608
18446 We are waiting for 18608 
18446 Grandchild PID is 18647 - found in 10 x 1 seconds
18446 Establishing first watcher   on    Thu Apr 25 09:02:19 EDT 2019
18446 Process tree is 18446 (main) -> 18608 (child) -> 18647 (grandchild)
F S   UID   PID  PPID  C PRI  NI ADDR SZ WCHAN  TTY        TIME CMD
0 S 11859 18647 18608  2  80   0 - 18427 afs_cv ?          0:00 ./Analysis /gpfs01/star/pwg/truhlar/ConnectionTest/ELtrig/test/test.list 51
18608 Stepping into the main SUMS wrapper program with []
Archive:  /star/u/truhlar/star-upcDstRP/build/Package.zip
  inflating: /tmp/truhlar/77A0455BE6343006E32CC5EA1CF1F0B7_51/Analysis  
  inflating: /tmp/truhlar/77A0455BE6343006E32CC5EA1CF1F0B7_51/libstar-upc.so  
Swapping $FILELIST with: /tmp/truhlar/77A0455BE6343006E32CC5EA1CF1F0B7_51/INPUTFILES/77A0455BE6343006E32CC5EA1CF1F0B7_51.local.list
--------------------------------
STAR Unified Meta Scheduler 1.10.31 we are starting in $SCRATCH : /home/tmp/truhlar/77A0455BE6343006E32CC5EA1CF1F0B7_51
--------------------------------
total 1144
-rwxr-xr-x 1 truhlar rhstar 175020 Apr 24 21:29 Analysis
drwxr-xr-x 2 truhlar rhstar   4096 Apr 25 09:02 INPUTFILES
-rwxr-xr-x 1 truhlar rhstar 990280 Apr 24 21:28 libstar-upc.so
Starting the job

[1mRooFit v3.60 -- Developed by Wouter Verkerke and David Kirkby[0m 
                Copyright (C) 2000-2013 NIKHEF, University of California & Stanford University
                All rights reserved, please read http://roofit.sourceforge.net/license.txt

Input from chain
Number of UPC events: 1489353 RP: 1489353
Ending Analysis... GOOD BYE!
77A0455BE6343006E32CC5EA1CF1F0B7_51.AnalysisOutput.root
Analysis*
INPUTFILES/
libstar-upc.so*
Cleaning up sandbox file:  /tmp/truhlar/77A0455BE6343006E32CC5EA1CF1F0B7_51/Analysis
Cleaning up sandbox file:  /tmp/truhlar/77A0455BE6343006E32CC5EA1CF1F0B7_51/libstar-upc.so
Cleaning up sandbox file:  /tmp/truhlar/77A0455BE6343006E32CC5EA1CF1F0B7_51/.sandboxFiles
Starting copy block
Running copy command:  /bin/cp -fp /tmp/truhlar/77A0455BE6343006E32CC5EA1CF1F0B7_51/77A0455BE6343006E32CC5EA1CF1F0B7_51.AnalysisOutput.root /star/u/truhlar/star-upcDstRP/build/outputs/
18446 Execution of (/star/u/truhlar/star-upcDstRP/build/sched/sched77A0455BE6343006E32CC5EA1CF1F0B7_51.csh ) has ended, exiting normally
18446 We END on [Thu Apr 25 09:06:41 EDT 2019]
