We are starting on node: spar0320.usatlas.bnl.gov
HOME is not defined
Using getent method
HOME is now /star/u/truhlar
14062 We will spawn ourselves (/star/u/truhlar/star-upcDstRP/build/sched/sched7D1225A1194326D4115E1D56948B3C67_3.csh )
14062 We BEGIN on [Wed Apr 24 14:03:49 EDT 2019]
[1] 14225
14062 We are waiting for 14225 
14062 Grandchild PID is 14257 - found in 10 x 1 seconds
14062 Establishing first watcher   on    Wed Apr 24 14:03:59 EDT 2019
14062 Process tree is 14062 (main) -> 14225 (child) -> 14257 (grandchild)
F S   UID   PID  PPID  C PRI  NI ADDR SZ WCHAN  TTY        TIME CMD
0 D 11859 14257 14225  2  80   0 - 20271 lookup ?          0:00 ./Analysis /gpfs01/star/pwg/truhlar/ConnectionTest/ELtrig/test/Elastic.list 3
14225 Stepping into the main SUMS wrapper program with []
Archive:  /star/u/truhlar/star-upcDstRP/build/Package.zip
  inflating: /tmp/truhlar/7D1225A1194326D4115E1D56948B3C67_3/Analysis  
  inflating: /tmp/truhlar/7D1225A1194326D4115E1D56948B3C67_3/libstar-upc.so  
Swapping $FILELIST with: /tmp/truhlar/7D1225A1194326D4115E1D56948B3C67_3/INPUTFILES/7D1225A1194326D4115E1D56948B3C67_3.local.list
--------------------------------
STAR Unified Meta Scheduler 1.10.31 we are starting in $SCRATCH : /home/tmp/truhlar/7D1225A1194326D4115E1D56948B3C67_3
--------------------------------
total 1144
-rwxr-xr-x 1 truhlar rhstar 174068 Apr 21 05:31 Analysis
drwxr-xr-x 2 truhlar rhstar   4096 Apr 24 14:03 INPUTFILES
-rwxr-xr-x 1 truhlar rhstar 990060 Apr 19 12:21 libstar-upc.so
Starting the job

[1mRooFit v3.60 -- Developed by Wouter Verkerke and David Kirkby[0m 
                Copyright (C) 2000-2013 NIKHEF, University of California & Stanford University
                All rights reserved, please read http://roofit.sourceforge.net/license.txt

3 / 3
Input from chain
Number of UPC events: 931752 RP: 931752
Ending Analysis... GOOD BYE!
7D1225A1194326D4115E1D56948B3C67_3.AnalysisOutput.root
Analysis*
INPUTFILES/
libstar-upc.so*
Cleaning up sandbox file:  /tmp/truhlar/7D1225A1194326D4115E1D56948B3C67_3/Analysis
Cleaning up sandbox file:  /tmp/truhlar/7D1225A1194326D4115E1D56948B3C67_3/libstar-upc.so
Cleaning up sandbox file:  /tmp/truhlar/7D1225A1194326D4115E1D56948B3C67_3/.sandboxFiles
Starting copy block
Running copy command:  /bin/cp -fp /tmp/truhlar/7D1225A1194326D4115E1D56948B3C67_3/7D1225A1194326D4115E1D56948B3C67_3.AnalysisOutput.root /star/u/truhlar/star-upcDstRP/build/outputs/
14062 Execution of (/star/u/truhlar/star-upcDstRP/build/sched/sched7D1225A1194326D4115E1D56948B3C67_3.csh ) has ended, exiting normally
14062 We END on [Wed Apr 24 14:06:42 EDT 2019]
