We are starting on node: rcas2755.rcf.bnl.gov
HOME is not defined
Using getent method
HOME is now /star/u/truhlar
24385 We will spawn ourselves (/star/u/truhlar/star-upcDstRP/build/sched/sched77A0455BE6343006E32CC5EA1CF1F0B7_48.csh )
24385 We BEGIN on [Thu Apr 25 09:02:10 EDT 2019]
[1] 24563
24385 We are waiting for 24563 
24385 Grandchild PID is 24601 - found in 10 x 1 seconds
24385 Establishing first watcher   on    Thu Apr 25 09:02:21 EDT 2019
24385 Process tree is 24385 (main) -> 24563 (child) -> 24601 (grandchild)
F S   UID   PID  PPID  C PRI  NI ADDR SZ WCHAN  TTY        TIME CMD
0 S 11859 24601 24563  1  80   0 - 18261 afs_cv ?          0:00 ./Analysis /gpfs01/star/pwg/truhlar/ConnectionTest/ELtrig/test/test.list 48
24563 Stepping into the main SUMS wrapper program with []
Archive:  /star/u/truhlar/star-upcDstRP/build/Package.zip
  inflating: /tmp/truhlar/77A0455BE6343006E32CC5EA1CF1F0B7_48/Analysis  
  inflating: /tmp/truhlar/77A0455BE6343006E32CC5EA1CF1F0B7_48/libstar-upc.so  
Swapping $FILELIST with: /tmp/truhlar/77A0455BE6343006E32CC5EA1CF1F0B7_48/INPUTFILES/77A0455BE6343006E32CC5EA1CF1F0B7_48.local.list
--------------------------------
STAR Unified Meta Scheduler 1.10.31 we are starting in $SCRATCH : /home/tmp/truhlar/77A0455BE6343006E32CC5EA1CF1F0B7_48
--------------------------------
total 1144
-rwxr-xr-x 1 truhlar rhstar 175020 Apr 24 21:29 Analysis
drwxr-xr-x 2 truhlar rhstar   4096 Apr 25 09:02 INPUTFILES
-rwxr-xr-x 1 truhlar rhstar 990280 Apr 24 21:28 libstar-upc.so
Starting the job

[1mRooFit v3.60 -- Developed by Wouter Verkerke and David Kirkby[0m 
                Copyright (C) 2000-2013 NIKHEF, University of California & Stanford University
                All rights reserved, please read http://roofit.sourceforge.net/license.txt

Input from chain
Number of UPC events: 879370 RP: 879370
Ending Analysis... GOOD BYE!
77A0455BE6343006E32CC5EA1CF1F0B7_48.AnalysisOutput.root
Analysis*
INPUTFILES/
libstar-upc.so*
Cleaning up sandbox file:  /tmp/truhlar/77A0455BE6343006E32CC5EA1CF1F0B7_48/Analysis
Cleaning up sandbox file:  /tmp/truhlar/77A0455BE6343006E32CC5EA1CF1F0B7_48/libstar-upc.so
Cleaning up sandbox file:  /tmp/truhlar/77A0455BE6343006E32CC5EA1CF1F0B7_48/.sandboxFiles
Starting copy block
Running copy command:  /bin/cp -fp /tmp/truhlar/77A0455BE6343006E32CC5EA1CF1F0B7_48/77A0455BE6343006E32CC5EA1CF1F0B7_48.AnalysisOutput.root /star/u/truhlar/star-upcDstRP/build/outputs/
24385 Execution of (/star/u/truhlar/star-upcDstRP/build/sched/sched77A0455BE6343006E32CC5EA1CF1F0B7_48.csh ) has ended, exiting normally
24385 We END on [Thu Apr 25 09:05:11 EDT 2019]
