We are starting on node: rcas2031.rcf.bnl.gov
HOME is not defined
Using getent method
HOME is now /star/u/truhlar
277454 We will spawn ourselves (/star/u/truhlar/star-upcDstRP/build/sched/sched77A0455BE6343006E32CC5EA1CF1F0B7_83.csh )
277454 We BEGIN on [Thu Apr 25 09:02:06 EDT 2019]
[1] 277645
277454 We are waiting for 277645 
277454 Grandchild PID is 277685 - found in 10 x 1 seconds
277454 Establishing first watcher   on    Thu Apr 25 09:02:17 EDT 2019
277454 Process tree is 277454 (main) -> 277645 (child) -> 277685 (grandchild)
F S   UID    PID   PPID  C PRI  NI ADDR SZ WCHAN  TTY        TIME CMD
0 R 11859 277685 277645 59  80   0 - 100273 -     ?          0:06 ./Analysis /gpfs01/star/pwg/truhlar/ConnectionTest/ELtrig/test/test.list 83
277645 Stepping into the main SUMS wrapper program with []
Archive:  /star/u/truhlar/star-upcDstRP/build/Package.zip
  inflating: /tmp/truhlar/77A0455BE6343006E32CC5EA1CF1F0B7_83/Analysis  
  inflating: /tmp/truhlar/77A0455BE6343006E32CC5EA1CF1F0B7_83/libstar-upc.so  
Swapping $FILELIST with: /tmp/truhlar/77A0455BE6343006E32CC5EA1CF1F0B7_83/INPUTFILES/77A0455BE6343006E32CC5EA1CF1F0B7_83.local.list
--------------------------------
STAR Unified Meta Scheduler 1.10.31 we are starting in $SCRATCH : /home/tmp/truhlar/77A0455BE6343006E32CC5EA1CF1F0B7_83
--------------------------------
total 1144
-rwxr-xr-x 1 truhlar rhstar 175020 Apr 24 21:29 Analysis
drwxr-xr-x 2 truhlar rhstar   4096 Apr 25 09:02 INPUTFILES
-rwxr-xr-x 1 truhlar rhstar 990280 Apr 24 21:28 libstar-upc.so
Starting the job

[1mRooFit v3.60 -- Developed by Wouter Verkerke and David Kirkby[0m 
                Copyright (C) 2000-2013 NIKHEF, University of California & Stanford University
                All rights reserved, please read http://roofit.sourceforge.net/license.txt

Input from chain
Number of UPC events: 486880 RP: 486880
Ending Analysis... GOOD BYE!
77A0455BE6343006E32CC5EA1CF1F0B7_83.AnalysisOutput.root
Analysis*
INPUTFILES/
libstar-upc.so*
Cleaning up sandbox file:  /tmp/truhlar/77A0455BE6343006E32CC5EA1CF1F0B7_83/Analysis
Cleaning up sandbox file:  /tmp/truhlar/77A0455BE6343006E32CC5EA1CF1F0B7_83/libstar-upc.so
Cleaning up sandbox file:  /tmp/truhlar/77A0455BE6343006E32CC5EA1CF1F0B7_83/.sandboxFiles
Starting copy block
Running copy command:  /bin/cp -fp /tmp/truhlar/77A0455BE6343006E32CC5EA1CF1F0B7_83/77A0455BE6343006E32CC5EA1CF1F0B7_83.AnalysisOutput.root /star/u/truhlar/star-upcDstRP/build/outputs/
277454 Execution of (/star/u/truhlar/star-upcDstRP/build/sched/sched77A0455BE6343006E32CC5EA1CF1F0B7_83.csh ) has ended, exiting normally
277454 We END on [Thu Apr 25 09:02:44 EDT 2019]
