We are starting on node: spool0262.sdcc.bnl.gov
HOME is not defined
Using getent method
HOME is now /star/u/truhlar
3000 We will spawn ourselves (/star/u/truhlar/star-upcDstRP/build/sched/sched77A0455BE6343006E32CC5EA1CF1F0B7_47.csh )
3000 We BEGIN on [Thu Apr 25 09:02:06 EDT 2019]
[1] 3157
3000 We are waiting for 3157 
3000 Grandchild PID is 3189 - found in 10 x 1 seconds
3000 Establishing first watcher   on    Thu Apr 25 09:02:17 EDT 2019
3000 Process tree is 3000 (main) -> 3157 (child) -> 3189 (grandchild)
F S   UID   PID  PPID  C PRI  NI ADDR SZ WCHAN  TTY        TIME CMD
0 R 11859  3189  3157 35  80   0 - 86199 -      ?          0:03 ./Analysis /gpfs01/star/pwg/truhlar/ConnectionTest/ELtrig/test/test.list 47
3157 Stepping into the main SUMS wrapper program with []
Archive:  /star/u/truhlar/star-upcDstRP/build/Package.zip
  inflating: /tmp/truhlar/77A0455BE6343006E32CC5EA1CF1F0B7_47/Analysis  
  inflating: /tmp/truhlar/77A0455BE6343006E32CC5EA1CF1F0B7_47/libstar-upc.so  
Swapping $FILELIST with: /tmp/truhlar/77A0455BE6343006E32CC5EA1CF1F0B7_47/INPUTFILES/77A0455BE6343006E32CC5EA1CF1F0B7_47.local.list
--------------------------------
STAR Unified Meta Scheduler 1.10.31 we are starting in $SCRATCH : /home/tmp/truhlar/77A0455BE6343006E32CC5EA1CF1F0B7_47
--------------------------------
total 1144
-rwxr-xr-x 1 truhlar rhstar 175020 Apr 24 21:29 Analysis
drwxr-xr-x 2 truhlar rhstar   4096 Apr 25 09:02 INPUTFILES
-rwxr-xr-x 1 truhlar rhstar 990280 Apr 24 21:28 libstar-upc.so
Starting the job

[1mRooFit v3.60 -- Developed by Wouter Verkerke and David Kirkby[0m 
                Copyright (C) 2000-2013 NIKHEF, University of California & Stanford University
                All rights reserved, please read http://roofit.sourceforge.net/license.txt

Input from chain
Number of UPC events: 1046379 RP: 1046379
Ending Analysis... GOOD BYE!
77A0455BE6343006E32CC5EA1CF1F0B7_47.AnalysisOutput.root
Analysis*
INPUTFILES/
libstar-upc.so*
Cleaning up sandbox file:  /tmp/truhlar/77A0455BE6343006E32CC5EA1CF1F0B7_47/Analysis
Cleaning up sandbox file:  /tmp/truhlar/77A0455BE6343006E32CC5EA1CF1F0B7_47/libstar-upc.so
Cleaning up sandbox file:  /tmp/truhlar/77A0455BE6343006E32CC5EA1CF1F0B7_47/.sandboxFiles
Starting copy block
Running copy command:  /bin/cp -fp /tmp/truhlar/77A0455BE6343006E32CC5EA1CF1F0B7_47/77A0455BE6343006E32CC5EA1CF1F0B7_47.AnalysisOutput.root /star/u/truhlar/star-upcDstRP/build/outputs/
3000 Execution of (/star/u/truhlar/star-upcDstRP/build/sched/sched77A0455BE6343006E32CC5EA1CF1F0B7_47.csh ) has ended, exiting normally
3000 We END on [Thu Apr 25 09:06:00 EDT 2019]
