We are starting on node: spool0133.sdcc.bnl.gov
HOME is not defined
Using getent method
HOME is now /star/u/truhlar
7034 We will spawn ourselves (/star/u/truhlar/star-upcDstRP/build/sched/sched7D1225A1194326D4115E1D56948B3C67_19.csh )
7034 We BEGIN on [Wed Apr 24 14:03:49 EDT 2019]
[1] 7257
7034 We are waiting for 7257 
7034 Grandchild PID is 7286 - found in 10 x 1 seconds
7034 Establishing first watcher   on    Wed Apr 24 14:03:59 EDT 2019
7034 Process tree is 7034 (main) -> 7257 (child) -> 7286 (grandchild)
F S   UID   PID  PPID  C PRI  NI ADDR SZ WCHAN  TTY        TIME CMD
0 R 11859  7286  7257 90  80   0 - 104256 -     ?          0:09 ./Analysis /gpfs01/star/pwg/truhlar/ConnectionTest/ELtrig/test/Elastic.list 19
7257 Stepping into the main SUMS wrapper program with []
Archive:  /star/u/truhlar/star-upcDstRP/build/Package.zip
  inflating: /tmp/truhlar/7D1225A1194326D4115E1D56948B3C67_19/Analysis  
  inflating: /tmp/truhlar/7D1225A1194326D4115E1D56948B3C67_19/libstar-upc.so  
Swapping $FILELIST with: /tmp/truhlar/7D1225A1194326D4115E1D56948B3C67_19/INPUTFILES/7D1225A1194326D4115E1D56948B3C67_19.local.list
--------------------------------
STAR Unified Meta Scheduler 1.10.31 we are starting in $SCRATCH : /home/tmp/truhlar/7D1225A1194326D4115E1D56948B3C67_19
--------------------------------
total 1144
-rwxr-xr-x 1 truhlar rhstar 174068 Apr 21 05:31 Analysis
drwxr-xr-x 2 truhlar rhstar   4096 Apr 24 14:03 INPUTFILES
-rwxr-xr-x 1 truhlar rhstar 990060 Apr 19 12:21 libstar-upc.so
Starting the job

[1mRooFit v3.60 -- Developed by Wouter Verkerke and David Kirkby[0m 
                Copyright (C) 2000-2013 NIKHEF, University of California & Stanford University
                All rights reserved, please read http://roofit.sourceforge.net/license.txt

19 / 19
Input from chain
Number of UPC events: 808501 RP: 808501
Ending Analysis... GOOD BYE!
7D1225A1194326D4115E1D56948B3C67_19.AnalysisOutput.root
Analysis*
INPUTFILES/
libstar-upc.so*
Cleaning up sandbox file:  /tmp/truhlar/7D1225A1194326D4115E1D56948B3C67_19/Analysis
Cleaning up sandbox file:  /tmp/truhlar/7D1225A1194326D4115E1D56948B3C67_19/libstar-upc.so
Cleaning up sandbox file:  /tmp/truhlar/7D1225A1194326D4115E1D56948B3C67_19/.sandboxFiles
Starting copy block
Running copy command:  /bin/cp -fp /tmp/truhlar/7D1225A1194326D4115E1D56948B3C67_19/7D1225A1194326D4115E1D56948B3C67_19.AnalysisOutput.root /star/u/truhlar/star-upcDstRP/build/outputs/
7034 Execution of (/star/u/truhlar/star-upcDstRP/build/sched/sched7D1225A1194326D4115E1D56948B3C67_19.csh ) has ended, exiting normally
7034 We END on [Wed Apr 24 14:08:41 EDT 2019]
