We are starting on node: spool0120.sdcc.bnl.gov
HOME is not defined
Using getent method
HOME is now /star/u/truhlar
7757 We will spawn ourselves (/star/u/truhlar/star-upcDstRP/build/sched/sched7D1225A1194326D4115E1D56948B3C67_74.csh )
7757 We BEGIN on [Wed Apr 24 14:03:43 EDT 2019]
[1] 7922
7757 We are waiting for 7922 
7757 Grandchild PID is 7952 - found in 10 x 1 seconds
7757 Establishing first watcher   on    Wed Apr 24 14:03:54 EDT 2019
7757 Process tree is 7757 (main) -> 7922 (child) -> 7952 (grandchild)
F S   UID   PID  PPID  C PRI  NI ADDR SZ WCHAN  TTY        TIME CMD
0 R 11859  7952  7922 94  80   0 - 107940 -     ?          0:09 ./Analysis /gpfs01/star/pwg/truhlar/ConnectionTest/ELtrig/test/Elastic.list 74
7922 Stepping into the main SUMS wrapper program with []
Archive:  /star/u/truhlar/star-upcDstRP/build/Package.zip
  inflating: /tmp/truhlar/7D1225A1194326D4115E1D56948B3C67_74/Analysis  
  inflating: /tmp/truhlar/7D1225A1194326D4115E1D56948B3C67_74/libstar-upc.so  
Swapping $FILELIST with: /tmp/truhlar/7D1225A1194326D4115E1D56948B3C67_74/INPUTFILES/7D1225A1194326D4115E1D56948B3C67_74.local.list
--------------------------------
STAR Unified Meta Scheduler 1.10.31 we are starting in $SCRATCH : /home/tmp/truhlar/7D1225A1194326D4115E1D56948B3C67_74
--------------------------------
total 1144
-rwxr-xr-x 1 truhlar rhstar 174068 Apr 21 05:31 Analysis
drwxr-xr-x 2 truhlar rhstar   4096 Apr 24 14:03 INPUTFILES
-rwxr-xr-x 1 truhlar rhstar 990060 Apr 19 12:21 libstar-upc.so
Starting the job

[1mRooFit v3.60 -- Developed by Wouter Verkerke and David Kirkby[0m 
                Copyright (C) 2000-2013 NIKHEF, University of California & Stanford University
                All rights reserved, please read http://roofit.sourceforge.net/license.txt

74 / 74
Input from chain
Number of UPC events: 389880 RP: 389880
Ending Analysis... GOOD BYE!
7D1225A1194326D4115E1D56948B3C67_74.AnalysisOutput.root
Analysis*
INPUTFILES/
libstar-upc.so*
Cleaning up sandbox file:  /tmp/truhlar/7D1225A1194326D4115E1D56948B3C67_74/Analysis
Cleaning up sandbox file:  /tmp/truhlar/7D1225A1194326D4115E1D56948B3C67_74/libstar-upc.so
Cleaning up sandbox file:  /tmp/truhlar/7D1225A1194326D4115E1D56948B3C67_74/.sandboxFiles
Starting copy block
Running copy command:  /bin/cp -fp /tmp/truhlar/7D1225A1194326D4115E1D56948B3C67_74/7D1225A1194326D4115E1D56948B3C67_74.AnalysisOutput.root /star/u/truhlar/star-upcDstRP/build/outputs/
7757 Execution of (/star/u/truhlar/star-upcDstRP/build/sched/sched7D1225A1194326D4115E1D56948B3C67_74.csh ) has ended, exiting normally
7757 We END on [Wed Apr 24 14:05:20 EDT 2019]
