We are starting on node: rcas2761.rcf.bnl.gov
HOME is not defined
Using getent method
HOME is now /star/u/truhlar
8632 We will spawn ourselves (/star/u/truhlar/star-upcDstRP/build/sched/schedE8FEF418B51EA642EBBC9BE0936C3DCB_0.csh )
8632 We BEGIN on [Tue Apr 23 13:04:45 EDT 2019]
[1] 8919
8632 We are waiting for 8919 
8632 Grandchild PID is 8958 - found in 10 x 1 seconds
8632 Establishing first watcher   on    Tue Apr 23 13:04:55 EDT 2019
8632 Process tree is 8632 (main) -> 8919 (child) -> 8958 (grandchild)
F S   UID   PID  PPID  C PRI  NI ADDR SZ WCHAN  TTY        TIME CMD
0 R 11859  8958  8919 86  80   0 - 25273 -      ?          0:08 ./Analysis /gpfs01/star/pwg/truhlar/Test/CPtrig/merge_files/StUPCRP_production.list 0
8919 Stepping into the main SUMS wrapper program with []
Archive:  /star/u/truhlar/star-upcDstRP/build/Package.zip
  inflating: /tmp/truhlar/E8FEF418B51EA642EBBC9BE0936C3DCB_0/Analysis  
  inflating: /tmp/truhlar/E8FEF418B51EA642EBBC9BE0936C3DCB_0/libstar-upc.so  
Swapping $FILELIST with: /tmp/truhlar/E8FEF418B51EA642EBBC9BE0936C3DCB_0/INPUTFILES/E8FEF418B51EA642EBBC9BE0936C3DCB_0.local.list
--------------------------------
STAR Unified Meta Scheduler 1.10.31 we are starting in $SCRATCH : /home/tmp/truhlar/E8FEF418B51EA642EBBC9BE0936C3DCB_0
--------------------------------
total 1144
-rwxr-xr-x 1 truhlar rhstar 174068 Apr 21 05:31 Analysis
drwxr-xr-x 2 truhlar rhstar   4096 Apr 23 13:04 INPUTFILES
-rwxr-xr-x 1 truhlar rhstar 990060 Apr 19 12:21 libstar-upc.so
Starting the job

[1mRooFit v3.60 -- Developed by Wouter Verkerke and David Kirkby[0m 
                Copyright (C) 2000-2013 NIKHEF, University of California & Stanford University
                All rights reserved, please read http://roofit.sourceforge.net/license.txt

0 / 0
Input from chain
Number of UPC events: 5952684 RP: 5952684
Ending Analysis... GOOD BYE!
Analysis*
E8FEF418B51EA642EBBC9BE0936C3DCB_0.AnalysisOutput.root
INPUTFILES/
libstar-upc.so*
Cleaning up sandbox file:  /tmp/truhlar/E8FEF418B51EA642EBBC9BE0936C3DCB_0/Analysis
Cleaning up sandbox file:  /tmp/truhlar/E8FEF418B51EA642EBBC9BE0936C3DCB_0/libstar-upc.so
Cleaning up sandbox file:  /tmp/truhlar/E8FEF418B51EA642EBBC9BE0936C3DCB_0/.sandboxFiles
Starting copy block
Running copy command:  /bin/cp -fp /tmp/truhlar/E8FEF418B51EA642EBBC9BE0936C3DCB_0/E8FEF418B51EA642EBBC9BE0936C3DCB_0.AnalysisOutput.root /star/u/truhlar/star-upcDstRP/build/outputs/
8632 Execution of (/star/u/truhlar/star-upcDstRP/build/sched/schedE8FEF418B51EA642EBBC9BE0936C3DCB_0.csh ) has ended, exiting normally
8632 We END on [Tue Apr 23 13:21:28 EDT 2019]
