We are starting on node: spool0255.sdcc.bnl.gov
HOME is not defined
Using getent method
HOME is now /star/u/truhlar
7144 We will spawn ourselves (/star/u/truhlar/star-upcDstRP/build/sched/sched77A0455BE6343006E32CC5EA1CF1F0B7_38.csh )
7144 We BEGIN on [Thu Apr 25 09:02:06 EDT 2019]
[1] 7318
7144 We are waiting for 7318 
7144 Grandchild PID is 7347 - found in 10 x 1 seconds
7144 Establishing first watcher   on    Thu Apr 25 09:02:17 EDT 2019
7144 Process tree is 7144 (main) -> 7318 (child) -> 7347 (grandchild)
F S   UID   PID  PPID  C PRI  NI ADDR SZ WCHAN  TTY        TIME CMD
0 R 11859  7347  7318 67  80   0 - 87889 -      ?          0:07 ./Analysis /gpfs01/star/pwg/truhlar/ConnectionTest/ELtrig/test/test.list 38
7318 Stepping into the main SUMS wrapper program with []
Archive:  /star/u/truhlar/star-upcDstRP/build/Package.zip
  inflating: /tmp/truhlar/77A0455BE6343006E32CC5EA1CF1F0B7_38/Analysis  
  inflating: /tmp/truhlar/77A0455BE6343006E32CC5EA1CF1F0B7_38/libstar-upc.so  
Swapping $FILELIST with: /tmp/truhlar/77A0455BE6343006E32CC5EA1CF1F0B7_38/INPUTFILES/77A0455BE6343006E32CC5EA1CF1F0B7_38.local.list
--------------------------------
STAR Unified Meta Scheduler 1.10.31 we are starting in $SCRATCH : /home/tmp/truhlar/77A0455BE6343006E32CC5EA1CF1F0B7_38
--------------------------------
total 1144
-rwxr-xr-x 1 truhlar rhstar 175020 Apr 24 21:29 Analysis
drwxr-xr-x 2 truhlar rhstar   4096 Apr 25 09:02 INPUTFILES
-rwxr-xr-x 1 truhlar rhstar 990280 Apr 24 21:28 libstar-upc.so
Starting the job

[1mRooFit v3.60 -- Developed by Wouter Verkerke and David Kirkby[0m 
                Copyright (C) 2000-2013 NIKHEF, University of California & Stanford University
                All rights reserved, please read http://roofit.sourceforge.net/license.txt

Input from chain
Number of UPC events: 1115488 RP: 1115488
Ending Analysis... GOOD BYE!
77A0455BE6343006E32CC5EA1CF1F0B7_38.AnalysisOutput.root
Analysis*
INPUTFILES/
libstar-upc.so*
Cleaning up sandbox file:  /tmp/truhlar/77A0455BE6343006E32CC5EA1CF1F0B7_38/Analysis
Cleaning up sandbox file:  /tmp/truhlar/77A0455BE6343006E32CC5EA1CF1F0B7_38/libstar-upc.so
Cleaning up sandbox file:  /tmp/truhlar/77A0455BE6343006E32CC5EA1CF1F0B7_38/.sandboxFiles
Starting copy block
Running copy command:  /bin/cp -fp /tmp/truhlar/77A0455BE6343006E32CC5EA1CF1F0B7_38/77A0455BE6343006E32CC5EA1CF1F0B7_38.AnalysisOutput.root /star/u/truhlar/star-upcDstRP/build/outputs/
7144 Execution of (/star/u/truhlar/star-upcDstRP/build/sched/sched77A0455BE6343006E32CC5EA1CF1F0B7_38.csh ) has ended, exiting normally
7144 We END on [Thu Apr 25 09:05:46 EDT 2019]
