We are starting on node: spool0137.sdcc.bnl.gov
HOME is not defined
Using getent method
HOME is now /star/u/truhlar
3545 We will spawn ourselves (/star/u/truhlar/star-upcDstRP/build/sched/sched7D1225A1194326D4115E1D56948B3C67_63.csh )
3545 We BEGIN on [Wed Apr 24 14:03:44 EDT 2019]
[1] 3706
3545 We are waiting for 3706 
3545 Grandchild PID is 3736 - found in 10 x 1 seconds
3545 Establishing first watcher   on    Wed Apr 24 14:03:55 EDT 2019
3545 Process tree is 3545 (main) -> 3706 (child) -> 3736 (grandchild)
F S   UID   PID  PPID  C PRI  NI ADDR SZ WCHAN  TTY        TIME CMD
0 R 11859  3736  3706 94  80   0 - 63780 -      ?          0:09 ./Analysis /gpfs01/star/pwg/truhlar/ConnectionTest/ELtrig/test/Elastic.list 63
3706 Stepping into the main SUMS wrapper program with []
Archive:  /star/u/truhlar/star-upcDstRP/build/Package.zip
  inflating: /tmp/truhlar/7D1225A1194326D4115E1D56948B3C67_63/Analysis  
  inflating: /tmp/truhlar/7D1225A1194326D4115E1D56948B3C67_63/libstar-upc.so  
Swapping $FILELIST with: /tmp/truhlar/7D1225A1194326D4115E1D56948B3C67_63/INPUTFILES/7D1225A1194326D4115E1D56948B3C67_63.local.list
--------------------------------
STAR Unified Meta Scheduler 1.10.31 we are starting in $SCRATCH : /home/tmp/truhlar/7D1225A1194326D4115E1D56948B3C67_63
--------------------------------
total 1144
-rwxr-xr-x 1 truhlar rhstar 174068 Apr 21 05:31 Analysis
drwxr-xr-x 2 truhlar rhstar   4096 Apr 24 14:03 INPUTFILES
-rwxr-xr-x 1 truhlar rhstar 990060 Apr 19 12:21 libstar-upc.so
Starting the job

[1mRooFit v3.60 -- Developed by Wouter Verkerke and David Kirkby[0m 
                Copyright (C) 2000-2013 NIKHEF, University of California & Stanford University
                All rights reserved, please read http://roofit.sourceforge.net/license.txt

63 / 63
Input from chain
Number of UPC events: 231283 RP: 231283
Ending Analysis... GOOD BYE!
7D1225A1194326D4115E1D56948B3C67_63.AnalysisOutput.root
Analysis*
INPUTFILES/
libstar-upc.so*
Cleaning up sandbox file:  /tmp/truhlar/7D1225A1194326D4115E1D56948B3C67_63/Analysis
Cleaning up sandbox file:  /tmp/truhlar/7D1225A1194326D4115E1D56948B3C67_63/libstar-upc.so
Cleaning up sandbox file:  /tmp/truhlar/7D1225A1194326D4115E1D56948B3C67_63/.sandboxFiles
Starting copy block
Running copy command:  /bin/cp -fp /tmp/truhlar/7D1225A1194326D4115E1D56948B3C67_63/7D1225A1194326D4115E1D56948B3C67_63.AnalysisOutput.root /star/u/truhlar/star-upcDstRP/build/outputs/
3545 Execution of (/star/u/truhlar/star-upcDstRP/build/sched/sched7D1225A1194326D4115E1D56948B3C67_63.csh ) has ended, exiting normally
3545 We END on [Wed Apr 24 14:04:36 EDT 2019]
