We are starting on node: rcas2931.rcf.bnl.gov
HOME is not defined
Using getent method
HOME is now /star/u/truhlar
41870 We will spawn ourselves (/star/u/truhlar/star-upcDstRP/build/sched/sched77A0455BE6343006E32CC5EA1CF1F0B7_12.csh )
41870 We BEGIN on [Thu Apr 25 09:02:13 EDT 2019]
[1] 42073
41870 We are waiting for 42073 
41870 Grandchild PID is 42084 - found in 0 x 1 seconds
41870 Establishing first watcher   on    Thu Apr 25 09:02:13 EDT 2019
41870 Process tree is 41870 (main) -> 42073 (child) -> 42084 (grandchild)
F S   UID   PID  PPID  C PRI  NI ADDR SZ WCHAN  TTY        TIME CMD
41870 Grandchild PID is 42111 - found in 10 x 2 seconds
41870 Grandchild to watch has changed on Thu Apr 25 09:02:33 EDT 2019
41870 Process tree is 41870 (main) -> 42073 (child) -> 42111 (grandchild)
F S   UID   PID  PPID  C PRI  NI ADDR SZ WCHAN  TTY        TIME CMD
0 R 11859 42111 42073 29  80   0 - 102955 -     ?          0:05 ./Analysis /gpfs01/star/pwg/truhlar/ConnectionTest/ELtrig/test/test.list 12
42073 Stepping into the main SUMS wrapper program with []
Archive:  /star/u/truhlar/star-upcDstRP/build/Package.zip
  inflating: /tmp/truhlar/77A0455BE6343006E32CC5EA1CF1F0B7_12/Analysis  
  inflating: /tmp/truhlar/77A0455BE6343006E32CC5EA1CF1F0B7_12/libstar-upc.so  
Swapping $FILELIST with: /tmp/truhlar/77A0455BE6343006E32CC5EA1CF1F0B7_12/INPUTFILES/77A0455BE6343006E32CC5EA1CF1F0B7_12.local.list
--------------------------------
STAR Unified Meta Scheduler 1.10.31 we are starting in $SCRATCH : /home/tmp/truhlar/77A0455BE6343006E32CC5EA1CF1F0B7_12
--------------------------------
total 1144
-rwxr-xr-x 1 truhlar rhstar 175020 Apr 24 21:29 Analysis
drwxr-xr-x 2 truhlar rhstar   4096 Apr 25 09:02 INPUTFILES
-rwxr-xr-x 1 truhlar rhstar 990280 Apr 24 21:28 libstar-upc.so
Starting the job

[1mRooFit v3.60 -- Developed by Wouter Verkerke and David Kirkby[0m 
                Copyright (C) 2000-2013 NIKHEF, University of California & Stanford University
                All rights reserved, please read http://roofit.sourceforge.net/license.txt

Input from chain
Number of UPC events: 414820 RP: 414820
Ending Analysis... GOOD BYE!
77A0455BE6343006E32CC5EA1CF1F0B7_12.AnalysisOutput.root
Analysis*
INPUTFILES/
libstar-upc.so*
Cleaning up sandbox file:  /tmp/truhlar/77A0455BE6343006E32CC5EA1CF1F0B7_12/Analysis
Cleaning up sandbox file:  /tmp/truhlar/77A0455BE6343006E32CC5EA1CF1F0B7_12/libstar-upc.so
Cleaning up sandbox file:  /tmp/truhlar/77A0455BE6343006E32CC5EA1CF1F0B7_12/.sandboxFiles
Starting copy block
Running copy command:  /bin/cp -fp /tmp/truhlar/77A0455BE6343006E32CC5EA1CF1F0B7_12/77A0455BE6343006E32CC5EA1CF1F0B7_12.AnalysisOutput.root /star/u/truhlar/star-upcDstRP/build/outputs/
41870 Execution of (/star/u/truhlar/star-upcDstRP/build/sched/sched77A0455BE6343006E32CC5EA1CF1F0B7_12.csh ) has ended, exiting normally
41870 We END on [Thu Apr 25 09:03:32 EDT 2019]
