We are starting on node: rcas2806.rcf.bnl.gov
HOME is not defined
Using getent method
HOME is now /star/u/truhlar
22506 We will spawn ourselves (/star/u/truhlar/star-upcDstRP/build/sched/sched77A0455BE6343006E32CC5EA1CF1F0B7_35.csh )
22506 We BEGIN on [Thu Apr 25 09:02:13 EDT 2019]
[1] 22694
22506 We are waiting for 22694 
22506 Grandchild PID is 22734 - found in 10 x 1 seconds
22506 Establishing first watcher   on    Thu Apr 25 09:02:25 EDT 2019
22506 Process tree is 22506 (main) -> 22694 (child) -> 22734 (grandchild)
F S   UID   PID  PPID  C PRI  NI ADDR SZ WCHAN  TTY        TIME CMD
0 R 11859 22734 22694 34  80   0 - 86816 -      ?          0:03 ./Analysis /gpfs01/star/pwg/truhlar/ConnectionTest/ELtrig/test/test.list 35
22694 Stepping into the main SUMS wrapper program with []
Archive:  /star/u/truhlar/star-upcDstRP/build/Package.zip
  inflating: /tmp/truhlar/77A0455BE6343006E32CC5EA1CF1F0B7_35/Analysis  
  inflating: /tmp/truhlar/77A0455BE6343006E32CC5EA1CF1F0B7_35/libstar-upc.so  
Swapping $FILELIST with: /tmp/truhlar/77A0455BE6343006E32CC5EA1CF1F0B7_35/INPUTFILES/77A0455BE6343006E32CC5EA1CF1F0B7_35.local.list
--------------------------------
STAR Unified Meta Scheduler 1.10.31 we are starting in $SCRATCH : /home/tmp/truhlar/77A0455BE6343006E32CC5EA1CF1F0B7_35
--------------------------------
total 1144
-rwxr-xr-x 1 truhlar rhstar 175020 Apr 24 21:29 Analysis
drwxr-xr-x 2 truhlar rhstar   4096 Apr 25 09:02 INPUTFILES
-rwxr-xr-x 1 truhlar rhstar 990280 Apr 24 21:28 libstar-upc.so
Starting the job

[1mRooFit v3.60 -- Developed by Wouter Verkerke and David Kirkby[0m 
                Copyright (C) 2000-2013 NIKHEF, University of California & Stanford University
                All rights reserved, please read http://roofit.sourceforge.net/license.txt

Input from chain
Number of UPC events: 1327792 RP: 1327792
Ending Analysis... GOOD BYE!
77A0455BE6343006E32CC5EA1CF1F0B7_35.AnalysisOutput.root
Analysis*
INPUTFILES/
libstar-upc.so*
Cleaning up sandbox file:  /tmp/truhlar/77A0455BE6343006E32CC5EA1CF1F0B7_35/Analysis
Cleaning up sandbox file:  /tmp/truhlar/77A0455BE6343006E32CC5EA1CF1F0B7_35/libstar-upc.so
Cleaning up sandbox file:  /tmp/truhlar/77A0455BE6343006E32CC5EA1CF1F0B7_35/.sandboxFiles
Starting copy block
Running copy command:  /bin/cp -fp /tmp/truhlar/77A0455BE6343006E32CC5EA1CF1F0B7_35/77A0455BE6343006E32CC5EA1CF1F0B7_35.AnalysisOutput.root /star/u/truhlar/star-upcDstRP/build/outputs/
22506 Execution of (/star/u/truhlar/star-upcDstRP/build/sched/sched77A0455BE6343006E32CC5EA1CF1F0B7_35.csh ) has ended, exiting normally
22506 We END on [Thu Apr 25 09:06:58 EDT 2019]
