We are starting on node: rcas2029.rcf.bnl.gov
HOME is not defined
Using getent method
HOME is now /star/u/truhlar
72030 We will spawn ourselves (/star/u/truhlar/star-upcDstRP/build/sched/sched77A0455BE6343006E32CC5EA1CF1F0B7_94.csh )
72030 We BEGIN on [Thu Apr 25 09:01:53 EDT 2019]
[1] 72398
72030 We are waiting for 72398 
72030 Grandchild PID is 72554 - found in 10 x 1 seconds
72030 Establishing first watcher   on    Thu Apr 25 09:02:05 EDT 2019
72030 Process tree is 72030 (main) -> 72398 (child) -> 72554 (grandchild)
F S   UID    PID   PPID  C PRI  NI ADDR SZ WCHAN  TTY        TIME CMD
0 R 11859  72554  72398 75  80   0 - 100827 -     ?          0:08 ./Analysis /gpfs01/star/pwg/truhlar/ConnectionTest/ELtrig/test/test.list 94
72398 Stepping into the main SUMS wrapper program with []
Archive:  /star/u/truhlar/star-upcDstRP/build/Package.zip
  inflating: /tmp/truhlar/77A0455BE6343006E32CC5EA1CF1F0B7_94/Analysis  
  inflating: /tmp/truhlar/77A0455BE6343006E32CC5EA1CF1F0B7_94/libstar-upc.so  
Swapping $FILELIST with: /tmp/truhlar/77A0455BE6343006E32CC5EA1CF1F0B7_94/INPUTFILES/77A0455BE6343006E32CC5EA1CF1F0B7_94.local.list
--------------------------------
STAR Unified Meta Scheduler 1.10.31 we are starting in $SCRATCH : /home/tmp/truhlar/77A0455BE6343006E32CC5EA1CF1F0B7_94
--------------------------------
total 1144
-rwxr-xr-x 1 truhlar rhstar 175020 Apr 24 21:29 Analysis
drwxr-xr-x 2 truhlar rhstar   4096 Apr 25 09:01 INPUTFILES
-rwxr-xr-x 1 truhlar rhstar 990280 Apr 24 21:28 libstar-upc.so
Starting the job

[1mRooFit v3.60 -- Developed by Wouter Verkerke and David Kirkby[0m 
                Copyright (C) 2000-2013 NIKHEF, University of California & Stanford University
                All rights reserved, please read http://roofit.sourceforge.net/license.txt

Input from chain
Number of UPC events: 461934 RP: 461934
Ending Analysis... GOOD BYE!
77A0455BE6343006E32CC5EA1CF1F0B7_94.AnalysisOutput.root
Analysis*
INPUTFILES/
libstar-upc.so*
Cleaning up sandbox file:  /tmp/truhlar/77A0455BE6343006E32CC5EA1CF1F0B7_94/Analysis
Cleaning up sandbox file:  /tmp/truhlar/77A0455BE6343006E32CC5EA1CF1F0B7_94/libstar-upc.so
Cleaning up sandbox file:  /tmp/truhlar/77A0455BE6343006E32CC5EA1CF1F0B7_94/.sandboxFiles
Starting copy block
Running copy command:  /bin/cp -fp /tmp/truhlar/77A0455BE6343006E32CC5EA1CF1F0B7_94/77A0455BE6343006E32CC5EA1CF1F0B7_94.AnalysisOutput.root /star/u/truhlar/star-upcDstRP/build/outputs/
72030 Execution of (/star/u/truhlar/star-upcDstRP/build/sched/sched77A0455BE6343006E32CC5EA1CF1F0B7_94.csh ) has ended, exiting normally
72030 We END on [Thu Apr 25 09:02:48 EDT 2019]
