We are starting on node: rcas2758.rcf.bnl.gov
HOME is not defined
Using getent method
HOME is now /star/u/truhlar
21304 We will spawn ourselves (/star/u/truhlar/star-upcDstRP/build/sched/sched332B783D50456A4AA6AC6B38C6CDCF5B_17.csh )
21304 We BEGIN on [Tue Apr 23 13:04:55 EDT 2019]
[1] 21474
21304 We are waiting for 21474 
21304 Grandchild PID is 21517 - found in 10 x 1 seconds
21304 Establishing first watcher   on    Tue Apr 23 13:05:05 EDT 2019
21304 Process tree is 21304 (main) -> 21474 (child) -> 21517 (grandchild)
F S   UID   PID  PPID  C PRI  NI ADDR SZ WCHAN  TTY        TIME CMD
0 R 11859 21517 21474 75  80   0 - 97020 -      ?          0:08 ./Analysis /gpfs01/star/pwg/truhlar/Test/ELtrig/merge_files/StUPCRP_production.list 17
21474 Stepping into the main SUMS wrapper program with []
Archive:  /star/u/truhlar/star-upcDstRP/build/Package.zip
  inflating: /tmp/truhlar/332B783D50456A4AA6AC6B38C6CDCF5B_17/Analysis  
  inflating: /tmp/truhlar/332B783D50456A4AA6AC6B38C6CDCF5B_17/libstar-upc.so  
Swapping $FILELIST with: /tmp/truhlar/332B783D50456A4AA6AC6B38C6CDCF5B_17/INPUTFILES/332B783D50456A4AA6AC6B38C6CDCF5B_17.local.list
--------------------------------
STAR Unified Meta Scheduler 1.10.31 we are starting in $SCRATCH : /home/tmp/truhlar/332B783D50456A4AA6AC6B38C6CDCF5B_17
--------------------------------
total 1144
-rwxr-xr-x 1 truhlar rhstar 174068 Apr 21 05:31 Analysis
drwxr-xr-x 2 truhlar rhstar   4096 Apr 23 13:04 INPUTFILES
-rwxr-xr-x 1 truhlar rhstar 990060 Apr 19 12:21 libstar-upc.so
Starting the job

[1mRooFit v3.60 -- Developed by Wouter Verkerke and David Kirkby[0m 
                Copyright (C) 2000-2013 NIKHEF, University of California & Stanford University
                All rights reserved, please read http://roofit.sourceforge.net/license.txt

17 / 17
Input from chain
Number of UPC events: 2870603 RP: 2870603
Ending Analysis... GOOD BYE!
332B783D50456A4AA6AC6B38C6CDCF5B_17.AnalysisOutput.root
Analysis*
INPUTFILES/
libstar-upc.so*
Cleaning up sandbox file:  /tmp/truhlar/332B783D50456A4AA6AC6B38C6CDCF5B_17/Analysis
Cleaning up sandbox file:  /tmp/truhlar/332B783D50456A4AA6AC6B38C6CDCF5B_17/libstar-upc.so
Cleaning up sandbox file:  /tmp/truhlar/332B783D50456A4AA6AC6B38C6CDCF5B_17/.sandboxFiles
Starting copy block
Running copy command:  /bin/cp -fp /tmp/truhlar/332B783D50456A4AA6AC6B38C6CDCF5B_17/332B783D50456A4AA6AC6B38C6CDCF5B_17.AnalysisOutput.root /star/u/truhlar/star-upcDstRP/build/outputs/
21304 Execution of (/star/u/truhlar/star-upcDstRP/build/sched/sched332B783D50456A4AA6AC6B38C6CDCF5B_17.csh ) has ended, exiting normally
21304 We END on [Tue Apr 23 13:16:53 EDT 2019]
