We are starting on node: rcas2018.rcf.bnl.gov
HOME is not defined
Using getent method
HOME is now /star/u/truhlar
427116 We will spawn ourselves (/star/u/truhlar/star-upcDstRP/build/sched/sched9CA9915F855D7FB293CC43690F332728_3.csh )
427116 We BEGIN on [Sat Apr 20 02:39:42 EDT 2019]
[1] 427289
427116 We are waiting for 427289 
427116 Grandchild PID is 427330 - found in 0 x 1 seconds
427116 Establishing first watcher   on    Sat Apr 20 02:39:42 EDT 2019
427116 Process tree is 427116 (main) -> 427289 (child) -> 427330 (grandchild)
F S   UID    PID   PPID  C PRI  NI ADDR SZ WCHAN  TTY        TIME CMD
427116 Grandchild PID is 427348 - found in 10 x 2 seconds
427116 Grandchild to watch has changed on Sat Apr 20 02:40:03 EDT 2019
427116 Process tree is 427116 (main) -> 427289 (child) -> 427348 (grandchild)
F S   UID    PID   PPID  C PRI  NI ADDR SZ WCHAN  TTY        TIME CMD
0 R 11859 427348 427289 89  80   0 - 74513 -      ?          0:18 ./AnalysisOld /gpfs01/star/pwg/truhlar/Final/CPtrig/merge_files/StUPCRP_production.list 3
427289 Stepping into the main SUMS wrapper program with []
Archive:  /star/u/truhlar/star-upcDstRP/build/Package.zip
  inflating: /tmp/truhlar/9CA9915F855D7FB293CC43690F332728_3/AnalysisOld  
  inflating: /tmp/truhlar/9CA9915F855D7FB293CC43690F332728_3/libstar-upc.so  
Swapping $FILELIST with: /tmp/truhlar/9CA9915F855D7FB293CC43690F332728_3/INPUTFILES/9CA9915F855D7FB293CC43690F332728_3.local.list
--------------------------------
STAR Unified Meta Scheduler 1.10.31 we are starting in $SCRATCH : /home/tmp/truhlar/9CA9915F855D7FB293CC43690F332728_3
--------------------------------
total 1144
-rwxr-xr-x 1 truhlar rhstar 174216 Apr 20 01:46 AnalysisOld
drwxr-xr-x 2 truhlar rhstar   4096 Apr 20 02:39 INPUTFILES
-rwxr-xr-x 1 truhlar rhstar 990060 Apr 19 12:21 libstar-upc.so
Starting the job

[1mRooFit v3.60 -- Developed by Wouter Verkerke and David Kirkby[0m 
                Copyright (C) 2000-2013 NIKHEF, University of California & Stanford University
                All rights reserved, please read http://roofit.sourceforge.net/license.txt

3 / 3
Input from chain
Number of UPC events: 5984044 RP: 5984044
Ending Analysis... GOOD BYE!
9CA9915F855D7FB293CC43690F332728_3.AnalysisOutput.root
AnalysisOld*
INPUTFILES/
libstar-upc.so*
Cleaning up sandbox file:  /tmp/truhlar/9CA9915F855D7FB293CC43690F332728_3/AnalysisOld
Cleaning up sandbox file:  /tmp/truhlar/9CA9915F855D7FB293CC43690F332728_3/libstar-upc.so
Cleaning up sandbox file:  /tmp/truhlar/9CA9915F855D7FB293CC43690F332728_3/.sandboxFiles
Starting copy block
Running copy command:  /bin/cp -fp /tmp/truhlar/9CA9915F855D7FB293CC43690F332728_3/9CA9915F855D7FB293CC43690F332728_3.AnalysisOutput.root /star/u/truhlar/star-upcDstRP/build/outputs/
427116 Execution of (/star/u/truhlar/star-upcDstRP/build/sched/sched9CA9915F855D7FB293CC43690F332728_3.csh ) has ended, exiting normally
427116 We END on [Sat Apr 20 02:47:11 EDT 2019]
