We are starting on node: rcas6081.rcf.bnl.gov
HOME is not defined
Using getent method
HOME is now /star/u/truhlar
296645 We will spawn ourselves (/star/u/truhlar/star-upcDstRP/build/sched/sched7D1225A1194326D4115E1D56948B3C67_79.csh )
296645 We BEGIN on [Wed Apr 24 14:03:15 EDT 2019]
[1] 297043
296645 We are waiting for 297043 
296645 Grandchild PID is 297090 - found in 10 x 1 seconds
296645 Establishing first watcher   on    Wed Apr 24 14:03:26 EDT 2019
296645 Process tree is 296645 (main) -> 297043 (child) -> 297090 (grandchild)
F S   UID    PID   PPID  C PRI  NI ADDR SZ WCHAN  TTY        TIME CMD
0 R 11859 297090 297043 91  80   0 - 109640 -     ?          0:10 ./Analysis /gpfs01/star/pwg/truhlar/ConnectionTest/ELtrig/test/Elastic.list 79
297043 Stepping into the main SUMS wrapper program with []
Archive:  /star/u/truhlar/star-upcDstRP/build/Package.zip
  inflating: /tmp/truhlar/7D1225A1194326D4115E1D56948B3C67_79/Analysis  
  inflating: /tmp/truhlar/7D1225A1194326D4115E1D56948B3C67_79/libstar-upc.so  
Swapping $FILELIST with: /tmp/truhlar/7D1225A1194326D4115E1D56948B3C67_79/INPUTFILES/7D1225A1194326D4115E1D56948B3C67_79.local.list
--------------------------------
STAR Unified Meta Scheduler 1.10.31 we are starting in $SCRATCH : /home/tmp/truhlar/7D1225A1194326D4115E1D56948B3C67_79
--------------------------------
total 1144
-rwxr-xr-x 1 truhlar rhstar 174068 Apr 21 05:31 Analysis
drwxr-xr-x 2 truhlar rhstar   4096 Apr 24 14:03 INPUTFILES
-rwxr-xr-x 1 truhlar rhstar 990060 Apr 19 12:21 libstar-upc.so
Starting the job

[1mRooFit v3.60 -- Developed by Wouter Verkerke and David Kirkby[0m 
                Copyright (C) 2000-2013 NIKHEF, University of California & Stanford University
                All rights reserved, please read http://roofit.sourceforge.net/license.txt

79 / 79
Input from chain
Number of UPC events: 725489 RP: 725489
Ending Analysis... GOOD BYE!
7D1225A1194326D4115E1D56948B3C67_79.AnalysisOutput.root
Analysis*
INPUTFILES/
libstar-upc.so*
Cleaning up sandbox file:  /tmp/truhlar/7D1225A1194326D4115E1D56948B3C67_79/Analysis
Cleaning up sandbox file:  /tmp/truhlar/7D1225A1194326D4115E1D56948B3C67_79/libstar-upc.so
Cleaning up sandbox file:  /tmp/truhlar/7D1225A1194326D4115E1D56948B3C67_79/.sandboxFiles
Starting copy block
Running copy command:  /bin/cp -fp /tmp/truhlar/7D1225A1194326D4115E1D56948B3C67_79/7D1225A1194326D4115E1D56948B3C67_79.AnalysisOutput.root /star/u/truhlar/star-upcDstRP/build/outputs/
296645 Execution of (/star/u/truhlar/star-upcDstRP/build/sched/sched7D1225A1194326D4115E1D56948B3C67_79.csh ) has ended, exiting normally
296645 We END on [Wed Apr 24 14:04:44 EDT 2019]
