We are starting on node: spar0336.usatlas.bnl.gov
HOME is not defined
Using getent method
HOME is now /star/u/truhlar
14694 We will spawn ourselves (/star/u/truhlar/star-upcDstRP/build/sched/sched7D1225A1194326D4115E1D56948B3C67_58.csh )
14694 We BEGIN on [Wed Apr 24 14:03:45 EDT 2019]
[1] 14852
14694 We are waiting for 14852 
14694 Grandchild PID is 14882 - found in 10 x 1 seconds
14694 Establishing first watcher   on    Wed Apr 24 14:03:55 EDT 2019
14694 Process tree is 14694 (main) -> 14852 (child) -> 14882 (grandchild)
F S   UID   PID  PPID  C PRI  NI ADDR SZ WCHAN  TTY        TIME CMD
0 R 11859 14882 14852 94  80   0 - 63784 -      ?          0:09 ./Analysis /gpfs01/star/pwg/truhlar/ConnectionTest/ELtrig/test/Elastic.list 58
14852 Stepping into the main SUMS wrapper program with []
Archive:  /star/u/truhlar/star-upcDstRP/build/Package.zip
  inflating: /tmp/truhlar/7D1225A1194326D4115E1D56948B3C67_58/Analysis  
  inflating: /tmp/truhlar/7D1225A1194326D4115E1D56948B3C67_58/libstar-upc.so  
Swapping $FILELIST with: /tmp/truhlar/7D1225A1194326D4115E1D56948B3C67_58/INPUTFILES/7D1225A1194326D4115E1D56948B3C67_58.local.list
--------------------------------
STAR Unified Meta Scheduler 1.10.31 we are starting in $SCRATCH : /home/tmp/truhlar/7D1225A1194326D4115E1D56948B3C67_58
--------------------------------
total 1144
-rwxr-xr-x 1 truhlar rhstar 174068 Apr 21 05:31 Analysis
drwxr-xr-x 2 truhlar rhstar   4096 Apr 24 14:03 INPUTFILES
-rwxr-xr-x 1 truhlar rhstar 990060 Apr 19 12:21 libstar-upc.so
Starting the job

[1mRooFit v3.60 -- Developed by Wouter Verkerke and David Kirkby[0m 
                Copyright (C) 2000-2013 NIKHEF, University of California & Stanford University
                All rights reserved, please read http://roofit.sourceforge.net/license.txt

58 / 58
Input from chain
Number of UPC events: 139955 RP: 139955
Ending Analysis... GOOD BYE!
7D1225A1194326D4115E1D56948B3C67_58.AnalysisOutput.root
Analysis*
INPUTFILES/
libstar-upc.so*
Cleaning up sandbox file:  /tmp/truhlar/7D1225A1194326D4115E1D56948B3C67_58/Analysis
Cleaning up sandbox file:  /tmp/truhlar/7D1225A1194326D4115E1D56948B3C67_58/libstar-upc.so
Cleaning up sandbox file:  /tmp/truhlar/7D1225A1194326D4115E1D56948B3C67_58/.sandboxFiles
Starting copy block
Running copy command:  /bin/cp -fp /tmp/truhlar/7D1225A1194326D4115E1D56948B3C67_58/7D1225A1194326D4115E1D56948B3C67_58.AnalysisOutput.root /star/u/truhlar/star-upcDstRP/build/outputs/
14694 Execution of (/star/u/truhlar/star-upcDstRP/build/sched/sched7D1225A1194326D4115E1D56948B3C67_58.csh ) has ended, exiting normally
14694 We END on [Wed Apr 24 14:04:12 EDT 2019]
