We are starting on node: spool0256.sdcc.bnl.gov
HOME is not defined
Using getent method
HOME is now /star/u/truhlar
30736 We will spawn ourselves (/star/u/truhlar/star-upcDstRP/build/sched/sched332B783D50456A4AA6AC6B38C6CDCF5B_15.csh )
30736 We BEGIN on [Tue Apr 23 13:04:55 EDT 2019]
[1] 30923
30736 We are waiting for 30923 
30736 Grandchild PID is 30956 - found in 10 x 1 seconds
30736 Establishing first watcher   on    Tue Apr 23 13:05:07 EDT 2019
30736 Process tree is 30736 (main) -> 30923 (child) -> 30956 (grandchild)
F S   UID   PID  PPID  C PRI  NI ADDR SZ WCHAN  TTY        TIME CMD
0 R 11859 30956 30923 78  80   0 - 61874 -      ?          0:08 ./Analysis /gpfs01/star/pwg/truhlar/Test/ELtrig/merge_files/StUPCRP_production.list 15
30923 Stepping into the main SUMS wrapper program with []
Archive:  /star/u/truhlar/star-upcDstRP/build/Package.zip
  inflating: /tmp/truhlar/332B783D50456A4AA6AC6B38C6CDCF5B_15/Analysis  
  inflating: /tmp/truhlar/332B783D50456A4AA6AC6B38C6CDCF5B_15/libstar-upc.so  
Swapping $FILELIST with: /tmp/truhlar/332B783D50456A4AA6AC6B38C6CDCF5B_15/INPUTFILES/332B783D50456A4AA6AC6B38C6CDCF5B_15.local.list
--------------------------------
STAR Unified Meta Scheduler 1.10.31 we are starting in $SCRATCH : /home/tmp/truhlar/332B783D50456A4AA6AC6B38C6CDCF5B_15
--------------------------------
total 1144
-rwxr-xr-x 1 truhlar rhstar 174068 Apr 21 05:31 Analysis
drwxr-xr-x 2 truhlar rhstar   4096 Apr 23 13:04 INPUTFILES
-rwxr-xr-x 1 truhlar rhstar 990060 Apr 19 12:21 libstar-upc.so
Starting the job

[1mRooFit v3.60 -- Developed by Wouter Verkerke and David Kirkby[0m 
                Copyright (C) 2000-2013 NIKHEF, University of California & Stanford University
                All rights reserved, please read http://roofit.sourceforge.net/license.txt

15 / 15
Input from chain
Number of UPC events: 2669297 RP: 2669297
Ending Analysis... GOOD BYE!
332B783D50456A4AA6AC6B38C6CDCF5B_15.AnalysisOutput.root
Analysis*
INPUTFILES/
libstar-upc.so*
Cleaning up sandbox file:  /tmp/truhlar/332B783D50456A4AA6AC6B38C6CDCF5B_15/Analysis
Cleaning up sandbox file:  /tmp/truhlar/332B783D50456A4AA6AC6B38C6CDCF5B_15/libstar-upc.so
Cleaning up sandbox file:  /tmp/truhlar/332B783D50456A4AA6AC6B38C6CDCF5B_15/.sandboxFiles
Starting copy block
Running copy command:  /bin/cp -fp /tmp/truhlar/332B783D50456A4AA6AC6B38C6CDCF5B_15/332B783D50456A4AA6AC6B38C6CDCF5B_15.AnalysisOutput.root /star/u/truhlar/star-upcDstRP/build/outputs/
30736 Execution of (/star/u/truhlar/star-upcDstRP/build/sched/sched332B783D50456A4AA6AC6B38C6CDCF5B_15.csh ) has ended, exiting normally
30736 We END on [Tue Apr 23 13:15:26 EDT 2019]
