We are starting on node: spool0112.sdcc.bnl.gov
HOME is not defined
Using getent method
HOME is now /star/u/truhlar
20509 We will spawn ourselves (/star/u/truhlar/star-upcDstRP/build/sched/sched7D1225A1194326D4115E1D56948B3C67_2.csh )
20509 We BEGIN on [Wed Apr 24 14:03:49 EDT 2019]
[1] 20665
20509 We are waiting for 20665 
20509 Grandchild PID is 20694 - found in 10 x 1 seconds
20509 Establishing first watcher   on    Wed Apr 24 14:04:00 EDT 2019
20509 Process tree is 20509 (main) -> 20665 (child) -> 20694 (grandchild)
F S   UID   PID  PPID  C PRI  NI ADDR SZ WCHAN  TTY        TIME CMD
0 R 11859 20694 20665 97  80   0 - 95859 -      ?          0:09 ./Analysis /gpfs01/star/pwg/truhlar/ConnectionTest/ELtrig/test/Elastic.list 2
20665 Stepping into the main SUMS wrapper program with []
Archive:  /star/u/truhlar/star-upcDstRP/build/Package.zip
  inflating: /tmp/truhlar/7D1225A1194326D4115E1D56948B3C67_2/Analysis  
  inflating: /tmp/truhlar/7D1225A1194326D4115E1D56948B3C67_2/libstar-upc.so  
Swapping $FILELIST with: /tmp/truhlar/7D1225A1194326D4115E1D56948B3C67_2/INPUTFILES/7D1225A1194326D4115E1D56948B3C67_2.local.list
--------------------------------
STAR Unified Meta Scheduler 1.10.31 we are starting in $SCRATCH : /home/tmp/truhlar/7D1225A1194326D4115E1D56948B3C67_2
--------------------------------
total 1144
-rwxr-xr-x 1 truhlar rhstar 174068 Apr 21 05:31 Analysis
drwxr-xr-x 2 truhlar rhstar   4096 Apr 24 14:03 INPUTFILES
-rwxr-xr-x 1 truhlar rhstar 990060 Apr 19 12:21 libstar-upc.so
Starting the job

[1mRooFit v3.60 -- Developed by Wouter Verkerke and David Kirkby[0m 
                Copyright (C) 2000-2013 NIKHEF, University of California & Stanford University
                All rights reserved, please read http://roofit.sourceforge.net/license.txt

2 / 2
Input from chain
Number of UPC events: 1124198 RP: 1124198
Ending Analysis... GOOD BYE!
7D1225A1194326D4115E1D56948B3C67_2.AnalysisOutput.root
Analysis*
INPUTFILES/
libstar-upc.so*
Cleaning up sandbox file:  /tmp/truhlar/7D1225A1194326D4115E1D56948B3C67_2/Analysis
Cleaning up sandbox file:  /tmp/truhlar/7D1225A1194326D4115E1D56948B3C67_2/libstar-upc.so
Cleaning up sandbox file:  /tmp/truhlar/7D1225A1194326D4115E1D56948B3C67_2/.sandboxFiles
Starting copy block
Running copy command:  /bin/cp -fp /tmp/truhlar/7D1225A1194326D4115E1D56948B3C67_2/7D1225A1194326D4115E1D56948B3C67_2.AnalysisOutput.root /star/u/truhlar/star-upcDstRP/build/outputs/
20509 Execution of (/star/u/truhlar/star-upcDstRP/build/sched/sched7D1225A1194326D4115E1D56948B3C67_2.csh ) has ended, exiting normally
20509 We END on [Wed Apr 24 14:08:16 EDT 2019]
