We are starting on node: rcas2727.rcf.bnl.gov
HOME is not defined
Using getent method
HOME is now /star/u/truhlar
60223 We will spawn ourselves (/star/u/truhlar/star-upcDstRP/build/sched/sched332B783D50456A4AA6AC6B38C6CDCF5B_11.csh )
60223 We BEGIN on [Tue Apr 23 13:04:56 EDT 2019]
[1] 60391
60223 We are waiting for 60391 
60223 Grandchild PID is 60428 - found in 10 x 1 seconds
60223 Establishing first watcher   on    Tue Apr 23 13:05:06 EDT 2019
60223 Process tree is 60223 (main) -> 60391 (child) -> 60428 (grandchild)
F S   UID   PID  PPID  C PRI  NI ADDR SZ WCHAN  TTY        TIME CMD
0 R 11859 60428 60391 75  80   0 - 95606 -      ?          0:08 ./Analysis /gpfs01/star/pwg/truhlar/Test/ELtrig/merge_files/StUPCRP_production.list 11
60391 Stepping into the main SUMS wrapper program with []
Archive:  /star/u/truhlar/star-upcDstRP/build/Package.zip
  inflating: /tmp/truhlar/332B783D50456A4AA6AC6B38C6CDCF5B_11/Analysis  
  inflating: /tmp/truhlar/332B783D50456A4AA6AC6B38C6CDCF5B_11/libstar-upc.so  
Swapping $FILELIST with: /tmp/truhlar/332B783D50456A4AA6AC6B38C6CDCF5B_11/INPUTFILES/332B783D50456A4AA6AC6B38C6CDCF5B_11.local.list
--------------------------------
STAR Unified Meta Scheduler 1.10.31 we are starting in $SCRATCH : /home/tmp/truhlar/332B783D50456A4AA6AC6B38C6CDCF5B_11
--------------------------------
total 1144
-rwxr-xr-x 1 truhlar rhstar 174068 Apr 21 05:31 Analysis
drwxr-xr-x 2 truhlar rhstar   4096 Apr 23 13:04 INPUTFILES
-rwxr-xr-x 1 truhlar rhstar 990060 Apr 19 12:21 libstar-upc.so
Starting the job

[1mRooFit v3.60 -- Developed by Wouter Verkerke and David Kirkby[0m 
                Copyright (C) 2000-2013 NIKHEF, University of California & Stanford University
                All rights reserved, please read http://roofit.sourceforge.net/license.txt

11 / 11
Input from chain
Number of UPC events: 2392553 RP: 2392553
Ending Analysis... GOOD BYE!
332B783D50456A4AA6AC6B38C6CDCF5B_11.AnalysisOutput.root
Analysis*
INPUTFILES/
libstar-upc.so*
Cleaning up sandbox file:  /tmp/truhlar/332B783D50456A4AA6AC6B38C6CDCF5B_11/Analysis
Cleaning up sandbox file:  /tmp/truhlar/332B783D50456A4AA6AC6B38C6CDCF5B_11/libstar-upc.so
Cleaning up sandbox file:  /tmp/truhlar/332B783D50456A4AA6AC6B38C6CDCF5B_11/.sandboxFiles
Starting copy block
Running copy command:  /bin/cp -fp /tmp/truhlar/332B783D50456A4AA6AC6B38C6CDCF5B_11/332B783D50456A4AA6AC6B38C6CDCF5B_11.AnalysisOutput.root /star/u/truhlar/star-upcDstRP/build/outputs/
60223 Execution of (/star/u/truhlar/star-upcDstRP/build/sched/sched332B783D50456A4AA6AC6B38C6CDCF5B_11.csh ) has ended, exiting normally
60223 We END on [Tue Apr 23 13:14:37 EDT 2019]
