We are starting on node: spool0261.sdcc.bnl.gov
HOME is not defined
Using getent method
HOME is now /star/u/truhlar
12026 We will spawn ourselves (/star/u/truhlar/star-upcDstRP/build/sched/sched332B783D50456A4AA6AC6B38C6CDCF5B_16.csh )
12026 We BEGIN on [Tue Apr 23 13:04:54 EDT 2019]
[1] 12187
12026 We are waiting for 12187 
12026 Grandchild PID is 12227 - found in 10 x 1 seconds
12026 Establishing first watcher   on    Tue Apr 23 13:05:05 EDT 2019
12026 Process tree is 12026 (main) -> 12187 (child) -> 12227 (grandchild)
F S   UID   PID  PPID  C PRI  NI ADDR SZ WCHAN  TTY        TIME CMD
0 R 11859 12227 12187 84  80   0 - 106916 -     ?          0:08 ./Analysis /gpfs01/star/pwg/truhlar/Test/ELtrig/merge_files/StUPCRP_production.list 16
12187 Stepping into the main SUMS wrapper program with []
Archive:  /star/u/truhlar/star-upcDstRP/build/Package.zip
  inflating: /tmp/truhlar/332B783D50456A4AA6AC6B38C6CDCF5B_16/Analysis  
  inflating: /tmp/truhlar/332B783D50456A4AA6AC6B38C6CDCF5B_16/libstar-upc.so  
Swapping $FILELIST with: /tmp/truhlar/332B783D50456A4AA6AC6B38C6CDCF5B_16/INPUTFILES/332B783D50456A4AA6AC6B38C6CDCF5B_16.local.list
--------------------------------
STAR Unified Meta Scheduler 1.10.31 we are starting in $SCRATCH : /home/tmp/truhlar/332B783D50456A4AA6AC6B38C6CDCF5B_16
--------------------------------
total 1144
-rwxr-xr-x 1 truhlar rhstar 174068 Apr 21 05:31 Analysis
drwxr-xr-x 2 truhlar rhstar   4096 Apr 23 13:04 INPUTFILES
-rwxr-xr-x 1 truhlar rhstar 990060 Apr 19 12:21 libstar-upc.so
Starting the job

[1mRooFit v3.60 -- Developed by Wouter Verkerke and David Kirkby[0m 
                Copyright (C) 2000-2013 NIKHEF, University of California & Stanford University
                All rights reserved, please read http://roofit.sourceforge.net/license.txt

16 / 16
Input from chain
Number of UPC events: 2919311 RP: 2919311
Ending Analysis... GOOD BYE!
332B783D50456A4AA6AC6B38C6CDCF5B_16.AnalysisOutput.root
Analysis*
INPUTFILES/
libstar-upc.so*
Cleaning up sandbox file:  /tmp/truhlar/332B783D50456A4AA6AC6B38C6CDCF5B_16/Analysis
Cleaning up sandbox file:  /tmp/truhlar/332B783D50456A4AA6AC6B38C6CDCF5B_16/libstar-upc.so
Cleaning up sandbox file:  /tmp/truhlar/332B783D50456A4AA6AC6B38C6CDCF5B_16/.sandboxFiles
Starting copy block
Running copy command:  /bin/cp -fp /tmp/truhlar/332B783D50456A4AA6AC6B38C6CDCF5B_16/332B783D50456A4AA6AC6B38C6CDCF5B_16.AnalysisOutput.root /star/u/truhlar/star-upcDstRP/build/outputs/
12026 Execution of (/star/u/truhlar/star-upcDstRP/build/sched/sched332B783D50456A4AA6AC6B38C6CDCF5B_16.csh ) has ended, exiting normally
12026 We END on [Tue Apr 23 13:15:28 EDT 2019]
