We are starting on node: spar0341.usatlas.bnl.gov
HOME is not defined
Using getent method
HOME is now /star/u/truhlar
18353 We will spawn ourselves (/star/u/truhlar/star-upcDstRP/build/sched/sched7D1225A1194326D4115E1D56948B3C67_39.csh )
18353 We BEGIN on [Wed Apr 24 14:03:42 EDT 2019]
[1] 18511
18353 We are waiting for 18511 
18353 Grandchild PID is 18542 - found in 10 x 1 seconds
18353 Establishing first watcher   on    Wed Apr 24 14:03:53 EDT 2019
18353 Process tree is 18353 (main) -> 18511 (child) -> 18542 (grandchild)
F S   UID   PID  PPID  C PRI  NI ADDR SZ WCHAN  TTY        TIME CMD
0 R 11859 18542 18511 80  80   0 - 95177 -      ?          0:08 ./Analysis /gpfs01/star/pwg/truhlar/ConnectionTest/ELtrig/test/Elastic.list 39
18511 Stepping into the main SUMS wrapper program with []
Archive:  /star/u/truhlar/star-upcDstRP/build/Package.zip
  inflating: /tmp/truhlar/7D1225A1194326D4115E1D56948B3C67_39/Analysis  
  inflating: /tmp/truhlar/7D1225A1194326D4115E1D56948B3C67_39/libstar-upc.so  
Swapping $FILELIST with: /tmp/truhlar/7D1225A1194326D4115E1D56948B3C67_39/INPUTFILES/7D1225A1194326D4115E1D56948B3C67_39.local.list
--------------------------------
STAR Unified Meta Scheduler 1.10.31 we are starting in $SCRATCH : /home/tmp/truhlar/7D1225A1194326D4115E1D56948B3C67_39
--------------------------------
total 1144
-rwxr-xr-x 1 truhlar rhstar 174068 Apr 21 05:31 Analysis
drwxr-xr-x 2 truhlar rhstar   4096 Apr 24 14:03 INPUTFILES
-rwxr-xr-x 1 truhlar rhstar 990060 Apr 19 12:21 libstar-upc.so
Starting the job

[1mRooFit v3.60 -- Developed by Wouter Verkerke and David Kirkby[0m 
                Copyright (C) 2000-2013 NIKHEF, University of California & Stanford University
                All rights reserved, please read http://roofit.sourceforge.net/license.txt

39 / 39
Input from chain
Number of UPC events: 980445 RP: 980445
Ending Analysis... GOOD BYE!
7D1225A1194326D4115E1D56948B3C67_39.AnalysisOutput.root
Analysis*
INPUTFILES/
libstar-upc.so*
Cleaning up sandbox file:  /tmp/truhlar/7D1225A1194326D4115E1D56948B3C67_39/Analysis
Cleaning up sandbox file:  /tmp/truhlar/7D1225A1194326D4115E1D56948B3C67_39/libstar-upc.so
Cleaning up sandbox file:  /tmp/truhlar/7D1225A1194326D4115E1D56948B3C67_39/.sandboxFiles
Starting copy block
Running copy command:  /bin/cp -fp /tmp/truhlar/7D1225A1194326D4115E1D56948B3C67_39/7D1225A1194326D4115E1D56948B3C67_39.AnalysisOutput.root /star/u/truhlar/star-upcDstRP/build/outputs/
18353 Execution of (/star/u/truhlar/star-upcDstRP/build/sched/sched7D1225A1194326D4115E1D56948B3C67_39.csh ) has ended, exiting normally
18353 We END on [Wed Apr 24 14:06:28 EDT 2019]
