We are starting on node: spool0319.sdcc.bnl.gov
HOME is not defined
Using getent method
HOME is now /star/u/truhlar
1035 We will spawn ourselves (/star/u/truhlar/star-upcDstRP/build/sched/sched7D1225A1194326D4115E1D56948B3C67_77.csh )
1035 We BEGIN on [Wed Apr 24 14:03:41 EDT 2019]
[1] 1195
1035 We are waiting for 1195 
1035 Grandchild PID is 11955 - found in 0 x 1 seconds
1035 Establishing first watcher   on    Wed Apr 24 14:03:41 EDT 2019
1035 Process tree is 1035 (main) -> 1195 (child) -> 11955 (grandchild)
F S   UID   PID  PPID  C PRI  NI ADDR SZ WCHAN  TTY        TIME CMD
5 S     0 11955     2  0  60 -20 -     0 worker ?          0:53 [kworker/18:1H]
1195 Stepping into the main SUMS wrapper program with []
Archive:  /star/u/truhlar/star-upcDstRP/build/Package.zip
  inflating: /tmp/truhlar/7D1225A1194326D4115E1D56948B3C67_77/Analysis  
  inflating: /tmp/truhlar/7D1225A1194326D4115E1D56948B3C67_77/libstar-upc.so  
Swapping $FILELIST with: /tmp/truhlar/7D1225A1194326D4115E1D56948B3C67_77/INPUTFILES/7D1225A1194326D4115E1D56948B3C67_77.local.list
--------------------------------
STAR Unified Meta Scheduler 1.10.31 we are starting in $SCRATCH : /home/tmp/truhlar/7D1225A1194326D4115E1D56948B3C67_77
--------------------------------
total 1144
-rwxr-xr-x 1 truhlar rhstar 174068 Apr 21 05:31 Analysis
drwxr-xr-x 2 truhlar rhstar   4096 Apr 24 14:03 INPUTFILES
-rwxr-xr-x 1 truhlar rhstar 990060 Apr 19 12:21 libstar-upc.so
Starting the job

[1mRooFit v3.60 -- Developed by Wouter Verkerke and David Kirkby[0m 
                Copyright (C) 2000-2013 NIKHEF, University of California & Stanford University
                All rights reserved, please read http://roofit.sourceforge.net/license.txt

77 / 77
Input from chain
Number of UPC events: 839090 RP: 839090
Ending Analysis... GOOD BYE!
7D1225A1194326D4115E1D56948B3C67_77.AnalysisOutput.root
Analysis*
INPUTFILES/
libstar-upc.so*
Cleaning up sandbox file:  /tmp/truhlar/7D1225A1194326D4115E1D56948B3C67_77/Analysis
Cleaning up sandbox file:  /tmp/truhlar/7D1225A1194326D4115E1D56948B3C67_77/libstar-upc.so
Cleaning up sandbox file:  /tmp/truhlar/7D1225A1194326D4115E1D56948B3C67_77/.sandboxFiles
Starting copy block
Running copy command:  /bin/cp -fp /tmp/truhlar/7D1225A1194326D4115E1D56948B3C67_77/7D1225A1194326D4115E1D56948B3C67_77.AnalysisOutput.root /star/u/truhlar/star-upcDstRP/build/outputs/
1035 Execution of (/star/u/truhlar/star-upcDstRP/build/sched/sched7D1225A1194326D4115E1D56948B3C67_77.csh ) has ended, exiting normally
1035 We END on [Wed Apr 24 14:05:58 EDT 2019]
