We are starting on node: rcas6081.rcf.bnl.gov
HOME is not defined
Using getent method
HOME is now /star/u/truhlar
293291 We will spawn ourselves (/star/u/truhlar/star-upcDstRP/build/sched/sched7D1225A1194326D4115E1D56948B3C67_95.csh )
293291 We BEGIN on [Wed Apr 24 14:03:03 EDT 2019]
[1] 293595
293291 We are waiting for 293595 
293291 Grandchild PID is 293722 - found in 10 x 1 seconds
293291 Establishing first watcher   on    Wed Apr 24 14:03:13 EDT 2019
293291 Process tree is 293291 (main) -> 293595 (child) -> 293722 (grandchild)
F S   UID    PID   PPID  C PRI  NI ADDR SZ WCHAN  TTY        TIME CMD
0 R 11859 293722 293595 93  80   0 - 109579 -     ?          0:10 ./Analysis /gpfs01/star/pwg/truhlar/ConnectionTest/ELtrig/test/Elastic.list 95
293595 Stepping into the main SUMS wrapper program with []
Archive:  /star/u/truhlar/star-upcDstRP/build/Package.zip
  inflating: /tmp/truhlar/7D1225A1194326D4115E1D56948B3C67_95/Analysis  
  inflating: /tmp/truhlar/7D1225A1194326D4115E1D56948B3C67_95/libstar-upc.so  
Swapping $FILELIST with: /tmp/truhlar/7D1225A1194326D4115E1D56948B3C67_95/INPUTFILES/7D1225A1194326D4115E1D56948B3C67_95.local.list
--------------------------------
STAR Unified Meta Scheduler 1.10.31 we are starting in $SCRATCH : /home/tmp/truhlar/7D1225A1194326D4115E1D56948B3C67_95
--------------------------------
total 1144
-rwxr-xr-x 1 truhlar rhstar 174068 Apr 21 05:31 Analysis
drwxr-xr-x 2 truhlar rhstar   4096 Apr 24 14:03 INPUTFILES
-rwxr-xr-x 1 truhlar rhstar 990060 Apr 19 12:21 libstar-upc.so
Starting the job

[1mRooFit v3.60 -- Developed by Wouter Verkerke and David Kirkby[0m 
                Copyright (C) 2000-2013 NIKHEF, University of California & Stanford University
                All rights reserved, please read http://roofit.sourceforge.net/license.txt

95 / 95
Input from chain
Number of UPC events: 461934 RP: 461934
Ending Analysis... GOOD BYE!
7D1225A1194326D4115E1D56948B3C67_95.AnalysisOutput.root
Analysis*
INPUTFILES/
libstar-upc.so*
Cleaning up sandbox file:  /tmp/truhlar/7D1225A1194326D4115E1D56948B3C67_95/Analysis
Cleaning up sandbox file:  /tmp/truhlar/7D1225A1194326D4115E1D56948B3C67_95/libstar-upc.so
Cleaning up sandbox file:  /tmp/truhlar/7D1225A1194326D4115E1D56948B3C67_95/.sandboxFiles
Starting copy block
Running copy command:  /bin/cp -fp /tmp/truhlar/7D1225A1194326D4115E1D56948B3C67_95/7D1225A1194326D4115E1D56948B3C67_95.AnalysisOutput.root /star/u/truhlar/star-upcDstRP/build/outputs/
293291 Execution of (/star/u/truhlar/star-upcDstRP/build/sched/sched7D1225A1194326D4115E1D56948B3C67_95.csh ) has ended, exiting normally
293291 We END on [Wed Apr 24 14:04:03 EDT 2019]
