We are starting on node: rcas6083.rcf.bnl.gov
HOME is not defined
Using getent method
HOME is now /star/u/truhlar
290274 We will spawn ourselves (/star/u/truhlar/star-upcDstRP/build/sched/schedEE123499E54E1A7A314FABE9288752E2_15.csh )
290274 We BEGIN on [Mon Apr 22 15:44:57 EDT 2019]
[1] 290449
290274 We are waiting for 290449 
290274 Grandchild PID is 290487 - found in 10 x 1 seconds
290274 Establishing first watcher   on    Mon Apr 22 15:45:07 EDT 2019
290274 Process tree is 290274 (main) -> 290449 (child) -> 290487 (grandchild)
F S   UID    PID   PPID  C PRI  NI ADDR SZ WCHAN  TTY        TIME CMD
0 R 11859 290487 290449 86  80   0 - 62686 -      ?          0:09 ./Analysis /gpfs01/star/pwg/truhlar/Final/ELtrig/merge_files/StUPCRP_production.list 15
290449 Stepping into the main SUMS wrapper program with []
Archive:  /star/u/truhlar/star-upcDstRP/build/Package.zip
  inflating: /tmp/truhlar/EE123499E54E1A7A314FABE9288752E2_15/Analysis  
  inflating: /tmp/truhlar/EE123499E54E1A7A314FABE9288752E2_15/libstar-upc.so  
Swapping $FILELIST with: /tmp/truhlar/EE123499E54E1A7A314FABE9288752E2_15/INPUTFILES/EE123499E54E1A7A314FABE9288752E2_15.local.list
--------------------------------
STAR Unified Meta Scheduler 1.10.31 we are starting in $SCRATCH : /home/tmp/truhlar/EE123499E54E1A7A314FABE9288752E2_15
--------------------------------
total 1144
-rwxr-xr-x 1 truhlar rhstar 174068 Apr 21 05:31 Analysis
drwxr-xr-x 2 truhlar rhstar   4096 Apr 22 15:44 INPUTFILES
-rwxr-xr-x 1 truhlar rhstar 990060 Apr 19 12:21 libstar-upc.so
Starting the job

[1mRooFit v3.60 -- Developed by Wouter Verkerke and David Kirkby[0m 
                Copyright (C) 2000-2013 NIKHEF, University of California & Stanford University
                All rights reserved, please read http://roofit.sourceforge.net/license.txt

15 / 15
Input from chain
Number of UPC events: 2669297 RP: 2669297
Ending Analysis... GOOD BYE!
Analysis*
EE123499E54E1A7A314FABE9288752E2_15.AnalysisOutput.root
INPUTFILES/
libstar-upc.so*
Cleaning up sandbox file:  /tmp/truhlar/EE123499E54E1A7A314FABE9288752E2_15/Analysis
Cleaning up sandbox file:  /tmp/truhlar/EE123499E54E1A7A314FABE9288752E2_15/libstar-upc.so
Cleaning up sandbox file:  /tmp/truhlar/EE123499E54E1A7A314FABE9288752E2_15/.sandboxFiles
Starting copy block
Running copy command:  /bin/cp -fp /tmp/truhlar/EE123499E54E1A7A314FABE9288752E2_15/EE123499E54E1A7A314FABE9288752E2_15.AnalysisOutput.root /star/u/truhlar/star-upcDstRP/build/outputs/
290274 Execution of (/star/u/truhlar/star-upcDstRP/build/sched/schedEE123499E54E1A7A314FABE9288752E2_15.csh ) has ended, exiting normally
290274 We END on [Mon Apr 22 15:50:34 EDT 2019]
