We are starting on node: spool0361.sdcc.bnl.gov
HOME is not defined
Using getent method
HOME is now /star/u/truhlar
20734 We will spawn ourselves (/star/u/truhlar/star-upcDstRP/build/sched/sched77A0455BE6343006E32CC5EA1CF1F0B7_4.csh )
20734 We BEGIN on [Thu Apr 25 09:02:13 EDT 2019]
[1] 20901
20734 We are waiting for 20901 
20734 Grandchild PID is 20939 - found in 10 x 1 seconds
20734 Establishing first watcher   on    Thu Apr 25 09:02:25 EDT 2019
20734 Process tree is 20734 (main) -> 20901 (child) -> 20939 (grandchild)
F S   UID   PID  PPID  C PRI  NI ADDR SZ WCHAN  TTY        TIME CMD
0 D 11859 20939 20901  7  80   0 - 26216 cxiWai ?          0:00 ./Analysis /gpfs01/star/pwg/truhlar/ConnectionTest/ELtrig/test/test.list 4
20901 Stepping into the main SUMS wrapper program with []
Archive:  /star/u/truhlar/star-upcDstRP/build/Package.zip
  inflating: /tmp/truhlar/77A0455BE6343006E32CC5EA1CF1F0B7_4/Analysis  
  inflating: /tmp/truhlar/77A0455BE6343006E32CC5EA1CF1F0B7_4/libstar-upc.so  
Swapping $FILELIST with: /tmp/truhlar/77A0455BE6343006E32CC5EA1CF1F0B7_4/INPUTFILES/77A0455BE6343006E32CC5EA1CF1F0B7_4.local.list
--------------------------------
STAR Unified Meta Scheduler 1.10.31 we are starting in $SCRATCH : /home/tmp/truhlar/77A0455BE6343006E32CC5EA1CF1F0B7_4
--------------------------------
total 1144
-rwxr-xr-x 1 truhlar rhstar 175020 Apr 24 21:29 Analysis
drwxr-xr-x 2 truhlar rhstar   4096 Apr 25 09:02 INPUTFILES
-rwxr-xr-x 1 truhlar rhstar 990280 Apr 24 21:28 libstar-upc.so
Starting the job

[1mRooFit v3.60 -- Developed by Wouter Verkerke and David Kirkby[0m 
                Copyright (C) 2000-2013 NIKHEF, University of California & Stanford University
                All rights reserved, please read http://roofit.sourceforge.net/license.txt

Input from chain
Number of UPC events: 817877 RP: 817877
Ending Analysis... GOOD BYE!
77A0455BE6343006E32CC5EA1CF1F0B7_4.AnalysisOutput.root
Analysis*
INPUTFILES/
libstar-upc.so*
Cleaning up sandbox file:  /tmp/truhlar/77A0455BE6343006E32CC5EA1CF1F0B7_4/Analysis
Cleaning up sandbox file:  /tmp/truhlar/77A0455BE6343006E32CC5EA1CF1F0B7_4/libstar-upc.so
Cleaning up sandbox file:  /tmp/truhlar/77A0455BE6343006E32CC5EA1CF1F0B7_4/.sandboxFiles
Starting copy block
Running copy command:  /bin/cp -fp /tmp/truhlar/77A0455BE6343006E32CC5EA1CF1F0B7_4/77A0455BE6343006E32CC5EA1CF1F0B7_4.AnalysisOutput.root /star/u/truhlar/star-upcDstRP/build/outputs/
20734 Execution of (/star/u/truhlar/star-upcDstRP/build/sched/sched77A0455BE6343006E32CC5EA1CF1F0B7_4.csh ) has ended, exiting normally
20734 We END on [Thu Apr 25 09:05:41 EDT 2019]
