We are starting on node: rcas2810.rcf.bnl.gov
HOME is not defined
Using getent method
HOME is now /star/u/truhlar
65436 We will spawn ourselves (/star/u/truhlar/star-upcDstRP/build/sched/sched77A0455BE6343006E32CC5EA1CF1F0B7_32.csh )
65436 We BEGIN on [Thu Apr 25 09:02:10 EDT 2019]
[1] 388
65436 We are waiting for 388 
65436 Grandchild PID is 33885 - found in 0 x 1 seconds
65436 Establishing first watcher   on    Thu Apr 25 09:02:11 EDT 2019
65436 Process tree is 65436 (main) -> 388 (child) -> 33885 (grandchild)
F S   UID   PID  PPID  C PRI  NI ADDR SZ WCHAN  TTY        TIME CMD
5 S     0 33885     2  0  60 -20 -     0 worker ?          0:01 [kworker/30:1H]
388 Stepping into the main SUMS wrapper program with []
Archive:  /star/u/truhlar/star-upcDstRP/build/Package.zip
  inflating: /tmp/truhlar/77A0455BE6343006E32CC5EA1CF1F0B7_32/Analysis  
  inflating: /tmp/truhlar/77A0455BE6343006E32CC5EA1CF1F0B7_32/libstar-upc.so  
Swapping $FILELIST with: /tmp/truhlar/77A0455BE6343006E32CC5EA1CF1F0B7_32/INPUTFILES/77A0455BE6343006E32CC5EA1CF1F0B7_32.local.list
--------------------------------
STAR Unified Meta Scheduler 1.10.31 we are starting in $SCRATCH : /home/tmp/truhlar/77A0455BE6343006E32CC5EA1CF1F0B7_32
--------------------------------
total 1144
-rwxr-xr-x 1 truhlar rhstar 175020 Apr 24 21:29 Analysis
drwxr-xr-x 2 truhlar rhstar   4096 Apr 25 09:02 INPUTFILES
-rwxr-xr-x 1 truhlar rhstar 990280 Apr 24 21:28 libstar-upc.so
Starting the job

[1mRooFit v3.60 -- Developed by Wouter Verkerke and David Kirkby[0m 
                Copyright (C) 2000-2013 NIKHEF, University of California & Stanford University
                All rights reserved, please read http://roofit.sourceforge.net/license.txt

Input from chain
Number of UPC events: 776716 RP: 776716
Ending Analysis... GOOD BYE!
77A0455BE6343006E32CC5EA1CF1F0B7_32.AnalysisOutput.root
Analysis*
INPUTFILES/
libstar-upc.so*
Cleaning up sandbox file:  /tmp/truhlar/77A0455BE6343006E32CC5EA1CF1F0B7_32/Analysis
Cleaning up sandbox file:  /tmp/truhlar/77A0455BE6343006E32CC5EA1CF1F0B7_32/libstar-upc.so
Cleaning up sandbox file:  /tmp/truhlar/77A0455BE6343006E32CC5EA1CF1F0B7_32/.sandboxFiles
Starting copy block
Running copy command:  /bin/cp -fp /tmp/truhlar/77A0455BE6343006E32CC5EA1CF1F0B7_32/77A0455BE6343006E32CC5EA1CF1F0B7_32.AnalysisOutput.root /star/u/truhlar/star-upcDstRP/build/outputs/
65436 Execution of (/star/u/truhlar/star-upcDstRP/build/sched/sched77A0455BE6343006E32CC5EA1CF1F0B7_32.csh ) has ended, exiting normally
65436 We END on [Thu Apr 25 09:04:44 EDT 2019]
