We are starting on node: spar0406.usatlas.bnl.gov
HOME is not defined
Using getent method
HOME is now /star/u/truhlar
71428 We will spawn ourselves (/star/u/truhlar/star-upcDstRP/build/sched/sched77A0455BE6343006E32CC5EA1CF1F0B7_62.csh )
71428 We BEGIN on [Thu Apr 25 09:02:04 EDT 2019]
[1] 71584
71428 We are waiting for 71584 
71428 Grandchild PID is 71599 - found in 0 x 1 seconds
71428 Establishing first watcher   on    Thu Apr 25 09:02:04 EDT 2019
71428 Process tree is 71428 (main) -> 71584 (child) -> 71599 (grandchild)
F S   UID    PID   PPID  C PRI  NI ADDR SZ WCHAN  TTY        TIME CMD
71428 Grandchild PID is 71625 - found in 10 x 2 seconds
71428 Grandchild to watch has changed on Thu Apr 25 09:02:26 EDT 2019
71428 Process tree is 71428 (main) -> 71584 (child) -> 71625 (grandchild)
F S   UID    PID   PPID  C PRI  NI ADDR SZ WCHAN  TTY        TIME CMD
0 R 11859  71625  71584 15  80   0 - 97000 -      ?          0:03 ./Analysis /gpfs01/star/pwg/truhlar/ConnectionTest/ELtrig/test/test.list 62
71584 Stepping into the main SUMS wrapper program with []
Archive:  /star/u/truhlar/star-upcDstRP/build/Package.zip
  inflating: /tmp/truhlar/77A0455BE6343006E32CC5EA1CF1F0B7_62/Analysis  
  inflating: /tmp/truhlar/77A0455BE6343006E32CC5EA1CF1F0B7_62/libstar-upc.so  
Swapping $FILELIST with: /tmp/truhlar/77A0455BE6343006E32CC5EA1CF1F0B7_62/INPUTFILES/77A0455BE6343006E32CC5EA1CF1F0B7_62.local.list
--------------------------------
STAR Unified Meta Scheduler 1.10.31 we are starting in $SCRATCH : /home/tmp/truhlar/77A0455BE6343006E32CC5EA1CF1F0B7_62
--------------------------------
total 1144
-rwxr-xr-x 1 truhlar rhstar 175020 Apr 24 21:29 Analysis
drwxr-xr-x 2 truhlar rhstar   4096 Apr 25 09:02 INPUTFILES
-rwxr-xr-x 1 truhlar rhstar 990280 Apr 24 21:28 libstar-upc.so
Starting the job

[1mRooFit v3.60 -- Developed by Wouter Verkerke and David Kirkby[0m 
                Copyright (C) 2000-2013 NIKHEF, University of California & Stanford University
                All rights reserved, please read http://roofit.sourceforge.net/license.txt

Input from chain
Number of UPC events: 487015 RP: 487015
Ending Analysis... GOOD BYE!
77A0455BE6343006E32CC5EA1CF1F0B7_62.AnalysisOutput.root
Analysis*
INPUTFILES/
libstar-upc.so*
Cleaning up sandbox file:  /tmp/truhlar/77A0455BE6343006E32CC5EA1CF1F0B7_62/Analysis
Cleaning up sandbox file:  /tmp/truhlar/77A0455BE6343006E32CC5EA1CF1F0B7_62/libstar-upc.so
Cleaning up sandbox file:  /tmp/truhlar/77A0455BE6343006E32CC5EA1CF1F0B7_62/.sandboxFiles
Starting copy block
Running copy command:  /bin/cp -fp /tmp/truhlar/77A0455BE6343006E32CC5EA1CF1F0B7_62/77A0455BE6343006E32CC5EA1CF1F0B7_62.AnalysisOutput.root /star/u/truhlar/star-upcDstRP/build/outputs/
71428 Execution of (/star/u/truhlar/star-upcDstRP/build/sched/sched77A0455BE6343006E32CC5EA1CF1F0B7_62.csh ) has ended, exiting normally
71428 We END on [Thu Apr 25 09:03:27 EDT 2019]
