We are starting on node: rcas2011.rcf.bnl.gov
HOME is not defined
Using getent method
HOME is now /star/u/truhlar
186793 We will spawn ourselves (/star/u/truhlar/star-upcDstRP/build/sched/schedE76D68442DA2C109B3E123DE0E6E5185_2.csh )
186793 We BEGIN on [Mon Apr 22 15:41:50 EDT 2019]
[1] 186991
186793 We are waiting for 186991 
186793 Grandchild PID is 187027 - found in 10 x 1 seconds
186793 Establishing first watcher   on    Mon Apr 22 15:42:01 EDT 2019
186793 Process tree is 186793 (main) -> 186991 (child) -> 187027 (grandchild)
F S   UID    PID   PPID  C PRI  NI ADDR SZ WCHAN  TTY        TIME CMD
0 R 11859 187027 186991 90  80   0 - 51001 -      ?          0:09 ./Analysis /gpfs01/star/pwg/truhlar/Final/CPtrig/merge_files/StUPCRP_production.list 2
186991 Stepping into the main SUMS wrapper program with []
Archive:  /star/u/truhlar/star-upcDstRP/build/Package.zip
  inflating: /tmp/truhlar/E76D68442DA2C109B3E123DE0E6E5185_2/Analysis  
  inflating: /tmp/truhlar/E76D68442DA2C109B3E123DE0E6E5185_2/libstar-upc.so  
Swapping $FILELIST with: /tmp/truhlar/E76D68442DA2C109B3E123DE0E6E5185_2/INPUTFILES/E76D68442DA2C109B3E123DE0E6E5185_2.local.list
--------------------------------
STAR Unified Meta Scheduler 1.10.31 we are starting in $SCRATCH : /home/tmp/truhlar/E76D68442DA2C109B3E123DE0E6E5185_2
--------------------------------
total 1144
-rwxr-xr-x 1 truhlar rhstar 174068 Apr 21 05:31 Analysis
drwxr-xr-x 2 truhlar rhstar   4096 Apr 22 15:41 INPUTFILES
-rwxr-xr-x 1 truhlar rhstar 990060 Apr 19 12:21 libstar-upc.so
Starting the job

[1mRooFit v3.60 -- Developed by Wouter Verkerke and David Kirkby[0m 
                Copyright (C) 2000-2013 NIKHEF, University of California & Stanford University
                All rights reserved, please read http://roofit.sourceforge.net/license.txt

2 / 2
Input from chain
Number of UPC events: 6204293 RP: 6204293
Ending Analysis... GOOD BYE!
Analysis*
E76D68442DA2C109B3E123DE0E6E5185_2.AnalysisOutput.root
INPUTFILES/
libstar-upc.so*
Cleaning up sandbox file:  /tmp/truhlar/E76D68442DA2C109B3E123DE0E6E5185_2/Analysis
Cleaning up sandbox file:  /tmp/truhlar/E76D68442DA2C109B3E123DE0E6E5185_2/libstar-upc.so
Cleaning up sandbox file:  /tmp/truhlar/E76D68442DA2C109B3E123DE0E6E5185_2/.sandboxFiles
Starting copy block
Running copy command:  /bin/cp -fp /tmp/truhlar/E76D68442DA2C109B3E123DE0E6E5185_2/E76D68442DA2C109B3E123DE0E6E5185_2.AnalysisOutput.root /star/u/truhlar/star-upcDstRP/build/outputs/
186793 Execution of (/star/u/truhlar/star-upcDstRP/build/sched/schedE76D68442DA2C109B3E123DE0E6E5185_2.csh ) has ended, exiting normally
186793 We END on [Mon Apr 22 15:50:35 EDT 2019]
