We are starting on node: rcas2016.rcf.bnl.gov
HOME is not defined
Using getent method
HOME is now /star/u/truhlar
129503 We will spawn ourselves (/star/u/truhlar/star-upcDstRP/build/sched/schedEE123499E54E1A7A314FABE9288752E2_18.csh )
129503 We BEGIN on [Mon Apr 22 15:44:56 EDT 2019]
[1] 129677
129503 We are waiting for 129677 
129503 Grandchild PID is 129712 - found in 10 x 1 seconds
129503 Establishing first watcher   on    Mon Apr 22 15:45:07 EDT 2019
129503 Process tree is 129503 (main) -> 129677 (child) -> 129712 (grandchild)
F S   UID    PID   PPID  C PRI  NI ADDR SZ WCHAN  TTY        TIME CMD
0 R 11859 129712 129677 94  80   0 - 111198 -     ?          0:09 ./Analysis /gpfs01/star/pwg/truhlar/Final/ELtrig/merge_files/StUPCRP_production.list 18
129677 Stepping into the main SUMS wrapper program with []
Archive:  /star/u/truhlar/star-upcDstRP/build/Package.zip
  inflating: /tmp/truhlar/EE123499E54E1A7A314FABE9288752E2_18/Analysis  
  inflating: /tmp/truhlar/EE123499E54E1A7A314FABE9288752E2_18/libstar-upc.so  
Swapping $FILELIST with: /tmp/truhlar/EE123499E54E1A7A314FABE9288752E2_18/INPUTFILES/EE123499E54E1A7A314FABE9288752E2_18.local.list
--------------------------------
STAR Unified Meta Scheduler 1.10.31 we are starting in $SCRATCH : /home/tmp/truhlar/EE123499E54E1A7A314FABE9288752E2_18
--------------------------------
total 1144
-rwxr-xr-x 1 truhlar rhstar 174068 Apr 21 05:31 Analysis
drwxr-xr-x 2 truhlar rhstar   4096 Apr 22 15:44 INPUTFILES
-rwxr-xr-x 1 truhlar rhstar 990060 Apr 19 12:21 libstar-upc.so
Starting the job

[1mRooFit v3.60 -- Developed by Wouter Verkerke and David Kirkby[0m 
                Copyright (C) 2000-2013 NIKHEF, University of California & Stanford University
                All rights reserved, please read http://roofit.sourceforge.net/license.txt

18 / 18
Input from chain
Number of UPC events: 3125318 RP: 3125318
Ending Analysis... GOOD BYE!
Analysis*
EE123499E54E1A7A314FABE9288752E2_18.AnalysisOutput.root
INPUTFILES/
libstar-upc.so*
Cleaning up sandbox file:  /tmp/truhlar/EE123499E54E1A7A314FABE9288752E2_18/Analysis
Cleaning up sandbox file:  /tmp/truhlar/EE123499E54E1A7A314FABE9288752E2_18/libstar-upc.so
Cleaning up sandbox file:  /tmp/truhlar/EE123499E54E1A7A314FABE9288752E2_18/.sandboxFiles
Starting copy block
Running copy command:  /bin/cp -fp /tmp/truhlar/EE123499E54E1A7A314FABE9288752E2_18/EE123499E54E1A7A314FABE9288752E2_18.AnalysisOutput.root /star/u/truhlar/star-upcDstRP/build/outputs/
129503 Execution of (/star/u/truhlar/star-upcDstRP/build/sched/schedEE123499E54E1A7A314FABE9288752E2_18.csh ) has ended, exiting normally
129503 We END on [Mon Apr 22 15:50:54 EDT 2019]
