We are starting on node: spool0221.sdcc.bnl.gov
HOME is not defined
Using getent method
HOME is now /star/u/truhlar
946 We will spawn ourselves (/star/u/truhlar/star-upcDstRP/build/sched/schedEE123499E54E1A7A314FABE9288752E2_8.csh )
946 We BEGIN on [Mon Apr 22 15:44:55 EDT 2019]
[1] 1103
946 We are waiting for 1103 
946 Grandchild PID is 1136 - found in 10 x 1 seconds
946 Establishing first watcher   on    Mon Apr 22 15:45:06 EDT 2019
946 Process tree is 946 (main) -> 1103 (child) -> 1136 (grandchild)
F S   UID   PID  PPID  C PRI  NI ADDR SZ WCHAN  TTY        TIME CMD
0 R 11859  1136  1103 86  80   0 - 96510 -      ?          0:08 ./Analysis /gpfs01/star/pwg/truhlar/Final/ELtrig/merge_files/StUPCRP_production.list 8
1103 Stepping into the main SUMS wrapper program with []
Archive:  /star/u/truhlar/star-upcDstRP/build/Package.zip
  inflating: /tmp/truhlar/EE123499E54E1A7A314FABE9288752E2_8/Analysis  
  inflating: /tmp/truhlar/EE123499E54E1A7A314FABE9288752E2_8/libstar-upc.so  
Swapping $FILELIST with: /tmp/truhlar/EE123499E54E1A7A314FABE9288752E2_8/INPUTFILES/EE123499E54E1A7A314FABE9288752E2_8.local.list
--------------------------------
STAR Unified Meta Scheduler 1.10.31 we are starting in $SCRATCH : /home/tmp/truhlar/EE123499E54E1A7A314FABE9288752E2_8
--------------------------------
total 1144
-rwxr-xr-x 1 truhlar rhstar 174068 Apr 21 05:31 Analysis
drwxr-xr-x 2 truhlar rhstar   4096 Apr 22 15:44 INPUTFILES
-rwxr-xr-x 1 truhlar rhstar 990060 Apr 19 12:21 libstar-upc.so
Starting the job

[1mRooFit v3.60 -- Developed by Wouter Verkerke and David Kirkby[0m 
                Copyright (C) 2000-2013 NIKHEF, University of California & Stanford University
                All rights reserved, please read http://roofit.sourceforge.net/license.txt

8 / 8
Input from chain
Number of UPC events: 2783130 RP: 2783130
Ending Analysis... GOOD BYE!
Analysis*
EE123499E54E1A7A314FABE9288752E2_8.AnalysisOutput.root
INPUTFILES/
libstar-upc.so*
Cleaning up sandbox file:  /tmp/truhlar/EE123499E54E1A7A314FABE9288752E2_8/Analysis
Cleaning up sandbox file:  /tmp/truhlar/EE123499E54E1A7A314FABE9288752E2_8/libstar-upc.so
Cleaning up sandbox file:  /tmp/truhlar/EE123499E54E1A7A314FABE9288752E2_8/.sandboxFiles
Starting copy block
Running copy command:  /bin/cp -fp /tmp/truhlar/EE123499E54E1A7A314FABE9288752E2_8/EE123499E54E1A7A314FABE9288752E2_8.AnalysisOutput.root /star/u/truhlar/star-upcDstRP/build/outputs/
946 Execution of (/star/u/truhlar/star-upcDstRP/build/sched/schedEE123499E54E1A7A314FABE9288752E2_8.csh ) has ended, exiting normally
946 We END on [Mon Apr 22 15:53:58 EDT 2019]
