We are starting on node: rcas2431.rcf.bnl.gov
HOME is not defined
Using getent method
HOME is now /star/u/truhlar
3256 We will spawn ourselves (/star/u/truhlar/star-upcDstRP/build/sched/sched77A0455BE6343006E32CC5EA1CF1F0B7_7.csh )
3256 We BEGIN on [Thu Apr 25 09:02:20 EDT 2019]
[1] 3552
3256 We are waiting for 3552 
3256 Grandchild PID is 3589 - found in 10 x 1 seconds
3256 Establishing first watcher   on    Thu Apr 25 09:02:30 EDT 2019
3256 Process tree is 3256 (main) -> 3552 (child) -> 3589 (grandchild)
F S   UID   PID  PPID  C PRI  NI ADDR SZ WCHAN  TTY        TIME CMD
0 R 11859  3589  3552 10  80   0 - 43182 -      ?          0:01 ./Analysis /gpfs01/star/pwg/truhlar/ConnectionTest/ELtrig/test/test.list 7
3552 Stepping into the main SUMS wrapper program with []
Archive:  /star/u/truhlar/star-upcDstRP/build/Package.zip
  inflating: /tmp/truhlar/77A0455BE6343006E32CC5EA1CF1F0B7_7/Analysis  
  inflating: /tmp/truhlar/77A0455BE6343006E32CC5EA1CF1F0B7_7/libstar-upc.so  
Swapping $FILELIST with: /tmp/truhlar/77A0455BE6343006E32CC5EA1CF1F0B7_7/INPUTFILES/77A0455BE6343006E32CC5EA1CF1F0B7_7.local.list
--------------------------------
STAR Unified Meta Scheduler 1.10.31 we are starting in $SCRATCH : /home/tmp/truhlar/77A0455BE6343006E32CC5EA1CF1F0B7_7
--------------------------------
total 1144
-rwxr-xr-x 1 truhlar rhstar 175020 Apr 24 21:29 Analysis
drwxr-xr-x 2 truhlar rhstar   4096 Apr 25 09:02 INPUTFILES
-rwxr-xr-x 1 truhlar rhstar 990280 Apr 24 21:28 libstar-upc.so
Starting the job

[1mRooFit v3.60 -- Developed by Wouter Verkerke and David Kirkby[0m 
                Copyright (C) 2000-2013 NIKHEF, University of California & Stanford University
                All rights reserved, please read http://roofit.sourceforge.net/license.txt

Input from chain
Number of UPC events: 1317459 RP: 1317459
Ending Analysis... GOOD BYE!
77A0455BE6343006E32CC5EA1CF1F0B7_7.AnalysisOutput.root
Analysis*
INPUTFILES/
libstar-upc.so*
Cleaning up sandbox file:  /tmp/truhlar/77A0455BE6343006E32CC5EA1CF1F0B7_7/Analysis
Cleaning up sandbox file:  /tmp/truhlar/77A0455BE6343006E32CC5EA1CF1F0B7_7/libstar-upc.so
Cleaning up sandbox file:  /tmp/truhlar/77A0455BE6343006E32CC5EA1CF1F0B7_7/.sandboxFiles
Starting copy block
Running copy command:  /bin/cp -fp /tmp/truhlar/77A0455BE6343006E32CC5EA1CF1F0B7_7/77A0455BE6343006E32CC5EA1CF1F0B7_7.AnalysisOutput.root /star/u/truhlar/star-upcDstRP/build/outputs/
3256 Execution of (/star/u/truhlar/star-upcDstRP/build/sched/sched77A0455BE6343006E32CC5EA1CF1F0B7_7.csh ) has ended, exiting normally
3256 We END on [Thu Apr 25 09:08:23 EDT 2019]
