We are starting on node: rcas2769.rcf.bnl.gov
HOME is not defined
Using getent method
HOME is now /star/u/truhlar
38327 We will spawn ourselves (/star/u/truhlar/star-upcDstRP/build/sched/sched77A0455BE6343006E32CC5EA1CF1F0B7_50.csh )
38327 We BEGIN on [Thu Apr 25 09:02:05 EDT 2019]
[1] 38492
38327 We are waiting for 38492 
38327 Grandchild PID is 38529 - found in 10 x 1 seconds
38327 Establishing first watcher   on    Thu Apr 25 09:02:18 EDT 2019
38327 Process tree is 38327 (main) -> 38492 (child) -> 38529 (grandchild)
F S   UID   PID  PPID  C PRI  NI ADDR SZ WCHAN  TTY        TIME CMD
0 R 11859 38529 38492 52  80   0 - 94287 -      ?          0:06 ./Analysis /gpfs01/star/pwg/truhlar/ConnectionTest/ELtrig/test/test.list 50
38492 Stepping into the main SUMS wrapper program with []
Archive:  /star/u/truhlar/star-upcDstRP/build/Package.zip
  inflating: /tmp/truhlar/77A0455BE6343006E32CC5EA1CF1F0B7_50/Analysis  
  inflating: /tmp/truhlar/77A0455BE6343006E32CC5EA1CF1F0B7_50/libstar-upc.so  
Swapping $FILELIST with: /tmp/truhlar/77A0455BE6343006E32CC5EA1CF1F0B7_50/INPUTFILES/77A0455BE6343006E32CC5EA1CF1F0B7_50.local.list
--------------------------------
STAR Unified Meta Scheduler 1.10.31 we are starting in $SCRATCH : /home/tmp/truhlar/77A0455BE6343006E32CC5EA1CF1F0B7_50
--------------------------------
total 1144
-rwxr-xr-x 1 truhlar rhstar 175020 Apr 24 21:29 Analysis
drwxr-xr-x 2 truhlar rhstar   4096 Apr 25 09:02 INPUTFILES
-rwxr-xr-x 1 truhlar rhstar 990280 Apr 24 21:28 libstar-upc.so
Starting the job

[1mRooFit v3.60 -- Developed by Wouter Verkerke and David Kirkby[0m 
                Copyright (C) 2000-2013 NIKHEF, University of California & Stanford University
                All rights reserved, please read http://roofit.sourceforge.net/license.txt

Input from chain
Number of UPC events: 567852 RP: 567852
Ending Analysis... GOOD BYE!
77A0455BE6343006E32CC5EA1CF1F0B7_50.AnalysisOutput.root
Analysis*
INPUTFILES/
libstar-upc.so*
Cleaning up sandbox file:  /tmp/truhlar/77A0455BE6343006E32CC5EA1CF1F0B7_50/Analysis
Cleaning up sandbox file:  /tmp/truhlar/77A0455BE6343006E32CC5EA1CF1F0B7_50/libstar-upc.so
Cleaning up sandbox file:  /tmp/truhlar/77A0455BE6343006E32CC5EA1CF1F0B7_50/.sandboxFiles
Starting copy block
Running copy command:  /bin/cp -fp /tmp/truhlar/77A0455BE6343006E32CC5EA1CF1F0B7_50/77A0455BE6343006E32CC5EA1CF1F0B7_50.AnalysisOutput.root /star/u/truhlar/star-upcDstRP/build/outputs/
38327 Execution of (/star/u/truhlar/star-upcDstRP/build/sched/sched77A0455BE6343006E32CC5EA1CF1F0B7_50.csh ) has ended, exiting normally
38327 We END on [Thu Apr 25 09:03:58 EDT 2019]
