We are starting on node: spar0348.usatlas.bnl.gov
HOME is not defined
Using getent method
HOME is now /star/u/truhlar
24661 We will spawn ourselves (/star/u/truhlar/star-upcDstRP/build/sched/sched7D1225A1194326D4115E1D56948B3C67_25.csh )
24661 We BEGIN on [Wed Apr 24 14:03:43 EDT 2019]
[1] 24820
24661 We are waiting for 24820 
24661 Grandchild PID is 24849 - found in 10 x 1 seconds
24661 Establishing first watcher   on    Wed Apr 24 14:03:54 EDT 2019
24661 Process tree is 24661 (main) -> 24820 (child) -> 24849 (grandchild)
F S   UID   PID  PPID  C PRI  NI ADDR SZ WCHAN  TTY        TIME CMD
0 R 11859 24849 24820 95  80   0 - 100545 -     ?          0:09 ./Analysis /gpfs01/star/pwg/truhlar/ConnectionTest/ELtrig/test/Elastic.list 25
24820 Stepping into the main SUMS wrapper program with []
Archive:  /star/u/truhlar/star-upcDstRP/build/Package.zip
  inflating: /tmp/truhlar/7D1225A1194326D4115E1D56948B3C67_25/Analysis  
  inflating: /tmp/truhlar/7D1225A1194326D4115E1D56948B3C67_25/libstar-upc.so  
Swapping $FILELIST with: /tmp/truhlar/7D1225A1194326D4115E1D56948B3C67_25/INPUTFILES/7D1225A1194326D4115E1D56948B3C67_25.local.list
--------------------------------
STAR Unified Meta Scheduler 1.10.31 we are starting in $SCRATCH : /home/tmp/truhlar/7D1225A1194326D4115E1D56948B3C67_25
--------------------------------
total 1144
-rwxr-xr-x 1 truhlar rhstar 174068 Apr 21 05:31 Analysis
drwxr-xr-x 2 truhlar rhstar   4096 Apr 24 14:03 INPUTFILES
-rwxr-xr-x 1 truhlar rhstar 990060 Apr 19 12:21 libstar-upc.so
Starting the job

[1mRooFit v3.60 -- Developed by Wouter Verkerke and David Kirkby[0m 
                Copyright (C) 2000-2013 NIKHEF, University of California & Stanford University
                All rights reserved, please read http://roofit.sourceforge.net/license.txt

25 / 25
Input from chain
Number of UPC events: 485045 RP: 485045
Ending Analysis... GOOD BYE!
7D1225A1194326D4115E1D56948B3C67_25.AnalysisOutput.root
Analysis*
INPUTFILES/
libstar-upc.so*
Cleaning up sandbox file:  /tmp/truhlar/7D1225A1194326D4115E1D56948B3C67_25/Analysis
Cleaning up sandbox file:  /tmp/truhlar/7D1225A1194326D4115E1D56948B3C67_25/libstar-upc.so
Cleaning up sandbox file:  /tmp/truhlar/7D1225A1194326D4115E1D56948B3C67_25/.sandboxFiles
Starting copy block
Running copy command:  /bin/cp -fp /tmp/truhlar/7D1225A1194326D4115E1D56948B3C67_25/7D1225A1194326D4115E1D56948B3C67_25.AnalysisOutput.root /star/u/truhlar/star-upcDstRP/build/outputs/
24661 Execution of (/star/u/truhlar/star-upcDstRP/build/sched/sched7D1225A1194326D4115E1D56948B3C67_25.csh ) has ended, exiting normally
24661 We END on [Wed Apr 24 14:06:31 EDT 2019]
