We are starting on node: rcas6081.rcf.bnl.gov
HOME is not defined
Using getent method
HOME is now /star/u/truhlar
296217 We will spawn ourselves (/star/u/truhlar/star-upcDstRP/build/sched/sched7D1225A1194326D4115E1D56948B3C67_81.csh )
296217 We BEGIN on [Wed Apr 24 14:03:15 EDT 2019]
[1] 296648
296217 We are waiting for 296648 
296217 Grandchild PID is 296810 - found in 10 x 1 seconds
296217 Establishing first watcher   on    Wed Apr 24 14:03:25 EDT 2019
296217 Process tree is 296217 (main) -> 296648 (child) -> 296810 (grandchild)
F S   UID    PID   PPID  C PRI  NI ADDR SZ WCHAN  TTY        TIME CMD
0 R 11859 296810 296648 92  80   0 - 108922 -     ?          0:10 ./Analysis /gpfs01/star/pwg/truhlar/ConnectionTest/ELtrig/test/Elastic.list 81
296648 Stepping into the main SUMS wrapper program with []
Archive:  /star/u/truhlar/star-upcDstRP/build/Package.zip
  inflating: /tmp/truhlar/7D1225A1194326D4115E1D56948B3C67_81/Analysis  
  inflating: /tmp/truhlar/7D1225A1194326D4115E1D56948B3C67_81/libstar-upc.so  
Swapping $FILELIST with: /tmp/truhlar/7D1225A1194326D4115E1D56948B3C67_81/INPUTFILES/7D1225A1194326D4115E1D56948B3C67_81.local.list
--------------------------------
STAR Unified Meta Scheduler 1.10.31 we are starting in $SCRATCH : /home/tmp/truhlar/7D1225A1194326D4115E1D56948B3C67_81
--------------------------------
total 1144
-rwxr-xr-x 1 truhlar rhstar 174068 Apr 21 05:31 Analysis
drwxr-xr-x 2 truhlar rhstar   4096 Apr 24 14:03 INPUTFILES
-rwxr-xr-x 1 truhlar rhstar 990060 Apr 19 12:21 libstar-upc.so
Starting the job

[1mRooFit v3.60 -- Developed by Wouter Verkerke and David Kirkby[0m 
                Copyright (C) 2000-2013 NIKHEF, University of California & Stanford University
                All rights reserved, please read http://roofit.sourceforge.net/license.txt

81 / 81
Input from chain
Number of UPC events: 534703 RP: 534703
Ending Analysis... GOOD BYE!
7D1225A1194326D4115E1D56948B3C67_81.AnalysisOutput.root
Analysis*
INPUTFILES/
libstar-upc.so*
Cleaning up sandbox file:  /tmp/truhlar/7D1225A1194326D4115E1D56948B3C67_81/Analysis
Cleaning up sandbox file:  /tmp/truhlar/7D1225A1194326D4115E1D56948B3C67_81/libstar-upc.so
Cleaning up sandbox file:  /tmp/truhlar/7D1225A1194326D4115E1D56948B3C67_81/.sandboxFiles
Starting copy block
Running copy command:  /bin/cp -fp /tmp/truhlar/7D1225A1194326D4115E1D56948B3C67_81/7D1225A1194326D4115E1D56948B3C67_81.AnalysisOutput.root /star/u/truhlar/star-upcDstRP/build/outputs/
296217 Execution of (/star/u/truhlar/star-upcDstRP/build/sched/sched7D1225A1194326D4115E1D56948B3C67_81.csh ) has ended, exiting normally
296217 We END on [Wed Apr 24 14:04:19 EDT 2019]
