We are starting on node: rcas6275.rcf.bnl.gov
HOME is not defined
Using getent method
HOME is now /star/u/truhlar
26471 We will spawn ourselves (/star/u/truhlar/star-upcDstRP/build/sched/schedAB932A2AA07F06EEDA2C2C988034E20B_15.csh )
26471 We BEGIN on [Wed Apr 24 11:55:28 EDT 2019]
[1] 26670
26471 We are waiting for 26670 
26471 Grandchild PID is 26713 - found in 10 x 1 seconds
26471 Establishing first watcher   on    Wed Apr 24 11:55:39 EDT 2019
26471 Process tree is 26471 (main) -> 26670 (child) -> 26713 (grandchild)
F S   UID   PID  PPID  C PRI  NI ADDR SZ WCHAN  TTY        TIME CMD
0 R 11859 26713 26670 63  80   0 - 108815 -     ?          0:06 ./Analysis /gpfs01/star/pwg/truhlar/ConnectionTest/ELtrig/merge_files/StUPCRP_production.list 15
26670 Stepping into the main SUMS wrapper program with []
Archive:  /star/u/truhlar/star-upcDstRP/build/Package.zip
  inflating: /tmp/truhlar/AB932A2AA07F06EEDA2C2C988034E20B_15/Analysis  
  inflating: /tmp/truhlar/AB932A2AA07F06EEDA2C2C988034E20B_15/libstar-upc.so  
Swapping $FILELIST with: /tmp/truhlar/AB932A2AA07F06EEDA2C2C988034E20B_15/INPUTFILES/AB932A2AA07F06EEDA2C2C988034E20B_15.local.list
--------------------------------
STAR Unified Meta Scheduler 1.10.31 we are starting in $SCRATCH : /home/tmp/truhlar/AB932A2AA07F06EEDA2C2C988034E20B_15
--------------------------------
total 1144
-rwxr-xr-x 1 truhlar rhstar 174068 Apr 21 05:31 Analysis
drwxr-xr-x 2 truhlar rhstar   4096 Apr 24 11:55 INPUTFILES
-rwxr-xr-x 1 truhlar rhstar 990060 Apr 19 12:21 libstar-upc.so
Starting the job

[1mRooFit v3.60 -- Developed by Wouter Verkerke and David Kirkby[0m 
                Copyright (C) 2000-2013 NIKHEF, University of California & Stanford University
                All rights reserved, please read http://roofit.sourceforge.net/license.txt

15 / 15
Input from chain
Number of UPC events: 2717585 RP: 2717585
Ending Analysis... GOOD BYE!
AB932A2AA07F06EEDA2C2C988034E20B_15.AnalysisOutput.root
Analysis*
INPUTFILES/
libstar-upc.so*
Cleaning up sandbox file:  /tmp/truhlar/AB932A2AA07F06EEDA2C2C988034E20B_15/Analysis
Cleaning up sandbox file:  /tmp/truhlar/AB932A2AA07F06EEDA2C2C988034E20B_15/libstar-upc.so
Cleaning up sandbox file:  /tmp/truhlar/AB932A2AA07F06EEDA2C2C988034E20B_15/.sandboxFiles
Starting copy block
Running copy command:  /bin/cp -fp /tmp/truhlar/AB932A2AA07F06EEDA2C2C988034E20B_15/AB932A2AA07F06EEDA2C2C988034E20B_15.AnalysisOutput.root /star/u/truhlar/star-upcDstRP/build/outputs/
26471 Execution of (/star/u/truhlar/star-upcDstRP/build/sched/schedAB932A2AA07F06EEDA2C2C988034E20B_15.csh ) has ended, exiting normally
26471 We END on [Wed Apr 24 12:17:47 EDT 2019]
