We are starting on node: spool0275.sdcc.bnl.gov
HOME is not defined
Using getent method
HOME is now /star/u/truhlar
4851 We will spawn ourselves (/star/u/truhlar/star-upcDstRP/build/sched/sched332B783D50456A4AA6AC6B38C6CDCF5B_7.csh )
4851 We BEGIN on [Tue Apr 23 13:04:56 EDT 2019]
[1] 5028
4851 We are waiting for 5028 
4851 Grandchild PID is 5058 - found in 10 x 1 seconds
4851 Establishing first watcher   on    Tue Apr 23 13:05:06 EDT 2019
4851 Process tree is 4851 (main) -> 5028 (child) -> 5058 (grandchild)
F S   UID   PID  PPID  C PRI  NI ADDR SZ WCHAN  TTY        TIME CMD
0 R 11859  5058  5028 80  80   0 - 96948 -      ?          0:08 ./Analysis /gpfs01/star/pwg/truhlar/Test/ELtrig/merge_files/StUPCRP_production.list 7
5028 Stepping into the main SUMS wrapper program with []
Archive:  /star/u/truhlar/star-upcDstRP/build/Package.zip
  inflating: /tmp/truhlar/332B783D50456A4AA6AC6B38C6CDCF5B_7/Analysis  
  inflating: /tmp/truhlar/332B783D50456A4AA6AC6B38C6CDCF5B_7/libstar-upc.so  
Swapping $FILELIST with: /tmp/truhlar/332B783D50456A4AA6AC6B38C6CDCF5B_7/INPUTFILES/332B783D50456A4AA6AC6B38C6CDCF5B_7.local.list
--------------------------------
STAR Unified Meta Scheduler 1.10.31 we are starting in $SCRATCH : /home/tmp/truhlar/332B783D50456A4AA6AC6B38C6CDCF5B_7
--------------------------------
total 1144
-rwxr-xr-x 1 truhlar rhstar 174068 Apr 21 05:31 Analysis
drwxr-xr-x 2 truhlar rhstar   4096 Apr 23 13:04 INPUTFILES
-rwxr-xr-x 1 truhlar rhstar 990060 Apr 19 12:21 libstar-upc.so
Starting the job

[1mRooFit v3.60 -- Developed by Wouter Verkerke and David Kirkby[0m 
                Copyright (C) 2000-2013 NIKHEF, University of California & Stanford University
                All rights reserved, please read http://roofit.sourceforge.net/license.txt

7 / 7
Input from chain
Number of UPC events: 2592798 RP: 2592798
Ending Analysis... GOOD BYE!
332B783D50456A4AA6AC6B38C6CDCF5B_7.AnalysisOutput.root
Analysis*
INPUTFILES/
libstar-upc.so*
Cleaning up sandbox file:  /tmp/truhlar/332B783D50456A4AA6AC6B38C6CDCF5B_7/Analysis
Cleaning up sandbox file:  /tmp/truhlar/332B783D50456A4AA6AC6B38C6CDCF5B_7/libstar-upc.so
Cleaning up sandbox file:  /tmp/truhlar/332B783D50456A4AA6AC6B38C6CDCF5B_7/.sandboxFiles
Starting copy block
Running copy command:  /bin/cp -fp /tmp/truhlar/332B783D50456A4AA6AC6B38C6CDCF5B_7/332B783D50456A4AA6AC6B38C6CDCF5B_7.AnalysisOutput.root /star/u/truhlar/star-upcDstRP/build/outputs/
4851 Execution of (/star/u/truhlar/star-upcDstRP/build/sched/sched332B783D50456A4AA6AC6B38C6CDCF5B_7.csh ) has ended, exiting normally
4851 We END on [Tue Apr 23 13:12:47 EDT 2019]
