We are starting on node: spool0131.sdcc.bnl.gov
HOME is not defined
Using getent method
HOME is now /star/u/truhlar
25923 We will spawn ourselves (/star/u/truhlar/star-upcDstRP/build/sched/sched7D1225A1194326D4115E1D56948B3C67_34.csh )
25923 We BEGIN on [Wed Apr 24 14:03:47 EDT 2019]
[1] 26076
25923 We are waiting for 26076 
25923 Grandchild PID is 26105 - found in 10 x 1 seconds
25923 Establishing first watcher   on    Wed Apr 24 14:03:57 EDT 2019
25923 Process tree is 25923 (main) -> 26076 (child) -> 26105 (grandchild)
F S   UID   PID  PPID  C PRI  NI ADDR SZ WCHAN  TTY        TIME CMD
0 D 11859 26105 26076 91  80   0 - 95221 cxiWai ?          0:09 ./Analysis /gpfs01/star/pwg/truhlar/ConnectionTest/ELtrig/test/Elastic.list 34
26076 Stepping into the main SUMS wrapper program with []
Archive:  /star/u/truhlar/star-upcDstRP/build/Package.zip
  inflating: /tmp/truhlar/7D1225A1194326D4115E1D56948B3C67_34/Analysis  
  inflating: /tmp/truhlar/7D1225A1194326D4115E1D56948B3C67_34/libstar-upc.so  
Swapping $FILELIST with: /tmp/truhlar/7D1225A1194326D4115E1D56948B3C67_34/INPUTFILES/7D1225A1194326D4115E1D56948B3C67_34.local.list
--------------------------------
STAR Unified Meta Scheduler 1.10.31 we are starting in $SCRATCH : /home/tmp/truhlar/7D1225A1194326D4115E1D56948B3C67_34
--------------------------------
total 1144
-rwxr-xr-x 1 truhlar rhstar 174068 Apr 21 05:31 Analysis
drwxr-xr-x 2 truhlar rhstar   4096 Apr 24 14:03 INPUTFILES
-rwxr-xr-x 1 truhlar rhstar 990060 Apr 19 12:21 libstar-upc.so
Starting the job

[1mRooFit v3.60 -- Developed by Wouter Verkerke and David Kirkby[0m 
                Copyright (C) 2000-2013 NIKHEF, University of California & Stanford University
                All rights reserved, please read http://roofit.sourceforge.net/license.txt

34 / 34
Input from chain
Number of UPC events: 678622 RP: 678622
Ending Analysis... GOOD BYE!
7D1225A1194326D4115E1D56948B3C67_34.AnalysisOutput.root
Analysis*
INPUTFILES/
libstar-upc.so*
Cleaning up sandbox file:  /tmp/truhlar/7D1225A1194326D4115E1D56948B3C67_34/Analysis
Cleaning up sandbox file:  /tmp/truhlar/7D1225A1194326D4115E1D56948B3C67_34/libstar-upc.so
Cleaning up sandbox file:  /tmp/truhlar/7D1225A1194326D4115E1D56948B3C67_34/.sandboxFiles
Starting copy block
Running copy command:  /bin/cp -fp /tmp/truhlar/7D1225A1194326D4115E1D56948B3C67_34/7D1225A1194326D4115E1D56948B3C67_34.AnalysisOutput.root /star/u/truhlar/star-upcDstRP/build/outputs/
25923 Execution of (/star/u/truhlar/star-upcDstRP/build/sched/sched7D1225A1194326D4115E1D56948B3C67_34.csh ) has ended, exiting normally
25923 We END on [Wed Apr 24 14:05:33 EDT 2019]
