We are starting on node: rcas6085.rcf.bnl.gov
HOME is not defined
Using getent method
HOME is now /star/u/truhlar
201719 We will spawn ourselves (/star/u/truhlar/star-upcDstRP/build/sched/sched77A0455BE6343006E32CC5EA1CF1F0B7_69.csh )
201719 We BEGIN on [Thu Apr 25 09:02:09 EDT 2019]
[1] 201943
201719 We are waiting for 201943 
201719 Grandchild PID is 201985 - found in 10 x 1 seconds
201719 Establishing first watcher   on    Thu Apr 25 09:02:20 EDT 2019
201719 Process tree is 201719 (main) -> 201943 (child) -> 201985 (grandchild)
F S   UID    PID   PPID  C PRI  NI ADDR SZ WCHAN  TTY        TIME CMD
0 R 11859 201985 201943 54  80   0 - 103072 -     ?          0:05 ./Analysis /gpfs01/star/pwg/truhlar/ConnectionTest/ELtrig/test/test.list 69
201943 Stepping into the main SUMS wrapper program with []
Archive:  /star/u/truhlar/star-upcDstRP/build/Package.zip
  inflating: /tmp/truhlar/77A0455BE6343006E32CC5EA1CF1F0B7_69/Analysis  
  inflating: /tmp/truhlar/77A0455BE6343006E32CC5EA1CF1F0B7_69/libstar-upc.so  
Swapping $FILELIST with: /tmp/truhlar/77A0455BE6343006E32CC5EA1CF1F0B7_69/INPUTFILES/77A0455BE6343006E32CC5EA1CF1F0B7_69.local.list
--------------------------------
STAR Unified Meta Scheduler 1.10.31 we are starting in $SCRATCH : /home/tmp/truhlar/77A0455BE6343006E32CC5EA1CF1F0B7_69
--------------------------------
total 1144
-rwxr-xr-x 1 truhlar rhstar 175020 Apr 24 21:29 Analysis
drwxr-xr-x 2 truhlar rhstar   4096 Apr 25 09:02 INPUTFILES
-rwxr-xr-x 1 truhlar rhstar 990280 Apr 24 21:28 libstar-upc.so
Starting the job

[1mRooFit v3.60 -- Developed by Wouter Verkerke and David Kirkby[0m 
                Copyright (C) 2000-2013 NIKHEF, University of California & Stanford University
                All rights reserved, please read http://roofit.sourceforge.net/license.txt

Input from chain
Number of UPC events: 1003619 RP: 1003619
Ending Analysis... GOOD BYE!
77A0455BE6343006E32CC5EA1CF1F0B7_69.AnalysisOutput.root
Analysis*
INPUTFILES/
libstar-upc.so*
Cleaning up sandbox file:  /tmp/truhlar/77A0455BE6343006E32CC5EA1CF1F0B7_69/Analysis
Cleaning up sandbox file:  /tmp/truhlar/77A0455BE6343006E32CC5EA1CF1F0B7_69/libstar-upc.so
Cleaning up sandbox file:  /tmp/truhlar/77A0455BE6343006E32CC5EA1CF1F0B7_69/.sandboxFiles
Starting copy block
Running copy command:  /bin/cp -fp /tmp/truhlar/77A0455BE6343006E32CC5EA1CF1F0B7_69/77A0455BE6343006E32CC5EA1CF1F0B7_69.AnalysisOutput.root /star/u/truhlar/star-upcDstRP/build/outputs/
201719 Execution of (/star/u/truhlar/star-upcDstRP/build/sched/sched77A0455BE6343006E32CC5EA1CF1F0B7_69.csh ) has ended, exiting normally
201719 We END on [Thu Apr 25 09:03:40 EDT 2019]
