We are starting on node: rcas6091.rcf.bnl.gov
HOME is not defined
Using getent method
HOME is now /star/u/truhlar
33251 We will spawn ourselves (/star/u/truhlar/star-upcDstRP/build/sched/sched77A0455BE6343006E32CC5EA1CF1F0B7_77.csh )
33251 We BEGIN on [Thu Apr 25 09:02:08 EDT 2019]
[1] 33435
33251 We are waiting for 33435 
33251 Grandchild PID is 33471 - found in 10 x 1 seconds
33251 Establishing first watcher   on    Thu Apr 25 09:02:20 EDT 2019
33251 Process tree is 33251 (main) -> 33435 (child) -> 33471 (grandchild)
F S   UID    PID   PPID  C PRI  NI ADDR SZ WCHAN  TTY        TIME CMD
0 R 11859  33471  33435 73  80   0 - 102014 -     ?          0:08 ./Analysis /gpfs01/star/pwg/truhlar/ConnectionTest/ELtrig/test/test.list 77
33435 Stepping into the main SUMS wrapper program with []
Archive:  /star/u/truhlar/star-upcDstRP/build/Package.zip
  inflating: /tmp/truhlar/77A0455BE6343006E32CC5EA1CF1F0B7_77/Analysis  
  inflating: /tmp/truhlar/77A0455BE6343006E32CC5EA1CF1F0B7_77/libstar-upc.so  
Swapping $FILELIST with: /tmp/truhlar/77A0455BE6343006E32CC5EA1CF1F0B7_77/INPUTFILES/77A0455BE6343006E32CC5EA1CF1F0B7_77.local.list
--------------------------------
STAR Unified Meta Scheduler 1.10.31 we are starting in $SCRATCH : /home/tmp/truhlar/77A0455BE6343006E32CC5EA1CF1F0B7_77
--------------------------------
total 1144
-rwxr-xr-x 1 truhlar rhstar 175020 Apr 24 21:29 Analysis
drwxr-xr-x 2 truhlar rhstar   4096 Apr 25 09:02 INPUTFILES
-rwxr-xr-x 1 truhlar rhstar 990280 Apr 24 21:28 libstar-upc.so
Starting the job

[1mRooFit v3.60 -- Developed by Wouter Verkerke and David Kirkby[0m 
                Copyright (C) 2000-2013 NIKHEF, University of California & Stanford University
                All rights reserved, please read http://roofit.sourceforge.net/license.txt

Input from chain
Number of UPC events: 943358 RP: 943358
Ending Analysis... GOOD BYE!
77A0455BE6343006E32CC5EA1CF1F0B7_77.AnalysisOutput.root
Analysis*
INPUTFILES/
libstar-upc.so*
Cleaning up sandbox file:  /tmp/truhlar/77A0455BE6343006E32CC5EA1CF1F0B7_77/Analysis
Cleaning up sandbox file:  /tmp/truhlar/77A0455BE6343006E32CC5EA1CF1F0B7_77/libstar-upc.so
Cleaning up sandbox file:  /tmp/truhlar/77A0455BE6343006E32CC5EA1CF1F0B7_77/.sandboxFiles
Starting copy block
Running copy command:  /bin/cp -fp /tmp/truhlar/77A0455BE6343006E32CC5EA1CF1F0B7_77/77A0455BE6343006E32CC5EA1CF1F0B7_77.AnalysisOutput.root /star/u/truhlar/star-upcDstRP/build/outputs/
33251 Execution of (/star/u/truhlar/star-upcDstRP/build/sched/sched77A0455BE6343006E32CC5EA1CF1F0B7_77.csh ) has ended, exiting normally
33251 We END on [Thu Apr 25 09:03:36 EDT 2019]
