We are starting on node: rcas2002.rcf.bnl.gov
HOME is not defined
Using getent method
HOME is now /star/u/truhlar
35689 We will spawn ourselves (/star/u/truhlar/star-upcDstRP/build/sched/schedD6A53A0E661A07E88A4767E39D4CC73E_0.csh )
35689 We BEGIN on [Sun Apr 21 05:33:36 EDT 2019]
[1] 35983
35689 We are waiting for 35983 
35689 Grandchild PID is 36106 - found in 10 x 1 seconds
35689 Establishing first watcher   on    Sun Apr 21 05:33:47 EDT 2019
35689 Process tree is 35689 (main) -> 35983 (child) -> 36106 (grandchild)
F S   UID    PID   PPID  C PRI  NI ADDR SZ WCHAN  TTY        TIME CMD
0 R 11859  36106  35983 92  80   0 - 60098 -      ?          0:09 ./Analysis /gpfs01/star/pwg/truhlar/Final/CPtrig/merge_files/StUPCRP_production.list 0
35983 Stepping into the main SUMS wrapper program with []
Archive:  /star/u/truhlar/star-upcDstRP/build/Package.zip
  inflating: /tmp/truhlar/D6A53A0E661A07E88A4767E39D4CC73E_0/Analysis  
  inflating: /tmp/truhlar/D6A53A0E661A07E88A4767E39D4CC73E_0/libstar-upc.so  
Swapping $FILELIST with: /tmp/truhlar/D6A53A0E661A07E88A4767E39D4CC73E_0/INPUTFILES/D6A53A0E661A07E88A4767E39D4CC73E_0.local.list
--------------------------------
STAR Unified Meta Scheduler 1.10.31 we are starting in $SCRATCH : /home/tmp/truhlar/D6A53A0E661A07E88A4767E39D4CC73E_0
--------------------------------
total 1144
-rwxr-xr-x 1 truhlar rhstar 174068 Apr 21 05:31 Analysis
drwxr-xr-x 2 truhlar rhstar   4096 Apr 21 05:33 INPUTFILES
-rwxr-xr-x 1 truhlar rhstar 990060 Apr 19 12:21 libstar-upc.so
Starting the job

[1mRooFit v3.60 -- Developed by Wouter Verkerke and David Kirkby[0m 
                Copyright (C) 2000-2013 NIKHEF, University of California & Stanford University
                All rights reserved, please read http://roofit.sourceforge.net/license.txt

0 / 0
Input from chain
Number of UPC events: 6172952 RP: 6172952
Ending Analysis... GOOD BYE!
Analysis*
D6A53A0E661A07E88A4767E39D4CC73E_0.AnalysisOutput.root
INPUTFILES/
libstar-upc.so*
Cleaning up sandbox file:  /tmp/truhlar/D6A53A0E661A07E88A4767E39D4CC73E_0/Analysis
Cleaning up sandbox file:  /tmp/truhlar/D6A53A0E661A07E88A4767E39D4CC73E_0/libstar-upc.so
Cleaning up sandbox file:  /tmp/truhlar/D6A53A0E661A07E88A4767E39D4CC73E_0/.sandboxFiles
Starting copy block
Running copy command:  /bin/cp -fp /tmp/truhlar/D6A53A0E661A07E88A4767E39D4CC73E_0/D6A53A0E661A07E88A4767E39D4CC73E_0.AnalysisOutput.root /star/u/truhlar/star-upcDstRP/build/outputs/
35689 Execution of (/star/u/truhlar/star-upcDstRP/build/sched/schedD6A53A0E661A07E88A4767E39D4CC73E_0.csh ) has ended, exiting normally
35689 We END on [Sun Apr 21 05:40:01 EDT 2019]
