We are starting on node: rcas6094.rcf.bnl.gov
HOME is not defined
Using getent method
HOME is now /star/u/truhlar
146715 We will spawn ourselves (/star/u/truhlar/star-upcDstRP/build/sched/schedEE123499E54E1A7A314FABE9288752E2_16.csh )
146715 We BEGIN on [Mon Apr 22 15:44:57 EDT 2019]
[1] 146898
146715 We are waiting for 146898 
146715 Grandchild PID is 146934 - found in 10 x 1 seconds
146715 Establishing first watcher   on    Mon Apr 22 15:45:07 EDT 2019
146715 Process tree is 146715 (main) -> 146898 (child) -> 146934 (grandchild)
F S   UID    PID   PPID  C PRI  NI ADDR SZ WCHAN  TTY        TIME CMD
0 R 11859 146934 146898 89  80   0 - 107671 -     ?          0:08 ./Analysis /gpfs01/star/pwg/truhlar/Final/ELtrig/merge_files/StUPCRP_production.list 16
146898 Stepping into the main SUMS wrapper program with []
Archive:  /star/u/truhlar/star-upcDstRP/build/Package.zip
  inflating: /tmp/truhlar/EE123499E54E1A7A314FABE9288752E2_16/Analysis  
  inflating: /tmp/truhlar/EE123499E54E1A7A314FABE9288752E2_16/libstar-upc.so  
Swapping $FILELIST with: /tmp/truhlar/EE123499E54E1A7A314FABE9288752E2_16/INPUTFILES/EE123499E54E1A7A314FABE9288752E2_16.local.list
--------------------------------
STAR Unified Meta Scheduler 1.10.31 we are starting in $SCRATCH : /home/tmp/truhlar/EE123499E54E1A7A314FABE9288752E2_16
--------------------------------
total 1144
-rwxr-xr-x 1 truhlar rhstar 174068 Apr 21 05:31 Analysis
drwxr-xr-x 2 truhlar rhstar   4096 Apr 22 15:44 INPUTFILES
-rwxr-xr-x 1 truhlar rhstar 990060 Apr 19 12:21 libstar-upc.so
Starting the job

[1mRooFit v3.60 -- Developed by Wouter Verkerke and David Kirkby[0m 
                Copyright (C) 2000-2013 NIKHEF, University of California & Stanford University
                All rights reserved, please read http://roofit.sourceforge.net/license.txt

16 / 16
Input from chain
Number of UPC events: 2919311 RP: 2919311
Ending Analysis... GOOD BYE!
Analysis*
EE123499E54E1A7A314FABE9288752E2_16.AnalysisOutput.root
INPUTFILES/
libstar-upc.so*
Cleaning up sandbox file:  /tmp/truhlar/EE123499E54E1A7A314FABE9288752E2_16/Analysis
Cleaning up sandbox file:  /tmp/truhlar/EE123499E54E1A7A314FABE9288752E2_16/libstar-upc.so
Cleaning up sandbox file:  /tmp/truhlar/EE123499E54E1A7A314FABE9288752E2_16/.sandboxFiles
Starting copy block
Running copy command:  /bin/cp -fp /tmp/truhlar/EE123499E54E1A7A314FABE9288752E2_16/EE123499E54E1A7A314FABE9288752E2_16.AnalysisOutput.root /star/u/truhlar/star-upcDstRP/build/outputs/
146715 Execution of (/star/u/truhlar/star-upcDstRP/build/sched/schedEE123499E54E1A7A314FABE9288752E2_16.csh ) has ended, exiting normally
146715 We END on [Mon Apr 22 15:51:11 EDT 2019]
