We are starting on node: rcas2906.rcf.bnl.gov
HOME is not defined
Using getent method
HOME is now /star/u/truhlar
1378 We will spawn ourselves (/star/u/truhlar/star-upcDstRP/build/sched/sched332B783D50456A4AA6AC6B38C6CDCF5B_5.csh )
1378 We BEGIN on [Tue Apr 23 13:04:56 EDT 2019]
[1] 1548
1378 We are waiting for 1548 
1378 Grandchild PID is 1584 - found in 10 x 1 seconds
1378 Establishing first watcher   on    Tue Apr 23 13:05:06 EDT 2019
1378 Process tree is 1378 (main) -> 1548 (child) -> 1584 (grandchild)
F S   UID   PID  PPID  C PRI  NI ADDR SZ WCHAN  TTY        TIME CMD
0 R 11859  1584  1548 90  80   0 - 106085 -     ?          0:09 ./Analysis /gpfs01/star/pwg/truhlar/Test/ELtrig/merge_files/StUPCRP_production.list 5
1548 Stepping into the main SUMS wrapper program with []
Archive:  /star/u/truhlar/star-upcDstRP/build/Package.zip
  inflating: /tmp/truhlar/332B783D50456A4AA6AC6B38C6CDCF5B_5/Analysis  
  inflating: /tmp/truhlar/332B783D50456A4AA6AC6B38C6CDCF5B_5/libstar-upc.so  
Swapping $FILELIST with: /tmp/truhlar/332B783D50456A4AA6AC6B38C6CDCF5B_5/INPUTFILES/332B783D50456A4AA6AC6B38C6CDCF5B_5.local.list
--------------------------------
STAR Unified Meta Scheduler 1.10.31 we are starting in $SCRATCH : /home/tmp/truhlar/332B783D50456A4AA6AC6B38C6CDCF5B_5
--------------------------------
total 1144
-rwxr-xr-x 1 truhlar rhstar 174068 Apr 21 05:31 Analysis
drwxr-xr-x 2 truhlar rhstar   4096 Apr 23 13:04 INPUTFILES
-rwxr-xr-x 1 truhlar rhstar 990060 Apr 19 12:21 libstar-upc.so
Starting the job

[1mRooFit v3.60 -- Developed by Wouter Verkerke and David Kirkby[0m 
                Copyright (C) 2000-2013 NIKHEF, University of California & Stanford University
                All rights reserved, please read http://roofit.sourceforge.net/license.txt

5 / 5
Input from chain
Number of UPC events: 2645763 RP: 2645763
Ending Analysis... GOOD BYE!
332B783D50456A4AA6AC6B38C6CDCF5B_5.AnalysisOutput.root
Analysis*
INPUTFILES/
libstar-upc.so*
Cleaning up sandbox file:  /tmp/truhlar/332B783D50456A4AA6AC6B38C6CDCF5B_5/Analysis
Cleaning up sandbox file:  /tmp/truhlar/332B783D50456A4AA6AC6B38C6CDCF5B_5/libstar-upc.so
Cleaning up sandbox file:  /tmp/truhlar/332B783D50456A4AA6AC6B38C6CDCF5B_5/.sandboxFiles
Starting copy block
Running copy command:  /bin/cp -fp /tmp/truhlar/332B783D50456A4AA6AC6B38C6CDCF5B_5/332B783D50456A4AA6AC6B38C6CDCF5B_5.AnalysisOutput.root /star/u/truhlar/star-upcDstRP/build/outputs/
1378 Execution of (/star/u/truhlar/star-upcDstRP/build/sched/sched332B783D50456A4AA6AC6B38C6CDCF5B_5.csh ) has ended, exiting normally
1378 We END on [Tue Apr 23 13:12:33 EDT 2019]
