We are starting on node: rcas2753.rcf.bnl.gov
HOME is not defined
Using getent method
HOME is now /star/u/truhlar
11094 We will spawn ourselves (/star/u/truhlar/star-upcDstRP/build/sched/schedEE123499E54E1A7A314FABE9288752E2_6.csh )
11094 We BEGIN on [Mon Apr 22 15:44:55 EDT 2019]
[1] 11277
11094 We are waiting for 11277 
11094 Grandchild PID is 11294 - found in 0 x 1 seconds
11094 Establishing first watcher   on    Mon Apr 22 15:44:55 EDT 2019
11094 Process tree is 11094 (main) -> 11277 (child) -> 11294 (grandchild)
F S   UID   PID  PPID  C PRI  NI ADDR SZ WCHAN  TTY        TIME CMD
11094 Grandchild PID is 11315 - found in 10 x 2 seconds
11094 Grandchild to watch has changed on Mon Apr 22 15:45:16 EDT 2019
11094 Process tree is 11094 (main) -> 11277 (child) -> 11315 (grandchild)
F S   UID   PID  PPID  C PRI  NI ADDR SZ WCHAN  TTY        TIME CMD
0 R 11859 11315 11277 88  80   0 - 98869 -      ?          0:18 ./Analysis /gpfs01/star/pwg/truhlar/Final/ELtrig/merge_files/StUPCRP_production.list 6
11277 Stepping into the main SUMS wrapper program with []
Archive:  /star/u/truhlar/star-upcDstRP/build/Package.zip
  inflating: /tmp/truhlar/EE123499E54E1A7A314FABE9288752E2_6/Analysis  
  inflating: /tmp/truhlar/EE123499E54E1A7A314FABE9288752E2_6/libstar-upc.so  
Swapping $FILELIST with: /tmp/truhlar/EE123499E54E1A7A314FABE9288752E2_6/INPUTFILES/EE123499E54E1A7A314FABE9288752E2_6.local.list
--------------------------------
STAR Unified Meta Scheduler 1.10.31 we are starting in $SCRATCH : /home/tmp/truhlar/EE123499E54E1A7A314FABE9288752E2_6
--------------------------------
total 1144
-rwxr-xr-x 1 truhlar rhstar 174068 Apr 21 05:31 Analysis
drwxr-xr-x 2 truhlar rhstar   4096 Apr 22 15:44 INPUTFILES
-rwxr-xr-x 1 truhlar rhstar 990060 Apr 19 12:21 libstar-upc.so
Starting the job

[1mRooFit v3.60 -- Developed by Wouter Verkerke and David Kirkby[0m 
                Copyright (C) 2000-2013 NIKHEF, University of California & Stanford University
                All rights reserved, please read http://roofit.sourceforge.net/license.txt

6 / 6
Input from chain
Number of UPC events: 2738509 RP: 2738509
Ending Analysis... GOOD BYE!
Analysis*
EE123499E54E1A7A314FABE9288752E2_6.AnalysisOutput.root
INPUTFILES/
libstar-upc.so*
Cleaning up sandbox file:  /tmp/truhlar/EE123499E54E1A7A314FABE9288752E2_6/Analysis
Cleaning up sandbox file:  /tmp/truhlar/EE123499E54E1A7A314FABE9288752E2_6/libstar-upc.so
Cleaning up sandbox file:  /tmp/truhlar/EE123499E54E1A7A314FABE9288752E2_6/.sandboxFiles
Starting copy block
Running copy command:  /bin/cp -fp /tmp/truhlar/EE123499E54E1A7A314FABE9288752E2_6/EE123499E54E1A7A314FABE9288752E2_6.AnalysisOutput.root /star/u/truhlar/star-upcDstRP/build/outputs/
11094 Execution of (/star/u/truhlar/star-upcDstRP/build/sched/schedEE123499E54E1A7A314FABE9288752E2_6.csh ) has ended, exiting normally
11094 We END on [Mon Apr 22 15:55:10 EDT 2019]
