We are starting on node: rcas6361.rcf.bnl.gov
HOME is not defined
Using getent method
HOME is now /star/u/truhlar
47069 We will spawn ourselves (/star/u/truhlar/star-upcDstRP/build/sched/schedAB932A2AA07F06EEDA2C2C988034E20B_17.csh )
47069 We BEGIN on [Wed Apr 24 11:48:06 EDT 2019]
[1] 47238
47069 We are waiting for 47238 
47069 Grandchild PID is 47277 - found in 10 x 1 seconds
47069 Establishing first watcher   on    Wed Apr 24 11:48:16 EDT 2019
47069 Process tree is 47069 (main) -> 47238 (child) -> 47277 (grandchild)
F S   UID   PID  PPID  C PRI  NI ADDR SZ WCHAN  TTY        TIME CMD
0 D 11859 47277 47238  5  80   0 - 21301 cxiWai ?          0:00 ./Analysis /gpfs01/star/pwg/truhlar/ConnectionTest/ELtrig/merge_files/StUPCRP_production.list 17
47238 Stepping into the main SUMS wrapper program with []
Archive:  /star/u/truhlar/star-upcDstRP/build/Package.zip
  inflating: /tmp/truhlar/AB932A2AA07F06EEDA2C2C988034E20B_17/Analysis  
  inflating: /tmp/truhlar/AB932A2AA07F06EEDA2C2C988034E20B_17/libstar-upc.so  
Swapping $FILELIST with: /tmp/truhlar/AB932A2AA07F06EEDA2C2C988034E20B_17/INPUTFILES/AB932A2AA07F06EEDA2C2C988034E20B_17.local.list
--------------------------------
STAR Unified Meta Scheduler 1.10.31 we are starting in $SCRATCH : /home/tmp/truhlar/AB932A2AA07F06EEDA2C2C988034E20B_17
--------------------------------
total 1144
-rwxr-xr-x 1 truhlar rhstar 174068 Apr 21 05:31 Analysis
drwxr-xr-x 2 truhlar rhstar   4096 Apr 24 11:48 INPUTFILES
-rwxr-xr-x 1 truhlar rhstar 990060 Apr 19 12:21 libstar-upc.so
Starting the job

[1mRooFit v3.60 -- Developed by Wouter Verkerke and David Kirkby[0m 
                Copyright (C) 2000-2013 NIKHEF, University of California & Stanford University
                All rights reserved, please read http://roofit.sourceforge.net/license.txt

17 / 17
Input from chain
Number of UPC events: 3266850 RP: 3266850
Ending Analysis... GOOD BYE!
AB932A2AA07F06EEDA2C2C988034E20B_17.AnalysisOutput.root
Analysis*
INPUTFILES/
libstar-upc.so*
Cleaning up sandbox file:  /tmp/truhlar/AB932A2AA07F06EEDA2C2C988034E20B_17/Analysis
Cleaning up sandbox file:  /tmp/truhlar/AB932A2AA07F06EEDA2C2C988034E20B_17/libstar-upc.so
Cleaning up sandbox file:  /tmp/truhlar/AB932A2AA07F06EEDA2C2C988034E20B_17/.sandboxFiles
Starting copy block
Running copy command:  /bin/cp -fp /tmp/truhlar/AB932A2AA07F06EEDA2C2C988034E20B_17/AB932A2AA07F06EEDA2C2C988034E20B_17.AnalysisOutput.root /star/u/truhlar/star-upcDstRP/build/outputs/
47069 Execution of (/star/u/truhlar/star-upcDstRP/build/sched/schedAB932A2AA07F06EEDA2C2C988034E20B_17.csh ) has ended, exiting normally
47069 We END on [Wed Apr 24 12:18:16 EDT 2019]
