We are starting on node: rcas2928.rcf.bnl.gov
HOME is not defined
Using getent method
HOME is now /star/u/truhlar
19027 We will spawn ourselves (/star/u/truhlar/star-upcDstRP/build/sched/schedEE123499E54E1A7A314FABE9288752E2_3.csh )
19027 We BEGIN on [Mon Apr 22 15:44:56 EDT 2019]
[1] 19196
19027 We are waiting for 19196 
19027 Grandchild PID is 19235 - found in 10 x 1 seconds
19027 Establishing first watcher   on    Mon Apr 22 15:45:07 EDT 2019
19027 Process tree is 19027 (main) -> 19196 (child) -> 19235 (grandchild)
F S   UID   PID  PPID  C PRI  NI ADDR SZ WCHAN  TTY        TIME CMD
0 R 11859 19235 19196 74  80   0 - 110967 -     ?          0:08 ./Analysis /gpfs01/star/pwg/truhlar/Final/ELtrig/merge_files/StUPCRP_production.list 3
19196 Stepping into the main SUMS wrapper program with []
Archive:  /star/u/truhlar/star-upcDstRP/build/Package.zip
  inflating: /tmp/truhlar/EE123499E54E1A7A314FABE9288752E2_3/Analysis  
  inflating: /tmp/truhlar/EE123499E54E1A7A314FABE9288752E2_3/libstar-upc.so  
Swapping $FILELIST with: /tmp/truhlar/EE123499E54E1A7A314FABE9288752E2_3/INPUTFILES/EE123499E54E1A7A314FABE9288752E2_3.local.list
--------------------------------
STAR Unified Meta Scheduler 1.10.31 we are starting in $SCRATCH : /home/tmp/truhlar/EE123499E54E1A7A314FABE9288752E2_3
--------------------------------
total 1144
-rwxr-xr-x 1 truhlar rhstar 174068 Apr 21 05:31 Analysis
drwxr-xr-x 2 truhlar rhstar   4096 Apr 22 15:44 INPUTFILES
-rwxr-xr-x 1 truhlar rhstar 990060 Apr 19 12:21 libstar-upc.so
Starting the job

[1mRooFit v3.60 -- Developed by Wouter Verkerke and David Kirkby[0m 
                Copyright (C) 2000-2013 NIKHEF, University of California & Stanford University
                All rights reserved, please read http://roofit.sourceforge.net/license.txt

3 / 3
Input from chain
Number of UPC events: 2797466 RP: 2797466
Ending Analysis... GOOD BYE!
Analysis*
EE123499E54E1A7A314FABE9288752E2_3.AnalysisOutput.root
INPUTFILES/
libstar-upc.so*
Cleaning up sandbox file:  /tmp/truhlar/EE123499E54E1A7A314FABE9288752E2_3/Analysis
Cleaning up sandbox file:  /tmp/truhlar/EE123499E54E1A7A314FABE9288752E2_3/libstar-upc.so
Cleaning up sandbox file:  /tmp/truhlar/EE123499E54E1A7A314FABE9288752E2_3/.sandboxFiles
Starting copy block
Running copy command:  /bin/cp -fp /tmp/truhlar/EE123499E54E1A7A314FABE9288752E2_3/EE123499E54E1A7A314FABE9288752E2_3.AnalysisOutput.root /star/u/truhlar/star-upcDstRP/build/outputs/
19027 Execution of (/star/u/truhlar/star-upcDstRP/build/sched/schedEE123499E54E1A7A314FABE9288752E2_3.csh ) has ended, exiting normally
19027 We END on [Mon Apr 22 15:51:16 EDT 2019]
