We are starting on node: rcas6081.rcf.bnl.gov
HOME is not defined
Using getent method
HOME is now /star/u/truhlar
294708 We will spawn ourselves (/star/u/truhlar/star-upcDstRP/build/sched/sched7D1225A1194326D4115E1D56948B3C67_88.csh )
294708 We BEGIN on [Wed Apr 24 14:03:09 EDT 2019]
[1] 295098
294708 We are waiting for 295098 
294708 Grandchild PID is 295171 - found in 10 x 1 seconds
294708 Establishing first watcher   on    Wed Apr 24 14:03:20 EDT 2019
294708 Process tree is 294708 (main) -> 295098 (child) -> 295171 (grandchild)
F S   UID    PID   PPID  C PRI  NI ADDR SZ WCHAN  TTY        TIME CMD
0 R 11859 295171 295098 90  80   0 - 108719 -     ?          0:09 ./Analysis /gpfs01/star/pwg/truhlar/ConnectionTest/ELtrig/test/Elastic.list 88
295098 Stepping into the main SUMS wrapper program with []
Archive:  /star/u/truhlar/star-upcDstRP/build/Package.zip
  inflating: /tmp/truhlar/7D1225A1194326D4115E1D56948B3C67_88/Analysis  
  inflating: /tmp/truhlar/7D1225A1194326D4115E1D56948B3C67_88/libstar-upc.so  
Swapping $FILELIST with: /tmp/truhlar/7D1225A1194326D4115E1D56948B3C67_88/INPUTFILES/7D1225A1194326D4115E1D56948B3C67_88.local.list
--------------------------------
STAR Unified Meta Scheduler 1.10.31 we are starting in $SCRATCH : /home/tmp/truhlar/7D1225A1194326D4115E1D56948B3C67_88
--------------------------------
total 1144
-rwxr-xr-x 1 truhlar rhstar 174068 Apr 21 05:31 Analysis
drwxr-xr-x 2 truhlar rhstar   4096 Apr 24 14:03 INPUTFILES
-rwxr-xr-x 1 truhlar rhstar 990060 Apr 19 12:21 libstar-upc.so
Starting the job

[1mRooFit v3.60 -- Developed by Wouter Verkerke and David Kirkby[0m 
                Copyright (C) 2000-2013 NIKHEF, University of California & Stanford University
                All rights reserved, please read http://roofit.sourceforge.net/license.txt

88 / 88
Input from chain
Number of UPC events: 1209732 RP: 1209732
Ending Analysis... GOOD BYE!
7D1225A1194326D4115E1D56948B3C67_88.AnalysisOutput.root
Analysis*
INPUTFILES/
libstar-upc.so*
Cleaning up sandbox file:  /tmp/truhlar/7D1225A1194326D4115E1D56948B3C67_88/Analysis
Cleaning up sandbox file:  /tmp/truhlar/7D1225A1194326D4115E1D56948B3C67_88/libstar-upc.so
Cleaning up sandbox file:  /tmp/truhlar/7D1225A1194326D4115E1D56948B3C67_88/.sandboxFiles
Starting copy block
Running copy command:  /bin/cp -fp /tmp/truhlar/7D1225A1194326D4115E1D56948B3C67_88/7D1225A1194326D4115E1D56948B3C67_88.AnalysisOutput.root /star/u/truhlar/star-upcDstRP/build/outputs/
294708 Execution of (/star/u/truhlar/star-upcDstRP/build/sched/sched7D1225A1194326D4115E1D56948B3C67_88.csh ) has ended, exiting normally
294708 We END on [Wed Apr 24 14:05:28 EDT 2019]
