We are starting on node: spool0105.sdcc.bnl.gov
HOME is not defined
Using getent method
HOME is now /star/u/truhlar
15589 We will spawn ourselves (/star/u/truhlar/star-upcDstRP/build/sched/sched7D1225A1194326D4115E1D56948B3C67_69.csh )
15589 We BEGIN on [Wed Apr 24 14:03:45 EDT 2019]
[1] 15744
15589 We are waiting for 15744 
15589 Grandchild PID is 15773 - found in 10 x 1 seconds
15589 Establishing first watcher   on    Wed Apr 24 14:03:56 EDT 2019
15589 Process tree is 15589 (main) -> 15744 (child) -> 15773 (grandchild)
F S   UID   PID  PPID  C PRI  NI ADDR SZ WCHAN  TTY        TIME CMD
0 R 11859 15773 15744 92  80   0 - 108276 -     ?          0:09 ./Analysis /gpfs01/star/pwg/truhlar/ConnectionTest/ELtrig/test/Elastic.list 69
15744 Stepping into the main SUMS wrapper program with []
Archive:  /star/u/truhlar/star-upcDstRP/build/Package.zip
  inflating: /tmp/truhlar/7D1225A1194326D4115E1D56948B3C67_69/Analysis  
  inflating: /tmp/truhlar/7D1225A1194326D4115E1D56948B3C67_69/libstar-upc.so  
Swapping $FILELIST with: /tmp/truhlar/7D1225A1194326D4115E1D56948B3C67_69/INPUTFILES/7D1225A1194326D4115E1D56948B3C67_69.local.list
--------------------------------
STAR Unified Meta Scheduler 1.10.31 we are starting in $SCRATCH : /home/tmp/truhlar/7D1225A1194326D4115E1D56948B3C67_69
--------------------------------
total 1144
-rwxr-xr-x 1 truhlar rhstar 174068 Apr 21 05:31 Analysis
drwxr-xr-x 2 truhlar rhstar   4096 Apr 24 14:03 INPUTFILES
-rwxr-xr-x 1 truhlar rhstar 990060 Apr 19 12:21 libstar-upc.so
Starting the job

[1mRooFit v3.60 -- Developed by Wouter Verkerke and David Kirkby[0m 
                Copyright (C) 2000-2013 NIKHEF, University of California & Stanford University
                All rights reserved, please read http://roofit.sourceforge.net/license.txt

69 / 69
Input from chain
Number of UPC events: 534490 RP: 534490
Ending Analysis... GOOD BYE!
7D1225A1194326D4115E1D56948B3C67_69.AnalysisOutput.root
Analysis*
INPUTFILES/
libstar-upc.so*
Cleaning up sandbox file:  /tmp/truhlar/7D1225A1194326D4115E1D56948B3C67_69/Analysis
Cleaning up sandbox file:  /tmp/truhlar/7D1225A1194326D4115E1D56948B3C67_69/libstar-upc.so
Cleaning up sandbox file:  /tmp/truhlar/7D1225A1194326D4115E1D56948B3C67_69/.sandboxFiles
Starting copy block
Running copy command:  /bin/cp -fp /tmp/truhlar/7D1225A1194326D4115E1D56948B3C67_69/7D1225A1194326D4115E1D56948B3C67_69.AnalysisOutput.root /star/u/truhlar/star-upcDstRP/build/outputs/
15589 Execution of (/star/u/truhlar/star-upcDstRP/build/sched/sched7D1225A1194326D4115E1D56948B3C67_69.csh ) has ended, exiting normally
15589 We END on [Wed Apr 24 14:06:35 EDT 2019]
