We are starting on node: rcas2017.rcf.bnl.gov
HOME is not defined
Using getent method
HOME is now /star/u/truhlar
295364 We will spawn ourselves (/star/u/truhlar/star-upcDstRP/build/sched/sched77A0455BE6343006E32CC5EA1CF1F0B7_90.csh )
295364 We BEGIN on [Thu Apr 25 09:01:53 EDT 2019]
[1] 295622
295364 We are waiting for 295622 
295364 Grandchild PID is 295703 - found in 10 x 1 seconds
295364 Establishing first watcher   on    Thu Apr 25 09:02:05 EDT 2019
295364 Process tree is 295364 (main) -> 295622 (child) -> 295703 (grandchild)
F S   UID    PID   PPID  C PRI  NI ADDR SZ WCHAN  TTY        TIME CMD
0 R 11859 295703 295622 51  80   0 - 99629 -      ?          0:06 ./Analysis /gpfs01/star/pwg/truhlar/ConnectionTest/ELtrig/test/test.list 90
295622 Stepping into the main SUMS wrapper program with []
Archive:  /star/u/truhlar/star-upcDstRP/build/Package.zip
  inflating: /tmp/truhlar/77A0455BE6343006E32CC5EA1CF1F0B7_90/Analysis  
  inflating: /tmp/truhlar/77A0455BE6343006E32CC5EA1CF1F0B7_90/libstar-upc.so  
Swapping $FILELIST with: /tmp/truhlar/77A0455BE6343006E32CC5EA1CF1F0B7_90/INPUTFILES/77A0455BE6343006E32CC5EA1CF1F0B7_90.local.list
--------------------------------
STAR Unified Meta Scheduler 1.10.31 we are starting in $SCRATCH : /home/tmp/truhlar/77A0455BE6343006E32CC5EA1CF1F0B7_90
--------------------------------
total 1144
-rwxr-xr-x 1 truhlar rhstar 175020 Apr 24 21:29 Analysis
drwxr-xr-x 2 truhlar rhstar   4096 Apr 25 09:01 INPUTFILES
-rwxr-xr-x 1 truhlar rhstar 990280 Apr 24 21:28 libstar-upc.so
Starting the job

[1mRooFit v3.60 -- Developed by Wouter Verkerke and David Kirkby[0m 
                Copyright (C) 2000-2013 NIKHEF, University of California & Stanford University
                All rights reserved, please read http://roofit.sourceforge.net/license.txt

Input from chain
Number of UPC events: 573298 RP: 573298
Ending Analysis... GOOD BYE!
77A0455BE6343006E32CC5EA1CF1F0B7_90.AnalysisOutput.root
Analysis*
INPUTFILES/
libstar-upc.so*
Cleaning up sandbox file:  /tmp/truhlar/77A0455BE6343006E32CC5EA1CF1F0B7_90/Analysis
Cleaning up sandbox file:  /tmp/truhlar/77A0455BE6343006E32CC5EA1CF1F0B7_90/libstar-upc.so
Cleaning up sandbox file:  /tmp/truhlar/77A0455BE6343006E32CC5EA1CF1F0B7_90/.sandboxFiles
Starting copy block
Running copy command:  /bin/cp -fp /tmp/truhlar/77A0455BE6343006E32CC5EA1CF1F0B7_90/77A0455BE6343006E32CC5EA1CF1F0B7_90.AnalysisOutput.root /star/u/truhlar/star-upcDstRP/build/outputs/
295364 Execution of (/star/u/truhlar/star-upcDstRP/build/sched/sched77A0455BE6343006E32CC5EA1CF1F0B7_90.csh ) has ended, exiting normally
295364 We END on [Thu Apr 25 09:02:58 EDT 2019]
