We are starting on node: rcas2958.rcf.bnl.gov
HOME is not defined
Using getent method
HOME is now /star/u/truhlar
9945 We will spawn ourselves (/star/u/truhlar/star-upcDstRP/build/sched/schedEE123499E54E1A7A314FABE9288752E2_1.csh )
9945 We BEGIN on [Mon Apr 22 15:44:56 EDT 2019]
[1] 10103
9945 We are waiting for 10103 
9945 Grandchild PID is 10120 - found in 0 x 1 seconds
9945 Establishing first watcher   on    Mon Apr 22 15:44:56 EDT 2019
9945 Process tree is 9945 (main) -> 10103 (child) -> 10120 (grandchild)
F S   UID   PID  PPID  C PRI  NI ADDR SZ WCHAN  TTY        TIME CMD
9945 Grandchild PID is 10141 - found in 10 x 2 seconds
9945 Grandchild to watch has changed on Mon Apr 22 15:45:17 EDT 2019
9945 Process tree is 9945 (main) -> 10103 (child) -> 10141 (grandchild)
F S   UID   PID  PPID  C PRI  NI ADDR SZ WCHAN  TTY        TIME CMD
0 R 11859 10141 10103 93  80   0 - 98517 -      ?          0:18 ./Analysis /gpfs01/star/pwg/truhlar/Final/ELtrig/merge_files/StUPCRP_production.list 1
10103 Stepping into the main SUMS wrapper program with []
Archive:  /star/u/truhlar/star-upcDstRP/build/Package.zip
  inflating: /tmp/truhlar/EE123499E54E1A7A314FABE9288752E2_1/Analysis  
  inflating: /tmp/truhlar/EE123499E54E1A7A314FABE9288752E2_1/libstar-upc.so  
Swapping $FILELIST with: /tmp/truhlar/EE123499E54E1A7A314FABE9288752E2_1/INPUTFILES/EE123499E54E1A7A314FABE9288752E2_1.local.list
--------------------------------
STAR Unified Meta Scheduler 1.10.31 we are starting in $SCRATCH : /home/tmp/truhlar/EE123499E54E1A7A314FABE9288752E2_1
--------------------------------
total 1144
-rwxr-xr-x 1 truhlar rhstar 174068 Apr 21 05:31 Analysis
drwxr-xr-x 2 truhlar rhstar   4096 Apr 22 15:44 INPUTFILES
-rwxr-xr-x 1 truhlar rhstar 990060 Apr 19 12:21 libstar-upc.so
Starting the job

[1mRooFit v3.60 -- Developed by Wouter Verkerke and David Kirkby[0m 
                Copyright (C) 2000-2013 NIKHEF, University of California & Stanford University
                All rights reserved, please read http://roofit.sourceforge.net/license.txt

1 / 1
Input from chain
Number of UPC events: 2580638 RP: 2580638
Ending Analysis... GOOD BYE!
Analysis*
EE123499E54E1A7A314FABE9288752E2_1.AnalysisOutput.root
INPUTFILES/
libstar-upc.so*
Cleaning up sandbox file:  /tmp/truhlar/EE123499E54E1A7A314FABE9288752E2_1/Analysis
Cleaning up sandbox file:  /tmp/truhlar/EE123499E54E1A7A314FABE9288752E2_1/libstar-upc.so
Cleaning up sandbox file:  /tmp/truhlar/EE123499E54E1A7A314FABE9288752E2_1/.sandboxFiles
Starting copy block
Running copy command:  /bin/cp -fp /tmp/truhlar/EE123499E54E1A7A314FABE9288752E2_1/EE123499E54E1A7A314FABE9288752E2_1.AnalysisOutput.root /star/u/truhlar/star-upcDstRP/build/outputs/
9945 Execution of (/star/u/truhlar/star-upcDstRP/build/sched/schedEE123499E54E1A7A314FABE9288752E2_1.csh ) has ended, exiting normally
9945 We END on [Mon Apr 22 15:50:51 EDT 2019]
