We are starting on node: rcas2005.rcf.bnl.gov
HOME is not defined
Using getent method
HOME is now /star/u/truhlar
67455 We will spawn ourselves (/star/u/truhlar/star-upcDstRP/build/sched/schedE76D68442DA2C109B3E123DE0E6E5185_1.csh )
67455 We BEGIN on [Mon Apr 22 15:41:50 EDT 2019]
[1] 67612
67455 We are waiting for 67612 
67455 Grandchild PID is 67654 - found in 10 x 1 seconds
67455 Establishing first watcher   on    Mon Apr 22 15:42:01 EDT 2019
67455 Process tree is 67455 (main) -> 67612 (child) -> 67654 (grandchild)
F S   UID    PID   PPID  C PRI  NI ADDR SZ WCHAN  TTY        TIME CMD
0 R 11859  67654  67612 89  80   0 - 75406 -      ?          0:09 ./Analysis /gpfs01/star/pwg/truhlar/Final/CPtrig/merge_files/StUPCRP_production.list 1
67612 Stepping into the main SUMS wrapper program with []
Archive:  /star/u/truhlar/star-upcDstRP/build/Package.zip
  inflating: /tmp/truhlar/E76D68442DA2C109B3E123DE0E6E5185_1/Analysis  
  inflating: /tmp/truhlar/E76D68442DA2C109B3E123DE0E6E5185_1/libstar-upc.so  
Swapping $FILELIST with: /tmp/truhlar/E76D68442DA2C109B3E123DE0E6E5185_1/INPUTFILES/E76D68442DA2C109B3E123DE0E6E5185_1.local.list
--------------------------------
STAR Unified Meta Scheduler 1.10.31 we are starting in $SCRATCH : /home/tmp/truhlar/E76D68442DA2C109B3E123DE0E6E5185_1
--------------------------------
total 1144
-rwxr-xr-x 1 truhlar rhstar 174068 Apr 21 05:31 Analysis
drwxr-xr-x 2 truhlar rhstar   4096 Apr 22 15:41 INPUTFILES
-rwxr-xr-x 1 truhlar rhstar 990060 Apr 19 12:21 libstar-upc.so
Starting the job

[1mRooFit v3.60 -- Developed by Wouter Verkerke and David Kirkby[0m 
                Copyright (C) 2000-2013 NIKHEF, University of California & Stanford University
                All rights reserved, please read http://roofit.sourceforge.net/license.txt

1 / 1
Input from chain
Number of UPC events: 5982211 RP: 5982211
Ending Analysis... GOOD BYE!
Analysis*
E76D68442DA2C109B3E123DE0E6E5185_1.AnalysisOutput.root
INPUTFILES/
libstar-upc.so*
Cleaning up sandbox file:  /tmp/truhlar/E76D68442DA2C109B3E123DE0E6E5185_1/Analysis
Cleaning up sandbox file:  /tmp/truhlar/E76D68442DA2C109B3E123DE0E6E5185_1/libstar-upc.so
Cleaning up sandbox file:  /tmp/truhlar/E76D68442DA2C109B3E123DE0E6E5185_1/.sandboxFiles
Starting copy block
Running copy command:  /bin/cp -fp /tmp/truhlar/E76D68442DA2C109B3E123DE0E6E5185_1/E76D68442DA2C109B3E123DE0E6E5185_1.AnalysisOutput.root /star/u/truhlar/star-upcDstRP/build/outputs/
67455 Execution of (/star/u/truhlar/star-upcDstRP/build/sched/schedE76D68442DA2C109B3E123DE0E6E5185_1.csh ) has ended, exiting normally
67455 We END on [Mon Apr 22 15:49:29 EDT 2019]
