We are starting on node: rcas6339.rcf.bnl.gov
HOME is not defined
Using getent method
HOME is now /star/u/truhlar
21929 We will spawn ourselves (/star/u/truhlar/star-upcDstRP/build/sched/schedAB932A2AA07F06EEDA2C2C988034E20B_24.csh )
21929 We BEGIN on [Wed Apr 24 11:49:03 EDT 2019]
[1] 22102
21929 We are waiting for 22102 
21929 Grandchild PID is 22142 - found in 10 x 1 seconds
21929 Establishing first watcher   on    Wed Apr 24 11:49:13 EDT 2019
21929 Process tree is 21929 (main) -> 22102 (child) -> 22142 (grandchild)
F S   UID   PID  PPID  C PRI  NI ADDR SZ WCHAN  TTY        TIME CMD
0 R 11859 22142 22102 42  80   0 - 107417 -     ?          0:04 ./Analysis /gpfs01/star/pwg/truhlar/ConnectionTest/ELtrig/merge_files/StUPCRP_production.list 24
22102 Stepping into the main SUMS wrapper program with []
Archive:  /star/u/truhlar/star-upcDstRP/build/Package.zip
  inflating: /tmp/truhlar/AB932A2AA07F06EEDA2C2C988034E20B_24/Analysis  
  inflating: /tmp/truhlar/AB932A2AA07F06EEDA2C2C988034E20B_24/libstar-upc.so  
Swapping $FILELIST with: /tmp/truhlar/AB932A2AA07F06EEDA2C2C988034E20B_24/INPUTFILES/AB932A2AA07F06EEDA2C2C988034E20B_24.local.list
--------------------------------
STAR Unified Meta Scheduler 1.10.31 we are starting in $SCRATCH : /home/tmp/truhlar/AB932A2AA07F06EEDA2C2C988034E20B_24
--------------------------------
total 1144
-rwxr-xr-x 1 truhlar rhstar 174068 Apr 21 05:31 Analysis
drwxr-xr-x 2 truhlar rhstar   4096 Apr 24 11:49 INPUTFILES
-rwxr-xr-x 1 truhlar rhstar 990060 Apr 19 12:21 libstar-upc.so
Starting the job

[1mRooFit v3.60 -- Developed by Wouter Verkerke and David Kirkby[0m 
                Copyright (C) 2000-2013 NIKHEF, University of California & Stanford University
                All rights reserved, please read http://roofit.sourceforge.net/license.txt

24 / 24
Input from chain
Number of UPC events: 1241907 RP: 1241907
Ending Analysis... GOOD BYE!
AB932A2AA07F06EEDA2C2C988034E20B_24.AnalysisOutput.root
Analysis*
INPUTFILES/
libstar-upc.so*
Cleaning up sandbox file:  /tmp/truhlar/AB932A2AA07F06EEDA2C2C988034E20B_24/Analysis
Cleaning up sandbox file:  /tmp/truhlar/AB932A2AA07F06EEDA2C2C988034E20B_24/libstar-upc.so
Cleaning up sandbox file:  /tmp/truhlar/AB932A2AA07F06EEDA2C2C988034E20B_24/.sandboxFiles
Starting copy block
Running copy command:  /bin/cp -fp /tmp/truhlar/AB932A2AA07F06EEDA2C2C988034E20B_24/AB932A2AA07F06EEDA2C2C988034E20B_24.AnalysisOutput.root /star/u/truhlar/star-upcDstRP/build/outputs/
21929 Execution of (/star/u/truhlar/star-upcDstRP/build/sched/schedAB932A2AA07F06EEDA2C2C988034E20B_24.csh ) has ended, exiting normally
21929 We END on [Wed Apr 24 12:05:12 EDT 2019]
