We are starting on node: spar0319.usatlas.bnl.gov
HOME is not defined
Using getent method
HOME is now /star/u/truhlar
15525 We will spawn ourselves (/star/u/truhlar/star-upcDstRP/build/sched/sched7D1225A1194326D4115E1D56948B3C67_75.csh )
15525 We BEGIN on [Wed Apr 24 14:03:41 EDT 2019]
[1] 15688
15525 We are waiting for 15688 
15525 Grandchild PID is 15717 - found in 10 x 1 seconds
15525 Establishing first watcher   on    Wed Apr 24 14:03:52 EDT 2019
15525 Process tree is 15525 (main) -> 15688 (child) -> 15717 (grandchild)
F S   UID   PID  PPID  C PRI  NI ADDR SZ WCHAN  TTY        TIME CMD
0 R 11859 15717 15688 96  80   0 - 108769 -     ?          0:09 ./Analysis /gpfs01/star/pwg/truhlar/ConnectionTest/ELtrig/test/Elastic.list 75
15688 Stepping into the main SUMS wrapper program with []
Archive:  /star/u/truhlar/star-upcDstRP/build/Package.zip
  inflating: /tmp/truhlar/7D1225A1194326D4115E1D56948B3C67_75/Analysis  
  inflating: /tmp/truhlar/7D1225A1194326D4115E1D56948B3C67_75/libstar-upc.so  
Swapping $FILELIST with: /tmp/truhlar/7D1225A1194326D4115E1D56948B3C67_75/INPUTFILES/7D1225A1194326D4115E1D56948B3C67_75.local.list
--------------------------------
STAR Unified Meta Scheduler 1.10.31 we are starting in $SCRATCH : /home/tmp/truhlar/7D1225A1194326D4115E1D56948B3C67_75
--------------------------------
total 1144
-rwxr-xr-x 1 truhlar rhstar 174068 Apr 21 05:31 Analysis
drwxr-xr-x 2 truhlar rhstar   4096 Apr 24 14:03 INPUTFILES
-rwxr-xr-x 1 truhlar rhstar 990060 Apr 19 12:21 libstar-upc.so
Starting the job

[1mRooFit v3.60 -- Developed by Wouter Verkerke and David Kirkby[0m 
                Copyright (C) 2000-2013 NIKHEF, University of California & Stanford University
                All rights reserved, please read http://roofit.sourceforge.net/license.txt

75 / 75
Input from chain
Number of UPC events: 799512 RP: 799512
Ending Analysis... GOOD BYE!
7D1225A1194326D4115E1D56948B3C67_75.AnalysisOutput.root
Analysis*
INPUTFILES/
libstar-upc.so*
Cleaning up sandbox file:  /tmp/truhlar/7D1225A1194326D4115E1D56948B3C67_75/Analysis
Cleaning up sandbox file:  /tmp/truhlar/7D1225A1194326D4115E1D56948B3C67_75/libstar-upc.so
Cleaning up sandbox file:  /tmp/truhlar/7D1225A1194326D4115E1D56948B3C67_75/.sandboxFiles
Starting copy block
Running copy command:  /bin/cp -fp /tmp/truhlar/7D1225A1194326D4115E1D56948B3C67_75/7D1225A1194326D4115E1D56948B3C67_75.AnalysisOutput.root /star/u/truhlar/star-upcDstRP/build/outputs/
15525 Execution of (/star/u/truhlar/star-upcDstRP/build/sched/sched7D1225A1194326D4115E1D56948B3C67_75.csh ) has ended, exiting normally
15525 We END on [Wed Apr 24 14:06:29 EDT 2019]
