We are starting on node: rcas6324.rcf.bnl.gov
HOME is not defined
Using getent method
HOME is now /star/u/truhlar
45861 We will spawn ourselves (/star/u/truhlar/star-upcDstRP/build/sched/schedAB932A2AA07F06EEDA2C2C988034E20B_19.csh )
45861 We BEGIN on [Wed Apr 24 11:29:40 EDT 2019]
[1] 46059
45861 We are waiting for 46059 
45861 Grandchild PID is 46096 - found in 10 x 1 seconds
45861 Establishing first watcher   on    Wed Apr 24 11:29:51 EDT 2019
45861 Process tree is 45861 (main) -> 46059 (child) -> 46096 (grandchild)
F S   UID   PID  PPID  C PRI  NI ADDR SZ WCHAN  TTY        TIME CMD
0 D 11859 46096 46059  4  80   0 - 21215 cxiWai ?          0:00 ./Analysis /gpfs01/star/pwg/truhlar/ConnectionTest/ELtrig/merge_files/StUPCRP_production.list 19
46059 Stepping into the main SUMS wrapper program with []
Archive:  /star/u/truhlar/star-upcDstRP/build/Package.zip
  inflating: /tmp/truhlar/AB932A2AA07F06EEDA2C2C988034E20B_19/Analysis  
  inflating: /tmp/truhlar/AB932A2AA07F06EEDA2C2C988034E20B_19/libstar-upc.so  
Swapping $FILELIST with: /tmp/truhlar/AB932A2AA07F06EEDA2C2C988034E20B_19/INPUTFILES/AB932A2AA07F06EEDA2C2C988034E20B_19.local.list
--------------------------------
STAR Unified Meta Scheduler 1.10.31 we are starting in $SCRATCH : /home/tmp/truhlar/AB932A2AA07F06EEDA2C2C988034E20B_19
--------------------------------
total 1144
-rwxr-xr-x 1 truhlar rhstar 174068 Apr 21 05:31 Analysis
drwxr-xr-x 2 truhlar rhstar   4096 Apr 24 11:29 INPUTFILES
-rwxr-xr-x 1 truhlar rhstar 990060 Apr 19 12:21 libstar-upc.so
Starting the job

[1mRooFit v3.60 -- Developed by Wouter Verkerke and David Kirkby[0m 
                Copyright (C) 2000-2013 NIKHEF, University of California & Stanford University
                All rights reserved, please read http://roofit.sourceforge.net/license.txt

19 / 19
Input from chain
Number of UPC events: 2606490 RP: 2606490
Ending Analysis... GOOD BYE!
AB932A2AA07F06EEDA2C2C988034E20B_19.AnalysisOutput.root
Analysis*
INPUTFILES/
libstar-upc.so*
Cleaning up sandbox file:  /tmp/truhlar/AB932A2AA07F06EEDA2C2C988034E20B_19/Analysis
Cleaning up sandbox file:  /tmp/truhlar/AB932A2AA07F06EEDA2C2C988034E20B_19/libstar-upc.so
Cleaning up sandbox file:  /tmp/truhlar/AB932A2AA07F06EEDA2C2C988034E20B_19/.sandboxFiles
Starting copy block
Running copy command:  /bin/cp -fp /tmp/truhlar/AB932A2AA07F06EEDA2C2C988034E20B_19/AB932A2AA07F06EEDA2C2C988034E20B_19.AnalysisOutput.root /star/u/truhlar/star-upcDstRP/build/outputs/
45861 Execution of (/star/u/truhlar/star-upcDstRP/build/sched/schedAB932A2AA07F06EEDA2C2C988034E20B_19.csh ) has ended, exiting normally
45861 We END on [Wed Apr 24 11:59:36 EDT 2019]
