We are starting on node: spool0151.sdcc.bnl.gov
HOME is not defined
Using getent method
HOME is now /star/u/truhlar
21134 We will spawn ourselves (/star/u/truhlar/star-upcDstRP/build/sched/sched7D1225A1194326D4115E1D56948B3C67_31.csh )
21134 We BEGIN on [Wed Apr 24 14:03:47 EDT 2019]
[1] 21320
21134 We are waiting for 21320 
21134 Grandchild PID is 21384 - found in 10 x 1 seconds
21134 Establishing first watcher   on    Wed Apr 24 14:03:58 EDT 2019
21134 Process tree is 21134 (main) -> 21320 (child) -> 21384 (grandchild)
F S   UID   PID  PPID  C PRI  NI ADDR SZ WCHAN  TTY        TIME CMD
0 R 11859 21384 21320 89  80   0 - 95642 -      ?          0:08 ./Analysis /gpfs01/star/pwg/truhlar/ConnectionTest/ELtrig/test/Elastic.list 31
21320 Stepping into the main SUMS wrapper program with []
Archive:  /star/u/truhlar/star-upcDstRP/build/Package.zip
  inflating: /tmp/truhlar/7D1225A1194326D4115E1D56948B3C67_31/Analysis  
  inflating: /tmp/truhlar/7D1225A1194326D4115E1D56948B3C67_31/libstar-upc.so  
Swapping $FILELIST with: /tmp/truhlar/7D1225A1194326D4115E1D56948B3C67_31/INPUTFILES/7D1225A1194326D4115E1D56948B3C67_31.local.list
--------------------------------
STAR Unified Meta Scheduler 1.10.31 we are starting in $SCRATCH : /home/tmp/truhlar/7D1225A1194326D4115E1D56948B3C67_31
--------------------------------
total 1144
-rwxr-xr-x 1 truhlar rhstar 174068 Apr 21 05:31 Analysis
drwxr-xr-x 2 truhlar rhstar   4096 Apr 24 14:03 INPUTFILES
-rwxr-xr-x 1 truhlar rhstar 990060 Apr 19 12:21 libstar-upc.so
Starting the job

[1mRooFit v3.60 -- Developed by Wouter Verkerke and David Kirkby[0m 
                Copyright (C) 2000-2013 NIKHEF, University of California & Stanford University
                All rights reserved, please read http://roofit.sourceforge.net/license.txt

31 / 31
Input from chain
Number of UPC events: 836188 RP: 836188
Ending Analysis... GOOD BYE!
7D1225A1194326D4115E1D56948B3C67_31.AnalysisOutput.root
Analysis*
INPUTFILES/
libstar-upc.so*
Cleaning up sandbox file:  /tmp/truhlar/7D1225A1194326D4115E1D56948B3C67_31/Analysis
Cleaning up sandbox file:  /tmp/truhlar/7D1225A1194326D4115E1D56948B3C67_31/libstar-upc.so
Cleaning up sandbox file:  /tmp/truhlar/7D1225A1194326D4115E1D56948B3C67_31/.sandboxFiles
Starting copy block
Running copy command:  /bin/cp -fp /tmp/truhlar/7D1225A1194326D4115E1D56948B3C67_31/7D1225A1194326D4115E1D56948B3C67_31.AnalysisOutput.root /star/u/truhlar/star-upcDstRP/build/outputs/
21134 Execution of (/star/u/truhlar/star-upcDstRP/build/sched/sched7D1225A1194326D4115E1D56948B3C67_31.csh ) has ended, exiting normally
21134 We END on [Wed Apr 24 14:06:19 EDT 2019]
