We are starting on node: spool0110.sdcc.bnl.gov
HOME is not defined
Using getent method
HOME is now /star/u/truhlar
5026 We will spawn ourselves (/star/u/truhlar/star-upcDstRP/build/sched/sched7D1225A1194326D4115E1D56948B3C67_41.csh )
5026 We BEGIN on [Wed Apr 24 14:03:46 EDT 2019]
[1] 5192
5026 We are waiting for 5192 
5026 Grandchild PID is 5225 - found in 10 x 1 seconds
5026 Establishing first watcher   on    Wed Apr 24 14:03:57 EDT 2019
5026 Process tree is 5026 (main) -> 5192 (child) -> 5225 (grandchild)
F S   UID   PID  PPID  C PRI  NI ADDR SZ WCHAN  TTY        TIME CMD
0 R 11859  5225  5192 86  80   0 - 93655 -      ?          0:09 ./Analysis /gpfs01/star/pwg/truhlar/ConnectionTest/ELtrig/test/Elastic.list 41
5192 Stepping into the main SUMS wrapper program with []
Archive:  /star/u/truhlar/star-upcDstRP/build/Package.zip
  inflating: /tmp/truhlar/7D1225A1194326D4115E1D56948B3C67_41/Analysis  
  inflating: /tmp/truhlar/7D1225A1194326D4115E1D56948B3C67_41/libstar-upc.so  
Swapping $FILELIST with: /tmp/truhlar/7D1225A1194326D4115E1D56948B3C67_41/INPUTFILES/7D1225A1194326D4115E1D56948B3C67_41.local.list
--------------------------------
STAR Unified Meta Scheduler 1.10.31 we are starting in $SCRATCH : /home/tmp/truhlar/7D1225A1194326D4115E1D56948B3C67_41
--------------------------------
total 1144
-rwxr-xr-x 1 truhlar rhstar 174068 Apr 21 05:31 Analysis
drwxr-xr-x 2 truhlar rhstar   4096 Apr 24 14:03 INPUTFILES
-rwxr-xr-x 1 truhlar rhstar 990060 Apr 19 12:21 libstar-upc.so
Starting the job

[1mRooFit v3.60 -- Developed by Wouter Verkerke and David Kirkby[0m 
                Copyright (C) 2000-2013 NIKHEF, University of California & Stanford University
                All rights reserved, please read http://roofit.sourceforge.net/license.txt

41 / 41
Input from chain
Number of UPC events: 816698 RP: 816698
Ending Analysis... GOOD BYE!
7D1225A1194326D4115E1D56948B3C67_41.AnalysisOutput.root
Analysis*
INPUTFILES/
libstar-upc.so*
Cleaning up sandbox file:  /tmp/truhlar/7D1225A1194326D4115E1D56948B3C67_41/Analysis
Cleaning up sandbox file:  /tmp/truhlar/7D1225A1194326D4115E1D56948B3C67_41/libstar-upc.so
Cleaning up sandbox file:  /tmp/truhlar/7D1225A1194326D4115E1D56948B3C67_41/.sandboxFiles
Starting copy block
Running copy command:  /bin/cp -fp /tmp/truhlar/7D1225A1194326D4115E1D56948B3C67_41/7D1225A1194326D4115E1D56948B3C67_41.AnalysisOutput.root /star/u/truhlar/star-upcDstRP/build/outputs/
5026 Execution of (/star/u/truhlar/star-upcDstRP/build/sched/sched7D1225A1194326D4115E1D56948B3C67_41.csh ) has ended, exiting normally
5026 We END on [Wed Apr 24 14:08:31 EDT 2019]
