We are starting on node: rcas2541.rcf.bnl.gov
HOME is not defined
Using getent method
HOME is now /star/u/truhlar
16741 We will spawn ourselves (/star/u/truhlar/star-upcDstRP/build/sched/sched7D1225A1194326D4115E1D56948B3C67_55.csh )
16741 We BEGIN on [Wed Apr 24 14:03:45 EDT 2019]
[1] 16906
16741 We are waiting for 16906 
16741 Grandchild PID is 16945 - found in 10 x 1 seconds
16741 Establishing first watcher   on    Wed Apr 24 14:03:55 EDT 2019
16741 Process tree is 16741 (main) -> 16906 (child) -> 16945 (grandchild)
F S   UID   PID  PPID  C PRI  NI ADDR SZ WCHAN  TTY        TIME CMD
0 R 11859 16945 16906 83  80   0 - 110000 -     ?          0:09 ./Analysis /gpfs01/star/pwg/truhlar/ConnectionTest/ELtrig/test/Elastic.list 55
16906 Stepping into the main SUMS wrapper program with []
Archive:  /star/u/truhlar/star-upcDstRP/build/Package.zip
  inflating: /tmp/truhlar/7D1225A1194326D4115E1D56948B3C67_55/Analysis  
  inflating: /tmp/truhlar/7D1225A1194326D4115E1D56948B3C67_55/libstar-upc.so  
Swapping $FILELIST with: /tmp/truhlar/7D1225A1194326D4115E1D56948B3C67_55/INPUTFILES/7D1225A1194326D4115E1D56948B3C67_55.local.list
--------------------------------
STAR Unified Meta Scheduler 1.10.31 we are starting in $SCRATCH : /home/tmp/truhlar/7D1225A1194326D4115E1D56948B3C67_55
--------------------------------
total 1144
-rwxr-xr-x 1 truhlar rhstar 174068 Apr 21 05:31 Analysis
drwxr-xr-x 2 truhlar rhstar   4096 Apr 24 14:03 INPUTFILES
-rwxr-xr-x 1 truhlar rhstar 990060 Apr 19 12:21 libstar-upc.so
Starting the job

[1mRooFit v3.60 -- Developed by Wouter Verkerke and David Kirkby[0m 
                Copyright (C) 2000-2013 NIKHEF, University of California & Stanford University
                All rights reserved, please read http://roofit.sourceforge.net/license.txt

55 / 55
Input from chain
Number of UPC events: 577481 RP: 577481
Ending Analysis... GOOD BYE!
7D1225A1194326D4115E1D56948B3C67_55.AnalysisOutput.root
Analysis*
INPUTFILES/
libstar-upc.so*
Cleaning up sandbox file:  /tmp/truhlar/7D1225A1194326D4115E1D56948B3C67_55/Analysis
Cleaning up sandbox file:  /tmp/truhlar/7D1225A1194326D4115E1D56948B3C67_55/libstar-upc.so
Cleaning up sandbox file:  /tmp/truhlar/7D1225A1194326D4115E1D56948B3C67_55/.sandboxFiles
Starting copy block
Running copy command:  /bin/cp -fp /tmp/truhlar/7D1225A1194326D4115E1D56948B3C67_55/7D1225A1194326D4115E1D56948B3C67_55.AnalysisOutput.root /star/u/truhlar/star-upcDstRP/build/outputs/
16741 Execution of (/star/u/truhlar/star-upcDstRP/build/sched/sched7D1225A1194326D4115E1D56948B3C67_55.csh ) has ended, exiting normally
16741 We END on [Wed Apr 24 14:05:48 EDT 2019]
