We are starting on node: spar0350.usatlas.bnl.gov
HOME is not defined
Using getent method
HOME is now /star/u/truhlar
18747 We will spawn ourselves (/star/u/truhlar/star-upcDstRP/build/sched/sched7D1225A1194326D4115E1D56948B3C67_37.csh )
18747 We BEGIN on [Wed Apr 24 14:03:47 EDT 2019]
[1] 18954
18747 We are waiting for 18954 
18747 Grandchild PID is 18983 - found in 10 x 1 seconds
18747 Establishing first watcher   on    Wed Apr 24 14:03:58 EDT 2019
18747 Process tree is 18747 (main) -> 18954 (child) -> 18983 (grandchild)
F S   UID   PID  PPID  C PRI  NI ADDR SZ WCHAN  TTY        TIME CMD
0 R 11859 18983 18954 84  80   0 - 93844 -      ?          0:09 ./Analysis /gpfs01/star/pwg/truhlar/ConnectionTest/ELtrig/test/Elastic.list 37
18954 Stepping into the main SUMS wrapper program with []
Archive:  /star/u/truhlar/star-upcDstRP/build/Package.zip
  inflating: /tmp/truhlar/7D1225A1194326D4115E1D56948B3C67_37/Analysis  
  inflating: /tmp/truhlar/7D1225A1194326D4115E1D56948B3C67_37/libstar-upc.so  
Swapping $FILELIST with: /tmp/truhlar/7D1225A1194326D4115E1D56948B3C67_37/INPUTFILES/7D1225A1194326D4115E1D56948B3C67_37.local.list
--------------------------------
STAR Unified Meta Scheduler 1.10.31 we are starting in $SCRATCH : /home/tmp/truhlar/7D1225A1194326D4115E1D56948B3C67_37
--------------------------------
total 1144
-rwxr-xr-x 1 truhlar rhstar 174068 Apr 21 05:31 Analysis
drwxr-xr-x 2 truhlar rhstar   4096 Apr 24 14:03 INPUTFILES
-rwxr-xr-x 1 truhlar rhstar 990060 Apr 19 12:21 libstar-upc.so
Starting the job

[1mRooFit v3.60 -- Developed by Wouter Verkerke and David Kirkby[0m 
                Copyright (C) 2000-2013 NIKHEF, University of California & Stanford University
                All rights reserved, please read http://roofit.sourceforge.net/license.txt

37 / 37
Input from chain
Number of UPC events: 845152 RP: 845152
Ending Analysis... GOOD BYE!
7D1225A1194326D4115E1D56948B3C67_37.AnalysisOutput.root
Analysis*
INPUTFILES/
libstar-upc.so*
Cleaning up sandbox file:  /tmp/truhlar/7D1225A1194326D4115E1D56948B3C67_37/Analysis
Cleaning up sandbox file:  /tmp/truhlar/7D1225A1194326D4115E1D56948B3C67_37/libstar-upc.so
Cleaning up sandbox file:  /tmp/truhlar/7D1225A1194326D4115E1D56948B3C67_37/.sandboxFiles
Starting copy block
Running copy command:  /bin/cp -fp /tmp/truhlar/7D1225A1194326D4115E1D56948B3C67_37/7D1225A1194326D4115E1D56948B3C67_37.AnalysisOutput.root /star/u/truhlar/star-upcDstRP/build/outputs/
18747 Execution of (/star/u/truhlar/star-upcDstRP/build/sched/sched7D1225A1194326D4115E1D56948B3C67_37.csh ) has ended, exiting normally
18747 We END on [Wed Apr 24 14:07:42 EDT 2019]
