We are starting on node: spool0397.sdcc.bnl.gov
HOME is not defined
Using getent method
HOME is now /star/u/truhlar
23492 We will spawn ourselves (/star/u/truhlar/star-upcDstRP/build/sched/sched7D1225A1194326D4115E1D56948B3C67_78.csh )
23492 We BEGIN on [Wed Apr 24 14:03:43 EDT 2019]
[1] 23665
23492 We are waiting for 23665 
23492 Grandchild PID is 23697 - found in 10 x 1 seconds
23492 Establishing first watcher   on    Wed Apr 24 14:03:54 EDT 2019
23492 Process tree is 23492 (main) -> 23665 (child) -> 23697 (grandchild)
F S   UID   PID  PPID  C PRI  NI ADDR SZ WCHAN  TTY        TIME CMD
0 R 11859 23697 23665 87  80   0 - 107805 -     ?          0:09 ./Analysis /gpfs01/star/pwg/truhlar/ConnectionTest/ELtrig/test/Elastic.list 78
23665 Stepping into the main SUMS wrapper program with []
Archive:  /star/u/truhlar/star-upcDstRP/build/Package.zip
  inflating: /tmp/truhlar/7D1225A1194326D4115E1D56948B3C67_78/Analysis  
  inflating: /tmp/truhlar/7D1225A1194326D4115E1D56948B3C67_78/libstar-upc.so  
Swapping $FILELIST with: /tmp/truhlar/7D1225A1194326D4115E1D56948B3C67_78/INPUTFILES/7D1225A1194326D4115E1D56948B3C67_78.local.list
--------------------------------
STAR Unified Meta Scheduler 1.10.31 we are starting in $SCRATCH : /home/tmp/truhlar/7D1225A1194326D4115E1D56948B3C67_78
--------------------------------
total 1144
-rwxr-xr-x 1 truhlar rhstar 174068 Apr 21 05:31 Analysis
drwxr-xr-x 2 truhlar rhstar   4096 Apr 24 14:03 INPUTFILES
-rwxr-xr-x 1 truhlar rhstar 990060 Apr 19 12:21 libstar-upc.so
Starting the job

[1mRooFit v3.60 -- Developed by Wouter Verkerke and David Kirkby[0m 
                Copyright (C) 2000-2013 NIKHEF, University of California & Stanford University
                All rights reserved, please read http://roofit.sourceforge.net/license.txt

78 / 78
Input from chain
Number of UPC events: 943358 RP: 943358
Ending Analysis... GOOD BYE!
7D1225A1194326D4115E1D56948B3C67_78.AnalysisOutput.root
Analysis*
INPUTFILES/
libstar-upc.so*
Cleaning up sandbox file:  /tmp/truhlar/7D1225A1194326D4115E1D56948B3C67_78/Analysis
Cleaning up sandbox file:  /tmp/truhlar/7D1225A1194326D4115E1D56948B3C67_78/libstar-upc.so
Cleaning up sandbox file:  /tmp/truhlar/7D1225A1194326D4115E1D56948B3C67_78/.sandboxFiles
Starting copy block
Running copy command:  /bin/cp -fp /tmp/truhlar/7D1225A1194326D4115E1D56948B3C67_78/7D1225A1194326D4115E1D56948B3C67_78.AnalysisOutput.root /star/u/truhlar/star-upcDstRP/build/outputs/
23492 Execution of (/star/u/truhlar/star-upcDstRP/build/sched/sched7D1225A1194326D4115E1D56948B3C67_78.csh ) has ended, exiting normally
23492 We END on [Wed Apr 24 14:07:15 EDT 2019]
