We are starting on node: rcas2017.rcf.bnl.gov
HOME is not defined
Using getent method
HOME is now /star/u/truhlar
39682 We will spawn ourselves (/star/u/truhlar/star-upcDstRP/build/sched/sched2B5F7B86CBB6B57948B07D23E8EAE0BB_22.csh )
39682 We BEGIN on [Sun Apr 21 05:33:37 EDT 2019]
[1] 40173
39682 We are waiting for 40173 
39682 Grandchild PID is 40290 - found in 10 x 1 seconds
39682 Establishing first watcher   on    Sun Apr 21 05:33:49 EDT 2019
39682 Process tree is 39682 (main) -> 40173 (child) -> 40290 (grandchild)
F S   UID    PID   PPID  C PRI  NI ADDR SZ WCHAN  TTY        TIME CMD
0 R 11859  40290  40173 90  80   0 - 108911 -     ?          0:10 ./Analysis /gpfs01/star/pwg/truhlar/Final/ELtrig/merge_files/StUPCRP_production.list 22
40173 Stepping into the main SUMS wrapper program with []
Archive:  /star/u/truhlar/star-upcDstRP/build/Package.zip
  inflating: /tmp/truhlar/2B5F7B86CBB6B57948B07D23E8EAE0BB_22/Analysis  
  inflating: /tmp/truhlar/2B5F7B86CBB6B57948B07D23E8EAE0BB_22/libstar-upc.so  
Swapping $FILELIST with: /tmp/truhlar/2B5F7B86CBB6B57948B07D23E8EAE0BB_22/INPUTFILES/2B5F7B86CBB6B57948B07D23E8EAE0BB_22.local.list
--------------------------------
STAR Unified Meta Scheduler 1.10.31 we are starting in $SCRATCH : /home/tmp/truhlar/2B5F7B86CBB6B57948B07D23E8EAE0BB_22
--------------------------------
total 1144
-rwxr-xr-x 1 truhlar rhstar 174068 Apr 21 05:31 Analysis
drwxr-xr-x 2 truhlar rhstar   4096 Apr 21 05:33 INPUTFILES
-rwxr-xr-x 1 truhlar rhstar 990060 Apr 19 12:21 libstar-upc.so
Starting the job

[1mRooFit v3.60 -- Developed by Wouter Verkerke and David Kirkby[0m 
                Copyright (C) 2000-2013 NIKHEF, University of California & Stanford University
                All rights reserved, please read http://roofit.sourceforge.net/license.txt

22 / 22
Input from chain
Number of UPC events: 2653362 RP: 2653362
Ending Analysis... GOOD BYE!
2B5F7B86CBB6B57948B07D23E8EAE0BB_22.AnalysisOutput.root
Analysis*
INPUTFILES/
libstar-upc.so*
Cleaning up sandbox file:  /tmp/truhlar/2B5F7B86CBB6B57948B07D23E8EAE0BB_22/Analysis
Cleaning up sandbox file:  /tmp/truhlar/2B5F7B86CBB6B57948B07D23E8EAE0BB_22/libstar-upc.so
Cleaning up sandbox file:  /tmp/truhlar/2B5F7B86CBB6B57948B07D23E8EAE0BB_22/.sandboxFiles
Starting copy block
Running copy command:  /bin/cp -fp /tmp/truhlar/2B5F7B86CBB6B57948B07D23E8EAE0BB_22/2B5F7B86CBB6B57948B07D23E8EAE0BB_22.AnalysisOutput.root /star/u/truhlar/star-upcDstRP/build/outputs/
39682 Execution of (/star/u/truhlar/star-upcDstRP/build/sched/sched2B5F7B86CBB6B57948B07D23E8EAE0BB_22.csh ) has ended, exiting normally
39682 We END on [Sun Apr 21 05:39:30 EDT 2019]
