We are starting on node: spool0245.sdcc.bnl.gov
HOME is not defined
Using getent method
HOME is now /star/u/truhlar
28600 We will spawn ourselves (/star/u/truhlar/star-upcDstRP/build/sched/schedEE123499E54E1A7A314FABE9288752E2_5.csh )
28600 We BEGIN on [Mon Apr 22 15:44:55 EDT 2019]
[1] 28757
28600 We are waiting for 28757 
28600 Grandchild PID is 28786 - found in 10 x 1 seconds
28600 Establishing first watcher   on    Mon Apr 22 15:45:06 EDT 2019
28600 Process tree is 28600 (main) -> 28757 (child) -> 28786 (grandchild)
F S   UID   PID  PPID  C PRI  NI ADDR SZ WCHAN  TTY        TIME CMD
0 R 11859 28786 28757 79  80   0 - 105938 -     ?          0:08 ./Analysis /gpfs01/star/pwg/truhlar/Final/ELtrig/merge_files/StUPCRP_production.list 5
28757 Stepping into the main SUMS wrapper program with []
Archive:  /star/u/truhlar/star-upcDstRP/build/Package.zip
  inflating: /tmp/truhlar/EE123499E54E1A7A314FABE9288752E2_5/Analysis  
  inflating: /tmp/truhlar/EE123499E54E1A7A314FABE9288752E2_5/libstar-upc.so  
Swapping $FILELIST with: /tmp/truhlar/EE123499E54E1A7A314FABE9288752E2_5/INPUTFILES/EE123499E54E1A7A314FABE9288752E2_5.local.list
--------------------------------
STAR Unified Meta Scheduler 1.10.31 we are starting in $SCRATCH : /home/tmp/truhlar/EE123499E54E1A7A314FABE9288752E2_5
--------------------------------
total 1144
-rwxr-xr-x 1 truhlar rhstar 174068 Apr 21 05:31 Analysis
drwxr-xr-x 2 truhlar rhstar   4096 Apr 22 15:44 INPUTFILES
-rwxr-xr-x 1 truhlar rhstar 990060 Apr 19 12:21 libstar-upc.so
Starting the job

[1mRooFit v3.60 -- Developed by Wouter Verkerke and David Kirkby[0m 
                Copyright (C) 2000-2013 NIKHEF, University of California & Stanford University
                All rights reserved, please read http://roofit.sourceforge.net/license.txt

5 / 5
Input from chain
Number of UPC events: 2645763 RP: 2645763
Ending Analysis... GOOD BYE!
Analysis*
EE123499E54E1A7A314FABE9288752E2_5.AnalysisOutput.root
INPUTFILES/
libstar-upc.so*
Cleaning up sandbox file:  /tmp/truhlar/EE123499E54E1A7A314FABE9288752E2_5/Analysis
Cleaning up sandbox file:  /tmp/truhlar/EE123499E54E1A7A314FABE9288752E2_5/libstar-upc.so
Cleaning up sandbox file:  /tmp/truhlar/EE123499E54E1A7A314FABE9288752E2_5/.sandboxFiles
Starting copy block
Running copy command:  /bin/cp -fp /tmp/truhlar/EE123499E54E1A7A314FABE9288752E2_5/EE123499E54E1A7A314FABE9288752E2_5.AnalysisOutput.root /star/u/truhlar/star-upcDstRP/build/outputs/
28600 Execution of (/star/u/truhlar/star-upcDstRP/build/sched/schedEE123499E54E1A7A314FABE9288752E2_5.csh ) has ended, exiting normally
28600 We END on [Mon Apr 22 15:50:54 EDT 2019]
