We are starting on node: rcas2457.rcf.bnl.gov
HOME is not defined
Using getent method
HOME is now /star/u/truhlar
14963 We will spawn ourselves (/star/u/truhlar/star-upcDstRP/build/sched/sched7D1225A1194326D4115E1D56948B3C67_40.csh )
14963 We BEGIN on [Wed Apr 24 14:03:47 EDT 2019]
[1] 15205
14963 We are waiting for 15205 
14963 Grandchild PID is 15241 - found in 10 x 1 seconds
14963 Establishing first watcher   on    Wed Apr 24 14:03:58 EDT 2019
14963 Process tree is 14963 (main) -> 15205 (child) -> 15241 (grandchild)
F S   UID   PID  PPID  C PRI  NI ADDR SZ WCHAN  TTY        TIME CMD
0 R 11859 15241 15205 74  80   0 - 93465 -      ?          0:08 ./Analysis /gpfs01/star/pwg/truhlar/ConnectionTest/ELtrig/test/Elastic.list 40
15205 Stepping into the main SUMS wrapper program with []
Archive:  /star/u/truhlar/star-upcDstRP/build/Package.zip
  inflating: /tmp/truhlar/7D1225A1194326D4115E1D56948B3C67_40/Analysis  
  inflating: /tmp/truhlar/7D1225A1194326D4115E1D56948B3C67_40/libstar-upc.so  
Swapping $FILELIST with: /tmp/truhlar/7D1225A1194326D4115E1D56948B3C67_40/INPUTFILES/7D1225A1194326D4115E1D56948B3C67_40.local.list
--------------------------------
STAR Unified Meta Scheduler 1.10.31 we are starting in $SCRATCH : /home/tmp/truhlar/7D1225A1194326D4115E1D56948B3C67_40
--------------------------------
total 1144
-rwxr-xr-x 1 truhlar rhstar 174068 Apr 21 05:31 Analysis
drwxr-xr-x 2 truhlar rhstar   4096 Apr 24 14:03 INPUTFILES
-rwxr-xr-x 1 truhlar rhstar 990060 Apr 19 12:21 libstar-upc.so
Starting the job

[1mRooFit v3.60 -- Developed by Wouter Verkerke and David Kirkby[0m 
                Copyright (C) 2000-2013 NIKHEF, University of California & Stanford University
                All rights reserved, please read http://roofit.sourceforge.net/license.txt

40 / 40
Input from chain
Number of UPC events: 800069 RP: 800069
Ending Analysis... GOOD BYE!
7D1225A1194326D4115E1D56948B3C67_40.AnalysisOutput.root
Analysis*
INPUTFILES/
libstar-upc.so*
Cleaning up sandbox file:  /tmp/truhlar/7D1225A1194326D4115E1D56948B3C67_40/Analysis
Cleaning up sandbox file:  /tmp/truhlar/7D1225A1194326D4115E1D56948B3C67_40/libstar-upc.so
Cleaning up sandbox file:  /tmp/truhlar/7D1225A1194326D4115E1D56948B3C67_40/.sandboxFiles
Starting copy block
Running copy command:  /bin/cp -fp /tmp/truhlar/7D1225A1194326D4115E1D56948B3C67_40/7D1225A1194326D4115E1D56948B3C67_40.AnalysisOutput.root /star/u/truhlar/star-upcDstRP/build/outputs/
14963 Execution of (/star/u/truhlar/star-upcDstRP/build/sched/sched7D1225A1194326D4115E1D56948B3C67_40.csh ) has ended, exiting normally
14963 We END on [Wed Apr 24 14:07:21 EDT 2019]
