We are starting on node: spar0507.usatlas.bnl.gov
HOME is not defined
Using getent method
HOME is now /star/u/truhlar
2721 We will spawn ourselves (/star/u/truhlar/star-upcDstRP/build/sched/sched77A0455BE6343006E32CC5EA1CF1F0B7_11.csh )
2721 We BEGIN on [Thu Apr 25 09:02:12 EDT 2019]
[1] 2909
2721 We are waiting for 2909 
2721 Grandchild PID is 2926 - found in 0 x 1 seconds
2721 Establishing first watcher   on    Thu Apr 25 09:02:12 EDT 2019
2721 Process tree is 2721 (main) -> 2909 (child) -> 2926 (grandchild)
F S   UID   PID  PPID  C PRI  NI ADDR SZ WCHAN  TTY        TIME CMD
2909 Stepping into the main SUMS wrapper program with []
Archive:  /star/u/truhlar/star-upcDstRP/build/Package.zip
  inflating: /tmp/truhlar/77A0455BE6343006E32CC5EA1CF1F0B7_11/Analysis  
  inflating: /tmp/truhlar/77A0455BE6343006E32CC5EA1CF1F0B7_11/libstar-upc.so  
Swapping $FILELIST with: /tmp/truhlar/77A0455BE6343006E32CC5EA1CF1F0B7_11/INPUTFILES/77A0455BE6343006E32CC5EA1CF1F0B7_11.local.list
--------------------------------
STAR Unified Meta Scheduler 1.10.31 we are starting in $SCRATCH : /home/tmp/truhlar/77A0455BE6343006E32CC5EA1CF1F0B7_11
--------------------------------
total 1144
-rwxr-xr-x 1 truhlar rhstar 175020 Apr 24 21:29 Analysis
drwxr-xr-x 2 truhlar rhstar   4096 Apr 25 09:02 INPUTFILES
-rwxr-xr-x 1 truhlar rhstar 990280 Apr 24 21:28 libstar-upc.so
Starting the job

[1mRooFit v3.60 -- Developed by Wouter Verkerke and David Kirkby[0m 
                Copyright (C) 2000-2013 NIKHEF, University of California & Stanford University
                All rights reserved, please read http://roofit.sourceforge.net/license.txt

Input from chain
Number of UPC events: 0 RP: 0
Ending Analysis... GOOD BYE!
77A0455BE6343006E32CC5EA1CF1F0B7_11.AnalysisOutput.root
Analysis*
INPUTFILES/
libstar-upc.so*
Cleaning up sandbox file:  /tmp/truhlar/77A0455BE6343006E32CC5EA1CF1F0B7_11/Analysis
Cleaning up sandbox file:  /tmp/truhlar/77A0455BE6343006E32CC5EA1CF1F0B7_11/libstar-upc.so
Cleaning up sandbox file:  /tmp/truhlar/77A0455BE6343006E32CC5EA1CF1F0B7_11/.sandboxFiles
Starting copy block
Running copy command:  /bin/cp -fp /tmp/truhlar/77A0455BE6343006E32CC5EA1CF1F0B7_11/77A0455BE6343006E32CC5EA1CF1F0B7_11.AnalysisOutput.root /star/u/truhlar/star-upcDstRP/build/outputs/
2721 Execution of (/star/u/truhlar/star-upcDstRP/build/sched/sched77A0455BE6343006E32CC5EA1CF1F0B7_11.csh ) has ended, exiting normally
2721 We END on [Thu Apr 25 09:02:25 EDT 2019]
