We are starting on node: rcas2966.rcf.bnl.gov
HOME is not defined
Using getent method
HOME is now /star/u/truhlar
47842 We will spawn ourselves (/star/u/truhlar/star-upcDstRP/build/sched/sched77A0455BE6343006E32CC5EA1CF1F0B7_18.csh )
47842 We BEGIN on [Thu Apr 25 09:02:11 EDT 2019]
[1] 48002
47842 We are waiting for 48002 
47842 Grandchild PID is 48038 - found in 10 x 1 seconds
47842 Establishing first watcher   on    Thu Apr 25 09:02:21 EDT 2019
47842 Process tree is 47842 (main) -> 48002 (child) -> 48038 (grandchild)
F S   UID   PID  PPID  C PRI  NI ADDR SZ WCHAN  TTY        TIME CMD
0 S 11859 48038 48002  2  80   0 - 18261 afs_os ?          0:00 ./Analysis /gpfs01/star/pwg/truhlar/ConnectionTest/ELtrig/test/test.list 18
48002 Stepping into the main SUMS wrapper program with []
Archive:  /star/u/truhlar/star-upcDstRP/build/Package.zip
  inflating: /tmp/truhlar/77A0455BE6343006E32CC5EA1CF1F0B7_18/Analysis  
  inflating: /tmp/truhlar/77A0455BE6343006E32CC5EA1CF1F0B7_18/libstar-upc.so  
Swapping $FILELIST with: /tmp/truhlar/77A0455BE6343006E32CC5EA1CF1F0B7_18/INPUTFILES/77A0455BE6343006E32CC5EA1CF1F0B7_18.local.list
--------------------------------
STAR Unified Meta Scheduler 1.10.31 we are starting in $SCRATCH : /home/tmp/truhlar/77A0455BE6343006E32CC5EA1CF1F0B7_18
--------------------------------
total 1144
-rwxr-xr-x 1 truhlar rhstar 175020 Apr 24 21:29 Analysis
drwxr-xr-x 2 truhlar rhstar   4096 Apr 25 09:02 INPUTFILES
-rwxr-xr-x 1 truhlar rhstar 990280 Apr 24 21:28 libstar-upc.so
Starting the job

[1mRooFit v3.60 -- Developed by Wouter Verkerke and David Kirkby[0m 
                Copyright (C) 2000-2013 NIKHEF, University of California & Stanford University
                All rights reserved, please read http://roofit.sourceforge.net/license.txt

Input from chain
Number of UPC events: 492037 RP: 492037
Ending Analysis... GOOD BYE!
77A0455BE6343006E32CC5EA1CF1F0B7_18.AnalysisOutput.root
Analysis*
INPUTFILES/
libstar-upc.so*
Cleaning up sandbox file:  /tmp/truhlar/77A0455BE6343006E32CC5EA1CF1F0B7_18/Analysis
Cleaning up sandbox file:  /tmp/truhlar/77A0455BE6343006E32CC5EA1CF1F0B7_18/libstar-upc.so
Cleaning up sandbox file:  /tmp/truhlar/77A0455BE6343006E32CC5EA1CF1F0B7_18/.sandboxFiles
Starting copy block
Running copy command:  /bin/cp -fp /tmp/truhlar/77A0455BE6343006E32CC5EA1CF1F0B7_18/77A0455BE6343006E32CC5EA1CF1F0B7_18.AnalysisOutput.root /star/u/truhlar/star-upcDstRP/build/outputs/
47842 Execution of (/star/u/truhlar/star-upcDstRP/build/sched/sched77A0455BE6343006E32CC5EA1CF1F0B7_18.csh ) has ended, exiting normally
47842 We END on [Thu Apr 25 09:03:30 EDT 2019]
