We are starting on node: spool0246.sdcc.bnl.gov
HOME is not defined
Using getent method
HOME is now /star/u/truhlar
624 We will spawn ourselves (/star/u/truhlar/star-upcDstRP/build/sched/sched77A0455BE6343006E32CC5EA1CF1F0B7_91.csh )
624 We BEGIN on [Thu Apr 25 09:01:53 EDT 2019]
[1] 809
624 We are waiting for 809 
624 Grandchild PID is 21809 - found in 0 x 1 seconds
624 Establishing first watcher   on    Thu Apr 25 09:01:53 EDT 2019
624 Process tree is 624 (main) -> 809 (child) -> 21809 (grandchild)
F S   UID   PID  PPID  C PRI  NI ADDR SZ WCHAN  TTY        TIME CMD
1 S     0 21809     2  0  80   0 -     0 worker ?          0:02 [kworker/27:5]
809 Stepping into the main SUMS wrapper program with []
Archive:  /star/u/truhlar/star-upcDstRP/build/Package.zip
  inflating: /tmp/truhlar/77A0455BE6343006E32CC5EA1CF1F0B7_91/Analysis  
  inflating: /tmp/truhlar/77A0455BE6343006E32CC5EA1CF1F0B7_91/libstar-upc.so  
Swapping $FILELIST with: /tmp/truhlar/77A0455BE6343006E32CC5EA1CF1F0B7_91/INPUTFILES/77A0455BE6343006E32CC5EA1CF1F0B7_91.local.list
--------------------------------
STAR Unified Meta Scheduler 1.10.31 we are starting in $SCRATCH : /home/tmp/truhlar/77A0455BE6343006E32CC5EA1CF1F0B7_91
--------------------------------
total 1144
-rwxr-xr-x 1 truhlar rhstar 175020 Apr 24 21:29 Analysis
drwxr-xr-x 2 truhlar rhstar   4096 Apr 25 09:01 INPUTFILES
-rwxr-xr-x 1 truhlar rhstar 990280 Apr 24 21:28 libstar-upc.so
Starting the job

[1mRooFit v3.60 -- Developed by Wouter Verkerke and David Kirkby[0m 
                Copyright (C) 2000-2013 NIKHEF, University of California & Stanford University
                All rights reserved, please read http://roofit.sourceforge.net/license.txt

Input from chain
Number of UPC events: 1045705 RP: 1045705
Ending Analysis... GOOD BYE!
77A0455BE6343006E32CC5EA1CF1F0B7_91.AnalysisOutput.root
Analysis*
INPUTFILES/
libstar-upc.so*
Cleaning up sandbox file:  /tmp/truhlar/77A0455BE6343006E32CC5EA1CF1F0B7_91/Analysis
Cleaning up sandbox file:  /tmp/truhlar/77A0455BE6343006E32CC5EA1CF1F0B7_91/libstar-upc.so
Cleaning up sandbox file:  /tmp/truhlar/77A0455BE6343006E32CC5EA1CF1F0B7_91/.sandboxFiles
Starting copy block
Running copy command:  /bin/cp -fp /tmp/truhlar/77A0455BE6343006E32CC5EA1CF1F0B7_91/77A0455BE6343006E32CC5EA1CF1F0B7_91.AnalysisOutput.root /star/u/truhlar/star-upcDstRP/build/outputs/
624 Execution of (/star/u/truhlar/star-upcDstRP/build/sched/sched77A0455BE6343006E32CC5EA1CF1F0B7_91.csh ) has ended, exiting normally
624 We END on [Thu Apr 25 09:05:05 EDT 2019]
