We are starting on node: spar0323.usatlas.bnl.gov
HOME is not defined
Using getent method
HOME is now /star/u/truhlar
577 We will spawn ourselves (/star/u/truhlar/star-upcDstRP/build/sched/sched7D1225A1194326D4115E1D56948B3C67_64.csh )
577 We BEGIN on [Wed Apr 24 14:03:45 EDT 2019]
[1] 746
577 We are waiting for 746 
577 Grandchild PID is 776 - found in 10 x 1 seconds
577 Establishing first watcher   on    Wed Apr 24 14:03:55 EDT 2019
577 Process tree is 577 (main) -> 746 (child) -> 776 (grandchild)
F S   UID   PID  PPID  C PRI  NI ADDR SZ WCHAN  TTY        TIME CMD
0 D 11859   776   746  5  80   0 - 20271 cxiWai ?          0:00 ./Analysis /gpfs01/star/pwg/truhlar/ConnectionTest/ELtrig/test/Elastic.list 64
746 Stepping into the main SUMS wrapper program with []
Archive:  /star/u/truhlar/star-upcDstRP/build/Package.zip
  inflating: /tmp/truhlar/7D1225A1194326D4115E1D56948B3C67_64/Analysis  
  inflating: /tmp/truhlar/7D1225A1194326D4115E1D56948B3C67_64/libstar-upc.so  
Swapping $FILELIST with: /tmp/truhlar/7D1225A1194326D4115E1D56948B3C67_64/INPUTFILES/7D1225A1194326D4115E1D56948B3C67_64.local.list
--------------------------------
STAR Unified Meta Scheduler 1.10.31 we are starting in $SCRATCH : /home/tmp/truhlar/7D1225A1194326D4115E1D56948B3C67_64
--------------------------------
total 1144
-rwxr-xr-x 1 truhlar rhstar 174068 Apr 21 05:31 Analysis
drwxr-xr-x 2 truhlar rhstar   4096 Apr 24 14:03 INPUTFILES
-rwxr-xr-x 1 truhlar rhstar 990060 Apr 19 12:21 libstar-upc.so
Starting the job

[1mRooFit v3.60 -- Developed by Wouter Verkerke and David Kirkby[0m 
                Copyright (C) 2000-2013 NIKHEF, University of California & Stanford University
                All rights reserved, please read http://roofit.sourceforge.net/license.txt

64 / 64
Input from chain
Number of UPC events: 699366 RP: 699366
Ending Analysis... GOOD BYE!
7D1225A1194326D4115E1D56948B3C67_64.AnalysisOutput.root
Analysis*
INPUTFILES/
libstar-upc.so*
Cleaning up sandbox file:  /tmp/truhlar/7D1225A1194326D4115E1D56948B3C67_64/Analysis
Cleaning up sandbox file:  /tmp/truhlar/7D1225A1194326D4115E1D56948B3C67_64/libstar-upc.so
Cleaning up sandbox file:  /tmp/truhlar/7D1225A1194326D4115E1D56948B3C67_64/.sandboxFiles
Starting copy block
Running copy command:  /bin/cp -fp /tmp/truhlar/7D1225A1194326D4115E1D56948B3C67_64/7D1225A1194326D4115E1D56948B3C67_64.AnalysisOutput.root /star/u/truhlar/star-upcDstRP/build/outputs/
577 Execution of (/star/u/truhlar/star-upcDstRP/build/sched/sched7D1225A1194326D4115E1D56948B3C67_64.csh ) has ended, exiting normally
577 We END on [Wed Apr 24 14:07:02 EDT 2019]
