We are starting on node: rcas2024.rcf.bnl.gov
HOME is not defined
Using getent method
HOME is now /star/u/truhlar
390539 We will spawn ourselves (/star/u/truhlar/star-upcDstRP/build/sched/schedE8FEF418B51EA642EBBC9BE0936C3DCB_4.csh )
390539 We BEGIN on [Tue Apr 23 13:04:45 EDT 2019]
[1] 390753
390539 We are waiting for 390753 
390539 Grandchild PID is 390815 - found in 10 x 1 seconds
390539 Establishing first watcher   on    Tue Apr 23 13:04:56 EDT 2019
390539 Process tree is 390539 (main) -> 390753 (child) -> 390815 (grandchild)
F S   UID    PID   PPID  C PRI  NI ADDR SZ WCHAN  TTY        TIME CMD
0 R 11859 390815 390753 88  80   0 - 72988 -      ?          0:08 ./Analysis /gpfs01/star/pwg/truhlar/Test/CPtrig/merge_files/StUPCRP_production.list 4
390753 Stepping into the main SUMS wrapper program with []
Archive:  /star/u/truhlar/star-upcDstRP/build/Package.zip
  inflating: /tmp/truhlar/E8FEF418B51EA642EBBC9BE0936C3DCB_4/Analysis  
  inflating: /tmp/truhlar/E8FEF418B51EA642EBBC9BE0936C3DCB_4/libstar-upc.so  
Swapping $FILELIST with: /tmp/truhlar/E8FEF418B51EA642EBBC9BE0936C3DCB_4/INPUTFILES/E8FEF418B51EA642EBBC9BE0936C3DCB_4.local.list
--------------------------------
STAR Unified Meta Scheduler 1.10.31 we are starting in $SCRATCH : /home/tmp/truhlar/E8FEF418B51EA642EBBC9BE0936C3DCB_4
--------------------------------
total 1144
-rwxr-xr-x 1 truhlar rhstar 174068 Apr 21 05:31 Analysis
drwxr-xr-x 2 truhlar rhstar   4096 Apr 23 13:04 INPUTFILES
-rwxr-xr-x 1 truhlar rhstar 990060 Apr 19 12:21 libstar-upc.so
Starting the job

[1mRooFit v3.60 -- Developed by Wouter Verkerke and David Kirkby[0m 
                Copyright (C) 2000-2013 NIKHEF, University of California & Stanford University
                All rights reserved, please read http://roofit.sourceforge.net/license.txt

4 / 4
Input from chain
Number of UPC events: 381484 RP: 381484
Ending Analysis... GOOD BYE!
Analysis*
E8FEF418B51EA642EBBC9BE0936C3DCB_4.AnalysisOutput.root
INPUTFILES/
libstar-upc.so*
Cleaning up sandbox file:  /tmp/truhlar/E8FEF418B51EA642EBBC9BE0936C3DCB_4/Analysis
Cleaning up sandbox file:  /tmp/truhlar/E8FEF418B51EA642EBBC9BE0936C3DCB_4/libstar-upc.so
Cleaning up sandbox file:  /tmp/truhlar/E8FEF418B51EA642EBBC9BE0936C3DCB_4/.sandboxFiles
Starting copy block
Running copy command:  /bin/cp -fp /tmp/truhlar/E8FEF418B51EA642EBBC9BE0936C3DCB_4/E8FEF418B51EA642EBBC9BE0936C3DCB_4.AnalysisOutput.root /star/u/truhlar/star-upcDstRP/build/outputs/
390539 Execution of (/star/u/truhlar/star-upcDstRP/build/sched/schedE8FEF418B51EA642EBBC9BE0936C3DCB_4.csh ) has ended, exiting normally
390539 We END on [Tue Apr 23 13:05:19 EDT 2019]
