We are starting on node: spool0287.sdcc.bnl.gov
HOME is not defined
Using getent method
HOME is now /star/u/truhlar
3386 We will spawn ourselves (/star/u/truhlar/star-upcDstRP/build/sched/sched77A0455BE6343006E32CC5EA1CF1F0B7_43.csh )
3386 We BEGIN on [Thu Apr 25 09:02:05 EDT 2019]
[1] 3565
3386 We are waiting for 3565 
3386 Grandchild PID is 3582 - found in 0 x 1 seconds
3386 Establishing first watcher   on    Thu Apr 25 09:02:05 EDT 2019
3386 Process tree is 3386 (main) -> 3565 (child) -> 3582 (grandchild)
F S   UID   PID  PPID  C PRI  NI ADDR SZ WCHAN  TTY        TIME CMD
3386 Grandchild PID is 3595 - found in 10 x 2 seconds
3386 Grandchild to watch has changed on Thu Apr 25 09:02:26 EDT 2019
3386 Process tree is 3386 (main) -> 3565 (child) -> 3595 (grandchild)
F S   UID   PID  PPID  C PRI  NI ADDR SZ WCHAN  TTY        TIME CMD
0 R 11859  3595  3565 48  80   0 - 93760 -      ?          0:09 ./Analysis /gpfs01/star/pwg/truhlar/ConnectionTest/ELtrig/test/test.list 43
3565 Stepping into the main SUMS wrapper program with []
Archive:  /star/u/truhlar/star-upcDstRP/build/Package.zip
  inflating: /tmp/truhlar/77A0455BE6343006E32CC5EA1CF1F0B7_43/Analysis  
  inflating: /tmp/truhlar/77A0455BE6343006E32CC5EA1CF1F0B7_43/libstar-upc.so  
Swapping $FILELIST with: /tmp/truhlar/77A0455BE6343006E32CC5EA1CF1F0B7_43/INPUTFILES/77A0455BE6343006E32CC5EA1CF1F0B7_43.local.list
--------------------------------
STAR Unified Meta Scheduler 1.10.31 we are starting in $SCRATCH : /home/tmp/truhlar/77A0455BE6343006E32CC5EA1CF1F0B7_43
--------------------------------
total 1144
-rwxr-xr-x 1 truhlar rhstar 175020 Apr 24 21:29 Analysis
drwxr-xr-x 2 truhlar rhstar   4096 Apr 25 09:02 INPUTFILES
-rwxr-xr-x 1 truhlar rhstar 990280 Apr 24 21:28 libstar-upc.so
Starting the job

[1mRooFit v3.60 -- Developed by Wouter Verkerke and David Kirkby[0m 
                Copyright (C) 2000-2013 NIKHEF, University of California & Stanford University
                All rights reserved, please read http://roofit.sourceforge.net/license.txt

Input from chain
Number of UPC events: 804555 RP: 804555
Ending Analysis... GOOD BYE!
77A0455BE6343006E32CC5EA1CF1F0B7_43.AnalysisOutput.root
Analysis*
INPUTFILES/
libstar-upc.so*
Cleaning up sandbox file:  /tmp/truhlar/77A0455BE6343006E32CC5EA1CF1F0B7_43/Analysis
Cleaning up sandbox file:  /tmp/truhlar/77A0455BE6343006E32CC5EA1CF1F0B7_43/libstar-upc.so
Cleaning up sandbox file:  /tmp/truhlar/77A0455BE6343006E32CC5EA1CF1F0B7_43/.sandboxFiles
Starting copy block
Running copy command:  /bin/cp -fp /tmp/truhlar/77A0455BE6343006E32CC5EA1CF1F0B7_43/77A0455BE6343006E32CC5EA1CF1F0B7_43.AnalysisOutput.root /star/u/truhlar/star-upcDstRP/build/outputs/
3386 Execution of (/star/u/truhlar/star-upcDstRP/build/sched/sched77A0455BE6343006E32CC5EA1CF1F0B7_43.csh ) has ended, exiting normally
3386 We END on [Thu Apr 25 09:04:46 EDT 2019]
