We are starting on node: spool0123.sdcc.bnl.gov
HOME is not defined
Using getent method
HOME is now /star/u/truhlar
10984 We will spawn ourselves (/star/u/truhlar/star-upcDstRP/build/sched/sched7D1225A1194326D4115E1D56948B3C67_24.csh )
10984 We BEGIN on [Wed Apr 24 14:03:48 EDT 2019]
[1] 11142
10984 We are waiting for 11142 
10984 Grandchild PID is 11171 - found in 10 x 1 seconds
10984 Establishing first watcher   on    Wed Apr 24 14:03:59 EDT 2019
10984 Process tree is 10984 (main) -> 11142 (child) -> 11171 (grandchild)
F S   UID   PID  PPID  C PRI  NI ADDR SZ WCHAN  TTY        TIME CMD
0 R 11859 11171 11142 87  80   0 - 100536 -     ?          0:08 ./Analysis /gpfs01/star/pwg/truhlar/ConnectionTest/ELtrig/test/Elastic.list 24
11142 Stepping into the main SUMS wrapper program with []
Archive:  /star/u/truhlar/star-upcDstRP/build/Package.zip
  inflating: /tmp/truhlar/7D1225A1194326D4115E1D56948B3C67_24/Analysis  
  inflating: /tmp/truhlar/7D1225A1194326D4115E1D56948B3C67_24/libstar-upc.so  
Swapping $FILELIST with: /tmp/truhlar/7D1225A1194326D4115E1D56948B3C67_24/INPUTFILES/7D1225A1194326D4115E1D56948B3C67_24.local.list
--------------------------------
STAR Unified Meta Scheduler 1.10.31 we are starting in $SCRATCH : /home/tmp/truhlar/7D1225A1194326D4115E1D56948B3C67_24
--------------------------------
total 1144
-rwxr-xr-x 1 truhlar rhstar 174068 Apr 21 05:31 Analysis
drwxr-xr-x 2 truhlar rhstar   4096 Apr 24 14:03 INPUTFILES
-rwxr-xr-x 1 truhlar rhstar 990060 Apr 19 12:21 libstar-upc.so
Starting the job

[1mRooFit v3.60 -- Developed by Wouter Verkerke and David Kirkby[0m 
                Copyright (C) 2000-2013 NIKHEF, University of California & Stanford University
                All rights reserved, please read http://roofit.sourceforge.net/license.txt

24 / 24
Input from chain
Number of UPC events: 782143 RP: 782143
Ending Analysis... GOOD BYE!
7D1225A1194326D4115E1D56948B3C67_24.AnalysisOutput.root
Analysis*
INPUTFILES/
libstar-upc.so*
Cleaning up sandbox file:  /tmp/truhlar/7D1225A1194326D4115E1D56948B3C67_24/Analysis
Cleaning up sandbox file:  /tmp/truhlar/7D1225A1194326D4115E1D56948B3C67_24/libstar-upc.so
Cleaning up sandbox file:  /tmp/truhlar/7D1225A1194326D4115E1D56948B3C67_24/.sandboxFiles
Starting copy block
Running copy command:  /bin/cp -fp /tmp/truhlar/7D1225A1194326D4115E1D56948B3C67_24/7D1225A1194326D4115E1D56948B3C67_24.AnalysisOutput.root /star/u/truhlar/star-upcDstRP/build/outputs/
10984 Execution of (/star/u/truhlar/star-upcDstRP/build/sched/sched7D1225A1194326D4115E1D56948B3C67_24.csh ) has ended, exiting normally
10984 We END on [Wed Apr 24 14:07:14 EDT 2019]
