We are starting on node: rcas6081.rcf.bnl.gov
HOME is not defined
Using getent method
HOME is now /star/u/truhlar
293296 We will spawn ourselves (/star/u/truhlar/star-upcDstRP/build/sched/sched7D1225A1194326D4115E1D56948B3C67_94.csh )
293296 We BEGIN on [Wed Apr 24 14:03:03 EDT 2019]
[1] 293643
293296 We are waiting for 293643 
293296 Grandchild PID is 293754 - found in 10 x 1 seconds
293296 Establishing first watcher   on    Wed Apr 24 14:03:13 EDT 2019
293296 Process tree is 293296 (main) -> 293643 (child) -> 293754 (grandchild)
F S   UID    PID   PPID  C PRI  NI ADDR SZ WCHAN  TTY        TIME CMD
0 D 11859 293754 293643 92  80   0 - 96619 cxiWai ?          0:10 ./Analysis /gpfs01/star/pwg/truhlar/ConnectionTest/ELtrig/test/Elastic.list 94
293643 Stepping into the main SUMS wrapper program with []
Archive:  /star/u/truhlar/star-upcDstRP/build/Package.zip
  inflating: /tmp/truhlar/7D1225A1194326D4115E1D56948B3C67_94/Analysis  
  inflating: /tmp/truhlar/7D1225A1194326D4115E1D56948B3C67_94/libstar-upc.so  
Swapping $FILELIST with: /tmp/truhlar/7D1225A1194326D4115E1D56948B3C67_94/INPUTFILES/7D1225A1194326D4115E1D56948B3C67_94.local.list
--------------------------------
STAR Unified Meta Scheduler 1.10.31 we are starting in $SCRATCH : /home/tmp/truhlar/7D1225A1194326D4115E1D56948B3C67_94
--------------------------------
total 1144
-rwxr-xr-x 1 truhlar rhstar 174068 Apr 21 05:31 Analysis
drwxr-xr-x 2 truhlar rhstar   4096 Apr 24 14:03 INPUTFILES
-rwxr-xr-x 1 truhlar rhstar 990060 Apr 19 12:21 libstar-upc.so
Starting the job

[1mRooFit v3.60 -- Developed by Wouter Verkerke and David Kirkby[0m 
                Copyright (C) 2000-2013 NIKHEF, University of California & Stanford University
                All rights reserved, please read http://roofit.sourceforge.net/license.txt

94 / 94
Input from chain
Number of UPC events: 1169000 RP: 1169000
Ending Analysis... GOOD BYE!
7D1225A1194326D4115E1D56948B3C67_94.AnalysisOutput.root
Analysis*
INPUTFILES/
libstar-upc.so*
Cleaning up sandbox file:  /tmp/truhlar/7D1225A1194326D4115E1D56948B3C67_94/Analysis
Cleaning up sandbox file:  /tmp/truhlar/7D1225A1194326D4115E1D56948B3C67_94/libstar-upc.so
Cleaning up sandbox file:  /tmp/truhlar/7D1225A1194326D4115E1D56948B3C67_94/.sandboxFiles
Starting copy block
Running copy command:  /bin/cp -fp /tmp/truhlar/7D1225A1194326D4115E1D56948B3C67_94/7D1225A1194326D4115E1D56948B3C67_94.AnalysisOutput.root /star/u/truhlar/star-upcDstRP/build/outputs/
293296 Execution of (/star/u/truhlar/star-upcDstRP/build/sched/sched7D1225A1194326D4115E1D56948B3C67_94.csh ) has ended, exiting normally
293296 We END on [Wed Apr 24 14:05:23 EDT 2019]
