We are starting on node: spar0349.usatlas.bnl.gov
HOME is not defined
Using getent method
HOME is now /star/u/truhlar
6933 We will spawn ourselves (/star/u/truhlar/star-upcDstRP/build/sched/sched7D1225A1194326D4115E1D56948B3C67_36.csh )
6933 We BEGIN on [Wed Apr 24 14:03:42 EDT 2019]
[1] 7092
6933 We are waiting for 7092 
6933 Grandchild PID is 7121 - found in 10 x 1 seconds
6933 Establishing first watcher   on    Wed Apr 24 14:03:53 EDT 2019
6933 Process tree is 6933 (main) -> 7092 (child) -> 7121 (grandchild)
F S   UID   PID  PPID  C PRI  NI ADDR SZ WCHAN  TTY        TIME CMD
0 D 11859  7121  7092  2  80   0 - 20273 cxiWai ?          0:00 ./Analysis /gpfs01/star/pwg/truhlar/ConnectionTest/ELtrig/test/Elastic.list 36
7092 Stepping into the main SUMS wrapper program with []
Archive:  /star/u/truhlar/star-upcDstRP/build/Package.zip
  inflating: /tmp/truhlar/7D1225A1194326D4115E1D56948B3C67_36/Analysis  
  inflating: /tmp/truhlar/7D1225A1194326D4115E1D56948B3C67_36/libstar-upc.so  
Swapping $FILELIST with: /tmp/truhlar/7D1225A1194326D4115E1D56948B3C67_36/INPUTFILES/7D1225A1194326D4115E1D56948B3C67_36.local.list
--------------------------------
STAR Unified Meta Scheduler 1.10.31 we are starting in $SCRATCH : /home/tmp/truhlar/7D1225A1194326D4115E1D56948B3C67_36
--------------------------------
total 1144
-rwxr-xr-x 1 truhlar rhstar 174068 Apr 21 05:31 Analysis
drwxr-xr-x 2 truhlar rhstar   4096 Apr 24 14:03 INPUTFILES
-rwxr-xr-x 1 truhlar rhstar 990060 Apr 19 12:21 libstar-upc.so
Starting the job

[1mRooFit v3.60 -- Developed by Wouter Verkerke and David Kirkby[0m 
                Copyright (C) 2000-2013 NIKHEF, University of California & Stanford University
                All rights reserved, please read http://roofit.sourceforge.net/license.txt

36 / 36
Input from chain
Number of UPC events: 804306 RP: 804306
Ending Analysis... GOOD BYE!
7D1225A1194326D4115E1D56948B3C67_36.AnalysisOutput.root
Analysis*
INPUTFILES/
libstar-upc.so*
Cleaning up sandbox file:  /tmp/truhlar/7D1225A1194326D4115E1D56948B3C67_36/Analysis
Cleaning up sandbox file:  /tmp/truhlar/7D1225A1194326D4115E1D56948B3C67_36/libstar-upc.so
Cleaning up sandbox file:  /tmp/truhlar/7D1225A1194326D4115E1D56948B3C67_36/.sandboxFiles
Starting copy block
Running copy command:  /bin/cp -fp /tmp/truhlar/7D1225A1194326D4115E1D56948B3C67_36/7D1225A1194326D4115E1D56948B3C67_36.AnalysisOutput.root /star/u/truhlar/star-upcDstRP/build/outputs/
6933 Execution of (/star/u/truhlar/star-upcDstRP/build/sched/sched7D1225A1194326D4115E1D56948B3C67_36.csh ) has ended, exiting normally
6933 We END on [Wed Apr 24 14:06:24 EDT 2019]
