We are starting on node: rcas6088.rcf.bnl.gov
HOME is not defined
Using getent method
HOME is now /star/u/truhlar
46164 We will spawn ourselves (/star/u/truhlar/star-upcDstRP/build/sched/sched77A0455BE6343006E32CC5EA1CF1F0B7_76.csh )
46164 We BEGIN on [Thu Apr 25 09:02:08 EDT 2019]
[1] 46338
46164 We are waiting for 46338 
46164 Grandchild PID is 46374 - found in 10 x 1 seconds
46164 Establishing first watcher   on    Thu Apr 25 09:02:19 EDT 2019
46164 Process tree is 46164 (main) -> 46338 (child) -> 46374 (grandchild)
F S   UID    PID   PPID  C PRI  NI ADDR SZ WCHAN  TTY        TIME CMD
0 R 11859  46374  46338 15  80   0 - 100437 -     ?          0:01 ./Analysis /gpfs01/star/pwg/truhlar/ConnectionTest/ELtrig/test/test.list 76
46338 Stepping into the main SUMS wrapper program with []
Archive:  /star/u/truhlar/star-upcDstRP/build/Package.zip
  inflating: /tmp/truhlar/77A0455BE6343006E32CC5EA1CF1F0B7_76/Analysis  
  inflating: /tmp/truhlar/77A0455BE6343006E32CC5EA1CF1F0B7_76/libstar-upc.so  
Swapping $FILELIST with: /tmp/truhlar/77A0455BE6343006E32CC5EA1CF1F0B7_76/INPUTFILES/77A0455BE6343006E32CC5EA1CF1F0B7_76.local.list
--------------------------------
STAR Unified Meta Scheduler 1.10.31 we are starting in $SCRATCH : /home/tmp/truhlar/77A0455BE6343006E32CC5EA1CF1F0B7_76
--------------------------------
total 1144
-rwxr-xr-x 1 truhlar rhstar 175020 Apr 24 21:29 Analysis
drwxr-xr-x 2 truhlar rhstar   4096 Apr 25 09:02 INPUTFILES
-rwxr-xr-x 1 truhlar rhstar 990280 Apr 24 21:28 libstar-upc.so
Starting the job

[1mRooFit v3.60 -- Developed by Wouter Verkerke and David Kirkby[0m 
                Copyright (C) 2000-2013 NIKHEF, University of California & Stanford University
                All rights reserved, please read http://roofit.sourceforge.net/license.txt

Input from chain
Number of UPC events: 839090 RP: 839090
Ending Analysis... GOOD BYE!
77A0455BE6343006E32CC5EA1CF1F0B7_76.AnalysisOutput.root
Analysis*
INPUTFILES/
libstar-upc.so*
Cleaning up sandbox file:  /tmp/truhlar/77A0455BE6343006E32CC5EA1CF1F0B7_76/Analysis
Cleaning up sandbox file:  /tmp/truhlar/77A0455BE6343006E32CC5EA1CF1F0B7_76/libstar-upc.so
Cleaning up sandbox file:  /tmp/truhlar/77A0455BE6343006E32CC5EA1CF1F0B7_76/.sandboxFiles
Starting copy block
Running copy command:  /bin/cp -fp /tmp/truhlar/77A0455BE6343006E32CC5EA1CF1F0B7_76/77A0455BE6343006E32CC5EA1CF1F0B7_76.AnalysisOutput.root /star/u/truhlar/star-upcDstRP/build/outputs/
46164 Execution of (/star/u/truhlar/star-upcDstRP/build/sched/sched77A0455BE6343006E32CC5EA1CF1F0B7_76.csh ) has ended, exiting normally
46164 We END on [Thu Apr 25 09:03:36 EDT 2019]
