We are starting on node: spool0101.sdcc.bnl.gov
HOME is not defined
Using getent method
HOME is now /star/u/truhlar
8117 We will spawn ourselves (/star/u/truhlar/star-upcDstRP/build/sched/sched7D1225A1194326D4115E1D56948B3C67_28.csh )
8117 We BEGIN on [Wed Apr 24 14:03:47 EDT 2019]
[1] 8273
8117 We are waiting for 8273 
8117 Grandchild PID is 8302 - found in 10 x 1 seconds
8117 Establishing first watcher   on    Wed Apr 24 14:03:57 EDT 2019
8117 Process tree is 8117 (main) -> 8273 (child) -> 8302 (grandchild)
F S   UID   PID  PPID  C PRI  NI ADDR SZ WCHAN  TTY        TIME CMD
0 D 11859  8302  8273  2  80   0 - 20272 cxiWai ?          0:00 ./Analysis /gpfs01/star/pwg/truhlar/ConnectionTest/ELtrig/test/Elastic.list 28
8273 Stepping into the main SUMS wrapper program with []
Archive:  /star/u/truhlar/star-upcDstRP/build/Package.zip
  inflating: /tmp/truhlar/7D1225A1194326D4115E1D56948B3C67_28/Analysis  
  inflating: /tmp/truhlar/7D1225A1194326D4115E1D56948B3C67_28/libstar-upc.so  
Swapping $FILELIST with: /tmp/truhlar/7D1225A1194326D4115E1D56948B3C67_28/INPUTFILES/7D1225A1194326D4115E1D56948B3C67_28.local.list
--------------------------------
STAR Unified Meta Scheduler 1.10.31 we are starting in $SCRATCH : /home/tmp/truhlar/7D1225A1194326D4115E1D56948B3C67_28
--------------------------------
total 1144
-rwxr-xr-x 1 truhlar rhstar 174068 Apr 21 05:31 Analysis
drwxr-xr-x 2 truhlar rhstar   4096 Apr 24 14:03 INPUTFILES
-rwxr-xr-x 1 truhlar rhstar 990060 Apr 19 12:21 libstar-upc.so
Starting the job

[1mRooFit v3.60 -- Developed by Wouter Verkerke and David Kirkby[0m 
                Copyright (C) 2000-2013 NIKHEF, University of California & Stanford University
                All rights reserved, please read http://roofit.sourceforge.net/license.txt

28 / 28
Input from chain
Number of UPC events: 823261 RP: 823261
Ending Analysis... GOOD BYE!
7D1225A1194326D4115E1D56948B3C67_28.AnalysisOutput.root
Analysis*
INPUTFILES/
libstar-upc.so*
Cleaning up sandbox file:  /tmp/truhlar/7D1225A1194326D4115E1D56948B3C67_28/Analysis
Cleaning up sandbox file:  /tmp/truhlar/7D1225A1194326D4115E1D56948B3C67_28/libstar-upc.so
Cleaning up sandbox file:  /tmp/truhlar/7D1225A1194326D4115E1D56948B3C67_28/.sandboxFiles
Starting copy block
Running copy command:  /bin/cp -fp /tmp/truhlar/7D1225A1194326D4115E1D56948B3C67_28/7D1225A1194326D4115E1D56948B3C67_28.AnalysisOutput.root /star/u/truhlar/star-upcDstRP/build/outputs/
8117 Execution of (/star/u/truhlar/star-upcDstRP/build/sched/sched7D1225A1194326D4115E1D56948B3C67_28.csh ) has ended, exiting normally
8117 We END on [Wed Apr 24 14:06:10 EDT 2019]
