We are starting on node: rcas6290.rcf.bnl.gov
HOME is not defined
Using getent method
HOME is now /star/u/truhlar
46987 We will spawn ourselves (/star/u/truhlar/star-upcDstRP/build/sched/schedAB932A2AA07F06EEDA2C2C988034E20B_7.csh )
46987 We BEGIN on [Wed Apr 24 11:29:41 EDT 2019]
[1] 47148
46987 We are waiting for 47148 
46987 Grandchild PID is 47184 - found in 10 x 1 seconds
46987 Establishing first watcher   on    Wed Apr 24 11:29:51 EDT 2019
46987 Process tree is 46987 (main) -> 47148 (child) -> 47184 (grandchild)
F S   UID   PID  PPID  C PRI  NI ADDR SZ WCHAN  TTY        TIME CMD
0 D 11859 47184 47148  3  80   0 - 20615 cxiWai ?          0:00 ./Analysis /gpfs01/star/pwg/truhlar/ConnectionTest/ELtrig/merge_files/StUPCRP_production.list 7
47148 Stepping into the main SUMS wrapper program with []
Archive:  /star/u/truhlar/star-upcDstRP/build/Package.zip
  inflating: /tmp/truhlar/AB932A2AA07F06EEDA2C2C988034E20B_7/Analysis  
  inflating: /tmp/truhlar/AB932A2AA07F06EEDA2C2C988034E20B_7/libstar-upc.so  
Swapping $FILELIST with: /tmp/truhlar/AB932A2AA07F06EEDA2C2C988034E20B_7/INPUTFILES/AB932A2AA07F06EEDA2C2C988034E20B_7.local.list
--------------------------------
STAR Unified Meta Scheduler 1.10.31 we are starting in $SCRATCH : /home/tmp/truhlar/AB932A2AA07F06EEDA2C2C988034E20B_7
--------------------------------
total 1144
-rwxr-xr-x 1 truhlar rhstar 174068 Apr 21 05:31 Analysis
drwxr-xr-x 2 truhlar rhstar   4096 Apr 24 11:29 INPUTFILES
-rwxr-xr-x 1 truhlar rhstar 990060 Apr 19 12:21 libstar-upc.so
Starting the job

[1mRooFit v3.60 -- Developed by Wouter Verkerke and David Kirkby[0m 
                Copyright (C) 2000-2013 NIKHEF, University of California & Stanford University
                All rights reserved, please read http://roofit.sourceforge.net/license.txt

7 / 7
Input from chain
Number of UPC events: 2592798 RP: 2592798
Ending Analysis... GOOD BYE!
AB932A2AA07F06EEDA2C2C988034E20B_7.AnalysisOutput.root
Analysis*
INPUTFILES/
libstar-upc.so*
Cleaning up sandbox file:  /tmp/truhlar/AB932A2AA07F06EEDA2C2C988034E20B_7/Analysis
Cleaning up sandbox file:  /tmp/truhlar/AB932A2AA07F06EEDA2C2C988034E20B_7/libstar-upc.so
Cleaning up sandbox file:  /tmp/truhlar/AB932A2AA07F06EEDA2C2C988034E20B_7/.sandboxFiles
Starting copy block
Running copy command:  /bin/cp -fp /tmp/truhlar/AB932A2AA07F06EEDA2C2C988034E20B_7/AB932A2AA07F06EEDA2C2C988034E20B_7.AnalysisOutput.root /star/u/truhlar/star-upcDstRP/build/outputs/
46987 Execution of (/star/u/truhlar/star-upcDstRP/build/sched/schedAB932A2AA07F06EEDA2C2C988034E20B_7.csh ) has ended, exiting normally
46987 We END on [Wed Apr 24 12:05:39 EDT 2019]
