We are starting on node: rcas6239.rcf.bnl.gov
HOME is not defined
Using getent method
HOME is now /star/u/truhlar
3030 We will spawn ourselves (/star/u/truhlar/star-upcDstRP/build/sched/schedAB932A2AA07F06EEDA2C2C988034E20B_9.csh )
3030 We BEGIN on [Wed Apr 24 11:23:28 EDT 2019]
[1] 3214
3030 We are waiting for 3214 
3030 Grandchild PID is 3252 - found in 10 x 1 seconds
3030 Establishing first watcher   on    Wed Apr 24 11:23:39 EDT 2019
3030 Process tree is 3030 (main) -> 3214 (child) -> 3252 (grandchild)
F S   UID   PID  PPID  C PRI  NI ADDR SZ WCHAN  TTY        TIME CMD
0 D 11859  3252  3214  4  80   0 - 20243 cxiWai ?          0:00 ./Analysis /gpfs01/star/pwg/truhlar/ConnectionTest/ELtrig/merge_files/StUPCRP_production.list 9
3214 Stepping into the main SUMS wrapper program with []
Archive:  /star/u/truhlar/star-upcDstRP/build/Package.zip
  inflating: /tmp/truhlar/AB932A2AA07F06EEDA2C2C988034E20B_9/Analysis  
  inflating: /tmp/truhlar/AB932A2AA07F06EEDA2C2C988034E20B_9/libstar-upc.so  
Swapping $FILELIST with: /tmp/truhlar/AB932A2AA07F06EEDA2C2C988034E20B_9/INPUTFILES/AB932A2AA07F06EEDA2C2C988034E20B_9.local.list
--------------------------------
STAR Unified Meta Scheduler 1.10.31 we are starting in $SCRATCH : /home/tmp/truhlar/AB932A2AA07F06EEDA2C2C988034E20B_9
--------------------------------
total 1144
-rwxr-xr-x 1 truhlar rhstar 174068 Apr 21 05:31 Analysis
drwxr-xr-x 2 truhlar rhstar   4096 Apr 24 11:23 INPUTFILES
-rwxr-xr-x 1 truhlar rhstar 990060 Apr 19 12:21 libstar-upc.so
Starting the job

[1mRooFit v3.60 -- Developed by Wouter Verkerke and David Kirkby[0m 
                Copyright (C) 2000-2013 NIKHEF, University of California & Stanford University
                All rights reserved, please read http://roofit.sourceforge.net/license.txt

9 / 9
Input from chain
Number of UPC events: 2764946 RP: 2764946
Ending Analysis... GOOD BYE!
AB932A2AA07F06EEDA2C2C988034E20B_9.AnalysisOutput.root
Analysis*
INPUTFILES/
libstar-upc.so*
Cleaning up sandbox file:  /tmp/truhlar/AB932A2AA07F06EEDA2C2C988034E20B_9/Analysis
Cleaning up sandbox file:  /tmp/truhlar/AB932A2AA07F06EEDA2C2C988034E20B_9/libstar-upc.so
Cleaning up sandbox file:  /tmp/truhlar/AB932A2AA07F06EEDA2C2C988034E20B_9/.sandboxFiles
Starting copy block
Running copy command:  /bin/cp -fp /tmp/truhlar/AB932A2AA07F06EEDA2C2C988034E20B_9/AB932A2AA07F06EEDA2C2C988034E20B_9.AnalysisOutput.root /star/u/truhlar/star-upcDstRP/build/outputs/
3030 Execution of (/star/u/truhlar/star-upcDstRP/build/sched/schedAB932A2AA07F06EEDA2C2C988034E20B_9.csh ) has ended, exiting normally
3030 We END on [Wed Apr 24 11:57:08 EDT 2019]
