We are starting on node: rcas6094.rcf.bnl.gov
HOME is not defined
Using getent method
HOME is now /star/u/truhlar
185744 We will spawn ourselves (/star/u/truhlar/star-upcDstRP/build/sched/sched2B5F7B86CBB6B57948B07D23E8EAE0BB_6.csh )
185744 We BEGIN on [Sun Apr 21 05:33:37 EDT 2019]
[1] 185900
185744 We are waiting for 185900 
185744 Grandchild PID is 185936 - found in 10 x 1 seconds
185744 Establishing first watcher   on    Sun Apr 21 05:33:48 EDT 2019
185744 Process tree is 185744 (main) -> 185900 (child) -> 185936 (grandchild)
F S   UID    PID   PPID  C PRI  NI ADDR SZ WCHAN  TTY        TIME CMD
0 R 11859 185936 185900 82  80   0 - 98856 -      ?          0:09 ./Analysis /gpfs01/star/pwg/truhlar/Final/ELtrig/merge_files/StUPCRP_production.list 6
185900 Stepping into the main SUMS wrapper program with []
Archive:  /star/u/truhlar/star-upcDstRP/build/Package.zip
  inflating: /tmp/truhlar/2B5F7B86CBB6B57948B07D23E8EAE0BB_6/Analysis  
  inflating: /tmp/truhlar/2B5F7B86CBB6B57948B07D23E8EAE0BB_6/libstar-upc.so  
Swapping $FILELIST with: /tmp/truhlar/2B5F7B86CBB6B57948B07D23E8EAE0BB_6/INPUTFILES/2B5F7B86CBB6B57948B07D23E8EAE0BB_6.local.list
--------------------------------
STAR Unified Meta Scheduler 1.10.31 we are starting in $SCRATCH : /home/tmp/truhlar/2B5F7B86CBB6B57948B07D23E8EAE0BB_6
--------------------------------
total 1144
-rwxr-xr-x 1 truhlar rhstar 174068 Apr 21 05:31 Analysis
drwxr-xr-x 2 truhlar rhstar   4096 Apr 21 05:33 INPUTFILES
-rwxr-xr-x 1 truhlar rhstar 990060 Apr 19 12:21 libstar-upc.so
Starting the job

[1mRooFit v3.60 -- Developed by Wouter Verkerke and David Kirkby[0m 
                Copyright (C) 2000-2013 NIKHEF, University of California & Stanford University
                All rights reserved, please read http://roofit.sourceforge.net/license.txt

6 / 6
Input from chain
Number of UPC events: 2738509 RP: 2738509
Ending Analysis... GOOD BYE!
2B5F7B86CBB6B57948B07D23E8EAE0BB_6.AnalysisOutput.root
Analysis*
INPUTFILES/
libstar-upc.so*
Cleaning up sandbox file:  /tmp/truhlar/2B5F7B86CBB6B57948B07D23E8EAE0BB_6/Analysis
Cleaning up sandbox file:  /tmp/truhlar/2B5F7B86CBB6B57948B07D23E8EAE0BB_6/libstar-upc.so
Cleaning up sandbox file:  /tmp/truhlar/2B5F7B86CBB6B57948B07D23E8EAE0BB_6/.sandboxFiles
Starting copy block
Running copy command:  /bin/cp -fp /tmp/truhlar/2B5F7B86CBB6B57948B07D23E8EAE0BB_6/2B5F7B86CBB6B57948B07D23E8EAE0BB_6.AnalysisOutput.root /star/u/truhlar/star-upcDstRP/build/outputs/
185744 Execution of (/star/u/truhlar/star-upcDstRP/build/sched/sched2B5F7B86CBB6B57948B07D23E8EAE0BB_6.csh ) has ended, exiting normally
185744 We END on [Sun Apr 21 05:37:27 EDT 2019]
