We are starting on node: rcas6081.rcf.bnl.gov
HOME is not defined
Using getent method
HOME is now /star/u/truhlar
293886 We will spawn ourselves (/star/u/truhlar/star-upcDstRP/build/sched/sched7D1225A1194326D4115E1D56948B3C67_92.csh )
293886 We BEGIN on [Wed Apr 24 14:03:04 EDT 2019]
[1] 294133
293886 We are waiting for 294133 
293886 Grandchild PID is 294217 - found in 10 x 1 seconds
293886 Establishing first watcher   on    Wed Apr 24 14:03:14 EDT 2019
293886 Process tree is 293886 (main) -> 294133 (child) -> 294217 (grandchild)
F S   UID    PID   PPID  C PRI  NI ADDR SZ WCHAN  TTY        TIME CMD
0 R 11859 294217 294133 90  80   0 - 107799 -     ?          0:09 ./Analysis /gpfs01/star/pwg/truhlar/ConnectionTest/ELtrig/test/Elastic.list 92
294133 Stepping into the main SUMS wrapper program with []
Archive:  /star/u/truhlar/star-upcDstRP/build/Package.zip
  inflating: /tmp/truhlar/7D1225A1194326D4115E1D56948B3C67_92/Analysis  
  inflating: /tmp/truhlar/7D1225A1194326D4115E1D56948B3C67_92/libstar-upc.so  
Swapping $FILELIST with: /tmp/truhlar/7D1225A1194326D4115E1D56948B3C67_92/INPUTFILES/7D1225A1194326D4115E1D56948B3C67_92.local.list
--------------------------------
STAR Unified Meta Scheduler 1.10.31 we are starting in $SCRATCH : /home/tmp/truhlar/7D1225A1194326D4115E1D56948B3C67_92
--------------------------------
total 1144
-rwxr-xr-x 1 truhlar rhstar 174068 Apr 21 05:31 Analysis
drwxr-xr-x 2 truhlar rhstar   4096 Apr 24 14:03 INPUTFILES
-rwxr-xr-x 1 truhlar rhstar 990060 Apr 19 12:21 libstar-upc.so
Starting the job

[1mRooFit v3.60 -- Developed by Wouter Verkerke and David Kirkby[0m 
                Copyright (C) 2000-2013 NIKHEF, University of California & Stanford University
                All rights reserved, please read http://roofit.sourceforge.net/license.txt

92 / 92
Input from chain
Number of UPC events: 1045705 RP: 1045705
Ending Analysis... GOOD BYE!
7D1225A1194326D4115E1D56948B3C67_92.AnalysisOutput.root
Analysis*
INPUTFILES/
libstar-upc.so*
Cleaning up sandbox file:  /tmp/truhlar/7D1225A1194326D4115E1D56948B3C67_92/Analysis
Cleaning up sandbox file:  /tmp/truhlar/7D1225A1194326D4115E1D56948B3C67_92/libstar-upc.so
Cleaning up sandbox file:  /tmp/truhlar/7D1225A1194326D4115E1D56948B3C67_92/.sandboxFiles
Starting copy block
Running copy command:  /bin/cp -fp /tmp/truhlar/7D1225A1194326D4115E1D56948B3C67_92/7D1225A1194326D4115E1D56948B3C67_92.AnalysisOutput.root /star/u/truhlar/star-upcDstRP/build/outputs/
293886 Execution of (/star/u/truhlar/star-upcDstRP/build/sched/sched7D1225A1194326D4115E1D56948B3C67_92.csh ) has ended, exiting normally
293886 We END on [Wed Apr 24 14:05:02 EDT 2019]
