We are starting on node: spool0108.sdcc.bnl.gov
HOME is not defined
Using getent method
HOME is now /star/u/truhlar
15496 We will spawn ourselves (/star/u/truhlar/star-upcDstRP/build/sched/sched7D1225A1194326D4115E1D56948B3C67_62.csh )
15496 We BEGIN on [Wed Apr 24 14:03:44 EDT 2019]
[1] 15651
15496 We are waiting for 15651 
15496 Grandchild PID is 15682 - found in 10 x 1 seconds
15496 Establishing first watcher   on    Wed Apr 24 14:03:55 EDT 2019
15496 Process tree is 15496 (main) -> 15651 (child) -> 15682 (grandchild)
F S   UID   PID  PPID  C PRI  NI ADDR SZ WCHAN  TTY        TIME CMD
0 R 11859 15682 15651 94  80   0 - 104966 -     ?          0:09 ./Analysis /gpfs01/star/pwg/truhlar/ConnectionTest/ELtrig/test/Elastic.list 62
15651 Stepping into the main SUMS wrapper program with []
Archive:  /star/u/truhlar/star-upcDstRP/build/Package.zip
  inflating: /tmp/truhlar/7D1225A1194326D4115E1D56948B3C67_62/Analysis  
  inflating: /tmp/truhlar/7D1225A1194326D4115E1D56948B3C67_62/libstar-upc.so  
Swapping $FILELIST with: /tmp/truhlar/7D1225A1194326D4115E1D56948B3C67_62/INPUTFILES/7D1225A1194326D4115E1D56948B3C67_62.local.list
--------------------------------
STAR Unified Meta Scheduler 1.10.31 we are starting in $SCRATCH : /home/tmp/truhlar/7D1225A1194326D4115E1D56948B3C67_62
--------------------------------
total 1144
-rwxr-xr-x 1 truhlar rhstar 174068 Apr 21 05:31 Analysis
drwxr-xr-x 2 truhlar rhstar   4096 Apr 24 14:03 INPUTFILES
-rwxr-xr-x 1 truhlar rhstar 990060 Apr 19 12:21 libstar-upc.so
Starting the job

[1mRooFit v3.60 -- Developed by Wouter Verkerke and David Kirkby[0m 
                Copyright (C) 2000-2013 NIKHEF, University of California & Stanford University
                All rights reserved, please read http://roofit.sourceforge.net/license.txt

62 / 62
Input from chain
Number of UPC events: 807386 RP: 807386
Ending Analysis... GOOD BYE!
7D1225A1194326D4115E1D56948B3C67_62.AnalysisOutput.root
Analysis*
INPUTFILES/
libstar-upc.so*
Cleaning up sandbox file:  /tmp/truhlar/7D1225A1194326D4115E1D56948B3C67_62/Analysis
Cleaning up sandbox file:  /tmp/truhlar/7D1225A1194326D4115E1D56948B3C67_62/libstar-upc.so
Cleaning up sandbox file:  /tmp/truhlar/7D1225A1194326D4115E1D56948B3C67_62/.sandboxFiles
Starting copy block
Running copy command:  /bin/cp -fp /tmp/truhlar/7D1225A1194326D4115E1D56948B3C67_62/7D1225A1194326D4115E1D56948B3C67_62.AnalysisOutput.root /star/u/truhlar/star-upcDstRP/build/outputs/
15496 Execution of (/star/u/truhlar/star-upcDstRP/build/sched/sched7D1225A1194326D4115E1D56948B3C67_62.csh ) has ended, exiting normally
15496 We END on [Wed Apr 24 14:07:57 EDT 2019]
