We are starting on node: rcas2020.rcf.bnl.gov
HOME is not defined
Using getent method
HOME is now /star/u/truhlar
136937 We will spawn ourselves (/star/u/truhlar/star-upcDstRP/build/sched/schedE8FEF418B51EA642EBBC9BE0936C3DCB_3.csh )
136937 We BEGIN on [Tue Apr 23 13:04:46 EDT 2019]
[1] 137334
136937 We are waiting for 137334 
136937 Grandchild PID is 137468 - found in 10 x 1 seconds
136937 Establishing first watcher   on    Tue Apr 23 13:04:57 EDT 2019
136937 Process tree is 136937 (main) -> 137334 (child) -> 137468 (grandchild)
F S   UID    PID   PPID  C PRI  NI ADDR SZ WCHAN  TTY        TIME CMD
0 R 11859 137468 137334 73  80   0 - 74041 -      ?          0:08 ./Analysis /gpfs01/star/pwg/truhlar/Test/CPtrig/merge_files/StUPCRP_production.list 3
137334 Stepping into the main SUMS wrapper program with []
Archive:  /star/u/truhlar/star-upcDstRP/build/Package.zip
  inflating: /tmp/truhlar/E8FEF418B51EA642EBBC9BE0936C3DCB_3/Analysis  
  inflating: /tmp/truhlar/E8FEF418B51EA642EBBC9BE0936C3DCB_3/libstar-upc.so  
Swapping $FILELIST with: /tmp/truhlar/E8FEF418B51EA642EBBC9BE0936C3DCB_3/INPUTFILES/E8FEF418B51EA642EBBC9BE0936C3DCB_3.local.list
--------------------------------
STAR Unified Meta Scheduler 1.10.31 we are starting in $SCRATCH : /home/tmp/truhlar/E8FEF418B51EA642EBBC9BE0936C3DCB_3
--------------------------------
total 1144
-rwxr-xr-x 1 truhlar rhstar 174068 Apr 21 05:31 Analysis
drwxr-xr-x 2 truhlar rhstar   4096 Apr 23 13:04 INPUTFILES
-rwxr-xr-x 1 truhlar rhstar 990060 Apr 19 12:21 libstar-upc.so
Starting the job

[1mRooFit v3.60 -- Developed by Wouter Verkerke and David Kirkby[0m 
                Copyright (C) 2000-2013 NIKHEF, University of California & Stanford University
                All rights reserved, please read http://roofit.sourceforge.net/license.txt

3 / 3
Input from chain
Number of UPC events: 6113038 RP: 6113038
Ending Analysis... GOOD BYE!
Analysis*
E8FEF418B51EA642EBBC9BE0936C3DCB_3.AnalysisOutput.root
INPUTFILES/
libstar-upc.so*
Cleaning up sandbox file:  /tmp/truhlar/E8FEF418B51EA642EBBC9BE0936C3DCB_3/Analysis
Cleaning up sandbox file:  /tmp/truhlar/E8FEF418B51EA642EBBC9BE0936C3DCB_3/libstar-upc.so
Cleaning up sandbox file:  /tmp/truhlar/E8FEF418B51EA642EBBC9BE0936C3DCB_3/.sandboxFiles
Starting copy block
Running copy command:  /bin/cp -fp /tmp/truhlar/E8FEF418B51EA642EBBC9BE0936C3DCB_3/E8FEF418B51EA642EBBC9BE0936C3DCB_3.AnalysisOutput.root /star/u/truhlar/star-upcDstRP/build/outputs/
136937 Execution of (/star/u/truhlar/star-upcDstRP/build/sched/schedE8FEF418B51EA642EBBC9BE0936C3DCB_3.csh ) has ended, exiting normally
136937 We END on [Tue Apr 23 13:12:42 EDT 2019]
