We are starting on node: rcas2797.rcf.bnl.gov
HOME is not defined
Using getent method
HOME is now /star/u/truhlar
1612 We will spawn ourselves (/star/u/truhlar/star-upcDstRP/build/sched/sched332B783D50456A4AA6AC6B38C6CDCF5B_9.csh )
1612 We BEGIN on [Tue Apr 23 13:04:57 EDT 2019]
[1] 1792
1612 We are waiting for 1792 
1612 Grandchild PID is 1835 - found in 10 x 1 seconds
1612 Establishing first watcher   on    Tue Apr 23 13:05:08 EDT 2019
1612 Process tree is 1612 (main) -> 1792 (child) -> 1835 (grandchild)
F S   UID   PID  PPID  C PRI  NI ADDR SZ WCHAN  TTY        TIME CMD
0 R 11859  1835  1792 77  80   0 - 93443 -      ?          0:08 ./Analysis /gpfs01/star/pwg/truhlar/Test/ELtrig/merge_files/StUPCRP_production.list 9
1792 Stepping into the main SUMS wrapper program with []
Archive:  /star/u/truhlar/star-upcDstRP/build/Package.zip
  inflating: /tmp/truhlar/332B783D50456A4AA6AC6B38C6CDCF5B_9/Analysis  
  inflating: /tmp/truhlar/332B783D50456A4AA6AC6B38C6CDCF5B_9/libstar-upc.so  
Swapping $FILELIST with: /tmp/truhlar/332B783D50456A4AA6AC6B38C6CDCF5B_9/INPUTFILES/332B783D50456A4AA6AC6B38C6CDCF5B_9.local.list
--------------------------------
STAR Unified Meta Scheduler 1.10.31 we are starting in $SCRATCH : /home/tmp/truhlar/332B783D50456A4AA6AC6B38C6CDCF5B_9
--------------------------------
total 1144
-rwxr-xr-x 1 truhlar rhstar 174068 Apr 21 05:31 Analysis
drwxr-xr-x 2 truhlar rhstar   4096 Apr 23 13:04 INPUTFILES
-rwxr-xr-x 1 truhlar rhstar 990060 Apr 19 12:21 libstar-upc.so
Starting the job

[1mRooFit v3.60 -- Developed by Wouter Verkerke and David Kirkby[0m 
                Copyright (C) 2000-2013 NIKHEF, University of California & Stanford University
                All rights reserved, please read http://roofit.sourceforge.net/license.txt

9 / 9
Input from chain
Number of UPC events: 2764946 RP: 2764946
Ending Analysis... GOOD BYE!
332B783D50456A4AA6AC6B38C6CDCF5B_9.AnalysisOutput.root
Analysis*
INPUTFILES/
libstar-upc.so*
Cleaning up sandbox file:  /tmp/truhlar/332B783D50456A4AA6AC6B38C6CDCF5B_9/Analysis
Cleaning up sandbox file:  /tmp/truhlar/332B783D50456A4AA6AC6B38C6CDCF5B_9/libstar-upc.so
Cleaning up sandbox file:  /tmp/truhlar/332B783D50456A4AA6AC6B38C6CDCF5B_9/.sandboxFiles
Starting copy block
Running copy command:  /bin/cp -fp /tmp/truhlar/332B783D50456A4AA6AC6B38C6CDCF5B_9/332B783D50456A4AA6AC6B38C6CDCF5B_9.AnalysisOutput.root /star/u/truhlar/star-upcDstRP/build/outputs/
1612 Execution of (/star/u/truhlar/star-upcDstRP/build/sched/sched332B783D50456A4AA6AC6B38C6CDCF5B_9.csh ) has ended, exiting normally
1612 We END on [Tue Apr 23 13:17:31 EDT 2019]
