We are starting on node: rcas6200.rcf.bnl.gov
HOME is not defined
Using getent method
HOME is now /star/u/truhlar
1609 We will spawn ourselves (/star/u/truhlar/star-upcDstRP/build/sched/schedAB932A2AA07F06EEDA2C2C988034E20B_21.csh )
1609 We BEGIN on [Wed Apr 24 11:24:21 EDT 2019]
[1] 1773
1609 We are waiting for 1773 
1609 Grandchild PID is 1813 - found in 10 x 1 seconds
1609 Establishing first watcher   on    Wed Apr 24 11:24:32 EDT 2019
1609 Process tree is 1609 (main) -> 1773 (child) -> 1813 (grandchild)
F S   UID   PID  PPID  C PRI  NI ADDR SZ WCHAN  TTY        TIME CMD
0 R 11859  1813  1773 44  80   0 - 106585 -     ?          0:04 ./Analysis /gpfs01/star/pwg/truhlar/ConnectionTest/ELtrig/merge_files/StUPCRP_production.list 21
1773 Stepping into the main SUMS wrapper program with []
Archive:  /star/u/truhlar/star-upcDstRP/build/Package.zip
  inflating: /tmp/truhlar/AB932A2AA07F06EEDA2C2C988034E20B_21/Analysis  
  inflating: /tmp/truhlar/AB932A2AA07F06EEDA2C2C988034E20B_21/libstar-upc.so  
Swapping $FILELIST with: /tmp/truhlar/AB932A2AA07F06EEDA2C2C988034E20B_21/INPUTFILES/AB932A2AA07F06EEDA2C2C988034E20B_21.local.list
--------------------------------
STAR Unified Meta Scheduler 1.10.31 we are starting in $SCRATCH : /home/tmp/truhlar/AB932A2AA07F06EEDA2C2C988034E20B_21
--------------------------------
total 1144
-rwxr-xr-x 1 truhlar rhstar 174068 Apr 21 05:31 Analysis
drwxr-xr-x 2 truhlar rhstar   4096 Apr 24 11:24 INPUTFILES
-rwxr-xr-x 1 truhlar rhstar 990060 Apr 19 12:21 libstar-upc.so
Starting the job

[1mRooFit v3.60 -- Developed by Wouter Verkerke and David Kirkby[0m 
                Copyright (C) 2000-2013 NIKHEF, University of California & Stanford University
                All rights reserved, please read http://roofit.sourceforge.net/license.txt

21 / 21
Input from chain
Number of UPC events: 2655180 RP: 2655180
Ending Analysis... GOOD BYE!
AB932A2AA07F06EEDA2C2C988034E20B_21.AnalysisOutput.root
Analysis*
INPUTFILES/
libstar-upc.so*
Cleaning up sandbox file:  /tmp/truhlar/AB932A2AA07F06EEDA2C2C988034E20B_21/Analysis
Cleaning up sandbox file:  /tmp/truhlar/AB932A2AA07F06EEDA2C2C988034E20B_21/libstar-upc.so
Cleaning up sandbox file:  /tmp/truhlar/AB932A2AA07F06EEDA2C2C988034E20B_21/.sandboxFiles
Starting copy block
Running copy command:  /bin/cp -fp /tmp/truhlar/AB932A2AA07F06EEDA2C2C988034E20B_21/AB932A2AA07F06EEDA2C2C988034E20B_21.AnalysisOutput.root /star/u/truhlar/star-upcDstRP/build/outputs/
1609 Execution of (/star/u/truhlar/star-upcDstRP/build/sched/schedAB932A2AA07F06EEDA2C2C988034E20B_21.csh ) has ended, exiting normally
1609 We END on [Wed Apr 24 12:03:07 EDT 2019]
