We are starting on node: spar0352.usatlas.bnl.gov
HOME is not defined
Using getent method
HOME is now /star/u/truhlar
8694 We will spawn ourselves (/star/u/truhlar/star-upcDstRP/build/sched/sched7D1225A1194326D4115E1D56948B3C67_51.csh )
8694 We BEGIN on [Wed Apr 24 14:03:46 EDT 2019]
[1] 8861
8694 We are waiting for 8861 
8694 Grandchild PID is 8890 - found in 10 x 1 seconds
8694 Establishing first watcher   on    Wed Apr 24 14:03:56 EDT 2019
8694 Process tree is 8694 (main) -> 8861 (child) -> 8890 (grandchild)
F S   UID   PID  PPID  C PRI  NI ADDR SZ WCHAN  TTY        TIME CMD
0 R 11859  8890  8861 93  80   0 - 100451 -     ?          0:09 ./Analysis /gpfs01/star/pwg/truhlar/ConnectionTest/ELtrig/test/Elastic.list 51
8861 Stepping into the main SUMS wrapper program with []
Archive:  /star/u/truhlar/star-upcDstRP/build/Package.zip
  inflating: /tmp/truhlar/7D1225A1194326D4115E1D56948B3C67_51/Analysis  
  inflating: /tmp/truhlar/7D1225A1194326D4115E1D56948B3C67_51/libstar-upc.so  
Swapping $FILELIST with: /tmp/truhlar/7D1225A1194326D4115E1D56948B3C67_51/INPUTFILES/7D1225A1194326D4115E1D56948B3C67_51.local.list
--------------------------------
STAR Unified Meta Scheduler 1.10.31 we are starting in $SCRATCH : /home/tmp/truhlar/7D1225A1194326D4115E1D56948B3C67_51
--------------------------------
total 1144
-rwxr-xr-x 1 truhlar rhstar 174068 Apr 21 05:31 Analysis
drwxr-xr-x 2 truhlar rhstar   4096 Apr 24 14:03 INPUTFILES
-rwxr-xr-x 1 truhlar rhstar 990060 Apr 19 12:21 libstar-upc.so
Starting the job

[1mRooFit v3.60 -- Developed by Wouter Verkerke and David Kirkby[0m 
                Copyright (C) 2000-2013 NIKHEF, University of California & Stanford University
                All rights reserved, please read http://roofit.sourceforge.net/license.txt

51 / 51
Input from chain
Number of UPC events: 643960 RP: 643960
Ending Analysis... GOOD BYE!
7D1225A1194326D4115E1D56948B3C67_51.AnalysisOutput.root
Analysis*
INPUTFILES/
libstar-upc.so*
Cleaning up sandbox file:  /tmp/truhlar/7D1225A1194326D4115E1D56948B3C67_51/Analysis
Cleaning up sandbox file:  /tmp/truhlar/7D1225A1194326D4115E1D56948B3C67_51/libstar-upc.so
Cleaning up sandbox file:  /tmp/truhlar/7D1225A1194326D4115E1D56948B3C67_51/.sandboxFiles
Starting copy block
Running copy command:  /bin/cp -fp /tmp/truhlar/7D1225A1194326D4115E1D56948B3C67_51/7D1225A1194326D4115E1D56948B3C67_51.AnalysisOutput.root /star/u/truhlar/star-upcDstRP/build/outputs/
8694 Execution of (/star/u/truhlar/star-upcDstRP/build/sched/sched7D1225A1194326D4115E1D56948B3C67_51.csh ) has ended, exiting normally
8694 We END on [Wed Apr 24 14:06:10 EDT 2019]
