We are starting on node: rcas2552.rcf.bnl.gov
HOME is not defined
Using getent method
HOME is now /star/u/truhlar
23798 We will spawn ourselves (/star/u/truhlar/star-upcDstRP/build/sched/sched7D1225A1194326D4115E1D56948B3C67_8.csh )
23798 We BEGIN on [Wed Apr 24 14:03:49 EDT 2019]
[1] 23963
23798 We are waiting for 23963 
23798 Grandchild PID is 24001 - found in 10 x 1 seconds
23798 Establishing first watcher   on    Wed Apr 24 14:03:59 EDT 2019
23798 Process tree is 23798 (main) -> 23963 (child) -> 24001 (grandchild)
F S   UID   PID  PPID  C PRI  NI ADDR SZ WCHAN  TTY        TIME CMD
0 R 11859 24001 23963 88  80   0 - 113219 -     ?          0:09 ./Analysis /gpfs01/star/pwg/truhlar/ConnectionTest/ELtrig/test/Elastic.list 8
23963 Stepping into the main SUMS wrapper program with []
Archive:  /star/u/truhlar/star-upcDstRP/build/Package.zip
  inflating: /tmp/truhlar/7D1225A1194326D4115E1D56948B3C67_8/Analysis  
  inflating: /tmp/truhlar/7D1225A1194326D4115E1D56948B3C67_8/libstar-upc.so  
Swapping $FILELIST with: /tmp/truhlar/7D1225A1194326D4115E1D56948B3C67_8/INPUTFILES/7D1225A1194326D4115E1D56948B3C67_8.local.list
--------------------------------
STAR Unified Meta Scheduler 1.10.31 we are starting in $SCRATCH : /home/tmp/truhlar/7D1225A1194326D4115E1D56948B3C67_8
--------------------------------
total 1144
-rwxr-xr-x 1 truhlar rhstar 174068 Apr 21 05:31 Analysis
drwxr-xr-x 2 truhlar rhstar   4096 Apr 24 14:03 INPUTFILES
-rwxr-xr-x 1 truhlar rhstar 990060 Apr 19 12:21 libstar-upc.so
Starting the job

[1mRooFit v3.60 -- Developed by Wouter Verkerke and David Kirkby[0m 
                Copyright (C) 2000-2013 NIKHEF, University of California & Stanford University
                All rights reserved, please read http://roofit.sourceforge.net/license.txt

8 / 8
Input from chain
Number of UPC events: 605778 RP: 605778
Ending Analysis... GOOD BYE!
7D1225A1194326D4115E1D56948B3C67_8.AnalysisOutput.root
Analysis*
INPUTFILES/
libstar-upc.so*
Cleaning up sandbox file:  /tmp/truhlar/7D1225A1194326D4115E1D56948B3C67_8/Analysis
Cleaning up sandbox file:  /tmp/truhlar/7D1225A1194326D4115E1D56948B3C67_8/libstar-upc.so
Cleaning up sandbox file:  /tmp/truhlar/7D1225A1194326D4115E1D56948B3C67_8/.sandboxFiles
Starting copy block
Running copy command:  /bin/cp -fp /tmp/truhlar/7D1225A1194326D4115E1D56948B3C67_8/7D1225A1194326D4115E1D56948B3C67_8.AnalysisOutput.root /star/u/truhlar/star-upcDstRP/build/outputs/
23798 Execution of (/star/u/truhlar/star-upcDstRP/build/sched/sched7D1225A1194326D4115E1D56948B3C67_8.csh ) has ended, exiting normally
23798 We END on [Wed Apr 24 14:05:58 EDT 2019]
