We are starting on node: rcas2002.rcf.bnl.gov
HOME is not defined
Using getent method
HOME is now /star/u/truhlar
62551 We will spawn ourselves (/star/u/truhlar/star-upcDstRP/build/sched/sched332B783D50456A4AA6AC6B38C6CDCF5B_21.csh )
62551 We BEGIN on [Tue Apr 23 13:04:54 EDT 2019]
[1] 62725
62551 We are waiting for 62725 
62551 Grandchild PID is 62767 - found in 10 x 1 seconds
62551 Establishing first watcher   on    Tue Apr 23 13:05:05 EDT 2019
62551 Process tree is 62551 (main) -> 62725 (child) -> 62767 (grandchild)
F S   UID    PID   PPID  C PRI  NI ADDR SZ WCHAN  TTY        TIME CMD
0 R 11859  62767  62725 82  80   0 - 108340 -     ?          0:09 ./Analysis /gpfs01/star/pwg/truhlar/Test/ELtrig/merge_files/StUPCRP_production.list 21
62725 Stepping into the main SUMS wrapper program with []
Archive:  /star/u/truhlar/star-upcDstRP/build/Package.zip
  inflating: /tmp/truhlar/332B783D50456A4AA6AC6B38C6CDCF5B_21/Analysis  
  inflating: /tmp/truhlar/332B783D50456A4AA6AC6B38C6CDCF5B_21/libstar-upc.so  
Swapping $FILELIST with: /tmp/truhlar/332B783D50456A4AA6AC6B38C6CDCF5B_21/INPUTFILES/332B783D50456A4AA6AC6B38C6CDCF5B_21.local.list
--------------------------------
STAR Unified Meta Scheduler 1.10.31 we are starting in $SCRATCH : /home/tmp/truhlar/332B783D50456A4AA6AC6B38C6CDCF5B_21
--------------------------------
total 1144
-rwxr-xr-x 1 truhlar rhstar 174068 Apr 21 05:31 Analysis
drwxr-xr-x 2 truhlar rhstar   4096 Apr 23 13:04 INPUTFILES
-rwxr-xr-x 1 truhlar rhstar 990060 Apr 19 12:21 libstar-upc.so
Starting the job

[1mRooFit v3.60 -- Developed by Wouter Verkerke and David Kirkby[0m 
                Copyright (C) 2000-2013 NIKHEF, University of California & Stanford University
                All rights reserved, please read http://roofit.sourceforge.net/license.txt

21 / 21
Input from chain
Number of UPC events: 3188819 RP: 3188819
Ending Analysis... GOOD BYE!
332B783D50456A4AA6AC6B38C6CDCF5B_21.AnalysisOutput.root
Analysis*
INPUTFILES/
libstar-upc.so*
Cleaning up sandbox file:  /tmp/truhlar/332B783D50456A4AA6AC6B38C6CDCF5B_21/Analysis
Cleaning up sandbox file:  /tmp/truhlar/332B783D50456A4AA6AC6B38C6CDCF5B_21/libstar-upc.so
Cleaning up sandbox file:  /tmp/truhlar/332B783D50456A4AA6AC6B38C6CDCF5B_21/.sandboxFiles
Starting copy block
Running copy command:  /bin/cp -fp /tmp/truhlar/332B783D50456A4AA6AC6B38C6CDCF5B_21/332B783D50456A4AA6AC6B38C6CDCF5B_21.AnalysisOutput.root /star/u/truhlar/star-upcDstRP/build/outputs/
62551 Execution of (/star/u/truhlar/star-upcDstRP/build/sched/sched332B783D50456A4AA6AC6B38C6CDCF5B_21.csh ) has ended, exiting normally
62551 We END on [Tue Apr 23 13:13:01 EDT 2019]
