We are starting on node: lbne0008.rcf.bnl.gov
HOME is not defined
Using getent method
HOME is now /star/u/truhlar
29350 We will spawn ourselves (/star/u/truhlar/star-upcDstRP/build/sched/sched7D1225A1194326D4115E1D56948B3C67_35.csh )
29350 We BEGIN on [Wed Apr 24 14:03:43 EDT 2019]
[1] 29510
29350 We are waiting for 29510 
29350 Grandchild PID is 29554 - found in 10 x 1 seconds
29350 Establishing first watcher   on    Wed Apr 24 14:03:53 EDT 2019
29350 Process tree is 29350 (main) -> 29510 (child) -> 29554 (grandchild)
F S   UID   PID  PPID  C PRI  NI ADDR SZ WCHAN  TTY        TIME CMD
0 R 11859 29554 29510 92  80   0 - 95603 -      ?          0:09 ./Analysis /gpfs01/star/pwg/truhlar/ConnectionTest/ELtrig/test/Elastic.list 35
29510 Stepping into the main SUMS wrapper program with []
Archive:  /star/u/truhlar/star-upcDstRP/build/Package.zip
  inflating: /tmp/truhlar/7D1225A1194326D4115E1D56948B3C67_35/Analysis  
  inflating: /tmp/truhlar/7D1225A1194326D4115E1D56948B3C67_35/libstar-upc.so  
Swapping $FILELIST with: /tmp/truhlar/7D1225A1194326D4115E1D56948B3C67_35/INPUTFILES/7D1225A1194326D4115E1D56948B3C67_35.local.list
--------------------------------
STAR Unified Meta Scheduler 1.10.31 we are starting in $SCRATCH : /home/tmp/truhlar/7D1225A1194326D4115E1D56948B3C67_35
--------------------------------
total 1144
-rwxr-xr-x 1 truhlar rhstar 174068 Apr 21 05:31 Analysis
drwxr-xr-x 2 truhlar rhstar   4096 Apr 24 14:03 INPUTFILES
-rwxr-xr-x 1 truhlar rhstar 990060 Apr 19 12:21 libstar-upc.so
Starting the job

[1mRooFit v3.60 -- Developed by Wouter Verkerke and David Kirkby[0m 
                Copyright (C) 2000-2013 NIKHEF, University of California & Stanford University
                All rights reserved, please read http://roofit.sourceforge.net/license.txt

35 / 35
Input from chain
Number of UPC events: 1327792 RP: 1327792
Ending Analysis... GOOD BYE!
7D1225A1194326D4115E1D56948B3C67_35.AnalysisOutput.root
Analysis*
INPUTFILES/
libstar-upc.so*
Cleaning up sandbox file:  /tmp/truhlar/7D1225A1194326D4115E1D56948B3C67_35/Analysis
Cleaning up sandbox file:  /tmp/truhlar/7D1225A1194326D4115E1D56948B3C67_35/libstar-upc.so
Cleaning up sandbox file:  /tmp/truhlar/7D1225A1194326D4115E1D56948B3C67_35/.sandboxFiles
Starting copy block
Running copy command:  /bin/cp -fp /tmp/truhlar/7D1225A1194326D4115E1D56948B3C67_35/7D1225A1194326D4115E1D56948B3C67_35.AnalysisOutput.root /star/u/truhlar/star-upcDstRP/build/outputs/
29350 Execution of (/star/u/truhlar/star-upcDstRP/build/sched/sched7D1225A1194326D4115E1D56948B3C67_35.csh ) has ended, exiting normally
29350 We END on [Wed Apr 24 14:08:07 EDT 2019]
