We are starting on node: rcas2022.rcf.bnl.gov
HOME is not defined
Using getent method
HOME is now /star/u/truhlar
408641 We will spawn ourselves (/star/u/truhlar/star-upcDstRP/build/sched/schedE76D68442DA2C109B3E123DE0E6E5185_3.csh )
408641 We BEGIN on [Mon Apr 22 15:41:50 EDT 2019]
[1] 408804
408641 We are waiting for 408804 
408641 Grandchild PID is 408839 - found in 10 x 1 seconds
408641 Establishing first watcher   on    Mon Apr 22 15:42:01 EDT 2019
408641 Process tree is 408641 (main) -> 408804 (child) -> 408839 (grandchild)
F S   UID    PID   PPID  C PRI  NI ADDR SZ WCHAN  TTY        TIME CMD
0 R 11859 408839 408804 92  80   0 - 74699 -      ?          0:09 ./Analysis /gpfs01/star/pwg/truhlar/Final/CPtrig/merge_files/StUPCRP_production.list 3
408804 Stepping into the main SUMS wrapper program with []
Archive:  /star/u/truhlar/star-upcDstRP/build/Package.zip
  inflating: /tmp/truhlar/E76D68442DA2C109B3E123DE0E6E5185_3/Analysis  
  inflating: /tmp/truhlar/E76D68442DA2C109B3E123DE0E6E5185_3/libstar-upc.so  
Swapping $FILELIST with: /tmp/truhlar/E76D68442DA2C109B3E123DE0E6E5185_3/INPUTFILES/E76D68442DA2C109B3E123DE0E6E5185_3.local.list
--------------------------------
STAR Unified Meta Scheduler 1.10.31 we are starting in $SCRATCH : /home/tmp/truhlar/E76D68442DA2C109B3E123DE0E6E5185_3
--------------------------------
total 1144
-rwxr-xr-x 1 truhlar rhstar 174068 Apr 21 05:31 Analysis
drwxr-xr-x 2 truhlar rhstar   4096 Apr 22 15:41 INPUTFILES
-rwxr-xr-x 1 truhlar rhstar 990060 Apr 19 12:21 libstar-upc.so
Starting the job

[1mRooFit v3.60 -- Developed by Wouter Verkerke and David Kirkby[0m 
                Copyright (C) 2000-2013 NIKHEF, University of California & Stanford University
                All rights reserved, please read http://roofit.sourceforge.net/license.txt

3 / 3
Input from chain
Number of UPC events: 5984044 RP: 5984044
Ending Analysis... GOOD BYE!
Analysis*
E76D68442DA2C109B3E123DE0E6E5185_3.AnalysisOutput.root
INPUTFILES/
libstar-upc.so*
Cleaning up sandbox file:  /tmp/truhlar/E76D68442DA2C109B3E123DE0E6E5185_3/Analysis
Cleaning up sandbox file:  /tmp/truhlar/E76D68442DA2C109B3E123DE0E6E5185_3/libstar-upc.so
Cleaning up sandbox file:  /tmp/truhlar/E76D68442DA2C109B3E123DE0E6E5185_3/.sandboxFiles
Starting copy block
Running copy command:  /bin/cp -fp /tmp/truhlar/E76D68442DA2C109B3E123DE0E6E5185_3/E76D68442DA2C109B3E123DE0E6E5185_3.AnalysisOutput.root /star/u/truhlar/star-upcDstRP/build/outputs/
408641 Execution of (/star/u/truhlar/star-upcDstRP/build/sched/schedE76D68442DA2C109B3E123DE0E6E5185_3.csh ) has ended, exiting normally
408641 We END on [Mon Apr 22 15:48:50 EDT 2019]
