We are starting on node: rcas2438.rcf.bnl.gov
HOME is not defined
Using getent method
HOME is now /star/u/truhlar
20738 We will spawn ourselves (/star/u/truhlar/star-upcDstRP/build/sched/sched77A0455BE6343006E32CC5EA1CF1F0B7_2.csh )
20738 We BEGIN on [Thu Apr 25 09:02:13 EDT 2019]
[1] 20899
20738 We are waiting for 20899 
20738 Grandchild PID is 20938 - found in 10 x 1 seconds
20738 Establishing first watcher   on    Thu Apr 25 09:02:24 EDT 2019
20738 Process tree is 20738 (main) -> 20899 (child) -> 20938 (grandchild)
F S   UID   PID  PPID  C PRI  NI ADDR SZ WCHAN  TTY        TIME CMD
0 S 11859 20938 20899  4  80   0 - 18427 afs_cv ?          0:00 ./Analysis /gpfs01/star/pwg/truhlar/ConnectionTest/ELtrig/test/test.list 2
20899 Stepping into the main SUMS wrapper program with []
Archive:  /star/u/truhlar/star-upcDstRP/build/Package.zip
  inflating: /tmp/truhlar/77A0455BE6343006E32CC5EA1CF1F0B7_2/Analysis  
  inflating: /tmp/truhlar/77A0455BE6343006E32CC5EA1CF1F0B7_2/libstar-upc.so  
Swapping $FILELIST with: /tmp/truhlar/77A0455BE6343006E32CC5EA1CF1F0B7_2/INPUTFILES/77A0455BE6343006E32CC5EA1CF1F0B7_2.local.list
--------------------------------
STAR Unified Meta Scheduler 1.10.31 we are starting in $SCRATCH : /home/tmp/truhlar/77A0455BE6343006E32CC5EA1CF1F0B7_2
--------------------------------
total 1144
-rwxr-xr-x 1 truhlar rhstar 175020 Apr 24 21:29 Analysis
drwxr-xr-x 2 truhlar rhstar   4096 Apr 25 09:02 INPUTFILES
-rwxr-xr-x 1 truhlar rhstar 990280 Apr 24 21:28 libstar-upc.so
Starting the job

[1mRooFit v3.60 -- Developed by Wouter Verkerke and David Kirkby[0m 
                Copyright (C) 2000-2013 NIKHEF, University of California & Stanford University
                All rights reserved, please read http://roofit.sourceforge.net/license.txt

Input from chain
Number of UPC events: 1124198 RP: 1124198
Ending Analysis... GOOD BYE!
77A0455BE6343006E32CC5EA1CF1F0B7_2.AnalysisOutput.root
Analysis*
INPUTFILES/
libstar-upc.so*
Cleaning up sandbox file:  /tmp/truhlar/77A0455BE6343006E32CC5EA1CF1F0B7_2/Analysis
Cleaning up sandbox file:  /tmp/truhlar/77A0455BE6343006E32CC5EA1CF1F0B7_2/libstar-upc.so
Cleaning up sandbox file:  /tmp/truhlar/77A0455BE6343006E32CC5EA1CF1F0B7_2/.sandboxFiles
Starting copy block
Running copy command:  /bin/cp -fp /tmp/truhlar/77A0455BE6343006E32CC5EA1CF1F0B7_2/77A0455BE6343006E32CC5EA1CF1F0B7_2.AnalysisOutput.root /star/u/truhlar/star-upcDstRP/build/outputs/
20738 Execution of (/star/u/truhlar/star-upcDstRP/build/sched/sched77A0455BE6343006E32CC5EA1CF1F0B7_2.csh ) has ended, exiting normally
20738 We END on [Thu Apr 25 09:07:11 EDT 2019]
