We are starting on node: rcas6275.rcf.bnl.gov
HOME is not defined
Using getent method
HOME is now /star/u/truhlar
50010 We will spawn ourselves (/star/u/truhlar/star-upcDstRP/build/sched/schedAB932A2AA07F06EEDA2C2C988034E20B_8.csh )
50010 We BEGIN on [Wed Apr 24 11:23:04 EDT 2019]
[1] 50188
50010 We are waiting for 50188 
50010 Grandchild PID is 50225 - found in 10 x 1 seconds
50010 Establishing first watcher   on    Wed Apr 24 11:23:14 EDT 2019
50010 Process tree is 50010 (main) -> 50188 (child) -> 50225 (grandchild)
F S   UID   PID  PPID  C PRI  NI ADDR SZ WCHAN  TTY        TIME CMD
0 D 11859 50225 50188  5  80   0 - 24996 cxiWai ?          0:00 ./Analysis /gpfs01/star/pwg/truhlar/ConnectionTest/ELtrig/merge_files/StUPCRP_production.list 8
50188 Stepping into the main SUMS wrapper program with []
Archive:  /star/u/truhlar/star-upcDstRP/build/Package.zip
  inflating: /tmp/truhlar/AB932A2AA07F06EEDA2C2C988034E20B_8/Analysis  
  inflating: /tmp/truhlar/AB932A2AA07F06EEDA2C2C988034E20B_8/libstar-upc.so  
Swapping $FILELIST with: /tmp/truhlar/AB932A2AA07F06EEDA2C2C988034E20B_8/INPUTFILES/AB932A2AA07F06EEDA2C2C988034E20B_8.local.list
--------------------------------
STAR Unified Meta Scheduler 1.10.31 we are starting in $SCRATCH : /home/tmp/truhlar/AB932A2AA07F06EEDA2C2C988034E20B_8
--------------------------------
total 1144
-rwxr-xr-x 1 truhlar rhstar 174068 Apr 21 05:31 Analysis
drwxr-xr-x 2 truhlar rhstar   4096 Apr 24 11:23 INPUTFILES
-rwxr-xr-x 1 truhlar rhstar 990060 Apr 19 12:21 libstar-upc.so
Starting the job

[1mRooFit v3.60 -- Developed by Wouter Verkerke and David Kirkby[0m 
                Copyright (C) 2000-2013 NIKHEF, University of California & Stanford University
                All rights reserved, please read http://roofit.sourceforge.net/license.txt

8 / 8
Input from chain
Number of UPC events: 2783130 RP: 2783130
Ending Analysis... GOOD BYE!
AB932A2AA07F06EEDA2C2C988034E20B_8.AnalysisOutput.root
Analysis*
INPUTFILES/
libstar-upc.so*
Cleaning up sandbox file:  /tmp/truhlar/AB932A2AA07F06EEDA2C2C988034E20B_8/Analysis
Cleaning up sandbox file:  /tmp/truhlar/AB932A2AA07F06EEDA2C2C988034E20B_8/libstar-upc.so
Cleaning up sandbox file:  /tmp/truhlar/AB932A2AA07F06EEDA2C2C988034E20B_8/.sandboxFiles
Starting copy block
Running copy command:  /bin/cp -fp /tmp/truhlar/AB932A2AA07F06EEDA2C2C988034E20B_8/AB932A2AA07F06EEDA2C2C988034E20B_8.AnalysisOutput.root /star/u/truhlar/star-upcDstRP/build/outputs/
50010 Execution of (/star/u/truhlar/star-upcDstRP/build/sched/schedAB932A2AA07F06EEDA2C2C988034E20B_8.csh ) has ended, exiting normally
50010 We END on [Wed Apr 24 11:55:25 EDT 2019]
