We are starting on node: spar0408.usatlas.bnl.gov
HOME is not defined
Using getent method
HOME is now /star/u/truhlar
23713 We will spawn ourselves (/star/u/truhlar/star-upcDstRP/build/sched/sched77A0455BE6343006E32CC5EA1CF1F0B7_63.csh )
23713 We BEGIN on [Thu Apr 25 09:02:09 EDT 2019]
[1] 23917
23713 We are waiting for 23917 
23713 Grandchild PID is 23950 - found in 10 x 1 seconds
23713 Establishing first watcher   on    Thu Apr 25 09:02:20 EDT 2019
23713 Process tree is 23713 (main) -> 23917 (child) -> 23950 (grandchild)
F S   UID    PID   PPID  C PRI  NI ADDR SZ WCHAN  TTY        TIME CMD
0 R 11859  23950  23917 79  80   0 - 99067 -      ?          0:07 ./Analysis /gpfs01/star/pwg/truhlar/ConnectionTest/ELtrig/test/test.list 63
23917 Stepping into the main SUMS wrapper program with []
Archive:  /star/u/truhlar/star-upcDstRP/build/Package.zip
  inflating: /tmp/truhlar/77A0455BE6343006E32CC5EA1CF1F0B7_63/Analysis  
  inflating: /tmp/truhlar/77A0455BE6343006E32CC5EA1CF1F0B7_63/libstar-upc.so  
Swapping $FILELIST with: /tmp/truhlar/77A0455BE6343006E32CC5EA1CF1F0B7_63/INPUTFILES/77A0455BE6343006E32CC5EA1CF1F0B7_63.local.list
--------------------------------
STAR Unified Meta Scheduler 1.10.31 we are starting in $SCRATCH : /home/tmp/truhlar/77A0455BE6343006E32CC5EA1CF1F0B7_63
--------------------------------
total 1144
-rwxr-xr-x 1 truhlar rhstar 175020 Apr 24 21:29 Analysis
drwxr-xr-x 2 truhlar rhstar   4096 Apr 25 09:02 INPUTFILES
-rwxr-xr-x 1 truhlar rhstar 990280 Apr 24 21:28 libstar-upc.so
Starting the job

[1mRooFit v3.60 -- Developed by Wouter Verkerke and David Kirkby[0m 
                Copyright (C) 2000-2013 NIKHEF, University of California & Stanford University
                All rights reserved, please read http://roofit.sourceforge.net/license.txt

Input from chain
Number of UPC events: 807386 RP: 807386
Ending Analysis... GOOD BYE!
77A0455BE6343006E32CC5EA1CF1F0B7_63.AnalysisOutput.root
Analysis*
INPUTFILES/
libstar-upc.so*
Cleaning up sandbox file:  /tmp/truhlar/77A0455BE6343006E32CC5EA1CF1F0B7_63/Analysis
Cleaning up sandbox file:  /tmp/truhlar/77A0455BE6343006E32CC5EA1CF1F0B7_63/libstar-upc.so
Cleaning up sandbox file:  /tmp/truhlar/77A0455BE6343006E32CC5EA1CF1F0B7_63/.sandboxFiles
Starting copy block
Running copy command:  /bin/cp -fp /tmp/truhlar/77A0455BE6343006E32CC5EA1CF1F0B7_63/77A0455BE6343006E32CC5EA1CF1F0B7_63.AnalysisOutput.root /star/u/truhlar/star-upcDstRP/build/outputs/
23713 Execution of (/star/u/truhlar/star-upcDstRP/build/sched/sched77A0455BE6343006E32CC5EA1CF1F0B7_63.csh ) has ended, exiting normally
23713 We END on [Thu Apr 25 09:03:56 EDT 2019]
