We are starting on node: rcas2748.rcf.bnl.gov
HOME is not defined
Using getent method
HOME is now /star/u/truhlar
14041 We will spawn ourselves (/star/u/truhlar/star-upcDstRP/build/sched/sched77A0455BE6343006E32CC5EA1CF1F0B7_53.csh )
14041 We BEGIN on [Thu Apr 25 09:02:14 EDT 2019]
[1] 14245
14041 We are waiting for 14245 
14041 Grandchild PID is 14282 - found in 10 x 1 seconds
14041 Establishing first watcher   on    Thu Apr 25 09:02:25 EDT 2019
14041 Process tree is 14041 (main) -> 14245 (child) -> 14282 (grandchild)
F S   UID   PID  PPID  C PRI  NI ADDR SZ WCHAN  TTY        TIME CMD
0 R 11859 14282 14245 21  80   0 - 54774 -      ?          0:02 ./Analysis /gpfs01/star/pwg/truhlar/ConnectionTest/ELtrig/test/test.list 53
14245 Stepping into the main SUMS wrapper program with []
Archive:  /star/u/truhlar/star-upcDstRP/build/Package.zip
  inflating: /tmp/truhlar/77A0455BE6343006E32CC5EA1CF1F0B7_53/Analysis  
  inflating: /tmp/truhlar/77A0455BE6343006E32CC5EA1CF1F0B7_53/libstar-upc.so  
Swapping $FILELIST with: /tmp/truhlar/77A0455BE6343006E32CC5EA1CF1F0B7_53/INPUTFILES/77A0455BE6343006E32CC5EA1CF1F0B7_53.local.list
--------------------------------
STAR Unified Meta Scheduler 1.10.31 we are starting in $SCRATCH : /home/tmp/truhlar/77A0455BE6343006E32CC5EA1CF1F0B7_53
--------------------------------
total 1144
-rwxr-xr-x 1 truhlar rhstar 175020 Apr 24 21:29 Analysis
drwxr-xr-x 2 truhlar rhstar   4096 Apr 25 09:02 INPUTFILES
-rwxr-xr-x 1 truhlar rhstar 990280 Apr 24 21:28 libstar-upc.so
Starting the job

[1mRooFit v3.60 -- Developed by Wouter Verkerke and David Kirkby[0m 
                Copyright (C) 2000-2013 NIKHEF, University of California & Stanford University
                All rights reserved, please read http://roofit.sourceforge.net/license.txt

Input from chain
Number of UPC events: 81795 RP: 81795
Ending Analysis... GOOD BYE!
77A0455BE6343006E32CC5EA1CF1F0B7_53.AnalysisOutput.root
Analysis*
INPUTFILES/
libstar-upc.so*
Cleaning up sandbox file:  /tmp/truhlar/77A0455BE6343006E32CC5EA1CF1F0B7_53/Analysis
Cleaning up sandbox file:  /tmp/truhlar/77A0455BE6343006E32CC5EA1CF1F0B7_53/libstar-upc.so
Cleaning up sandbox file:  /tmp/truhlar/77A0455BE6343006E32CC5EA1CF1F0B7_53/.sandboxFiles
Starting copy block
Running copy command:  /bin/cp -fp /tmp/truhlar/77A0455BE6343006E32CC5EA1CF1F0B7_53/77A0455BE6343006E32CC5EA1CF1F0B7_53.AnalysisOutput.root /star/u/truhlar/star-upcDstRP/build/outputs/
14041 Execution of (/star/u/truhlar/star-upcDstRP/build/sched/sched77A0455BE6343006E32CC5EA1CF1F0B7_53.csh ) has ended, exiting normally
14041 We END on [Thu Apr 25 09:02:38 EDT 2019]
