We are starting on node: spar0326.usatlas.bnl.gov
HOME is not defined
Using getent method
HOME is now /star/u/truhlar
26141 We will spawn ourselves (/star/u/truhlar/star-upcDstRP/build/sched/sched7D1225A1194326D4115E1D56948B3C67_0.csh )
26141 We BEGIN on [Wed Apr 24 14:03:49 EDT 2019]
[1] 26303
26141 We are waiting for 26303 
26303 Stepping into the main SUMS wrapper program with []
Archive:  /star/u/truhlar/star-upcDstRP/build/Package.zip
  inflating: /tmp/truhlar/7D1225A1194326D4115E1D56948B3C67_0/Analysis  
  inflating: /tmp/truhlar/7D1225A1194326D4115E1D56948B3C67_0/libstar-upc.so  
Swapping $FILELIST with: /tmp/truhlar/7D1225A1194326D4115E1D56948B3C67_0/INPUTFILES/7D1225A1194326D4115E1D56948B3C67_0.local.list
--------------------------------
STAR Unified Meta Scheduler 1.10.31 we are starting in $SCRATCH : /home/tmp/truhlar/7D1225A1194326D4115E1D56948B3C67_0
--------------------------------
total 1144
-rwxr-xr-x 1 truhlar rhstar 174068 Apr 21 05:31 Analysis
drwxr-xr-x 2 truhlar rhstar   4096 Apr 24 14:03 INPUTFILES
-rwxr-xr-x 1 truhlar rhstar 990060 Apr 19 12:21 libstar-upc.so
Starting the job

[1mRooFit v3.60 -- Developed by Wouter Verkerke and David Kirkby[0m 
                Copyright (C) 2000-2013 NIKHEF, University of California & Stanford University
                All rights reserved, please read http://roofit.sourceforge.net/license.txt

0 / 0
Input from chain
Number of UPC events: 0 RP: 0
Ending Analysis... GOOD BYE!
7D1225A1194326D4115E1D56948B3C67_0.AnalysisOutput.root
Analysis*
INPUTFILES/
libstar-upc.so*
Cleaning up sandbox file:  /tmp/truhlar/7D1225A1194326D4115E1D56948B3C67_0/Analysis
Cleaning up sandbox file:  /tmp/truhlar/7D1225A1194326D4115E1D56948B3C67_0/libstar-upc.so
Cleaning up sandbox file:  /tmp/truhlar/7D1225A1194326D4115E1D56948B3C67_0/.sandboxFiles
Starting copy block
Running copy command:  /bin/cp -fp /tmp/truhlar/7D1225A1194326D4115E1D56948B3C67_0/7D1225A1194326D4115E1D56948B3C67_0.AnalysisOutput.root /star/u/truhlar/star-upcDstRP/build/outputs/
26141 Execution of (/star/u/truhlar/star-upcDstRP/build/sched/sched7D1225A1194326D4115E1D56948B3C67_0.csh ) has ended, exiting normally
26141 We END on [Wed Apr 24 14:03:52 EDT 2019]
