We are starting on node: spar0316.usatlas.bnl.gov
HOME is not defined
Using getent method
HOME is now /star/u/truhlar
23598 We will spawn ourselves (/star/u/truhlar/star-upcDstRP/build/sched/sched7D1225A1194326D4115E1D56948B3C67_57.csh )
23598 We BEGIN on [Wed Apr 24 14:03:45 EDT 2019]
[1] 23775
23598 We are waiting for 23775 
23598 Grandchild PID is 23806 - found in 10 x 1 seconds
23598 Establishing first watcher   on    Wed Apr 24 14:03:56 EDT 2019
23598 Process tree is 23598 (main) -> 23775 (child) -> 23806 (grandchild)
F S   UID   PID  PPID  C PRI  NI ADDR SZ WCHAN  TTY        TIME CMD
0 R 11859 23806 23775 82  80   0 - 106981 -     ?          0:09 ./Analysis /gpfs01/star/pwg/truhlar/ConnectionTest/ELtrig/test/Elastic.list 57
23775 Stepping into the main SUMS wrapper program with []
Archive:  /star/u/truhlar/star-upcDstRP/build/Package.zip
  inflating: /tmp/truhlar/7D1225A1194326D4115E1D56948B3C67_57/Analysis  
  inflating: /tmp/truhlar/7D1225A1194326D4115E1D56948B3C67_57/libstar-upc.so  
Swapping $FILELIST with: /tmp/truhlar/7D1225A1194326D4115E1D56948B3C67_57/INPUTFILES/7D1225A1194326D4115E1D56948B3C67_57.local.list
--------------------------------
STAR Unified Meta Scheduler 1.10.31 we are starting in $SCRATCH : /home/tmp/truhlar/7D1225A1194326D4115E1D56948B3C67_57
--------------------------------
total 1144
-rwxr-xr-x 1 truhlar rhstar 174068 Apr 21 05:31 Analysis
drwxr-xr-x 2 truhlar rhstar   4096 Apr 24 14:03 INPUTFILES
-rwxr-xr-x 1 truhlar rhstar 990060 Apr 19 12:21 libstar-upc.so
Starting the job

[1mRooFit v3.60 -- Developed by Wouter Verkerke and David Kirkby[0m 
                Copyright (C) 2000-2013 NIKHEF, University of California & Stanford University
                All rights reserved, please read http://roofit.sourceforge.net/license.txt

57 / 57
Input from chain
Number of UPC events: 705291 RP: 705291
Ending Analysis... GOOD BYE!
7D1225A1194326D4115E1D56948B3C67_57.AnalysisOutput.root
Analysis*
INPUTFILES/
libstar-upc.so*
Cleaning up sandbox file:  /tmp/truhlar/7D1225A1194326D4115E1D56948B3C67_57/Analysis
Cleaning up sandbox file:  /tmp/truhlar/7D1225A1194326D4115E1D56948B3C67_57/libstar-upc.so
Cleaning up sandbox file:  /tmp/truhlar/7D1225A1194326D4115E1D56948B3C67_57/.sandboxFiles
Starting copy block
Running copy command:  /bin/cp -fp /tmp/truhlar/7D1225A1194326D4115E1D56948B3C67_57/7D1225A1194326D4115E1D56948B3C67_57.AnalysisOutput.root /star/u/truhlar/star-upcDstRP/build/outputs/
23598 Execution of (/star/u/truhlar/star-upcDstRP/build/sched/sched7D1225A1194326D4115E1D56948B3C67_57.csh ) has ended, exiting normally
23598 We END on [Wed Apr 24 14:07:26 EDT 2019]
