We are starting on node: rcas2029.rcf.bnl.gov
HOME is not defined
Using getent method
HOME is now /star/u/truhlar
396082 We will spawn ourselves (/star/u/truhlar/star-upcDstRP/build/sched/sched9CA9915F855D7FB293CC43690F332728_1.csh )
396082 We BEGIN on [Sat Apr 20 02:39:41 EDT 2019]
[1] 396273
396082 We are waiting for 396273 
396082 Grandchild PID is 396316 - found in 10 x 1 seconds
396082 Establishing first watcher   on    Sat Apr 20 02:39:52 EDT 2019
396082 Process tree is 396082 (main) -> 396273 (child) -> 396316 (grandchild)
F S   UID    PID   PPID  C PRI  NI ADDR SZ WCHAN  TTY        TIME CMD
0 R 11859 396316 396273 96  80   0 - 75404 -      ?          0:09 ./AnalysisOld /gpfs01/star/pwg/truhlar/Final/CPtrig/merge_files/StUPCRP_production.list 1
396273 Stepping into the main SUMS wrapper program with []
Archive:  /star/u/truhlar/star-upcDstRP/build/Package.zip
  inflating: /tmp/truhlar/9CA9915F855D7FB293CC43690F332728_1/AnalysisOld  
  inflating: /tmp/truhlar/9CA9915F855D7FB293CC43690F332728_1/libstar-upc.so  
Swapping $FILELIST with: /tmp/truhlar/9CA9915F855D7FB293CC43690F332728_1/INPUTFILES/9CA9915F855D7FB293CC43690F332728_1.local.list
--------------------------------
STAR Unified Meta Scheduler 1.10.31 we are starting in $SCRATCH : /home/tmp/truhlar/9CA9915F855D7FB293CC43690F332728_1
--------------------------------
total 1144
-rwxr-xr-x 1 truhlar rhstar 174216 Apr 20 01:46 AnalysisOld
drwxr-xr-x 2 truhlar rhstar   4096 Apr 20 02:39 INPUTFILES
-rwxr-xr-x 1 truhlar rhstar 990060 Apr 19 12:21 libstar-upc.so
Starting the job

[1mRooFit v3.60 -- Developed by Wouter Verkerke and David Kirkby[0m 
                Copyright (C) 2000-2013 NIKHEF, University of California & Stanford University
                All rights reserved, please read http://roofit.sourceforge.net/license.txt

1 / 1
Input from chain
Number of UPC events: 5982211 RP: 5982211
Ending Analysis... GOOD BYE!
9CA9915F855D7FB293CC43690F332728_1.AnalysisOutput.root
AnalysisOld*
INPUTFILES/
libstar-upc.so*
Cleaning up sandbox file:  /tmp/truhlar/9CA9915F855D7FB293CC43690F332728_1/AnalysisOld
Cleaning up sandbox file:  /tmp/truhlar/9CA9915F855D7FB293CC43690F332728_1/libstar-upc.so
Cleaning up sandbox file:  /tmp/truhlar/9CA9915F855D7FB293CC43690F332728_1/.sandboxFiles
Starting copy block
Running copy command:  /bin/cp -fp /tmp/truhlar/9CA9915F855D7FB293CC43690F332728_1/9CA9915F855D7FB293CC43690F332728_1.AnalysisOutput.root /star/u/truhlar/star-upcDstRP/build/outputs/
396082 Execution of (/star/u/truhlar/star-upcDstRP/build/sched/sched9CA9915F855D7FB293CC43690F332728_1.csh ) has ended, exiting normally
396082 We END on [Sat Apr 20 02:45:07 EDT 2019]
