We are starting on node: rcas2008.rcf.bnl.gov
HOME is not defined
Using getent method
HOME is now /star/u/truhlar
22700 We will spawn ourselves (/star/u/truhlar/star-upcDstRP/build/sched/sched77A0455BE6343006E32CC5EA1CF1F0B7_65.csh )
22700 We BEGIN on [Thu Apr 25 09:02:12 EDT 2019]
[1] 22901
22700 We are waiting for 22901 
22700 Grandchild PID is 22937 - found in 10 x 1 seconds
22700 Establishing first watcher   on    Thu Apr 25 09:02:25 EDT 2019
22700 Process tree is 22700 (main) -> 22901 (child) -> 22937 (grandchild)
F S   UID    PID   PPID  C PRI  NI ADDR SZ WCHAN  TTY        TIME CMD
0 R 11859  22937  22901 80  80   0 - 97105 -      ?          0:10 ./Analysis /gpfs01/star/pwg/truhlar/ConnectionTest/ELtrig/test/test.list 65
22901 Stepping into the main SUMS wrapper program with []
Archive:  /star/u/truhlar/star-upcDstRP/build/Package.zip
  inflating: /tmp/truhlar/77A0455BE6343006E32CC5EA1CF1F0B7_65/Analysis  
  inflating: /tmp/truhlar/77A0455BE6343006E32CC5EA1CF1F0B7_65/libstar-upc.so  
Swapping $FILELIST with: /tmp/truhlar/77A0455BE6343006E32CC5EA1CF1F0B7_65/INPUTFILES/77A0455BE6343006E32CC5EA1CF1F0B7_65.local.list
--------------------------------
STAR Unified Meta Scheduler 1.10.31 we are starting in $SCRATCH : /home/tmp/truhlar/77A0455BE6343006E32CC5EA1CF1F0B7_65
--------------------------------
total 1144
-rwxr-xr-x 1 truhlar rhstar 175020 Apr 24 21:29 Analysis
drwxr-xr-x 2 truhlar rhstar   4096 Apr 25 09:02 INPUTFILES
-rwxr-xr-x 1 truhlar rhstar 990280 Apr 24 21:28 libstar-upc.so
Starting the job

[1mRooFit v3.60 -- Developed by Wouter Verkerke and David Kirkby[0m 
                Copyright (C) 2000-2013 NIKHEF, University of California & Stanford University
                All rights reserved, please read http://roofit.sourceforge.net/license.txt

Input from chain
Number of UPC events: 699366 RP: 699366
Ending Analysis... GOOD BYE!
77A0455BE6343006E32CC5EA1CF1F0B7_65.AnalysisOutput.root
Analysis*
INPUTFILES/
libstar-upc.so*
Cleaning up sandbox file:  /tmp/truhlar/77A0455BE6343006E32CC5EA1CF1F0B7_65/Analysis
Cleaning up sandbox file:  /tmp/truhlar/77A0455BE6343006E32CC5EA1CF1F0B7_65/libstar-upc.so
Cleaning up sandbox file:  /tmp/truhlar/77A0455BE6343006E32CC5EA1CF1F0B7_65/.sandboxFiles
Starting copy block
Running copy command:  /bin/cp -fp /tmp/truhlar/77A0455BE6343006E32CC5EA1CF1F0B7_65/77A0455BE6343006E32CC5EA1CF1F0B7_65.AnalysisOutput.root /star/u/truhlar/star-upcDstRP/build/outputs/
22700 Execution of (/star/u/truhlar/star-upcDstRP/build/sched/sched77A0455BE6343006E32CC5EA1CF1F0B7_65.csh ) has ended, exiting normally
22700 We END on [Thu Apr 25 09:03:27 EDT 2019]
