We are starting on node: spool0275.sdcc.bnl.gov
HOME is not defined
Using getent method
HOME is now /star/u/truhlar
13887 We will spawn ourselves (/star/u/truhlar/star-upcDstRP/build/sched/sched77A0455BE6343006E32CC5EA1CF1F0B7_26.csh )
13887 We BEGIN on [Thu Apr 25 09:02:10 EDT 2019]
[1] 14043
13887 We are waiting for 14043 
13887 Grandchild PID is 14080 - found in 10 x 1 seconds
13887 Establishing first watcher   on    Thu Apr 25 09:02:21 EDT 2019
13887 Process tree is 13887 (main) -> 14043 (child) -> 14080 (grandchild)
F S   UID   PID  PPID  C PRI  NI ADDR SZ WCHAN  TTY        TIME CMD
0 R 11859 14080 14043 16  80   0 - 88595 -      ?          0:01 ./Analysis /gpfs01/star/pwg/truhlar/ConnectionTest/ELtrig/test/test.list 26
14043 Stepping into the main SUMS wrapper program with []
Archive:  /star/u/truhlar/star-upcDstRP/build/Package.zip
  inflating: /tmp/truhlar/77A0455BE6343006E32CC5EA1CF1F0B7_26/Analysis  
  inflating: /tmp/truhlar/77A0455BE6343006E32CC5EA1CF1F0B7_26/libstar-upc.so  
Swapping $FILELIST with: /tmp/truhlar/77A0455BE6343006E32CC5EA1CF1F0B7_26/INPUTFILES/77A0455BE6343006E32CC5EA1CF1F0B7_26.local.list
--------------------------------
STAR Unified Meta Scheduler 1.10.31 we are starting in $SCRATCH : /home/tmp/truhlar/77A0455BE6343006E32CC5EA1CF1F0B7_26
--------------------------------
total 1144
-rwxr-xr-x 1 truhlar rhstar 175020 Apr 24 21:29 Analysis
drwxr-xr-x 2 truhlar rhstar   4096 Apr 25 09:02 INPUTFILES
-rwxr-xr-x 1 truhlar rhstar 990280 Apr 24 21:28 libstar-upc.so
Starting the job

[1mRooFit v3.60 -- Developed by Wouter Verkerke and David Kirkby[0m 
                Copyright (C) 2000-2013 NIKHEF, University of California & Stanford University
                All rights reserved, please read http://roofit.sourceforge.net/license.txt

Input from chain
Number of UPC events: 1175520 RP: 1175520
Ending Analysis... GOOD BYE!
77A0455BE6343006E32CC5EA1CF1F0B7_26.AnalysisOutput.root
Analysis*
INPUTFILES/
libstar-upc.so*
Cleaning up sandbox file:  /tmp/truhlar/77A0455BE6343006E32CC5EA1CF1F0B7_26/Analysis
Cleaning up sandbox file:  /tmp/truhlar/77A0455BE6343006E32CC5EA1CF1F0B7_26/libstar-upc.so
Cleaning up sandbox file:  /tmp/truhlar/77A0455BE6343006E32CC5EA1CF1F0B7_26/.sandboxFiles
Starting copy block
Running copy command:  /bin/cp -fp /tmp/truhlar/77A0455BE6343006E32CC5EA1CF1F0B7_26/77A0455BE6343006E32CC5EA1CF1F0B7_26.AnalysisOutput.root /star/u/truhlar/star-upcDstRP/build/outputs/
13887 Execution of (/star/u/truhlar/star-upcDstRP/build/sched/sched77A0455BE6343006E32CC5EA1CF1F0B7_26.csh ) has ended, exiting normally
13887 We END on [Thu Apr 25 09:04:36 EDT 2019]
