We are starting on node: rcas6364.rcf.bnl.gov
HOME is not defined
Using getent method
HOME is now /star/u/truhlar
22627 We will spawn ourselves (/star/u/truhlar/star-upcDstRP/build/sched/schedAB932A2AA07F06EEDA2C2C988034E20B_14.csh )
22627 We BEGIN on [Wed Apr 24 11:49:34 EDT 2019]
[1] 22789
22627 We are waiting for 22789 
22627 Grandchild PID is 22826 - found in 10 x 1 seconds
22627 Establishing first watcher   on    Wed Apr 24 11:49:44 EDT 2019
22627 Process tree is 22627 (main) -> 22789 (child) -> 22826 (grandchild)
F S   UID   PID  PPID  C PRI  NI ADDR SZ WCHAN  TTY        TIME CMD
0 D 11859 22826 22789  6  80   0 - 23014 cxiWai ?          0:00 ./Analysis /gpfs01/star/pwg/truhlar/ConnectionTest/ELtrig/merge_files/StUPCRP_production.list 14
22789 Stepping into the main SUMS wrapper program with []
Archive:  /star/u/truhlar/star-upcDstRP/build/Package.zip
  inflating: /tmp/truhlar/AB932A2AA07F06EEDA2C2C988034E20B_14/Analysis  
  inflating: /tmp/truhlar/AB932A2AA07F06EEDA2C2C988034E20B_14/libstar-upc.so  
Swapping $FILELIST with: /tmp/truhlar/AB932A2AA07F06EEDA2C2C988034E20B_14/INPUTFILES/AB932A2AA07F06EEDA2C2C988034E20B_14.local.list
--------------------------------
STAR Unified Meta Scheduler 1.10.31 we are starting in $SCRATCH : /home/tmp/truhlar/AB932A2AA07F06EEDA2C2C988034E20B_14
--------------------------------
total 1144
-rwxr-xr-x 1 truhlar rhstar 174068 Apr 21 05:31 Analysis
drwxr-xr-x 2 truhlar rhstar   4096 Apr 24 11:49 INPUTFILES
-rwxr-xr-x 1 truhlar rhstar 990060 Apr 19 12:21 libstar-upc.so
Starting the job

[1mRooFit v3.60 -- Developed by Wouter Verkerke and David Kirkby[0m 
                Copyright (C) 2000-2013 NIKHEF, University of California & Stanford University
                All rights reserved, please read http://roofit.sourceforge.net/license.txt

14 / 14
Input from chain
Number of UPC events: 2585171 RP: 2585171
Ending Analysis... GOOD BYE!
AB932A2AA07F06EEDA2C2C988034E20B_14.AnalysisOutput.root
Analysis*
INPUTFILES/
libstar-upc.so*
Cleaning up sandbox file:  /tmp/truhlar/AB932A2AA07F06EEDA2C2C988034E20B_14/Analysis
Cleaning up sandbox file:  /tmp/truhlar/AB932A2AA07F06EEDA2C2C988034E20B_14/libstar-upc.so
Cleaning up sandbox file:  /tmp/truhlar/AB932A2AA07F06EEDA2C2C988034E20B_14/.sandboxFiles
Starting copy block
Running copy command:  /bin/cp -fp /tmp/truhlar/AB932A2AA07F06EEDA2C2C988034E20B_14/AB932A2AA07F06EEDA2C2C988034E20B_14.AnalysisOutput.root /star/u/truhlar/star-upcDstRP/build/outputs/
22627 Execution of (/star/u/truhlar/star-upcDstRP/build/sched/schedAB932A2AA07F06EEDA2C2C988034E20B_14.csh ) has ended, exiting normally
22627 We END on [Wed Apr 24 12:17:06 EDT 2019]
