We are starting on node: spar0308.usatlas.bnl.gov
HOME is not defined
Using getent method
HOME is now /star/u/truhlar
2084 We will spawn ourselves (/star/u/truhlar/star-upcDstRP/build/sched/sched7D1225A1194326D4115E1D56948B3C67_32.csh )
2084 We BEGIN on [Wed Apr 24 14:03:47 EDT 2019]
[1] 2244
2084 We are waiting for 2244 
2084 Grandchild PID is 2275 - found in 10 x 1 seconds
2084 Establishing first watcher   on    Wed Apr 24 14:03:58 EDT 2019
2084 Process tree is 2084 (main) -> 2244 (child) -> 2275 (grandchild)
F S   UID   PID  PPID  C PRI  NI ADDR SZ WCHAN  TTY        TIME CMD
0 R 11859  2275  2244 84  80   0 - 95327 -      ?          0:09 ./Analysis /gpfs01/star/pwg/truhlar/ConnectionTest/ELtrig/test/Elastic.list 32
2244 Stepping into the main SUMS wrapper program with []
Archive:  /star/u/truhlar/star-upcDstRP/build/Package.zip
  inflating: /tmp/truhlar/7D1225A1194326D4115E1D56948B3C67_32/Analysis  
  inflating: /tmp/truhlar/7D1225A1194326D4115E1D56948B3C67_32/libstar-upc.so  
Swapping $FILELIST with: /tmp/truhlar/7D1225A1194326D4115E1D56948B3C67_32/INPUTFILES/7D1225A1194326D4115E1D56948B3C67_32.local.list
--------------------------------
STAR Unified Meta Scheduler 1.10.31 we are starting in $SCRATCH : /home/tmp/truhlar/7D1225A1194326D4115E1D56948B3C67_32
--------------------------------
total 1144
-rwxr-xr-x 1 truhlar rhstar 174068 Apr 21 05:31 Analysis
drwxr-xr-x 2 truhlar rhstar   4096 Apr 24 14:03 INPUTFILES
-rwxr-xr-x 1 truhlar rhstar 990060 Apr 19 12:21 libstar-upc.so
Starting the job

[1mRooFit v3.60 -- Developed by Wouter Verkerke and David Kirkby[0m 
                Copyright (C) 2000-2013 NIKHEF, University of California & Stanford University
                All rights reserved, please read http://roofit.sourceforge.net/license.txt

32 / 32
Input from chain
Number of UPC events: 776716 RP: 776716
Ending Analysis... GOOD BYE!
7D1225A1194326D4115E1D56948B3C67_32.AnalysisOutput.root
Analysis*
INPUTFILES/
libstar-upc.so*
Cleaning up sandbox file:  /tmp/truhlar/7D1225A1194326D4115E1D56948B3C67_32/Analysis
Cleaning up sandbox file:  /tmp/truhlar/7D1225A1194326D4115E1D56948B3C67_32/libstar-upc.so
Cleaning up sandbox file:  /tmp/truhlar/7D1225A1194326D4115E1D56948B3C67_32/.sandboxFiles
Starting copy block
Running copy command:  /bin/cp -fp /tmp/truhlar/7D1225A1194326D4115E1D56948B3C67_32/7D1225A1194326D4115E1D56948B3C67_32.AnalysisOutput.root /star/u/truhlar/star-upcDstRP/build/outputs/
2084 Execution of (/star/u/truhlar/star-upcDstRP/build/sched/sched7D1225A1194326D4115E1D56948B3C67_32.csh ) has ended, exiting normally
2084 We END on [Wed Apr 24 14:07:36 EDT 2019]
