We are starting on node: spool0140.sdcc.bnl.gov
HOME is not defined
Using getent method
HOME is now /star/u/truhlar
11146 We will spawn ourselves (/star/u/truhlar/star-upcDstRP/build/sched/sched7D1225A1194326D4115E1D56948B3C67_61.csh )
11146 We BEGIN on [Wed Apr 24 14:03:45 EDT 2019]
[1] 11307
11146 We are waiting for 11307 
11146 Grandchild PID is 11338 - found in 10 x 1 seconds
11146 Establishing first watcher   on    Wed Apr 24 14:03:55 EDT 2019
11146 Process tree is 11146 (main) -> 11307 (child) -> 11338 (grandchild)
F S   UID   PID  PPID  C PRI  NI ADDR SZ WCHAN  TTY        TIME CMD
0 R 11859 11338 11307 85  80   0 - 105839 -     ?          0:09 ./Analysis /gpfs01/star/pwg/truhlar/ConnectionTest/ELtrig/test/Elastic.list 61
11307 Stepping into the main SUMS wrapper program with []
Archive:  /star/u/truhlar/star-upcDstRP/build/Package.zip
  inflating: /tmp/truhlar/7D1225A1194326D4115E1D56948B3C67_61/Analysis  
  inflating: /tmp/truhlar/7D1225A1194326D4115E1D56948B3C67_61/libstar-upc.so  
Swapping $FILELIST with: /tmp/truhlar/7D1225A1194326D4115E1D56948B3C67_61/INPUTFILES/7D1225A1194326D4115E1D56948B3C67_61.local.list
--------------------------------
STAR Unified Meta Scheduler 1.10.31 we are starting in $SCRATCH : /home/tmp/truhlar/7D1225A1194326D4115E1D56948B3C67_61
--------------------------------
total 1144
-rwxr-xr-x 1 truhlar rhstar 174068 Apr 21 05:31 Analysis
drwxr-xr-x 2 truhlar rhstar   4096 Apr 24 14:03 INPUTFILES
-rwxr-xr-x 1 truhlar rhstar 990060 Apr 19 12:21 libstar-upc.so
Starting the job

[1mRooFit v3.60 -- Developed by Wouter Verkerke and David Kirkby[0m 
                Copyright (C) 2000-2013 NIKHEF, University of California & Stanford University
                All rights reserved, please read http://roofit.sourceforge.net/license.txt

61 / 61
Input from chain
Number of UPC events: 487015 RP: 487015
Ending Analysis... GOOD BYE!
7D1225A1194326D4115E1D56948B3C67_61.AnalysisOutput.root
Analysis*
INPUTFILES/
libstar-upc.so*
Cleaning up sandbox file:  /tmp/truhlar/7D1225A1194326D4115E1D56948B3C67_61/Analysis
Cleaning up sandbox file:  /tmp/truhlar/7D1225A1194326D4115E1D56948B3C67_61/libstar-upc.so
Cleaning up sandbox file:  /tmp/truhlar/7D1225A1194326D4115E1D56948B3C67_61/.sandboxFiles
Starting copy block
Running copy command:  /bin/cp -fp /tmp/truhlar/7D1225A1194326D4115E1D56948B3C67_61/7D1225A1194326D4115E1D56948B3C67_61.AnalysisOutput.root /star/u/truhlar/star-upcDstRP/build/outputs/
11146 Execution of (/star/u/truhlar/star-upcDstRP/build/sched/sched7D1225A1194326D4115E1D56948B3C67_61.csh ) has ended, exiting normally
11146 We END on [Wed Apr 24 14:05:05 EDT 2019]
