We are starting on node: rcas6080.rcf.bnl.gov
HOME is not defined
Using getent method
HOME is now /star/u/truhlar
189165 We will spawn ourselves (/star/u/truhlar/star-upcDstRP/build/sched/sched77A0455BE6343006E32CC5EA1CF1F0B7_71.csh )
189165 We BEGIN on [Thu Apr 25 09:02:08 EDT 2019]
[1] 189329
189165 We are waiting for 189329 
189165 Grandchild PID is 189364 - found in 10 x 1 seconds
189165 Establishing first watcher   on    Thu Apr 25 09:02:19 EDT 2019
189165 Process tree is 189165 (main) -> 189329 (child) -> 189364 (grandchild)
F S   UID    PID   PPID  C PRI  NI ADDR SZ WCHAN  TTY        TIME CMD
0 R 11859 189364 189329 56  80   0 - 101898 -     ?          0:06 ./Analysis /gpfs01/star/pwg/truhlar/ConnectionTest/ELtrig/test/test.list 71
189329 Stepping into the main SUMS wrapper program with []
Archive:  /star/u/truhlar/star-upcDstRP/build/Package.zip
  inflating: /tmp/truhlar/77A0455BE6343006E32CC5EA1CF1F0B7_71/Analysis  
  inflating: /tmp/truhlar/77A0455BE6343006E32CC5EA1CF1F0B7_71/libstar-upc.so  
Swapping $FILELIST with: /tmp/truhlar/77A0455BE6343006E32CC5EA1CF1F0B7_71/INPUTFILES/77A0455BE6343006E32CC5EA1CF1F0B7_71.local.list
--------------------------------
STAR Unified Meta Scheduler 1.10.31 we are starting in $SCRATCH : /home/tmp/truhlar/77A0455BE6343006E32CC5EA1CF1F0B7_71
--------------------------------
total 1144
-rwxr-xr-x 1 truhlar rhstar 175020 Apr 24 21:29 Analysis
drwxr-xr-x 2 truhlar rhstar   4096 Apr 25 09:02 INPUTFILES
-rwxr-xr-x 1 truhlar rhstar 990280 Apr 24 21:28 libstar-upc.so
Starting the job

[1mRooFit v3.60 -- Developed by Wouter Verkerke and David Kirkby[0m 
                Copyright (C) 2000-2013 NIKHEF, University of California & Stanford University
                All rights reserved, please read http://roofit.sourceforge.net/license.txt

Input from chain
Number of UPC events: 607983 RP: 607983
Ending Analysis... GOOD BYE!
77A0455BE6343006E32CC5EA1CF1F0B7_71.AnalysisOutput.root
Analysis*
INPUTFILES/
libstar-upc.so*
Cleaning up sandbox file:  /tmp/truhlar/77A0455BE6343006E32CC5EA1CF1F0B7_71/Analysis
Cleaning up sandbox file:  /tmp/truhlar/77A0455BE6343006E32CC5EA1CF1F0B7_71/libstar-upc.so
Cleaning up sandbox file:  /tmp/truhlar/77A0455BE6343006E32CC5EA1CF1F0B7_71/.sandboxFiles
Starting copy block
Running copy command:  /bin/cp -fp /tmp/truhlar/77A0455BE6343006E32CC5EA1CF1F0B7_71/77A0455BE6343006E32CC5EA1CF1F0B7_71.AnalysisOutput.root /star/u/truhlar/star-upcDstRP/build/outputs/
189165 Execution of (/star/u/truhlar/star-upcDstRP/build/sched/sched77A0455BE6343006E32CC5EA1CF1F0B7_71.csh ) has ended, exiting normally
189165 We END on [Thu Apr 25 09:03:03 EDT 2019]
