We are starting on node: rcas6081.rcf.bnl.gov
HOME is not defined
Using getent method
HOME is now /star/u/truhlar
294241 We will spawn ourselves (/star/u/truhlar/star-upcDstRP/build/sched/sched7D1225A1194326D4115E1D56948B3C67_90.csh )
294241 We BEGIN on [Wed Apr 24 14:03:04 EDT 2019]
[1] 294466
294241 We are waiting for 294466 
294241 Grandchild PID is 294505 - found in 10 x 1 seconds
294241 Establishing first watcher   on    Wed Apr 24 14:03:15 EDT 2019
294241 Process tree is 294241 (main) -> 294466 (child) -> 294505 (grandchild)
F S   UID    PID   PPID  C PRI  NI ADDR SZ WCHAN  TTY        TIME CMD
0 R 11859 294505 294466 90  80   0 - 108334 -     ?          0:10 ./Analysis /gpfs01/star/pwg/truhlar/ConnectionTest/ELtrig/test/Elastic.list 90
294466 Stepping into the main SUMS wrapper program with []
Archive:  /star/u/truhlar/star-upcDstRP/build/Package.zip
  inflating: /tmp/truhlar/7D1225A1194326D4115E1D56948B3C67_90/Analysis  
  inflating: /tmp/truhlar/7D1225A1194326D4115E1D56948B3C67_90/libstar-upc.so  
Swapping $FILELIST with: /tmp/truhlar/7D1225A1194326D4115E1D56948B3C67_90/INPUTFILES/7D1225A1194326D4115E1D56948B3C67_90.local.list
--------------------------------
STAR Unified Meta Scheduler 1.10.31 we are starting in $SCRATCH : /home/tmp/truhlar/7D1225A1194326D4115E1D56948B3C67_90
--------------------------------
total 1144
-rwxr-xr-x 1 truhlar rhstar 174068 Apr 21 05:31 Analysis
drwxr-xr-x 2 truhlar rhstar   4096 Apr 24 14:03 INPUTFILES
-rwxr-xr-x 1 truhlar rhstar 990060 Apr 19 12:21 libstar-upc.so
Starting the job

[1mRooFit v3.60 -- Developed by Wouter Verkerke and David Kirkby[0m 
                Copyright (C) 2000-2013 NIKHEF, University of California & Stanford University
                All rights reserved, please read http://roofit.sourceforge.net/license.txt

90 / 90
Input from chain
Number of UPC events: 1079728 RP: 1079728
Ending Analysis... GOOD BYE!
7D1225A1194326D4115E1D56948B3C67_90.AnalysisOutput.root
Analysis*
INPUTFILES/
libstar-upc.so*
Cleaning up sandbox file:  /tmp/truhlar/7D1225A1194326D4115E1D56948B3C67_90/Analysis
Cleaning up sandbox file:  /tmp/truhlar/7D1225A1194326D4115E1D56948B3C67_90/libstar-upc.so
Cleaning up sandbox file:  /tmp/truhlar/7D1225A1194326D4115E1D56948B3C67_90/.sandboxFiles
Starting copy block
Running copy command:  /bin/cp -fp /tmp/truhlar/7D1225A1194326D4115E1D56948B3C67_90/7D1225A1194326D4115E1D56948B3C67_90.AnalysisOutput.root /star/u/truhlar/star-upcDstRP/build/outputs/
294241 Execution of (/star/u/truhlar/star-upcDstRP/build/sched/sched7D1225A1194326D4115E1D56948B3C67_90.csh ) has ended, exiting normally
294241 We END on [Wed Apr 24 14:05:07 EDT 2019]
