We are starting on node: rcas6094.rcf.bnl.gov
HOME is not defined
Using getent method
HOME is now /star/u/truhlar
331436 We will spawn ourselves (/star/u/truhlar/star-upcDstRP/build/sched/sched77A0455BE6343006E32CC5EA1CF1F0B7_74.csh )
331436 We BEGIN on [Thu Apr 25 09:02:08 EDT 2019]
[1] 331645
331436 We are waiting for 331645 
331436 Grandchild PID is 331680 - found in 10 x 1 seconds
331436 Establishing first watcher   on    Thu Apr 25 09:02:19 EDT 2019
331436 Process tree is 331436 (main) -> 331645 (child) -> 331680 (grandchild)
F S   UID    PID   PPID  C PRI  NI ADDR SZ WCHAN  TTY        TIME CMD
0 R 11859 331680 331645 19  80   0 - 99834 -      ?          0:02 ./Analysis /gpfs01/star/pwg/truhlar/ConnectionTest/ELtrig/test/test.list 74
331645 Stepping into the main SUMS wrapper program with []
Archive:  /star/u/truhlar/star-upcDstRP/build/Package.zip
  inflating: /tmp/truhlar/77A0455BE6343006E32CC5EA1CF1F0B7_74/Analysis  
  inflating: /tmp/truhlar/77A0455BE6343006E32CC5EA1CF1F0B7_74/libstar-upc.so  
Swapping $FILELIST with: /tmp/truhlar/77A0455BE6343006E32CC5EA1CF1F0B7_74/INPUTFILES/77A0455BE6343006E32CC5EA1CF1F0B7_74.local.list
--------------------------------
STAR Unified Meta Scheduler 1.10.31 we are starting in $SCRATCH : /home/tmp/truhlar/77A0455BE6343006E32CC5EA1CF1F0B7_74
--------------------------------
total 1144
-rwxr-xr-x 1 truhlar rhstar 175020 Apr 24 21:29 Analysis
drwxr-xr-x 2 truhlar rhstar   4096 Apr 25 09:02 INPUTFILES
-rwxr-xr-x 1 truhlar rhstar 990280 Apr 24 21:28 libstar-upc.so
Starting the job

[1mRooFit v3.60 -- Developed by Wouter Verkerke and David Kirkby[0m 
                Copyright (C) 2000-2013 NIKHEF, University of California & Stanford University
                All rights reserved, please read http://roofit.sourceforge.net/license.txt

Input from chain
Number of UPC events: 799512 RP: 799512
Ending Analysis... GOOD BYE!
77A0455BE6343006E32CC5EA1CF1F0B7_74.AnalysisOutput.root
Analysis*
INPUTFILES/
libstar-upc.so*
Cleaning up sandbox file:  /tmp/truhlar/77A0455BE6343006E32CC5EA1CF1F0B7_74/Analysis
Cleaning up sandbox file:  /tmp/truhlar/77A0455BE6343006E32CC5EA1CF1F0B7_74/libstar-upc.so
Cleaning up sandbox file:  /tmp/truhlar/77A0455BE6343006E32CC5EA1CF1F0B7_74/.sandboxFiles
Starting copy block
Running copy command:  /bin/cp -fp /tmp/truhlar/77A0455BE6343006E32CC5EA1CF1F0B7_74/77A0455BE6343006E32CC5EA1CF1F0B7_74.AnalysisOutput.root /star/u/truhlar/star-upcDstRP/build/outputs/
331436 Execution of (/star/u/truhlar/star-upcDstRP/build/sched/sched77A0455BE6343006E32CC5EA1CF1F0B7_74.csh ) has ended, exiting normally
331436 We END on [Thu Apr 25 09:03:20 EDT 2019]
