We are starting on node: rcas6081.rcf.bnl.gov
HOME is not defined
Using getent method
HOME is now /star/u/truhlar
293996 We will spawn ourselves (/star/u/truhlar/star-upcDstRP/build/sched/sched7D1225A1194326D4115E1D56948B3C67_91.csh )
293996 We BEGIN on [Wed Apr 24 14:03:04 EDT 2019]
[1] 294271
293996 We are waiting for 294271 
293996 Grandchild PID is 294379 - found in 10 x 1 seconds
293996 Establishing first watcher   on    Wed Apr 24 14:03:15 EDT 2019
293996 Process tree is 293996 (main) -> 294271 (child) -> 294379 (grandchild)
F S   UID    PID   PPID  C PRI  NI ADDR SZ WCHAN  TTY        TIME CMD
0 R 11859 294379 294271 99  80   0 - 108072 -     ?          0:10 ./Analysis /gpfs01/star/pwg/truhlar/ConnectionTest/ELtrig/test/Elastic.list 91
294271 Stepping into the main SUMS wrapper program with []
Archive:  /star/u/truhlar/star-upcDstRP/build/Package.zip
  inflating: /tmp/truhlar/7D1225A1194326D4115E1D56948B3C67_91/Analysis  
  inflating: /tmp/truhlar/7D1225A1194326D4115E1D56948B3C67_91/libstar-upc.so  
Swapping $FILELIST with: /tmp/truhlar/7D1225A1194326D4115E1D56948B3C67_91/INPUTFILES/7D1225A1194326D4115E1D56948B3C67_91.local.list
--------------------------------
STAR Unified Meta Scheduler 1.10.31 we are starting in $SCRATCH : /home/tmp/truhlar/7D1225A1194326D4115E1D56948B3C67_91
--------------------------------
total 1144
-rwxr-xr-x 1 truhlar rhstar 174068 Apr 21 05:31 Analysis
drwxr-xr-x 2 truhlar rhstar   4096 Apr 24 14:03 INPUTFILES
-rwxr-xr-x 1 truhlar rhstar 990060 Apr 19 12:21 libstar-upc.so
Starting the job

[1mRooFit v3.60 -- Developed by Wouter Verkerke and David Kirkby[0m 
                Copyright (C) 2000-2013 NIKHEF, University of California & Stanford University
                All rights reserved, please read http://roofit.sourceforge.net/license.txt

91 / 91
Input from chain
Number of UPC events: 573298 RP: 573298
Ending Analysis... GOOD BYE!
7D1225A1194326D4115E1D56948B3C67_91.AnalysisOutput.root
Analysis*
INPUTFILES/
libstar-upc.so*
Cleaning up sandbox file:  /tmp/truhlar/7D1225A1194326D4115E1D56948B3C67_91/Analysis
Cleaning up sandbox file:  /tmp/truhlar/7D1225A1194326D4115E1D56948B3C67_91/libstar-upc.so
Cleaning up sandbox file:  /tmp/truhlar/7D1225A1194326D4115E1D56948B3C67_91/.sandboxFiles
Starting copy block
Running copy command:  /bin/cp -fp /tmp/truhlar/7D1225A1194326D4115E1D56948B3C67_91/7D1225A1194326D4115E1D56948B3C67_91.AnalysisOutput.root /star/u/truhlar/star-upcDstRP/build/outputs/
293996 Execution of (/star/u/truhlar/star-upcDstRP/build/sched/sched7D1225A1194326D4115E1D56948B3C67_91.csh ) has ended, exiting normally
293996 We END on [Wed Apr 24 14:04:17 EDT 2019]
