We are starting on node: rcas2029.rcf.bnl.gov
HOME is not defined
Using getent method
HOME is now /star/u/truhlar
190134 We will spawn ourselves (/star/u/truhlar/star-upcDstRP/build/sched/schedEE123499E54E1A7A314FABE9288752E2_19.csh )
190134 We BEGIN on [Mon Apr 22 15:44:57 EDT 2019]
[1] 190306
190134 We are waiting for 190306 
190134 Grandchild PID is 190345 - found in 10 x 1 seconds
190134 Establishing first watcher   on    Mon Apr 22 15:45:08 EDT 2019
190134 Process tree is 190134 (main) -> 190306 (child) -> 190345 (grandchild)
F S   UID    PID   PPID  C PRI  NI ADDR SZ WCHAN  TTY        TIME CMD
0 R 11859 190345 190306 53  80   0 - 110311 -     ?          0:05 ./Analysis /gpfs01/star/pwg/truhlar/Final/ELtrig/merge_files/StUPCRP_production.list 19
190306 Stepping into the main SUMS wrapper program with []
Archive:  /star/u/truhlar/star-upcDstRP/build/Package.zip
  inflating: /tmp/truhlar/EE123499E54E1A7A314FABE9288752E2_19/Analysis  
  inflating: /tmp/truhlar/EE123499E54E1A7A314FABE9288752E2_19/libstar-upc.so  
Swapping $FILELIST with: /tmp/truhlar/EE123499E54E1A7A314FABE9288752E2_19/INPUTFILES/EE123499E54E1A7A314FABE9288752E2_19.local.list
--------------------------------
STAR Unified Meta Scheduler 1.10.31 we are starting in $SCRATCH : /home/tmp/truhlar/EE123499E54E1A7A314FABE9288752E2_19
--------------------------------
total 1144
-rwxr-xr-x 1 truhlar rhstar 174068 Apr 21 05:31 Analysis
drwxr-xr-x 2 truhlar rhstar   4096 Apr 22 15:44 INPUTFILES
-rwxr-xr-x 1 truhlar rhstar 990060 Apr 19 12:21 libstar-upc.so
Starting the job

[1mRooFit v3.60 -- Developed by Wouter Verkerke and David Kirkby[0m 
                Copyright (C) 2000-2013 NIKHEF, University of California & Stanford University
                All rights reserved, please read http://roofit.sourceforge.net/license.txt

19 / 19
Input from chain
Number of UPC events: 3279429 RP: 3279429
Ending Analysis... GOOD BYE!
Analysis*
EE123499E54E1A7A314FABE9288752E2_19.AnalysisOutput.root
INPUTFILES/
libstar-upc.so*
Cleaning up sandbox file:  /tmp/truhlar/EE123499E54E1A7A314FABE9288752E2_19/Analysis
Cleaning up sandbox file:  /tmp/truhlar/EE123499E54E1A7A314FABE9288752E2_19/libstar-upc.so
Cleaning up sandbox file:  /tmp/truhlar/EE123499E54E1A7A314FABE9288752E2_19/.sandboxFiles
Starting copy block
Running copy command:  /bin/cp -fp /tmp/truhlar/EE123499E54E1A7A314FABE9288752E2_19/EE123499E54E1A7A314FABE9288752E2_19.AnalysisOutput.root /star/u/truhlar/star-upcDstRP/build/outputs/
190134 Execution of (/star/u/truhlar/star-upcDstRP/build/sched/schedEE123499E54E1A7A314FABE9288752E2_19.csh ) has ended, exiting normally
190134 We END on [Mon Apr 22 15:51:31 EDT 2019]
