We are starting on node: spar0219.usatlas.bnl.gov
HOME is not defined
Using getent method
HOME is now /star/u/truhlar
24636 We will spawn ourselves (/star/u/truhlar/star-upcDstRP/build/sched/sched7D1225A1194326D4115E1D56948B3C67_30.csh )
24636 We BEGIN on [Wed Apr 24 14:03:42 EDT 2019]
[1] 24799
24636 We are waiting for 24799 
24636 Grandchild PID is 24828 - found in 10 x 1 seconds
24636 Establishing first watcher   on    Wed Apr 24 14:03:53 EDT 2019
24636 Process tree is 24636 (main) -> 24799 (child) -> 24828 (grandchild)
F S   UID   PID  PPID  C PRI  NI ADDR SZ WCHAN  TTY        TIME CMD
0 R 11859 24828 24799 78  80   0 - 96161 -      ?          0:08 ./Analysis /gpfs01/star/pwg/truhlar/ConnectionTest/ELtrig/test/Elastic.list 30
24799 Stepping into the main SUMS wrapper program with []
Archive:  /star/u/truhlar/star-upcDstRP/build/Package.zip
  inflating: /tmp/truhlar/7D1225A1194326D4115E1D56948B3C67_30/Analysis  
  inflating: /tmp/truhlar/7D1225A1194326D4115E1D56948B3C67_30/libstar-upc.so  
Swapping $FILELIST with: /tmp/truhlar/7D1225A1194326D4115E1D56948B3C67_30/INPUTFILES/7D1225A1194326D4115E1D56948B3C67_30.local.list
--------------------------------
STAR Unified Meta Scheduler 1.10.31 we are starting in $SCRATCH : /home/tmp/truhlar/7D1225A1194326D4115E1D56948B3C67_30
--------------------------------
total 1144
-rwxr-xr-x 1 truhlar rhstar 174068 Apr 21 05:31 Analysis
drwxr-xr-x 2 truhlar rhstar   4096 Apr 24 14:03 INPUTFILES
-rwxr-xr-x 1 truhlar rhstar 990060 Apr 19 12:21 libstar-upc.so
Starting the job

[1mRooFit v3.60 -- Developed by Wouter Verkerke and David Kirkby[0m 
                Copyright (C) 2000-2013 NIKHEF, University of California & Stanford University
                All rights reserved, please read http://roofit.sourceforge.net/license.txt

30 / 30
Input from chain
Number of UPC events: 1286513 RP: 1286513
Ending Analysis... GOOD BYE!
7D1225A1194326D4115E1D56948B3C67_30.AnalysisOutput.root
Analysis*
INPUTFILES/
libstar-upc.so*
Cleaning up sandbox file:  /tmp/truhlar/7D1225A1194326D4115E1D56948B3C67_30/Analysis
Cleaning up sandbox file:  /tmp/truhlar/7D1225A1194326D4115E1D56948B3C67_30/libstar-upc.so
Cleaning up sandbox file:  /tmp/truhlar/7D1225A1194326D4115E1D56948B3C67_30/.sandboxFiles
Starting copy block
Running copy command:  /bin/cp -fp /tmp/truhlar/7D1225A1194326D4115E1D56948B3C67_30/7D1225A1194326D4115E1D56948B3C67_30.AnalysisOutput.root /star/u/truhlar/star-upcDstRP/build/outputs/
24636 Execution of (/star/u/truhlar/star-upcDstRP/build/sched/sched7D1225A1194326D4115E1D56948B3C67_30.csh ) has ended, exiting normally
24636 We END on [Wed Apr 24 14:06:43 EDT 2019]
