We are starting on node: spool0144.sdcc.bnl.gov
HOME is not defined
Using getent method
HOME is now /star/u/truhlar
29252 We will spawn ourselves (/star/u/truhlar/star-upcDstRP/build/sched/sched7D1225A1194326D4115E1D56948B3C67_14.csh )
29252 We BEGIN on [Wed Apr 24 14:03:49 EDT 2019]
[1] 29407
29252 We are waiting for 29407 
29252 Grandchild PID is 29436 - found in 10 x 1 seconds
29252 Establishing first watcher   on    Wed Apr 24 14:04:00 EDT 2019
29252 Process tree is 29252 (main) -> 29407 (child) -> 29436 (grandchild)
F S   UID   PID  PPID  C PRI  NI ADDR SZ WCHAN  TTY        TIME CMD
0 R 11859 29436 29407 89  80   0 - 62561 -      ?          0:08 ./Analysis /gpfs01/star/pwg/truhlar/ConnectionTest/ELtrig/test/Elastic.list 14
29407 Stepping into the main SUMS wrapper program with []
Archive:  /star/u/truhlar/star-upcDstRP/build/Package.zip
  inflating: /tmp/truhlar/7D1225A1194326D4115E1D56948B3C67_14/Analysis  
  inflating: /tmp/truhlar/7D1225A1194326D4115E1D56948B3C67_14/libstar-upc.so  
Swapping $FILELIST with: /tmp/truhlar/7D1225A1194326D4115E1D56948B3C67_14/INPUTFILES/7D1225A1194326D4115E1D56948B3C67_14.local.list
--------------------------------
STAR Unified Meta Scheduler 1.10.31 we are starting in $SCRATCH : /home/tmp/truhlar/7D1225A1194326D4115E1D56948B3C67_14
--------------------------------
total 1144
-rwxr-xr-x 1 truhlar rhstar 174068 Apr 21 05:31 Analysis
drwxr-xr-x 2 truhlar rhstar   4096 Apr 24 14:03 INPUTFILES
-rwxr-xr-x 1 truhlar rhstar 990060 Apr 19 12:21 libstar-upc.so
Starting the job

[1mRooFit v3.60 -- Developed by Wouter Verkerke and David Kirkby[0m 
                Copyright (C) 2000-2013 NIKHEF, University of California & Stanford University
                All rights reserved, please read http://roofit.sourceforge.net/license.txt

14 / 14
Input from chain
Number of UPC events: 332472 RP: 332472
Ending Analysis... GOOD BYE!
7D1225A1194326D4115E1D56948B3C67_14.AnalysisOutput.root
Analysis*
INPUTFILES/
libstar-upc.so*
Cleaning up sandbox file:  /tmp/truhlar/7D1225A1194326D4115E1D56948B3C67_14/Analysis
Cleaning up sandbox file:  /tmp/truhlar/7D1225A1194326D4115E1D56948B3C67_14/libstar-upc.so
Cleaning up sandbox file:  /tmp/truhlar/7D1225A1194326D4115E1D56948B3C67_14/.sandboxFiles
Starting copy block
Running copy command:  /bin/cp -fp /tmp/truhlar/7D1225A1194326D4115E1D56948B3C67_14/7D1225A1194326D4115E1D56948B3C67_14.AnalysisOutput.root /star/u/truhlar/star-upcDstRP/build/outputs/
29252 Execution of (/star/u/truhlar/star-upcDstRP/build/sched/sched7D1225A1194326D4115E1D56948B3C67_14.csh ) has ended, exiting normally
29252 We END on [Wed Apr 24 14:05:17 EDT 2019]
