We are starting on node: rcas6301.rcf.bnl.gov
HOME is not defined
Using getent method
HOME is now /star/u/truhlar
10445 We will spawn ourselves (/star/u/truhlar/star-upcDstRP/build/sched/schedAB932A2AA07F06EEDA2C2C988034E20B_3.csh )
10445 We BEGIN on [Wed Apr 24 11:25:45 EDT 2019]
[1] 10718
10445 We are waiting for 10718 
10445 Grandchild PID is 10787 - found in 10 x 1 seconds
10445 Establishing first watcher   on    Wed Apr 24 11:25:57 EDT 2019
10445 Process tree is 10445 (main) -> 10718 (child) -> 10787 (grandchild)
F S   UID   PID  PPID  C PRI  NI ADDR SZ WCHAN  TTY        TIME CMD
0 D 11859 10787 10718 11  80   0 - 26981 cxiWai ?          0:01 ./Analysis /gpfs01/star/pwg/truhlar/ConnectionTest/ELtrig/merge_files/StUPCRP_production.list 3
10718 Stepping into the main SUMS wrapper program with []
Archive:  /star/u/truhlar/star-upcDstRP/build/Package.zip
  inflating: /tmp/truhlar/AB932A2AA07F06EEDA2C2C988034E20B_3/Analysis  
  inflating: /tmp/truhlar/AB932A2AA07F06EEDA2C2C988034E20B_3/libstar-upc.so  
Swapping $FILELIST with: /tmp/truhlar/AB932A2AA07F06EEDA2C2C988034E20B_3/INPUTFILES/AB932A2AA07F06EEDA2C2C988034E20B_3.local.list
--------------------------------
STAR Unified Meta Scheduler 1.10.31 we are starting in $SCRATCH : /home/tmp/truhlar/AB932A2AA07F06EEDA2C2C988034E20B_3
--------------------------------
total 1144
-rwxr-xr-x 1 truhlar rhstar 174068 Apr 21 05:31 Analysis
drwxr-xr-x 2 truhlar rhstar   4096 Apr 24 11:25 INPUTFILES
-rwxr-xr-x 1 truhlar rhstar 990060 Apr 19 12:21 libstar-upc.so
Starting the job

[1mRooFit v3.60 -- Developed by Wouter Verkerke and David Kirkby[0m 
                Copyright (C) 2000-2013 NIKHEF, University of California & Stanford University
                All rights reserved, please read http://roofit.sourceforge.net/license.txt

3 / 3
Input from chain
Number of UPC events: 2797466 RP: 2797466
Ending Analysis... GOOD BYE!
AB932A2AA07F06EEDA2C2C988034E20B_3.AnalysisOutput.root
Analysis*
INPUTFILES/
libstar-upc.so*
Cleaning up sandbox file:  /tmp/truhlar/AB932A2AA07F06EEDA2C2C988034E20B_3/Analysis
Cleaning up sandbox file:  /tmp/truhlar/AB932A2AA07F06EEDA2C2C988034E20B_3/libstar-upc.so
Cleaning up sandbox file:  /tmp/truhlar/AB932A2AA07F06EEDA2C2C988034E20B_3/.sandboxFiles
Starting copy block
Running copy command:  /bin/cp -fp /tmp/truhlar/AB932A2AA07F06EEDA2C2C988034E20B_3/AB932A2AA07F06EEDA2C2C988034E20B_3.AnalysisOutput.root /star/u/truhlar/star-upcDstRP/build/outputs/
10445 Execution of (/star/u/truhlar/star-upcDstRP/build/sched/schedAB932A2AA07F06EEDA2C2C988034E20B_3.csh ) has ended, exiting normally
10445 We END on [Wed Apr 24 12:05:20 EDT 2019]
