We are starting on node: spar0342.usatlas.bnl.gov
HOME is not defined
Using getent method
HOME is now /star/u/truhlar
17216 We will spawn ourselves (/star/u/truhlar/star-upcDstRP/build/sched/sched7D1225A1194326D4115E1D56948B3C67_21.csh )
17216 We BEGIN on [Wed Apr 24 14:03:49 EDT 2019]
[1] 17376
17216 We are waiting for 17376 
17216 Grandchild PID is 17409 - found in 10 x 1 seconds
17216 Establishing first watcher   on    Wed Apr 24 14:03:59 EDT 2019
17216 Process tree is 17216 (main) -> 17376 (child) -> 17409 (grandchild)
F S   UID   PID  PPID  C PRI  NI ADDR SZ WCHAN  TTY        TIME CMD
0 R 11859 17409 17376 91  80   0 - 104335 -     ?          0:09 ./Analysis /gpfs01/star/pwg/truhlar/ConnectionTest/ELtrig/test/Elastic.list 21
17376 Stepping into the main SUMS wrapper program with []
Archive:  /star/u/truhlar/star-upcDstRP/build/Package.zip
  inflating: /tmp/truhlar/7D1225A1194326D4115E1D56948B3C67_21/Analysis  
  inflating: /tmp/truhlar/7D1225A1194326D4115E1D56948B3C67_21/libstar-upc.so  
Swapping $FILELIST with: /tmp/truhlar/7D1225A1194326D4115E1D56948B3C67_21/INPUTFILES/7D1225A1194326D4115E1D56948B3C67_21.local.list
--------------------------------
STAR Unified Meta Scheduler 1.10.31 we are starting in $SCRATCH : /home/tmp/truhlar/7D1225A1194326D4115E1D56948B3C67_21
--------------------------------
total 1144
-rwxr-xr-x 1 truhlar rhstar 174068 Apr 21 05:31 Analysis
drwxr-xr-x 2 truhlar rhstar   4096 Apr 24 14:03 INPUTFILES
-rwxr-xr-x 1 truhlar rhstar 990060 Apr 19 12:21 libstar-upc.so
Starting the job

[1mRooFit v3.60 -- Developed by Wouter Verkerke and David Kirkby[0m 
                Copyright (C) 2000-2013 NIKHEF, University of California & Stanford University
                All rights reserved, please read http://roofit.sourceforge.net/license.txt

21 / 21
Input from chain
Number of UPC events: 789246 RP: 789246
Ending Analysis... GOOD BYE!
7D1225A1194326D4115E1D56948B3C67_21.AnalysisOutput.root
Analysis*
INPUTFILES/
libstar-upc.so*
Cleaning up sandbox file:  /tmp/truhlar/7D1225A1194326D4115E1D56948B3C67_21/Analysis
Cleaning up sandbox file:  /tmp/truhlar/7D1225A1194326D4115E1D56948B3C67_21/libstar-upc.so
Cleaning up sandbox file:  /tmp/truhlar/7D1225A1194326D4115E1D56948B3C67_21/.sandboxFiles
Starting copy block
Running copy command:  /bin/cp -fp /tmp/truhlar/7D1225A1194326D4115E1D56948B3C67_21/7D1225A1194326D4115E1D56948B3C67_21.AnalysisOutput.root /star/u/truhlar/star-upcDstRP/build/outputs/
17216 Execution of (/star/u/truhlar/star-upcDstRP/build/sched/sched7D1225A1194326D4115E1D56948B3C67_21.csh ) has ended, exiting normally
17216 We END on [Wed Apr 24 14:08:11 EDT 2019]
