We are starting on node: spar0330.usatlas.bnl.gov
HOME is not defined
Using getent method
HOME is now /star/u/truhlar
4870 We will spawn ourselves (/star/u/truhlar/star-upcDstRP/build/sched/sched7D1225A1194326D4115E1D56948B3C67_73.csh )
4870 We BEGIN on [Wed Apr 24 14:03:41 EDT 2019]
[1] 5034
4870 We are waiting for 5034 
4870 Grandchild PID is 5066 - found in 10 x 1 seconds
4870 Establishing first watcher   on    Wed Apr 24 14:03:52 EDT 2019
4870 Process tree is 4870 (main) -> 5034 (child) -> 5066 (grandchild)
F S   UID   PID  PPID  C PRI  NI ADDR SZ WCHAN  TTY        TIME CMD
0 R 11859  5066  5034 84  80   0 - 109786 -     ?          0:09 ./Analysis /gpfs01/star/pwg/truhlar/ConnectionTest/ELtrig/test/Elastic.list 73
5034 Stepping into the main SUMS wrapper program with []
Archive:  /star/u/truhlar/star-upcDstRP/build/Package.zip
  inflating: /tmp/truhlar/7D1225A1194326D4115E1D56948B3C67_73/Analysis  
  inflating: /tmp/truhlar/7D1225A1194326D4115E1D56948B3C67_73/libstar-upc.so  
Swapping $FILELIST with: /tmp/truhlar/7D1225A1194326D4115E1D56948B3C67_73/INPUTFILES/7D1225A1194326D4115E1D56948B3C67_73.local.list
--------------------------------
STAR Unified Meta Scheduler 1.10.31 we are starting in $SCRATCH : /home/tmp/truhlar/7D1225A1194326D4115E1D56948B3C67_73
--------------------------------
total 1144
-rwxr-xr-x 1 truhlar rhstar 174068 Apr 21 05:31 Analysis
drwxr-xr-x 2 truhlar rhstar   4096 Apr 24 14:03 INPUTFILES
-rwxr-xr-x 1 truhlar rhstar 990060 Apr 19 12:21 libstar-upc.so
Starting the job

[1mRooFit v3.60 -- Developed by Wouter Verkerke and David Kirkby[0m 
                Copyright (C) 2000-2013 NIKHEF, University of California & Stanford University
                All rights reserved, please read http://roofit.sourceforge.net/license.txt

73 / 73
Input from chain
Number of UPC events: 426905 RP: 426905
Ending Analysis... GOOD BYE!
7D1225A1194326D4115E1D56948B3C67_73.AnalysisOutput.root
Analysis*
INPUTFILES/
libstar-upc.so*
Cleaning up sandbox file:  /tmp/truhlar/7D1225A1194326D4115E1D56948B3C67_73/Analysis
Cleaning up sandbox file:  /tmp/truhlar/7D1225A1194326D4115E1D56948B3C67_73/libstar-upc.so
Cleaning up sandbox file:  /tmp/truhlar/7D1225A1194326D4115E1D56948B3C67_73/.sandboxFiles
Starting copy block
Running copy command:  /bin/cp -fp /tmp/truhlar/7D1225A1194326D4115E1D56948B3C67_73/7D1225A1194326D4115E1D56948B3C67_73.AnalysisOutput.root /star/u/truhlar/star-upcDstRP/build/outputs/
4870 Execution of (/star/u/truhlar/star-upcDstRP/build/sched/sched7D1225A1194326D4115E1D56948B3C67_73.csh ) has ended, exiting normally
4870 We END on [Wed Apr 24 14:05:01 EDT 2019]
