We are starting on node: rcas2022.rcf.bnl.gov
HOME is not defined
Using getent method
HOME is now /star/u/truhlar
8111 We will spawn ourselves (/star/u/truhlar/star-upcDstRP/build/sched/sched77A0455BE6343006E32CC5EA1CF1F0B7_79.csh )
8111 We BEGIN on [Thu Apr 25 09:02:08 EDT 2019]
[1] 8296
8111 We are waiting for 8296 
8111 Grandchild PID is 8331 - found in 10 x 1 seconds
8111 Establishing first watcher   on    Thu Apr 25 09:02:20 EDT 2019
8111 Process tree is 8111 (main) -> 8296 (child) -> 8331 (grandchild)
F S   UID    PID   PPID  C PRI  NI ADDR SZ WCHAN  TTY        TIME CMD
0 S 11859   8331   8296  2  80   0 - 20417 afs_cv ?          0:00 ./Analysis /gpfs01/star/pwg/truhlar/ConnectionTest/ELtrig/test/test.list 79
8296 Stepping into the main SUMS wrapper program with []
Archive:  /star/u/truhlar/star-upcDstRP/build/Package.zip
  inflating: /tmp/truhlar/77A0455BE6343006E32CC5EA1CF1F0B7_79/Analysis  
  inflating: /tmp/truhlar/77A0455BE6343006E32CC5EA1CF1F0B7_79/libstar-upc.so  
Swapping $FILELIST with: /tmp/truhlar/77A0455BE6343006E32CC5EA1CF1F0B7_79/INPUTFILES/77A0455BE6343006E32CC5EA1CF1F0B7_79.local.list
--------------------------------
STAR Unified Meta Scheduler 1.10.31 we are starting in $SCRATCH : /home/tmp/truhlar/77A0455BE6343006E32CC5EA1CF1F0B7_79
--------------------------------
total 1144
-rwxr-xr-x 1 truhlar rhstar 175020 Apr 24 21:29 Analysis
drwxr-xr-x 2 truhlar rhstar   4096 Apr 25 09:02 INPUTFILES
-rwxr-xr-x 1 truhlar rhstar 990280 Apr 24 21:28 libstar-upc.so
Starting the job

[1mRooFit v3.60 -- Developed by Wouter Verkerke and David Kirkby[0m 
                Copyright (C) 2000-2013 NIKHEF, University of California & Stanford University
                All rights reserved, please read http://roofit.sourceforge.net/license.txt

Input from chain
Number of UPC events: 1046644 RP: 1046644
Ending Analysis... GOOD BYE!
77A0455BE6343006E32CC5EA1CF1F0B7_79.AnalysisOutput.root
Analysis*
INPUTFILES/
libstar-upc.so*
Cleaning up sandbox file:  /tmp/truhlar/77A0455BE6343006E32CC5EA1CF1F0B7_79/Analysis
Cleaning up sandbox file:  /tmp/truhlar/77A0455BE6343006E32CC5EA1CF1F0B7_79/libstar-upc.so
Cleaning up sandbox file:  /tmp/truhlar/77A0455BE6343006E32CC5EA1CF1F0B7_79/.sandboxFiles
Starting copy block
Running copy command:  /bin/cp -fp /tmp/truhlar/77A0455BE6343006E32CC5EA1CF1F0B7_79/77A0455BE6343006E32CC5EA1CF1F0B7_79.AnalysisOutput.root /star/u/truhlar/star-upcDstRP/build/outputs/
8111 Execution of (/star/u/truhlar/star-upcDstRP/build/sched/sched77A0455BE6343006E32CC5EA1CF1F0B7_79.csh ) has ended, exiting normally
8111 We END on [Thu Apr 25 09:03:54 EDT 2019]
