We are starting on node: spool0139.sdcc.bnl.gov
HOME is not defined
Using getent method
HOME is now /star/u/truhlar
4352 We will spawn ourselves (/star/u/truhlar/star-upcDstRP/build/sched/sched7D1225A1194326D4115E1D56948B3C67_44.csh )
4352 We BEGIN on [Wed Apr 24 14:03:46 EDT 2019]
[1] 4508
4352 We are waiting for 4508 
4508 Stepping into the main SUMS wrapper program with []
Archive:  /star/u/truhlar/star-upcDstRP/build/Package.zip
  inflating: /tmp/truhlar/7D1225A1194326D4115E1D56948B3C67_44/Analysis  
  inflating: /tmp/truhlar/7D1225A1194326D4115E1D56948B3C67_44/libstar-upc.so  
Swapping $FILELIST with: /tmp/truhlar/7D1225A1194326D4115E1D56948B3C67_44/INPUTFILES/7D1225A1194326D4115E1D56948B3C67_44.local.list
--------------------------------
STAR Unified Meta Scheduler 1.10.31 we are starting in $SCRATCH : /home/tmp/truhlar/7D1225A1194326D4115E1D56948B3C67_44
--------------------------------
total 1144
-rwxr-xr-x 1 truhlar rhstar 174068 Apr 21 05:31 Analysis
drwxr-xr-x 2 truhlar rhstar   4096 Apr 24 14:03 INPUTFILES
-rwxr-xr-x 1 truhlar rhstar 990060 Apr 19 12:21 libstar-upc.so
Starting the job

[1mRooFit v3.60 -- Developed by Wouter Verkerke and David Kirkby[0m 
                Copyright (C) 2000-2013 NIKHEF, University of California & Stanford University
                All rights reserved, please read http://roofit.sourceforge.net/license.txt

44 / 44
Input from chain
Number of UPC events: 0 RP: 0
Ending Analysis... GOOD BYE!
7D1225A1194326D4115E1D56948B3C67_44.AnalysisOutput.root
Analysis*
INPUTFILES/
libstar-upc.so*
Cleaning up sandbox file:  /tmp/truhlar/7D1225A1194326D4115E1D56948B3C67_44/Analysis
Cleaning up sandbox file:  /tmp/truhlar/7D1225A1194326D4115E1D56948B3C67_44/libstar-upc.so
Cleaning up sandbox file:  /tmp/truhlar/7D1225A1194326D4115E1D56948B3C67_44/.sandboxFiles
Starting copy block
Running copy command:  /bin/cp -fp /tmp/truhlar/7D1225A1194326D4115E1D56948B3C67_44/7D1225A1194326D4115E1D56948B3C67_44.AnalysisOutput.root /star/u/truhlar/star-upcDstRP/build/outputs/
4352 Execution of (/star/u/truhlar/star-upcDstRP/build/sched/sched7D1225A1194326D4115E1D56948B3C67_44.csh ) has ended, exiting normally
4352 We END on [Wed Apr 24 14:03:48 EDT 2019]
