We are starting on node: rcas2016.rcf.bnl.gov
HOME is not defined
Using getent method
HOME is now /star/u/truhlar
243898 We will spawn ourselves (/star/u/truhlar/star-upcDstRP/build/sched/sched77A0455BE6343006E32CC5EA1CF1F0B7_82.csh )
243898 We BEGIN on [Thu Apr 25 09:02:06 EDT 2019]
[1] 244056
243898 We are waiting for 244056 
243898 Grandchild PID is 244093 - found in 10 x 1 seconds
243898 Establishing first watcher   on    Thu Apr 25 09:02:18 EDT 2019
243898 Process tree is 243898 (main) -> 244056 (child) -> 244093 (grandchild)
F S   UID    PID   PPID  C PRI  NI ADDR SZ WCHAN  TTY        TIME CMD
0 R 11859 244093 244056 38  80   0 - 100017 -     ?          0:04 ./Analysis /gpfs01/star/pwg/truhlar/ConnectionTest/ELtrig/test/test.list 82
244056 Stepping into the main SUMS wrapper program with []
Archive:  /star/u/truhlar/star-upcDstRP/build/Package.zip
  inflating: /tmp/truhlar/77A0455BE6343006E32CC5EA1CF1F0B7_82/Analysis  
  inflating: /tmp/truhlar/77A0455BE6343006E32CC5EA1CF1F0B7_82/libstar-upc.so  
Swapping $FILELIST with: /tmp/truhlar/77A0455BE6343006E32CC5EA1CF1F0B7_82/INPUTFILES/77A0455BE6343006E32CC5EA1CF1F0B7_82.local.list
--------------------------------
STAR Unified Meta Scheduler 1.10.31 we are starting in $SCRATCH : /home/tmp/truhlar/77A0455BE6343006E32CC5EA1CF1F0B7_82
--------------------------------
total 1144
-rwxr-xr-x 1 truhlar rhstar 175020 Apr 24 21:29 Analysis
drwxr-xr-x 2 truhlar rhstar   4096 Apr 25 09:02 INPUTFILES
-rwxr-xr-x 1 truhlar rhstar 990280 Apr 24 21:28 libstar-upc.so
Starting the job

[1mRooFit v3.60 -- Developed by Wouter Verkerke and David Kirkby[0m 
                Copyright (C) 2000-2013 NIKHEF, University of California & Stanford University
                All rights reserved, please read http://roofit.sourceforge.net/license.txt

Input from chain
Number of UPC events: 605799 RP: 605799
Ending Analysis... GOOD BYE!
77A0455BE6343006E32CC5EA1CF1F0B7_82.AnalysisOutput.root
Analysis*
INPUTFILES/
libstar-upc.so*
Cleaning up sandbox file:  /tmp/truhlar/77A0455BE6343006E32CC5EA1CF1F0B7_82/Analysis
Cleaning up sandbox file:  /tmp/truhlar/77A0455BE6343006E32CC5EA1CF1F0B7_82/libstar-upc.so
Cleaning up sandbox file:  /tmp/truhlar/77A0455BE6343006E32CC5EA1CF1F0B7_82/.sandboxFiles
Starting copy block
Running copy command:  /bin/cp -fp /tmp/truhlar/77A0455BE6343006E32CC5EA1CF1F0B7_82/77A0455BE6343006E32CC5EA1CF1F0B7_82.AnalysisOutput.root /star/u/truhlar/star-upcDstRP/build/outputs/
243898 Execution of (/star/u/truhlar/star-upcDstRP/build/sched/sched77A0455BE6343006E32CC5EA1CF1F0B7_82.csh ) has ended, exiting normally
243898 We END on [Thu Apr 25 09:03:14 EDT 2019]
