We are starting on node: rcas6095.rcf.bnl.gov
HOME is not defined
Using getent method
HOME is now /star/u/truhlar
458737 We will spawn ourselves (/star/u/truhlar/star-upcDstRP/build/sched/schedEE123499E54E1A7A314FABE9288752E2_10.csh )
458737 We BEGIN on [Mon Apr 22 15:44:57 EDT 2019]
[1] 542
458737 We are waiting for 542 
458737 Grandchild PID is 198542 - found in 0 x 1 seconds
458737 Establishing first watcher   on    Mon Apr 22 15:44:57 EDT 2019
458737 Process tree is 458737 (main) -> 542 (child) -> 198542 (grandchild)
F S   UID    PID   PPID  C PRI  NI ADDR SZ WCHAN  TTY        TIME CMD
4 S 100088 198542 198053  0 80   0 -  3410 sigsus ?          0:21 /bin/csh /star/u/yhleung2/00.test/5.extended/csh/sched1024C806472AC489CB500B982184C5DB_564.csh
542 Stepping into the main SUMS wrapper program with []
Archive:  /star/u/truhlar/star-upcDstRP/build/Package.zip
  inflating: /tmp/truhlar/EE123499E54E1A7A314FABE9288752E2_10/Analysis  
  inflating: /tmp/truhlar/EE123499E54E1A7A314FABE9288752E2_10/libstar-upc.so  
Swapping $FILELIST with: /tmp/truhlar/EE123499E54E1A7A314FABE9288752E2_10/INPUTFILES/EE123499E54E1A7A314FABE9288752E2_10.local.list
--------------------------------
STAR Unified Meta Scheduler 1.10.31 we are starting in $SCRATCH : /home/tmp/truhlar/EE123499E54E1A7A314FABE9288752E2_10
--------------------------------
total 1144
-rwxr-xr-x 1 truhlar rhstar 174068 Apr 21 05:31 Analysis
drwxr-xr-x 2 truhlar rhstar   4096 Apr 22 15:44 INPUTFILES
-rwxr-xr-x 1 truhlar rhstar 990060 Apr 19 12:21 libstar-upc.so
Starting the job

[1mRooFit v3.60 -- Developed by Wouter Verkerke and David Kirkby[0m 
                Copyright (C) 2000-2013 NIKHEF, University of California & Stanford University
                All rights reserved, please read http://roofit.sourceforge.net/license.txt

10 / 10
Input from chain
Number of UPC events: 2597212 RP: 2597212
Ending Analysis... GOOD BYE!
Analysis*
EE123499E54E1A7A314FABE9288752E2_10.AnalysisOutput.root
INPUTFILES/
libstar-upc.so*
Cleaning up sandbox file:  /tmp/truhlar/EE123499E54E1A7A314FABE9288752E2_10/Analysis
Cleaning up sandbox file:  /tmp/truhlar/EE123499E54E1A7A314FABE9288752E2_10/libstar-upc.so
Cleaning up sandbox file:  /tmp/truhlar/EE123499E54E1A7A314FABE9288752E2_10/.sandboxFiles
Starting copy block
Running copy command:  /bin/cp -fp /tmp/truhlar/EE123499E54E1A7A314FABE9288752E2_10/EE123499E54E1A7A314FABE9288752E2_10.AnalysisOutput.root /star/u/truhlar/star-upcDstRP/build/outputs/
458737 Execution of (/star/u/truhlar/star-upcDstRP/build/sched/schedEE123499E54E1A7A314FABE9288752E2_10.csh ) has ended, exiting normally
458737 We END on [Mon Apr 22 15:50:10 EDT 2019]
