We are starting on node: spool0149.sdcc.bnl.gov
HOME is not defined
Using getent method
HOME is now /star/u/truhlar
19008 We will spawn ourselves (/star/u/truhlar/star-upcDstRP/build/sched/schedEE123499E54E1A7A314FABE9288752E2_21.csh )
19008 We BEGIN on [Mon Apr 22 15:44:02 EDT 2019]
[1] 19176
19008 We are waiting for 19176 
19008 Grandchild PID is 19207 - found in 10 x 1 seconds
19008 Establishing first watcher   on    Mon Apr 22 15:44:13 EDT 2019
19008 Process tree is 19008 (main) -> 19176 (child) -> 19207 (grandchild)
F S   UID   PID  PPID  C PRI  NI ADDR SZ WCHAN  TTY        TIME CMD
0 R 11859 19207 19176 85  80   0 - 107570 -     ?          0:09 ./Analysis /gpfs01/star/pwg/truhlar/Final/ELtrig/merge_files/StUPCRP_production.list 21
19176 Stepping into the main SUMS wrapper program with []
Archive:  /star/u/truhlar/star-upcDstRP/build/Package.zip
  inflating: /tmp/truhlar/EE123499E54E1A7A314FABE9288752E2_21/Analysis  
  inflating: /tmp/truhlar/EE123499E54E1A7A314FABE9288752E2_21/libstar-upc.so  
Swapping $FILELIST with: /tmp/truhlar/EE123499E54E1A7A314FABE9288752E2_21/INPUTFILES/EE123499E54E1A7A314FABE9288752E2_21.local.list
--------------------------------
STAR Unified Meta Scheduler 1.10.31 we are starting in $SCRATCH : /home/tmp/truhlar/EE123499E54E1A7A314FABE9288752E2_21
--------------------------------
total 1144
-rwxr-xr-x 1 truhlar rhstar 174068 Apr 21 05:31 Analysis
drwxr-xr-x 2 truhlar rhstar   4096 Apr 22 15:44 INPUTFILES
-rwxr-xr-x 1 truhlar rhstar 990060 Apr 19 12:21 libstar-upc.so
Starting the job

[1mRooFit v3.60 -- Developed by Wouter Verkerke and David Kirkby[0m 
                Copyright (C) 2000-2013 NIKHEF, University of California & Stanford University
                All rights reserved, please read http://roofit.sourceforge.net/license.txt

21 / 21
Input from chain
Number of UPC events: 3188819 RP: 3188819
Ending Analysis... GOOD BYE!
Analysis*
EE123499E54E1A7A314FABE9288752E2_21.AnalysisOutput.root
INPUTFILES/
libstar-upc.so*
Cleaning up sandbox file:  /tmp/truhlar/EE123499E54E1A7A314FABE9288752E2_21/Analysis
Cleaning up sandbox file:  /tmp/truhlar/EE123499E54E1A7A314FABE9288752E2_21/libstar-upc.so
Cleaning up sandbox file:  /tmp/truhlar/EE123499E54E1A7A314FABE9288752E2_21/.sandboxFiles
Starting copy block
Running copy command:  /bin/cp -fp /tmp/truhlar/EE123499E54E1A7A314FABE9288752E2_21/EE123499E54E1A7A314FABE9288752E2_21.AnalysisOutput.root /star/u/truhlar/star-upcDstRP/build/outputs/
19008 Execution of (/star/u/truhlar/star-upcDstRP/build/sched/schedEE123499E54E1A7A314FABE9288752E2_21.csh ) has ended, exiting normally
19008 We END on [Mon Apr 22 15:54:54 EDT 2019]
