We are starting on node: spool0218.sdcc.bnl.gov
HOME is not defined
Using getent method
HOME is now /star/u/truhlar
15179 We will spawn ourselves (/star/u/truhlar/star-upcDstRP/build/sched/schedE8FEF418B51EA642EBBC9BE0936C3DCB_1.csh )
15179 We BEGIN on [Tue Apr 23 13:04:47 EDT 2019]
[1] 15381
15179 We are waiting for 15381 
15179 Grandchild PID is 15457 - found in 10 x 1 seconds
15179 Establishing first watcher   on    Tue Apr 23 13:05:01 EDT 2019
15179 Process tree is 15179 (main) -> 15381 (child) -> 15457 (grandchild)
F S   UID   PID  PPID  C PRI  NI ADDR SZ WCHAN  TTY        TIME CMD
0 R 11859 15457 15381 67  80   0 - 71315 -      ?          0:08 ./Analysis /gpfs01/star/pwg/truhlar/Test/CPtrig/merge_files/StUPCRP_production.list 1
15381 Stepping into the main SUMS wrapper program with []
Archive:  /star/u/truhlar/star-upcDstRP/build/Package.zip
  inflating: /tmp/truhlar/E8FEF418B51EA642EBBC9BE0936C3DCB_1/Analysis  
  inflating: /tmp/truhlar/E8FEF418B51EA642EBBC9BE0936C3DCB_1/libstar-upc.so  
Swapping $FILELIST with: /tmp/truhlar/E8FEF418B51EA642EBBC9BE0936C3DCB_1/INPUTFILES/E8FEF418B51EA642EBBC9BE0936C3DCB_1.local.list
--------------------------------
STAR Unified Meta Scheduler 1.10.31 we are starting in $SCRATCH : /home/tmp/truhlar/E8FEF418B51EA642EBBC9BE0936C3DCB_1
--------------------------------
total 1144
-rwxr-xr-x 1 truhlar rhstar 174068 Apr 21 05:31 Analysis
drwxr-xr-x 2 truhlar rhstar   4096 Apr 23 13:04 INPUTFILES
-rwxr-xr-x 1 truhlar rhstar 990060 Apr 19 12:21 libstar-upc.so
Starting the job

[1mRooFit v3.60 -- Developed by Wouter Verkerke and David Kirkby[0m 
                Copyright (C) 2000-2013 NIKHEF, University of California & Stanford University
                All rights reserved, please read http://roofit.sourceforge.net/license.txt

1 / 1
Input from chain
Number of UPC events: 5780385 RP: 5780385
Ending Analysis... GOOD BYE!
Analysis*
E8FEF418B51EA642EBBC9BE0936C3DCB_1.AnalysisOutput.root
INPUTFILES/
libstar-upc.so*
Cleaning up sandbox file:  /tmp/truhlar/E8FEF418B51EA642EBBC9BE0936C3DCB_1/Analysis
Cleaning up sandbox file:  /tmp/truhlar/E8FEF418B51EA642EBBC9BE0936C3DCB_1/libstar-upc.so
Cleaning up sandbox file:  /tmp/truhlar/E8FEF418B51EA642EBBC9BE0936C3DCB_1/.sandboxFiles
Starting copy block
Running copy command:  /bin/cp -fp /tmp/truhlar/E8FEF418B51EA642EBBC9BE0936C3DCB_1/E8FEF418B51EA642EBBC9BE0936C3DCB_1.AnalysisOutput.root /star/u/truhlar/star-upcDstRP/build/outputs/
15179 Execution of (/star/u/truhlar/star-upcDstRP/build/sched/schedE8FEF418B51EA642EBBC9BE0936C3DCB_1.csh ) has ended, exiting normally
15179 We END on [Tue Apr 23 13:19:47 EDT 2019]
