We are starting on node: spool0431.sdcc.bnl.gov
HOME is not defined
Using getent method
HOME is now /star/u/truhlar
28407 We will spawn ourselves (/star/u/truhlar/star-upcDstRP/build/sched/sched7D1225A1194326D4115E1D56948B3C67_43.csh )
28407 We BEGIN on [Wed Apr 24 14:03:42 EDT 2019]
[1] 28564
28407 We are waiting for 28564 
28407 Grandchild PID is 28593 - found in 10 x 1 seconds
28407 Establishing first watcher   on    Wed Apr 24 14:03:53 EDT 2019
28407 Process tree is 28407 (main) -> 28564 (child) -> 28593 (grandchild)
F S   UID   PID  PPID  C PRI  NI ADDR SZ WCHAN  TTY        TIME CMD
0 D 11859 28593 28564  3  80   0 - 20273 cxiWai ?          0:00 ./Analysis /gpfs01/star/pwg/truhlar/ConnectionTest/ELtrig/test/Elastic.list 43
28564 Stepping into the main SUMS wrapper program with []
Archive:  /star/u/truhlar/star-upcDstRP/build/Package.zip
  inflating: /tmp/truhlar/7D1225A1194326D4115E1D56948B3C67_43/Analysis  
  inflating: /tmp/truhlar/7D1225A1194326D4115E1D56948B3C67_43/libstar-upc.so  
Swapping $FILELIST with: /tmp/truhlar/7D1225A1194326D4115E1D56948B3C67_43/INPUTFILES/7D1225A1194326D4115E1D56948B3C67_43.local.list
--------------------------------
STAR Unified Meta Scheduler 1.10.31 we are starting in $SCRATCH : /home/tmp/truhlar/7D1225A1194326D4115E1D56948B3C67_43
--------------------------------
total 1144
-rwxr-xr-x 1 truhlar rhstar 174068 Apr 21 05:31 Analysis
drwxr-xr-x 2 truhlar rhstar   4096 Apr 24 14:03 INPUTFILES
-rwxr-xr-x 1 truhlar rhstar 990060 Apr 19 12:21 libstar-upc.so
Starting the job

[1mRooFit v3.60 -- Developed by Wouter Verkerke and David Kirkby[0m 
                Copyright (C) 2000-2013 NIKHEF, University of California & Stanford University
                All rights reserved, please read http://roofit.sourceforge.net/license.txt

43 / 43
Input from chain
Number of UPC events: 804555 RP: 804555
Ending Analysis... GOOD BYE!
7D1225A1194326D4115E1D56948B3C67_43.AnalysisOutput.root
Analysis*
INPUTFILES/
libstar-upc.so*
Cleaning up sandbox file:  /tmp/truhlar/7D1225A1194326D4115E1D56948B3C67_43/Analysis
Cleaning up sandbox file:  /tmp/truhlar/7D1225A1194326D4115E1D56948B3C67_43/libstar-upc.so
Cleaning up sandbox file:  /tmp/truhlar/7D1225A1194326D4115E1D56948B3C67_43/.sandboxFiles
Starting copy block
Running copy command:  /bin/cp -fp /tmp/truhlar/7D1225A1194326D4115E1D56948B3C67_43/7D1225A1194326D4115E1D56948B3C67_43.AnalysisOutput.root /star/u/truhlar/star-upcDstRP/build/outputs/
28407 Execution of (/star/u/truhlar/star-upcDstRP/build/sched/sched7D1225A1194326D4115E1D56948B3C67_43.csh ) has ended, exiting normally
28407 We END on [Wed Apr 24 14:07:13 EDT 2019]
