We are starting on node: rcas6361.rcf.bnl.gov
HOME is not defined
Using getent method
HOME is now /star/u/truhlar
17456 We will spawn ourselves (/star/u/truhlar/star-upcDstRP/build/sched/schedAB932A2AA07F06EEDA2C2C988034E20B_11.csh )
17456 We BEGIN on [Wed Apr 24 11:22:01 EDT 2019]
[1] 17621
17456 We are waiting for 17621 
17456 Grandchild PID is 17638 - found in 0 x 1 seconds
17456 Establishing first watcher   on    Wed Apr 24 11:22:01 EDT 2019
17456 Process tree is 17456 (main) -> 17621 (child) -> 17638 (grandchild)
F S   UID   PID  PPID  C PRI  NI ADDR SZ WCHAN  TTY        TIME CMD
17456 Grandchild PID is 17659 - found in 10 x 2 seconds
17456 Grandchild to watch has changed on Wed Apr 24 11:22:22 EDT 2019
17456 Process tree is 17456 (main) -> 17621 (child) -> 17659 (grandchild)
F S   UID   PID  PPID  C PRI  NI ADDR SZ WCHAN  TTY        TIME CMD
0 D 11859 17659 17621 32  80   0 - 94455 cxiWai ?          0:06 ./Analysis /gpfs01/star/pwg/truhlar/ConnectionTest/ELtrig/merge_files/StUPCRP_production.list 11
17621 Stepping into the main SUMS wrapper program with []
Archive:  /star/u/truhlar/star-upcDstRP/build/Package.zip
  inflating: /tmp/truhlar/AB932A2AA07F06EEDA2C2C988034E20B_11/Analysis  
  inflating: /tmp/truhlar/AB932A2AA07F06EEDA2C2C988034E20B_11/libstar-upc.so  
Swapping $FILELIST with: /tmp/truhlar/AB932A2AA07F06EEDA2C2C988034E20B_11/INPUTFILES/AB932A2AA07F06EEDA2C2C988034E20B_11.local.list
--------------------------------
STAR Unified Meta Scheduler 1.10.31 we are starting in $SCRATCH : /home/tmp/truhlar/AB932A2AA07F06EEDA2C2C988034E20B_11
--------------------------------
total 1144
-rwxr-xr-x 1 truhlar rhstar 174068 Apr 21 05:31 Analysis
drwxr-xr-x 2 truhlar rhstar   4096 Apr 24 11:22 INPUTFILES
-rwxr-xr-x 1 truhlar rhstar 990060 Apr 19 12:21 libstar-upc.so
Starting the job

[1mRooFit v3.60 -- Developed by Wouter Verkerke and David Kirkby[0m 
                Copyright (C) 2000-2013 NIKHEF, University of California & Stanford University
                All rights reserved, please read http://roofit.sourceforge.net/license.txt

11 / 11
Input from chain
Number of UPC events: 2392553 RP: 2392553
Ending Analysis... GOOD BYE!
AB932A2AA07F06EEDA2C2C988034E20B_11.AnalysisOutput.root
Analysis*
INPUTFILES/
libstar-upc.so*
Cleaning up sandbox file:  /tmp/truhlar/AB932A2AA07F06EEDA2C2C988034E20B_11/Analysis
Cleaning up sandbox file:  /tmp/truhlar/AB932A2AA07F06EEDA2C2C988034E20B_11/libstar-upc.so
Cleaning up sandbox file:  /tmp/truhlar/AB932A2AA07F06EEDA2C2C988034E20B_11/.sandboxFiles
Starting copy block
Running copy command:  /bin/cp -fp /tmp/truhlar/AB932A2AA07F06EEDA2C2C988034E20B_11/AB932A2AA07F06EEDA2C2C988034E20B_11.AnalysisOutput.root /star/u/truhlar/star-upcDstRP/build/outputs/
17456 Execution of (/star/u/truhlar/star-upcDstRP/build/sched/schedAB932A2AA07F06EEDA2C2C988034E20B_11.csh ) has ended, exiting normally
17456 We END on [Wed Apr 24 11:48:04 EDT 2019]
