We are starting on node: spool0246.sdcc.bnl.gov
HOME is not defined
Using getent method
HOME is now /star/u/truhlar
4742 We will spawn ourselves (/star/u/truhlar/star-upcDstRP/build/sched/sched3E36DAECC2B9989B8579EA15F51AC32C_63.csh )
4742 We BEGIN on [Thu Apr 25 08:43:26 EDT 2019]
[1] 4906
4742 We are waiting for 4906 
4906 Stepping into the main SUMS wrapper program with []
Archive:  /star/u/truhlar/star-upcDstRP/build/Package.zip
  inflating: /tmp/truhlar/3E36DAECC2B9989B8579EA15F51AC32C_63/Analysis  
  inflating: /tmp/truhlar/3E36DAECC2B9989B8579EA15F51AC32C_63/libstar-upc.so  
Swapping $FILELIST with: /tmp/truhlar/3E36DAECC2B9989B8579EA15F51AC32C_63/INPUTFILES/3E36DAECC2B9989B8579EA15F51AC32C_63.local.list
--------------------------------
STAR Unified Meta Scheduler 1.10.31 we are starting in $SCRATCH : /home/tmp/truhlar/3E36DAECC2B9989B8579EA15F51AC32C_63
--------------------------------
total 1144
-rwxr-xr-x 1 truhlar rhstar 175264 Apr 23 23:33 Analysis
drwxr-xr-x 2 truhlar rhstar   4096 Apr 25 08:43 INPUTFILES
-rwxr-xr-x 1 truhlar rhstar 990060 Apr 23 23:33 libstar-upc.so
Starting the job

[1mRooFit v3.60 -- Developed by Wouter Verkerke and David Kirkby[0m 
                Copyright (C) 2000-2013 NIKHEF, University of California & Stanford University
                All rights reserved, please read http://roofit.sourceforge.net/license.txt

Input from chain
Number of UPC events: 807386 RP: 807386
3E36DAECC2B9989B8579EA15F51AC32C_63.AnalysisOutput.root
Analysis*
INPUTFILES/
libstar-upc.so*
Cleaning up sandbox file:  /tmp/truhlar/3E36DAECC2B9989B8579EA15F51AC32C_63/Analysis
Cleaning up sandbox file:  /tmp/truhlar/3E36DAECC2B9989B8579EA15F51AC32C_63/libstar-upc.so
Cleaning up sandbox file:  /tmp/truhlar/3E36DAECC2B9989B8579EA15F51AC32C_63/.sandboxFiles
Starting copy block
Running copy command:  /bin/cp -fp /tmp/truhlar/3E36DAECC2B9989B8579EA15F51AC32C_63/3E36DAECC2B9989B8579EA15F51AC32C_63.AnalysisOutput.root /star/u/truhlar/star-upcDstRP/build/outputs/
4742 Execution of (/star/u/truhlar/star-upcDstRP/build/sched/sched3E36DAECC2B9989B8579EA15F51AC32C_63.csh ) has ended, exiting normally
4742 We END on [Thu Apr 25 08:43:28 EDT 2019]
