We are starting on node: rcas6085.rcf.bnl.gov
HOME is not defined
Using getent method
HOME is now /star/u/truhlar
256439 We will spawn ourselves (/star/u/truhlar/star-upcDstRP/build/sched/schedEE123499E54E1A7A314FABE9288752E2_11.csh )
256439 We BEGIN on [Mon Apr 22 15:44:57 EDT 2019]
[1] 256601
256439 We are waiting for 256601 
256439 Grandchild PID is 256639 - found in 10 x 1 seconds
256439 Establishing first watcher   on    Mon Apr 22 15:45:08 EDT 2019
256439 Process tree is 256439 (main) -> 256601 (child) -> 256639 (grandchild)
F S   UID    PID   PPID  C PRI  NI ADDR SZ WCHAN  TTY        TIME CMD
0 R 11859 256639 256601 91  80   0 - 96742 -      ?          0:10 ./Analysis /gpfs01/star/pwg/truhlar/Final/ELtrig/merge_files/StUPCRP_production.list 11
256601 Stepping into the main SUMS wrapper program with []
Archive:  /star/u/truhlar/star-upcDstRP/build/Package.zip
  inflating: /tmp/truhlar/EE123499E54E1A7A314FABE9288752E2_11/Analysis  
  inflating: /tmp/truhlar/EE123499E54E1A7A314FABE9288752E2_11/libstar-upc.so  
Swapping $FILELIST with: /tmp/truhlar/EE123499E54E1A7A314FABE9288752E2_11/INPUTFILES/EE123499E54E1A7A314FABE9288752E2_11.local.list
--------------------------------
STAR Unified Meta Scheduler 1.10.31 we are starting in $SCRATCH : /home/tmp/truhlar/EE123499E54E1A7A314FABE9288752E2_11
--------------------------------
total 1144
-rwxr-xr-x 1 truhlar rhstar 174068 Apr 21 05:31 Analysis
drwxr-xr-x 2 truhlar rhstar   4096 Apr 22 15:44 INPUTFILES
-rwxr-xr-x 1 truhlar rhstar 990060 Apr 19 12:21 libstar-upc.so
Starting the job

[1mRooFit v3.60 -- Developed by Wouter Verkerke and David Kirkby[0m 
                Copyright (C) 2000-2013 NIKHEF, University of California & Stanford University
                All rights reserved, please read http://roofit.sourceforge.net/license.txt

11 / 11
Input from chain
Number of UPC events: 2392553 RP: 2392553
Ending Analysis... GOOD BYE!
Analysis*
EE123499E54E1A7A314FABE9288752E2_11.AnalysisOutput.root
INPUTFILES/
libstar-upc.so*
Cleaning up sandbox file:  /tmp/truhlar/EE123499E54E1A7A314FABE9288752E2_11/Analysis
Cleaning up sandbox file:  /tmp/truhlar/EE123499E54E1A7A314FABE9288752E2_11/libstar-upc.so
Cleaning up sandbox file:  /tmp/truhlar/EE123499E54E1A7A314FABE9288752E2_11/.sandboxFiles
Starting copy block
Running copy command:  /bin/cp -fp /tmp/truhlar/EE123499E54E1A7A314FABE9288752E2_11/EE123499E54E1A7A314FABE9288752E2_11.AnalysisOutput.root /star/u/truhlar/star-upcDstRP/build/outputs/
256439 Execution of (/star/u/truhlar/star-upcDstRP/build/sched/schedEE123499E54E1A7A314FABE9288752E2_11.csh ) has ended, exiting normally
256439 We END on [Mon Apr 22 15:50:02 EDT 2019]
