We are starting on node: rcas2928.rcf.bnl.gov
HOME is not defined
Using getent method
HOME is now /star/u/truhlar
33451 We will spawn ourselves (/star/u/truhlar/star-upcDstRP/build/sched/sched77A0455BE6343006E32CC5EA1CF1F0B7_23.csh )
33451 We BEGIN on [Thu Apr 25 09:02:11 EDT 2019]
[1] 33663
33451 We are waiting for 33663 
33451 Grandchild PID is 33700 - found in 10 x 1 seconds
33451 Establishing first watcher   on    Thu Apr 25 09:02:21 EDT 2019
33451 Process tree is 33451 (main) -> 33663 (child) -> 33700 (grandchild)
F S   UID   PID  PPID  C PRI  NI ADDR SZ WCHAN  TTY        TIME CMD
0 R 11859 33700 33663 40  80   0 - 96257 -      ?          0:04 ./Analysis /gpfs01/star/pwg/truhlar/ConnectionTest/ELtrig/test/test.list 23
33663 Stepping into the main SUMS wrapper program with []
Archive:  /star/u/truhlar/star-upcDstRP/build/Package.zip
  inflating: /tmp/truhlar/77A0455BE6343006E32CC5EA1CF1F0B7_23/Analysis  
  inflating: /tmp/truhlar/77A0455BE6343006E32CC5EA1CF1F0B7_23/libstar-upc.so  
Swapping $FILELIST with: /tmp/truhlar/77A0455BE6343006E32CC5EA1CF1F0B7_23/INPUTFILES/77A0455BE6343006E32CC5EA1CF1F0B7_23.local.list
--------------------------------
STAR Unified Meta Scheduler 1.10.31 we are starting in $SCRATCH : /home/tmp/truhlar/77A0455BE6343006E32CC5EA1CF1F0B7_23
--------------------------------
total 1144
-rwxr-xr-x 1 truhlar rhstar 175020 Apr 24 21:29 Analysis
drwxr-xr-x 2 truhlar rhstar   4096 Apr 25 09:02 INPUTFILES
-rwxr-xr-x 1 truhlar rhstar 990280 Apr 24 21:28 libstar-upc.so
Starting the job

[1mRooFit v3.60 -- Developed by Wouter Verkerke and David Kirkby[0m 
                Copyright (C) 2000-2013 NIKHEF, University of California & Stanford University
                All rights reserved, please read http://roofit.sourceforge.net/license.txt

Input from chain
Number of UPC events: 589329 RP: 589329
Ending Analysis... GOOD BYE!
77A0455BE6343006E32CC5EA1CF1F0B7_23.AnalysisOutput.root
Analysis*
INPUTFILES/
libstar-upc.so*
Cleaning up sandbox file:  /tmp/truhlar/77A0455BE6343006E32CC5EA1CF1F0B7_23/Analysis
Cleaning up sandbox file:  /tmp/truhlar/77A0455BE6343006E32CC5EA1CF1F0B7_23/libstar-upc.so
Cleaning up sandbox file:  /tmp/truhlar/77A0455BE6343006E32CC5EA1CF1F0B7_23/.sandboxFiles
Starting copy block
Running copy command:  /bin/cp -fp /tmp/truhlar/77A0455BE6343006E32CC5EA1CF1F0B7_23/77A0455BE6343006E32CC5EA1CF1F0B7_23.AnalysisOutput.root /star/u/truhlar/star-upcDstRP/build/outputs/
33451 Execution of (/star/u/truhlar/star-upcDstRP/build/sched/sched77A0455BE6343006E32CC5EA1CF1F0B7_23.csh ) has ended, exiting normally
33451 We END on [Thu Apr 25 09:03:54 EDT 2019]
