We are starting on node: spool0276.sdcc.bnl.gov
HOME is not defined
Using getent method
HOME is now /star/u/truhlar
13402 We will spawn ourselves (/star/u/truhlar/star-upcDstRP/build/sched/sched77A0455BE6343006E32CC5EA1CF1F0B7_44.csh )
13402 We BEGIN on [Thu Apr 25 09:02:05 EDT 2019]
[1] 13556
13402 We are waiting for 13556 
13556 Stepping into the main SUMS wrapper program with []
Archive:  /star/u/truhlar/star-upcDstRP/build/Package.zip
  inflating: /tmp/truhlar/77A0455BE6343006E32CC5EA1CF1F0B7_44/Analysis  
  inflating: /tmp/truhlar/77A0455BE6343006E32CC5EA1CF1F0B7_44/libstar-upc.so  
Swapping $FILELIST with: /tmp/truhlar/77A0455BE6343006E32CC5EA1CF1F0B7_44/INPUTFILES/77A0455BE6343006E32CC5EA1CF1F0B7_44.local.list
--------------------------------
STAR Unified Meta Scheduler 1.10.31 we are starting in $SCRATCH : /home/tmp/truhlar/77A0455BE6343006E32CC5EA1CF1F0B7_44
--------------------------------
total 1144
-rwxr-xr-x 1 truhlar rhstar 175020 Apr 24 21:29 Analysis
drwxr-xr-x 2 truhlar rhstar   4096 Apr 25 09:02 INPUTFILES
-rwxr-xr-x 1 truhlar rhstar 990280 Apr 24 21:28 libstar-upc.so
Starting the job

[1mRooFit v3.60 -- Developed by Wouter Verkerke and David Kirkby[0m 
                Copyright (C) 2000-2013 NIKHEF, University of California & Stanford University
                All rights reserved, please read http://roofit.sourceforge.net/license.txt

Input from chain
Number of UPC events: 0 RP: 0
Ending Analysis... GOOD BYE!
77A0455BE6343006E32CC5EA1CF1F0B7_44.AnalysisOutput.root
Analysis*
INPUTFILES/
libstar-upc.so*
Cleaning up sandbox file:  /tmp/truhlar/77A0455BE6343006E32CC5EA1CF1F0B7_44/Analysis
Cleaning up sandbox file:  /tmp/truhlar/77A0455BE6343006E32CC5EA1CF1F0B7_44/libstar-upc.so
Cleaning up sandbox file:  /tmp/truhlar/77A0455BE6343006E32CC5EA1CF1F0B7_44/.sandboxFiles
Starting copy block
Running copy command:  /bin/cp -fp /tmp/truhlar/77A0455BE6343006E32CC5EA1CF1F0B7_44/77A0455BE6343006E32CC5EA1CF1F0B7_44.AnalysisOutput.root /star/u/truhlar/star-upcDstRP/build/outputs/
13402 Execution of (/star/u/truhlar/star-upcDstRP/build/sched/sched77A0455BE6343006E32CC5EA1CF1F0B7_44.csh ) has ended, exiting normally
13402 We END on [Thu Apr 25 09:02:12 EDT 2019]
