We are starting on node: spool0494.sdcc.bnl.gov
HOME is not defined
Using getent method
HOME is now /star/u/truhlar
452 We will spawn ourselves (/star/u/truhlar/star-upcDstRP/build/sched/sched7D1225A1194326D4115E1D56948B3C67_72.csh )
452 We BEGIN on [Wed Apr 24 14:03:43 EDT 2019]
[1] 623
452 We are waiting for 623 
452 Grandchild PID is 14623 - found in 0 x 1 seconds
452 Establishing first watcher   on    Wed Apr 24 14:03:43 EDT 2019
452 Process tree is 452 (main) -> 623 (child) -> 14623 (grandchild)
F S   UID   PID  PPID  C PRI  NI ADDR SZ WCHAN  TTY        TIME CMD
5 S     0 14623     2  0  60 -20 -     0 worker ?          0:01 [kworker/10:1H]
623 Stepping into the main SUMS wrapper program with []
Archive:  /star/u/truhlar/star-upcDstRP/build/Package.zip
  inflating: /tmp/truhlar/7D1225A1194326D4115E1D56948B3C67_72/Analysis  
  inflating: /tmp/truhlar/7D1225A1194326D4115E1D56948B3C67_72/libstar-upc.so  
Swapping $FILELIST with: /tmp/truhlar/7D1225A1194326D4115E1D56948B3C67_72/INPUTFILES/7D1225A1194326D4115E1D56948B3C67_72.local.list
--------------------------------
STAR Unified Meta Scheduler 1.10.31 we are starting in $SCRATCH : /home/tmp/truhlar/7D1225A1194326D4115E1D56948B3C67_72
--------------------------------
total 1144
-rwxr-xr-x 1 truhlar rhstar 174068 Apr 21 05:31 Analysis
drwxr-xr-x 2 truhlar rhstar   4096 Apr 24 14:03 INPUTFILES
-rwxr-xr-x 1 truhlar rhstar 990060 Apr 19 12:21 libstar-upc.so
Starting the job

[1mRooFit v3.60 -- Developed by Wouter Verkerke and David Kirkby[0m 
                Copyright (C) 2000-2013 NIKHEF, University of California & Stanford University
                All rights reserved, please read http://roofit.sourceforge.net/license.txt

72 / 72
Input from chain
Number of UPC events: 961201 RP: 961201
Ending Analysis... GOOD BYE!
7D1225A1194326D4115E1D56948B3C67_72.AnalysisOutput.root
Analysis*
INPUTFILES/
libstar-upc.so*
Cleaning up sandbox file:  /tmp/truhlar/7D1225A1194326D4115E1D56948B3C67_72/Analysis
Cleaning up sandbox file:  /tmp/truhlar/7D1225A1194326D4115E1D56948B3C67_72/libstar-upc.so
Cleaning up sandbox file:  /tmp/truhlar/7D1225A1194326D4115E1D56948B3C67_72/.sandboxFiles
Starting copy block
Running copy command:  /bin/cp -fp /tmp/truhlar/7D1225A1194326D4115E1D56948B3C67_72/7D1225A1194326D4115E1D56948B3C67_72.AnalysisOutput.root /star/u/truhlar/star-upcDstRP/build/outputs/
452 Execution of (/star/u/truhlar/star-upcDstRP/build/sched/sched7D1225A1194326D4115E1D56948B3C67_72.csh ) has ended, exiting normally
452 We END on [Wed Apr 24 14:09:00 EDT 2019]
