We are starting on node: rcas6291.rcf.bnl.gov
HOME is not defined
Using getent method
HOME is now /star/u/truhlar
5529 We will spawn ourselves (/star/u/truhlar/star-upcDstRP/build/sched/schedAB932A2AA07F06EEDA2C2C988034E20B_16.csh )
5529 We BEGIN on [Wed Apr 24 11:51:15 EDT 2019]
[1] 5704
5529 We are waiting for 5704 
5529 Grandchild PID is 5780 - found in 10 x 1 seconds
5529 Establishing first watcher   on    Wed Apr 24 11:51:25 EDT 2019
5529 Process tree is 5529 (main) -> 5704 (child) -> 5780 (grandchild)
F S   UID   PID  PPID  C PRI  NI ADDR SZ WCHAN  TTY        TIME CMD
0 D 11859  5780  5704  3  80   0 - 20615 cxiWai ?          0:00 ./Analysis /gpfs01/star/pwg/truhlar/ConnectionTest/ELtrig/merge_files/StUPCRP_production.list 16
5704 Stepping into the main SUMS wrapper program with []
Archive:  /star/u/truhlar/star-upcDstRP/build/Package.zip
  inflating: /tmp/truhlar/AB932A2AA07F06EEDA2C2C988034E20B_16/Analysis  
  inflating: /tmp/truhlar/AB932A2AA07F06EEDA2C2C988034E20B_16/libstar-upc.so  
Swapping $FILELIST with: /tmp/truhlar/AB932A2AA07F06EEDA2C2C988034E20B_16/INPUTFILES/AB932A2AA07F06EEDA2C2C988034E20B_16.local.list
--------------------------------
STAR Unified Meta Scheduler 1.10.31 we are starting in $SCRATCH : /home/tmp/truhlar/AB932A2AA07F06EEDA2C2C988034E20B_16
--------------------------------
total 1144
-rwxr-xr-x 1 truhlar rhstar 174068 Apr 21 05:31 Analysis
drwxr-xr-x 2 truhlar rhstar   4096 Apr 24 11:51 INPUTFILES
-rwxr-xr-x 1 truhlar rhstar 990060 Apr 19 12:21 libstar-upc.so
Starting the job

[1mRooFit v3.60 -- Developed by Wouter Verkerke and David Kirkby[0m 
                Copyright (C) 2000-2013 NIKHEF, University of California & Stanford University
                All rights reserved, please read http://roofit.sourceforge.net/license.txt

16 / 16
Input from chain
Number of UPC events: 2897922 RP: 2897922
Ending Analysis... GOOD BYE!
AB932A2AA07F06EEDA2C2C988034E20B_16.AnalysisOutput.root
Analysis*
INPUTFILES/
libstar-upc.so*
Cleaning up sandbox file:  /tmp/truhlar/AB932A2AA07F06EEDA2C2C988034E20B_16/Analysis
Cleaning up sandbox file:  /tmp/truhlar/AB932A2AA07F06EEDA2C2C988034E20B_16/libstar-upc.so
Cleaning up sandbox file:  /tmp/truhlar/AB932A2AA07F06EEDA2C2C988034E20B_16/.sandboxFiles
Starting copy block
Running copy command:  /bin/cp -fp /tmp/truhlar/AB932A2AA07F06EEDA2C2C988034E20B_16/AB932A2AA07F06EEDA2C2C988034E20B_16.AnalysisOutput.root /star/u/truhlar/star-upcDstRP/build/outputs/
5529 Execution of (/star/u/truhlar/star-upcDstRP/build/sched/schedAB932A2AA07F06EEDA2C2C988034E20B_16.csh ) has ended, exiting normally
5529 We END on [Wed Apr 24 12:18:32 EDT 2019]
