We are starting on node: rcas6339.rcf.bnl.gov
HOME is not defined
Using getent method
HOME is now /star/u/truhlar
35718 We will spawn ourselves (/star/u/truhlar/star-upcDstRP/build/sched/schedAB932A2AA07F06EEDA2C2C988034E20B_6.csh )
35718 We BEGIN on [Wed Apr 24 11:57:05 EDT 2019]
[1] 35896
35718 We are waiting for 35896 
35718 Grandchild PID is 35948 - found in 10 x 1 seconds
35718 Establishing first watcher   on    Wed Apr 24 11:57:15 EDT 2019
35718 Process tree is 35718 (main) -> 35896 (child) -> 35948 (grandchild)
F S   UID   PID  PPID  C PRI  NI ADDR SZ WCHAN  TTY        TIME CMD
0 D 11859 35948 35896  6  80   0 - 22837 cxiWai ?          0:00 ./Analysis /gpfs01/star/pwg/truhlar/ConnectionTest/ELtrig/merge_files/StUPCRP_production.list 6
35896 Stepping into the main SUMS wrapper program with []
Archive:  /star/u/truhlar/star-upcDstRP/build/Package.zip
  inflating: /tmp/truhlar/AB932A2AA07F06EEDA2C2C988034E20B_6/Analysis  
  inflating: /tmp/truhlar/AB932A2AA07F06EEDA2C2C988034E20B_6/libstar-upc.so  
Swapping $FILELIST with: /tmp/truhlar/AB932A2AA07F06EEDA2C2C988034E20B_6/INPUTFILES/AB932A2AA07F06EEDA2C2C988034E20B_6.local.list
--------------------------------
STAR Unified Meta Scheduler 1.10.31 we are starting in $SCRATCH : /home/tmp/truhlar/AB932A2AA07F06EEDA2C2C988034E20B_6
--------------------------------
total 1144
-rwxr-xr-x 1 truhlar rhstar 174068 Apr 21 05:31 Analysis
drwxr-xr-x 2 truhlar rhstar   4096 Apr 24 11:57 INPUTFILES
-rwxr-xr-x 1 truhlar rhstar 990060 Apr 19 12:21 libstar-upc.so
Starting the job

[1mRooFit v3.60 -- Developed by Wouter Verkerke and David Kirkby[0m 
                Copyright (C) 2000-2013 NIKHEF, University of California & Stanford University
                All rights reserved, please read http://roofit.sourceforge.net/license.txt

6 / 6
Input from chain
Number of UPC events: 2738509 RP: 2738509
Ending Analysis... GOOD BYE!
AB932A2AA07F06EEDA2C2C988034E20B_6.AnalysisOutput.root
Analysis*
INPUTFILES/
libstar-upc.so*
Cleaning up sandbox file:  /tmp/truhlar/AB932A2AA07F06EEDA2C2C988034E20B_6/Analysis
Cleaning up sandbox file:  /tmp/truhlar/AB932A2AA07F06EEDA2C2C988034E20B_6/libstar-upc.so
Cleaning up sandbox file:  /tmp/truhlar/AB932A2AA07F06EEDA2C2C988034E20B_6/.sandboxFiles
Starting copy block
Running copy command:  /bin/cp -fp /tmp/truhlar/AB932A2AA07F06EEDA2C2C988034E20B_6/AB932A2AA07F06EEDA2C2C988034E20B_6.AnalysisOutput.root /star/u/truhlar/star-upcDstRP/build/outputs/
35718 Execution of (/star/u/truhlar/star-upcDstRP/build/sched/schedAB932A2AA07F06EEDA2C2C988034E20B_6.csh ) has ended, exiting normally
35718 We END on [Wed Apr 24 12:27:03 EDT 2019]
