We are starting on node: rcas2958.rcf.bnl.gov
HOME is not defined
Using getent method
HOME is now /star/u/truhlar
11104 We will spawn ourselves (/star/u/truhlar/star-upcDstRP/build/sched/sched77A0455BE6343006E32CC5EA1CF1F0B7_13.csh )
11104 We BEGIN on [Thu Apr 25 09:02:13 EDT 2019]
[1] 11286
11104 We are waiting for 11286 
11104 Grandchild PID is 11327 - found in 10 x 1 seconds
11104 Establishing first watcher   on    Thu Apr 25 09:02:24 EDT 2019
11104 Process tree is 11104 (main) -> 11286 (child) -> 11327 (grandchild)
F S   UID   PID  PPID  C PRI  NI ADDR SZ WCHAN  TTY        TIME CMD
0 R 11859 11327 11286 51  80   0 - 100933 -     ?          0:05 ./Analysis /gpfs01/star/pwg/truhlar/ConnectionTest/ELtrig/test/test.list 13
11286 Stepping into the main SUMS wrapper program with []
Archive:  /star/u/truhlar/star-upcDstRP/build/Package.zip
  inflating: /tmp/truhlar/77A0455BE6343006E32CC5EA1CF1F0B7_13/Analysis  
  inflating: /tmp/truhlar/77A0455BE6343006E32CC5EA1CF1F0B7_13/libstar-upc.so  
Swapping $FILELIST with: /tmp/truhlar/77A0455BE6343006E32CC5EA1CF1F0B7_13/INPUTFILES/77A0455BE6343006E32CC5EA1CF1F0B7_13.local.list
--------------------------------
STAR Unified Meta Scheduler 1.10.31 we are starting in $SCRATCH : /home/tmp/truhlar/77A0455BE6343006E32CC5EA1CF1F0B7_13
--------------------------------
total 1144
-rwxr-xr-x 1 truhlar rhstar 175020 Apr 24 21:29 Analysis
drwxr-xr-x 2 truhlar rhstar   4096 Apr 25 09:02 INPUTFILES
-rwxr-xr-x 1 truhlar rhstar 990280 Apr 24 21:28 libstar-upc.so
Starting the job

[1mRooFit v3.60 -- Developed by Wouter Verkerke and David Kirkby[0m 
                Copyright (C) 2000-2013 NIKHEF, University of California & Stanford University
                All rights reserved, please read http://roofit.sourceforge.net/license.txt

Input from chain
Number of UPC events: 679203 RP: 679203
Ending Analysis... GOOD BYE!
77A0455BE6343006E32CC5EA1CF1F0B7_13.AnalysisOutput.root
Analysis*
INPUTFILES/
libstar-upc.so*
Cleaning up sandbox file:  /tmp/truhlar/77A0455BE6343006E32CC5EA1CF1F0B7_13/Analysis
Cleaning up sandbox file:  /tmp/truhlar/77A0455BE6343006E32CC5EA1CF1F0B7_13/libstar-upc.so
Cleaning up sandbox file:  /tmp/truhlar/77A0455BE6343006E32CC5EA1CF1F0B7_13/.sandboxFiles
Starting copy block
Running copy command:  /bin/cp -fp /tmp/truhlar/77A0455BE6343006E32CC5EA1CF1F0B7_13/77A0455BE6343006E32CC5EA1CF1F0B7_13.AnalysisOutput.root /star/u/truhlar/star-upcDstRP/build/outputs/
11104 Execution of (/star/u/truhlar/star-upcDstRP/build/sched/sched77A0455BE6343006E32CC5EA1CF1F0B7_13.csh ) has ended, exiting normally
11104 We END on [Thu Apr 25 09:04:08 EDT 2019]
