We are starting on node: rcas2017.rcf.bnl.gov
HOME is not defined
Using getent method
HOME is now /star/u/truhlar
39640 We will spawn ourselves (/star/u/truhlar/star-upcDstRP/build/sched/schedD6A53A0E661A07E88A4767E39D4CC73E_1.csh )
39640 We BEGIN on [Sun Apr 21 05:33:37 EDT 2019]
[1] 39970
39640 We are waiting for 39970 
39640 Grandchild PID is 40121 - found in 10 x 1 seconds
39640 Establishing first watcher   on    Sun Apr 21 05:33:48 EDT 2019
39640 Process tree is 39640 (main) -> 39970 (child) -> 40121 (grandchild)
F S   UID    PID   PPID  C PRI  NI ADDR SZ WCHAN  TTY        TIME CMD
0 R 11859  40121  39970 92  80   0 - 75405 -      ?          0:10 ./Analysis /gpfs01/star/pwg/truhlar/Final/CPtrig/merge_files/StUPCRP_production.list 1
39970 Stepping into the main SUMS wrapper program with []
Archive:  /star/u/truhlar/star-upcDstRP/build/Package.zip
  inflating: /tmp/truhlar/D6A53A0E661A07E88A4767E39D4CC73E_1/Analysis  
  inflating: /tmp/truhlar/D6A53A0E661A07E88A4767E39D4CC73E_1/libstar-upc.so  
Swapping $FILELIST with: /tmp/truhlar/D6A53A0E661A07E88A4767E39D4CC73E_1/INPUTFILES/D6A53A0E661A07E88A4767E39D4CC73E_1.local.list
--------------------------------
STAR Unified Meta Scheduler 1.10.31 we are starting in $SCRATCH : /home/tmp/truhlar/D6A53A0E661A07E88A4767E39D4CC73E_1
--------------------------------
total 1144
-rwxr-xr-x 1 truhlar rhstar 174068 Apr 21 05:31 Analysis
drwxr-xr-x 2 truhlar rhstar   4096 Apr 21 05:33 INPUTFILES
-rwxr-xr-x 1 truhlar rhstar 990060 Apr 19 12:21 libstar-upc.so
Starting the job

[1mRooFit v3.60 -- Developed by Wouter Verkerke and David Kirkby[0m 
                Copyright (C) 2000-2013 NIKHEF, University of California & Stanford University
                All rights reserved, please read http://roofit.sourceforge.net/license.txt

1 / 1
Input from chain
Number of UPC events: 5982211 RP: 5982211
Ending Analysis... GOOD BYE!
Analysis*
D6A53A0E661A07E88A4767E39D4CC73E_1.AnalysisOutput.root
INPUTFILES/
libstar-upc.so*
Cleaning up sandbox file:  /tmp/truhlar/D6A53A0E661A07E88A4767E39D4CC73E_1/Analysis
Cleaning up sandbox file:  /tmp/truhlar/D6A53A0E661A07E88A4767E39D4CC73E_1/libstar-upc.so
Cleaning up sandbox file:  /tmp/truhlar/D6A53A0E661A07E88A4767E39D4CC73E_1/.sandboxFiles
Starting copy block
Running copy command:  /bin/cp -fp /tmp/truhlar/D6A53A0E661A07E88A4767E39D4CC73E_1/D6A53A0E661A07E88A4767E39D4CC73E_1.AnalysisOutput.root /star/u/truhlar/star-upcDstRP/build/outputs/
39640 Execution of (/star/u/truhlar/star-upcDstRP/build/sched/schedD6A53A0E661A07E88A4767E39D4CC73E_1.csh ) has ended, exiting normally
39640 We END on [Sun Apr 21 05:41:19 EDT 2019]
