We are starting on node: rcas6085.rcf.bnl.gov
HOME is not defined
Using getent method
HOME is now /star/u/truhlar
250036 We will spawn ourselves (/star/u/truhlar/star-upcDstRP/build/sched/schedE76D68442DA2C109B3E123DE0E6E5185_0.csh )
250036 We BEGIN on [Mon Apr 22 15:42:00 EDT 2019]
[1] 250207
250036 We are waiting for 250207 
250036 Grandchild PID is 250243 - found in 10 x 1 seconds
250036 Establishing first watcher   on    Mon Apr 22 15:42:11 EDT 2019
250036 Process tree is 250036 (main) -> 250207 (child) -> 250243 (grandchild)
F S   UID    PID   PPID  C PRI  NI ADDR SZ WCHAN  TTY        TIME CMD
0 R 11859 250243 250207 87  80   0 - 60097 -      ?          0:09 ./Analysis /gpfs01/star/pwg/truhlar/Final/CPtrig/merge_files/StUPCRP_production.list 0
250207 Stepping into the main SUMS wrapper program with []
Archive:  /star/u/truhlar/star-upcDstRP/build/Package.zip
  inflating: /tmp/truhlar/E76D68442DA2C109B3E123DE0E6E5185_0/Analysis  
  inflating: /tmp/truhlar/E76D68442DA2C109B3E123DE0E6E5185_0/libstar-upc.so  
Swapping $FILELIST with: /tmp/truhlar/E76D68442DA2C109B3E123DE0E6E5185_0/INPUTFILES/E76D68442DA2C109B3E123DE0E6E5185_0.local.list
--------------------------------
STAR Unified Meta Scheduler 1.10.31 we are starting in $SCRATCH : /home/tmp/truhlar/E76D68442DA2C109B3E123DE0E6E5185_0
--------------------------------
total 1144
-rwxr-xr-x 1 truhlar rhstar 174068 Apr 21 05:31 Analysis
drwxr-xr-x 2 truhlar rhstar   4096 Apr 22 15:42 INPUTFILES
-rwxr-xr-x 1 truhlar rhstar 990060 Apr 19 12:21 libstar-upc.so
Starting the job

[1mRooFit v3.60 -- Developed by Wouter Verkerke and David Kirkby[0m 
                Copyright (C) 2000-2013 NIKHEF, University of California & Stanford University
                All rights reserved, please read http://roofit.sourceforge.net/license.txt

0 / 0
Input from chain
Number of UPC events: 6172952 RP: 6172952
Ending Analysis... GOOD BYE!
Analysis*
E76D68442DA2C109B3E123DE0E6E5185_0.AnalysisOutput.root
INPUTFILES/
libstar-upc.so*
Cleaning up sandbox file:  /tmp/truhlar/E76D68442DA2C109B3E123DE0E6E5185_0/Analysis
Cleaning up sandbox file:  /tmp/truhlar/E76D68442DA2C109B3E123DE0E6E5185_0/libstar-upc.so
Cleaning up sandbox file:  /tmp/truhlar/E76D68442DA2C109B3E123DE0E6E5185_0/.sandboxFiles
Starting copy block
Running copy command:  /bin/cp -fp /tmp/truhlar/E76D68442DA2C109B3E123DE0E6E5185_0/E76D68442DA2C109B3E123DE0E6E5185_0.AnalysisOutput.root /star/u/truhlar/star-upcDstRP/build/outputs/
250036 Execution of (/star/u/truhlar/star-upcDstRP/build/sched/schedE76D68442DA2C109B3E123DE0E6E5185_0.csh ) has ended, exiting normally
250036 We END on [Mon Apr 22 15:49:27 EDT 2019]
