We are starting on node: spool0365.sdcc.bnl.gov
HOME is not defined
Using getent method
HOME is now /star/u/truhlar
24763 We will spawn ourselves (/star/u/truhlar/star-upcDstRP/build/sched/schedEE123499E54E1A7A314FABE9288752E2_0.csh )
24763 We BEGIN on [Mon Apr 22 15:44:56 EDT 2019]
[1] 24918
24763 We are waiting for 24918 
24763 Grandchild PID is 24949 - found in 10 x 1 seconds
24763 Establishing first watcher   on    Mon Apr 22 15:45:07 EDT 2019
24763 Process tree is 24763 (main) -> 24918 (child) -> 24949 (grandchild)
F S   UID   PID  PPID  C PRI  NI ADDR SZ WCHAN  TTY        TIME CMD
0 R 11859 24949 24918 89  80   0 - 59710 -      ?          0:08 ./Analysis /gpfs01/star/pwg/truhlar/Final/ELtrig/merge_files/StUPCRP_production.list 0
24918 Stepping into the main SUMS wrapper program with []
Archive:  /star/u/truhlar/star-upcDstRP/build/Package.zip
  inflating: /tmp/truhlar/EE123499E54E1A7A314FABE9288752E2_0/Analysis  
  inflating: /tmp/truhlar/EE123499E54E1A7A314FABE9288752E2_0/libstar-upc.so  
Swapping $FILELIST with: /tmp/truhlar/EE123499E54E1A7A314FABE9288752E2_0/INPUTFILES/EE123499E54E1A7A314FABE9288752E2_0.local.list
--------------------------------
STAR Unified Meta Scheduler 1.10.31 we are starting in $SCRATCH : /home/tmp/truhlar/EE123499E54E1A7A314FABE9288752E2_0
--------------------------------
total 1144
-rwxr-xr-x 1 truhlar rhstar 174068 Apr 21 05:31 Analysis
drwxr-xr-x 2 truhlar rhstar   4096 Apr 22 15:44 INPUTFILES
-rwxr-xr-x 1 truhlar rhstar 990060 Apr 19 12:21 libstar-upc.so
Starting the job

[1mRooFit v3.60 -- Developed by Wouter Verkerke and David Kirkby[0m 
                Copyright (C) 2000-2013 NIKHEF, University of California & Stanford University
                All rights reserved, please read http://roofit.sourceforge.net/license.txt

0 / 0
Input from chain
Number of UPC events: 8431251 RP: 8431251
Ending Analysis... GOOD BYE!
Analysis*
EE123499E54E1A7A314FABE9288752E2_0.AnalysisOutput.root
INPUTFILES/
libstar-upc.so*
Cleaning up sandbox file:  /tmp/truhlar/EE123499E54E1A7A314FABE9288752E2_0/Analysis
Cleaning up sandbox file:  /tmp/truhlar/EE123499E54E1A7A314FABE9288752E2_0/libstar-upc.so
Cleaning up sandbox file:  /tmp/truhlar/EE123499E54E1A7A314FABE9288752E2_0/.sandboxFiles
Starting copy block
Running copy command:  /bin/cp -fp /tmp/truhlar/EE123499E54E1A7A314FABE9288752E2_0/EE123499E54E1A7A314FABE9288752E2_0.AnalysisOutput.root /star/u/truhlar/star-upcDstRP/build/outputs/
24763 Execution of (/star/u/truhlar/star-upcDstRP/build/sched/schedEE123499E54E1A7A314FABE9288752E2_0.csh ) has ended, exiting normally
24763 We END on [Mon Apr 22 16:00:00 EDT 2019]
