We are starting on node: rcas2021.rcf.bnl.gov
HOME is not defined
Using getent method
HOME is now /star/u/truhlar
59942 We will spawn ourselves (/star/u/truhlar/star-upcDstRP/build/sched/sched77A0455BE6343006E32CC5EA1CF1F0B7_78.csh )
59942 We BEGIN on [Thu Apr 25 09:02:07 EDT 2019]
[1] 60107
59942 We are waiting for 60107 
59942 Grandchild PID is 60142 - found in 10 x 1 seconds
59942 Establishing first watcher   on    Thu Apr 25 09:02:19 EDT 2019
59942 Process tree is 59942 (main) -> 60107 (child) -> 60142 (grandchild)
F S   UID    PID   PPID  C PRI  NI ADDR SZ WCHAN  TTY        TIME CMD
0 R 11859  60142  60107 52  80   0 - 101314 -     ?          0:05 ./Analysis /gpfs01/star/pwg/truhlar/ConnectionTest/ELtrig/test/test.list 78
60107 Stepping into the main SUMS wrapper program with []
Archive:  /star/u/truhlar/star-upcDstRP/build/Package.zip
  inflating: /tmp/truhlar/77A0455BE6343006E32CC5EA1CF1F0B7_78/Analysis  
  inflating: /tmp/truhlar/77A0455BE6343006E32CC5EA1CF1F0B7_78/libstar-upc.so  
Swapping $FILELIST with: /tmp/truhlar/77A0455BE6343006E32CC5EA1CF1F0B7_78/INPUTFILES/77A0455BE6343006E32CC5EA1CF1F0B7_78.local.list
--------------------------------
STAR Unified Meta Scheduler 1.10.31 we are starting in $SCRATCH : /home/tmp/truhlar/77A0455BE6343006E32CC5EA1CF1F0B7_78
--------------------------------
total 1144
-rwxr-xr-x 1 truhlar rhstar 175020 Apr 24 21:29 Analysis
drwxr-xr-x 2 truhlar rhstar   4096 Apr 25 09:02 INPUTFILES
-rwxr-xr-x 1 truhlar rhstar 990280 Apr 24 21:28 libstar-upc.so
Starting the job

[1mRooFit v3.60 -- Developed by Wouter Verkerke and David Kirkby[0m 
                Copyright (C) 2000-2013 NIKHEF, University of California & Stanford University
                All rights reserved, please read http://roofit.sourceforge.net/license.txt

Input from chain
Number of UPC events: 725489 RP: 725489
Ending Analysis... GOOD BYE!
77A0455BE6343006E32CC5EA1CF1F0B7_78.AnalysisOutput.root
Analysis*
INPUTFILES/
libstar-upc.so*
Cleaning up sandbox file:  /tmp/truhlar/77A0455BE6343006E32CC5EA1CF1F0B7_78/Analysis
Cleaning up sandbox file:  /tmp/truhlar/77A0455BE6343006E32CC5EA1CF1F0B7_78/libstar-upc.so
Cleaning up sandbox file:  /tmp/truhlar/77A0455BE6343006E32CC5EA1CF1F0B7_78/.sandboxFiles
Starting copy block
Running copy command:  /bin/cp -fp /tmp/truhlar/77A0455BE6343006E32CC5EA1CF1F0B7_78/77A0455BE6343006E32CC5EA1CF1F0B7_78.AnalysisOutput.root /star/u/truhlar/star-upcDstRP/build/outputs/
59942 Execution of (/star/u/truhlar/star-upcDstRP/build/sched/sched77A0455BE6343006E32CC5EA1CF1F0B7_78.csh ) has ended, exiting normally
59942 We END on [Thu Apr 25 09:03:12 EDT 2019]
