We are starting on node: spool0204.sdcc.bnl.gov
HOME is not defined
Using getent method
HOME is now /star/u/truhlar
24103 We will spawn ourselves (/star/u/truhlar/star-upcDstRP/build/sched/schedEE123499E54E1A7A314FABE9288752E2_7.csh )
24103 We BEGIN on [Mon Apr 22 15:44:55 EDT 2019]
[1] 24258
24103 We are waiting for 24258 
24103 Grandchild PID is 24288 - found in 10 x 1 seconds
24103 Establishing first watcher   on    Mon Apr 22 15:45:06 EDT 2019
24103 Process tree is 24103 (main) -> 24258 (child) -> 24288 (grandchild)
F S   UID   PID  PPID  C PRI  NI ADDR SZ WCHAN  TTY        TIME CMD
0 R 11859 24288 24258 84  80   0 - 97147 -      ?          0:08 ./Analysis /gpfs01/star/pwg/truhlar/Final/ELtrig/merge_files/StUPCRP_production.list 7
24258 Stepping into the main SUMS wrapper program with []
Archive:  /star/u/truhlar/star-upcDstRP/build/Package.zip
  inflating: /tmp/truhlar/EE123499E54E1A7A314FABE9288752E2_7/Analysis  
  inflating: /tmp/truhlar/EE123499E54E1A7A314FABE9288752E2_7/libstar-upc.so  
Swapping $FILELIST with: /tmp/truhlar/EE123499E54E1A7A314FABE9288752E2_7/INPUTFILES/EE123499E54E1A7A314FABE9288752E2_7.local.list
--------------------------------
STAR Unified Meta Scheduler 1.10.31 we are starting in $SCRATCH : /home/tmp/truhlar/EE123499E54E1A7A314FABE9288752E2_7
--------------------------------
total 1144
-rwxr-xr-x 1 truhlar rhstar 174068 Apr 21 05:31 Analysis
drwxr-xr-x 2 truhlar rhstar   4096 Apr 22 15:44 INPUTFILES
-rwxr-xr-x 1 truhlar rhstar 990060 Apr 19 12:21 libstar-upc.so
Starting the job

[1mRooFit v3.60 -- Developed by Wouter Verkerke and David Kirkby[0m 
                Copyright (C) 2000-2013 NIKHEF, University of California & Stanford University
                All rights reserved, please read http://roofit.sourceforge.net/license.txt

7 / 7
Input from chain
Number of UPC events: 2592798 RP: 2592798
Ending Analysis... GOOD BYE!
Analysis*
EE123499E54E1A7A314FABE9288752E2_7.AnalysisOutput.root
INPUTFILES/
libstar-upc.so*
Cleaning up sandbox file:  /tmp/truhlar/EE123499E54E1A7A314FABE9288752E2_7/Analysis
Cleaning up sandbox file:  /tmp/truhlar/EE123499E54E1A7A314FABE9288752E2_7/libstar-upc.so
Cleaning up sandbox file:  /tmp/truhlar/EE123499E54E1A7A314FABE9288752E2_7/.sandboxFiles
Starting copy block
Running copy command:  /bin/cp -fp /tmp/truhlar/EE123499E54E1A7A314FABE9288752E2_7/EE123499E54E1A7A314FABE9288752E2_7.AnalysisOutput.root /star/u/truhlar/star-upcDstRP/build/outputs/
24103 Execution of (/star/u/truhlar/star-upcDstRP/build/sched/schedEE123499E54E1A7A314FABE9288752E2_7.csh ) has ended, exiting normally
24103 We END on [Mon Apr 22 15:53:32 EDT 2019]
