We are starting on node: rcas2752.rcf.bnl.gov
HOME is not defined
Using getent method
HOME is now /star/u/truhlar
43215 We will spawn ourselves (/star/u/truhlar/star-upcDstRP/build/sched/sched77A0455BE6343006E32CC5EA1CF1F0B7_46.csh )
43215 We BEGIN on [Thu Apr 25 09:02:13 EDT 2019]
[1] 43385
43215 We are waiting for 43385 
43215 Grandchild PID is 43433 - found in 10 x 1 seconds
43215 Establishing first watcher   on    Thu Apr 25 09:02:24 EDT 2019
43215 Process tree is 43215 (main) -> 43385 (child) -> 43433 (grandchild)
F S   UID   PID  PPID  C PRI  NI ADDR SZ WCHAN  TTY        TIME CMD
0 S 11859 43433 43385  2  80   0 - 18360 afs_os ?          0:00 ./Analysis /gpfs01/star/pwg/truhlar/ConnectionTest/ELtrig/test/test.list 46
43385 Stepping into the main SUMS wrapper program with []
Archive:  /star/u/truhlar/star-upcDstRP/build/Package.zip
  inflating: /tmp/truhlar/77A0455BE6343006E32CC5EA1CF1F0B7_46/Analysis  
  inflating: /tmp/truhlar/77A0455BE6343006E32CC5EA1CF1F0B7_46/libstar-upc.so  
Swapping $FILELIST with: /tmp/truhlar/77A0455BE6343006E32CC5EA1CF1F0B7_46/INPUTFILES/77A0455BE6343006E32CC5EA1CF1F0B7_46.local.list
--------------------------------
STAR Unified Meta Scheduler 1.10.31 we are starting in $SCRATCH : /home/tmp/truhlar/77A0455BE6343006E32CC5EA1CF1F0B7_46
--------------------------------
total 1144
-rwxr-xr-x 1 truhlar rhstar 175020 Apr 24 21:29 Analysis
drwxr-xr-x 2 truhlar rhstar   4096 Apr 25 09:02 INPUTFILES
-rwxr-xr-x 1 truhlar rhstar 990280 Apr 24 21:28 libstar-upc.so
Starting the job

[1mRooFit v3.60 -- Developed by Wouter Verkerke and David Kirkby[0m 
                Copyright (C) 2000-2013 NIKHEF, University of California & Stanford University
                All rights reserved, please read http://roofit.sourceforge.net/license.txt

Input from chain
Number of UPC events: 1390287 RP: 1390287
Ending Analysis... GOOD BYE!
77A0455BE6343006E32CC5EA1CF1F0B7_46.AnalysisOutput.root
Analysis*
INPUTFILES/
libstar-upc.so*
Cleaning up sandbox file:  /tmp/truhlar/77A0455BE6343006E32CC5EA1CF1F0B7_46/Analysis
Cleaning up sandbox file:  /tmp/truhlar/77A0455BE6343006E32CC5EA1CF1F0B7_46/libstar-upc.so
Cleaning up sandbox file:  /tmp/truhlar/77A0455BE6343006E32CC5EA1CF1F0B7_46/.sandboxFiles
Starting copy block
Running copy command:  /bin/cp -fp /tmp/truhlar/77A0455BE6343006E32CC5EA1CF1F0B7_46/77A0455BE6343006E32CC5EA1CF1F0B7_46.AnalysisOutput.root /star/u/truhlar/star-upcDstRP/build/outputs/
43215 Execution of (/star/u/truhlar/star-upcDstRP/build/sched/sched77A0455BE6343006E32CC5EA1CF1F0B7_46.csh ) has ended, exiting normally
43215 We END on [Thu Apr 25 09:07:09 EDT 2019]
