We are starting on node: rcas6096.rcf.bnl.gov
HOME is not defined
Using getent method
HOME is now /star/u/truhlar
13628 We will spawn ourselves (/star/u/truhlar/star-upcDstRP/build/sched/sched2B5F7B86CBB6B57948B07D23E8EAE0BB_1.csh )
13628 We BEGIN on [Sun Apr 21 05:33:37 EDT 2019]
[1] 13784
13628 We are waiting for 13784 
13628 Grandchild PID is 13820 - found in 10 x 1 seconds
13628 Establishing first watcher   on    Sun Apr 21 05:33:48 EDT 2019
13628 Process tree is 13628 (main) -> 13784 (child) -> 13820 (grandchild)
F S   UID    PID   PPID  C PRI  NI ADDR SZ WCHAN  TTY        TIME CMD
0 R 11859  13820  13784 82  80   0 - 96914 -      ?          0:09 ./Analysis /gpfs01/star/pwg/truhlar/Final/ELtrig/merge_files/StUPCRP_production.list 1
13784 Stepping into the main SUMS wrapper program with []
Archive:  /star/u/truhlar/star-upcDstRP/build/Package.zip
  inflating: /tmp/truhlar/2B5F7B86CBB6B57948B07D23E8EAE0BB_1/Analysis  
  inflating: /tmp/truhlar/2B5F7B86CBB6B57948B07D23E8EAE0BB_1/libstar-upc.so  
Swapping $FILELIST with: /tmp/truhlar/2B5F7B86CBB6B57948B07D23E8EAE0BB_1/INPUTFILES/2B5F7B86CBB6B57948B07D23E8EAE0BB_1.local.list
--------------------------------
STAR Unified Meta Scheduler 1.10.31 we are starting in $SCRATCH : /home/tmp/truhlar/2B5F7B86CBB6B57948B07D23E8EAE0BB_1
--------------------------------
total 1144
-rwxr-xr-x 1 truhlar rhstar 174068 Apr 21 05:31 Analysis
drwxr-xr-x 2 truhlar rhstar   4096 Apr 21 05:33 INPUTFILES
-rwxr-xr-x 1 truhlar rhstar 990060 Apr 19 12:21 libstar-upc.so
Starting the job

[1mRooFit v3.60 -- Developed by Wouter Verkerke and David Kirkby[0m 
                Copyright (C) 2000-2013 NIKHEF, University of California & Stanford University
                All rights reserved, please read http://roofit.sourceforge.net/license.txt

1 / 1
Input from chain
Number of UPC events: 2580638 RP: 2580638
Ending Analysis... GOOD BYE!
2B5F7B86CBB6B57948B07D23E8EAE0BB_1.AnalysisOutput.root
Analysis*
INPUTFILES/
libstar-upc.so*
Cleaning up sandbox file:  /tmp/truhlar/2B5F7B86CBB6B57948B07D23E8EAE0BB_1/Analysis
Cleaning up sandbox file:  /tmp/truhlar/2B5F7B86CBB6B57948B07D23E8EAE0BB_1/libstar-upc.so
Cleaning up sandbox file:  /tmp/truhlar/2B5F7B86CBB6B57948B07D23E8EAE0BB_1/.sandboxFiles
Starting copy block
Running copy command:  /bin/cp -fp /tmp/truhlar/2B5F7B86CBB6B57948B07D23E8EAE0BB_1/2B5F7B86CBB6B57948B07D23E8EAE0BB_1.AnalysisOutput.root /star/u/truhlar/star-upcDstRP/build/outputs/
13628 Execution of (/star/u/truhlar/star-upcDstRP/build/sched/sched2B5F7B86CBB6B57948B07D23E8EAE0BB_1.csh ) has ended, exiting normally
13628 We END on [Sun Apr 21 05:38:00 EDT 2019]
