We are starting on node: rcas2025.rcf.bnl.gov
HOME is not defined
Using getent method
HOME is now /star/u/truhlar
429273 We will spawn ourselves (/star/u/truhlar/star-upcDstRP/build/sched/sched2B5F7B86CBB6B57948B07D23E8EAE0BB_11.csh )
429273 We BEGIN on [Sun Apr 21 05:33:37 EDT 2019]
[1] 429429
429273 We are waiting for 429429 
429273 Grandchild PID is 429466 - found in 10 x 1 seconds
429273 Establishing first watcher   on    Sun Apr 21 05:33:47 EDT 2019
429273 Process tree is 429273 (main) -> 429429 (child) -> 429466 (grandchild)
F S   UID    PID   PPID  C PRI  NI ADDR SZ WCHAN  TTY        TIME CMD
0 R 11859 429466 429429 79  80   0 - 96791 -      ?          0:08 ./Analysis /gpfs01/star/pwg/truhlar/Final/ELtrig/merge_files/StUPCRP_production.list 11
429429 Stepping into the main SUMS wrapper program with []
Archive:  /star/u/truhlar/star-upcDstRP/build/Package.zip
  inflating: /tmp/truhlar/2B5F7B86CBB6B57948B07D23E8EAE0BB_11/Analysis  
  inflating: /tmp/truhlar/2B5F7B86CBB6B57948B07D23E8EAE0BB_11/libstar-upc.so  
Swapping $FILELIST with: /tmp/truhlar/2B5F7B86CBB6B57948B07D23E8EAE0BB_11/INPUTFILES/2B5F7B86CBB6B57948B07D23E8EAE0BB_11.local.list
--------------------------------
STAR Unified Meta Scheduler 1.10.31 we are starting in $SCRATCH : /home/tmp/truhlar/2B5F7B86CBB6B57948B07D23E8EAE0BB_11
--------------------------------
total 1144
-rwxr-xr-x 1 truhlar rhstar 174068 Apr 21 05:31 Analysis
drwxr-xr-x 2 truhlar rhstar   4096 Apr 21 05:33 INPUTFILES
-rwxr-xr-x 1 truhlar rhstar 990060 Apr 19 12:21 libstar-upc.so
Starting the job

[1mRooFit v3.60 -- Developed by Wouter Verkerke and David Kirkby[0m 
                Copyright (C) 2000-2013 NIKHEF, University of California & Stanford University
                All rights reserved, please read http://roofit.sourceforge.net/license.txt

11 / 11
Input from chain
Number of UPC events: 2392553 RP: 2392553
Ending Analysis... GOOD BYE!
2B5F7B86CBB6B57948B07D23E8EAE0BB_11.AnalysisOutput.root
Analysis*
INPUTFILES/
libstar-upc.so*
Cleaning up sandbox file:  /tmp/truhlar/2B5F7B86CBB6B57948B07D23E8EAE0BB_11/Analysis
Cleaning up sandbox file:  /tmp/truhlar/2B5F7B86CBB6B57948B07D23E8EAE0BB_11/libstar-upc.so
Cleaning up sandbox file:  /tmp/truhlar/2B5F7B86CBB6B57948B07D23E8EAE0BB_11/.sandboxFiles
Starting copy block
Running copy command:  /bin/cp -fp /tmp/truhlar/2B5F7B86CBB6B57948B07D23E8EAE0BB_11/2B5F7B86CBB6B57948B07D23E8EAE0BB_11.AnalysisOutput.root /star/u/truhlar/star-upcDstRP/build/outputs/
429273 Execution of (/star/u/truhlar/star-upcDstRP/build/sched/sched2B5F7B86CBB6B57948B07D23E8EAE0BB_11.csh ) has ended, exiting normally
429273 We END on [Sun Apr 21 05:36:58 EDT 2019]
