We are starting on node: rcas2018.rcf.bnl.gov
HOME is not defined
Using getent method
HOME is now /star/u/truhlar
189217 We will spawn ourselves (/star/u/truhlar/star-upcDstRP/build/sched/schedD6A53A0E661A07E88A4767E39D4CC73E_2.csh )
189217 We BEGIN on [Sun Apr 21 05:33:36 EDT 2019]
[1] 189457
189217 We are waiting for 189457 
189217 Grandchild PID is 189582 - found in 10 x 1 seconds
189217 Establishing first watcher   on    Sun Apr 21 05:33:47 EDT 2019
189217 Process tree is 189217 (main) -> 189457 (child) -> 189582 (grandchild)
F S   UID    PID   PPID  C PRI  NI ADDR SZ WCHAN  TTY        TIME CMD
0 R 11859 189582 189457 90  80   0 - 60013 -      ?          0:09 ./Analysis /gpfs01/star/pwg/truhlar/Final/CPtrig/merge_files/StUPCRP_production.list 2
189457 Stepping into the main SUMS wrapper program with []
Archive:  /star/u/truhlar/star-upcDstRP/build/Package.zip
  inflating: /tmp/truhlar/D6A53A0E661A07E88A4767E39D4CC73E_2/Analysis  
  inflating: /tmp/truhlar/D6A53A0E661A07E88A4767E39D4CC73E_2/libstar-upc.so  
Swapping $FILELIST with: /tmp/truhlar/D6A53A0E661A07E88A4767E39D4CC73E_2/INPUTFILES/D6A53A0E661A07E88A4767E39D4CC73E_2.local.list
--------------------------------
STAR Unified Meta Scheduler 1.10.31 we are starting in $SCRATCH : /home/tmp/truhlar/D6A53A0E661A07E88A4767E39D4CC73E_2
--------------------------------
total 1144
-rwxr-xr-x 1 truhlar rhstar 174068 Apr 21 05:31 Analysis
drwxr-xr-x 2 truhlar rhstar   4096 Apr 21 05:33 INPUTFILES
-rwxr-xr-x 1 truhlar rhstar 990060 Apr 19 12:21 libstar-upc.so
Starting the job

[1mRooFit v3.60 -- Developed by Wouter Verkerke and David Kirkby[0m 
                Copyright (C) 2000-2013 NIKHEF, University of California & Stanford University
                All rights reserved, please read http://roofit.sourceforge.net/license.txt

2 / 2
Input from chain
Number of UPC events: 6204293 RP: 6204293
Ending Analysis... GOOD BYE!
Analysis*
D6A53A0E661A07E88A4767E39D4CC73E_2.AnalysisOutput.root
INPUTFILES/
libstar-upc.so*
Cleaning up sandbox file:  /tmp/truhlar/D6A53A0E661A07E88A4767E39D4CC73E_2/Analysis
Cleaning up sandbox file:  /tmp/truhlar/D6A53A0E661A07E88A4767E39D4CC73E_2/libstar-upc.so
Cleaning up sandbox file:  /tmp/truhlar/D6A53A0E661A07E88A4767E39D4CC73E_2/.sandboxFiles
Starting copy block
Running copy command:  /bin/cp -fp /tmp/truhlar/D6A53A0E661A07E88A4767E39D4CC73E_2/D6A53A0E661A07E88A4767E39D4CC73E_2.AnalysisOutput.root /star/u/truhlar/star-upcDstRP/build/outputs/
189217 Execution of (/star/u/truhlar/star-upcDstRP/build/sched/schedD6A53A0E661A07E88A4767E39D4CC73E_2.csh ) has ended, exiting normally
189217 We END on [Sun Apr 21 05:40:37 EDT 2019]
