We are starting on node: rcas2018.rcf.bnl.gov
HOME is not defined
Using getent method
HOME is now /star/u/truhlar
189722 We will spawn ourselves (/star/u/truhlar/star-upcDstRP/build/sched/sched2B5F7B86CBB6B57948B07D23E8EAE0BB_18.csh )
189722 We BEGIN on [Sun Apr 21 05:33:37 EDT 2019]
[1] 189998
189722 We are waiting for 189998 
189722 Grandchild PID is 190034 - found in 10 x 1 seconds
189722 Establishing first watcher   on    Sun Apr 21 05:33:48 EDT 2019
189722 Process tree is 189722 (main) -> 189998 (child) -> 190034 (grandchild)
F S   UID    PID   PPID  C PRI  NI ADDR SZ WCHAN  TTY        TIME CMD
0 R 11859 190034 189998 90  80   0 - 111198 -     ?          0:09 ./Analysis /gpfs01/star/pwg/truhlar/Final/ELtrig/merge_files/StUPCRP_production.list 18
189998 Stepping into the main SUMS wrapper program with []
Archive:  /star/u/truhlar/star-upcDstRP/build/Package.zip
  inflating: /tmp/truhlar/2B5F7B86CBB6B57948B07D23E8EAE0BB_18/Analysis  
  inflating: /tmp/truhlar/2B5F7B86CBB6B57948B07D23E8EAE0BB_18/libstar-upc.so  
Swapping $FILELIST with: /tmp/truhlar/2B5F7B86CBB6B57948B07D23E8EAE0BB_18/INPUTFILES/2B5F7B86CBB6B57948B07D23E8EAE0BB_18.local.list
--------------------------------
STAR Unified Meta Scheduler 1.10.31 we are starting in $SCRATCH : /home/tmp/truhlar/2B5F7B86CBB6B57948B07D23E8EAE0BB_18
--------------------------------
total 1144
-rwxr-xr-x 1 truhlar rhstar 174068 Apr 21 05:31 Analysis
drwxr-xr-x 2 truhlar rhstar   4096 Apr 21 05:33 INPUTFILES
-rwxr-xr-x 1 truhlar rhstar 990060 Apr 19 12:21 libstar-upc.so
Starting the job

[1mRooFit v3.60 -- Developed by Wouter Verkerke and David Kirkby[0m 
                Copyright (C) 2000-2013 NIKHEF, University of California & Stanford University
                All rights reserved, please read http://roofit.sourceforge.net/license.txt

18 / 18
Input from chain
Number of UPC events: 3125318 RP: 3125318
Ending Analysis... GOOD BYE!
2B5F7B86CBB6B57948B07D23E8EAE0BB_18.AnalysisOutput.root
Analysis*
INPUTFILES/
libstar-upc.so*
Cleaning up sandbox file:  /tmp/truhlar/2B5F7B86CBB6B57948B07D23E8EAE0BB_18/Analysis
Cleaning up sandbox file:  /tmp/truhlar/2B5F7B86CBB6B57948B07D23E8EAE0BB_18/libstar-upc.so
Cleaning up sandbox file:  /tmp/truhlar/2B5F7B86CBB6B57948B07D23E8EAE0BB_18/.sandboxFiles
Starting copy block
Running copy command:  /bin/cp -fp /tmp/truhlar/2B5F7B86CBB6B57948B07D23E8EAE0BB_18/2B5F7B86CBB6B57948B07D23E8EAE0BB_18.AnalysisOutput.root /star/u/truhlar/star-upcDstRP/build/outputs/
189722 Execution of (/star/u/truhlar/star-upcDstRP/build/sched/sched2B5F7B86CBB6B57948B07D23E8EAE0BB_18.csh ) has ended, exiting normally
189722 We END on [Sun Apr 21 05:39:44 EDT 2019]
